
*****************************************
Setting OMP_NUM_THREADS environment variable for each process to be 1 in default, to avoid your system being overloaded, please further tune the variable for optimal performance in your application as needed. 
*****************************************
Hyperparameters:
  adam_eps: 1e-08
  adam_wd: 0.02
  beta1: 0.9
  beta2: 0.95
  compressor: brotli
  data_dir: /home/dex/parameter-golf-with-cc/data
  datasets_dir: /home/dex/parameter-golf-with-cc/data/datasets/fineweb10B_sp4096
  disable_layer0_attn: False
  distributed: True
  ema_decay: 0.997
  embed_lr: 0.6
  embed_wd: 0.09
  embedding_dim: 512
  eval_seq_len: 2048
  eval_stride: 64
  gptq_calibration_batches: 64
  gptq_enabled: True
  gptq_reserve_seconds: 10.0
  grad_accum_steps: 1
  grad_clip_norm: 0.3
  head_lr: 0.008
  is_main_process: True
  iterations: 20000
  ln_scale: True
  local_rank: 0
  logfile: logs/7f781a11-57d6-4c8b-80a0-63d404b89775.txt
  logit_softcap: 30.0
  matrix_lr: 0.02
  max_wallclock_seconds: 600.0
  min_lr: 0.0
  mixed_quant: True
  mlp_mult: 4.0
  model_dim: 512
  model_path: final_model.pt
  muon_backend_steps: 5
  muon_beta2: 0.95
  muon_momentum: 0.99
  muon_momentum_warmup_start: 0.92
  muon_momentum_warmup_steps: 1500
  muon_wd: 0.09
  n_int6_layers: 66
  num_heads: 8
  num_kv_heads: 4
  num_layers: 11
  parallel_residual: False
  parallel_start_layer: 7
  parallel_start_layer_is_physical: True
  qk_gain_init: 4.0
  quantized_model_path: final_model.int6.ptz
  rank: 0
  recur_layers_str: 4,5
  recur_start_step: 3000
  recur_warmup_steps: 20
  repeat_untie_mlp: none
  repeat_untie_mlp_layers: 
  rope_base: 10000.0
  rope_dims: 16
  rope_train_seq_len: 2048
  run_id: 7f781a11-57d6-4c8b-80a0-63d404b89775
  scalar_lr: 0.02
  seed: 1337
  skip_gates_enabled: True
  sliding_window_enabled: True
  tie_embeddings: True
  tied_embed_init_std: 0.005
  tied_embed_lr: 0.03
  tokenizer_path: /home/dex/parameter-golf-with-cc/data/tokenizers/fineweb_4096_bpe.model
  train_batch_tokens: 786432
  train_files: /home/dex/parameter-golf-with-cc/data/datasets/fineweb10B_sp4096/fineweb_train_*.bin
  train_log_every: 500
  train_seq_len: 2048
  val_batch_tokens: 524288
  val_files: /home/dex/parameter-golf-with-cc/data/datasets/fineweb10B_sp4096/fineweb_val_*.bin
  val_loss_every: 4000
  ve_dim: 128
  ve_enabled: True
  ve_layers: 9,10
  vocab_size: 4096
  warmdown_frac: 0.667
  warmup_steps: 20
  world_size: 8
  xsa_last_n: 11
train_shards: 143
val_tokens: 45514752
model_params:34401371
parallel_residual: active=0 start_layer=7 start_mode=physical params=0
recurrence: layers=[4, 5] start_step=3000 active=0
repeat_untie_mlp: mode=none layers=[] params=0
gptq:reserving 10s, effective=590000ms
[rank5]:[W403 05:02:52.467334017 reducer.cpp:1431] Warning: find_unused_parameters=True was specified in DDP constructor, but did not find any unused parameters in the forward pass. This flag results in an extra traversal of the autograd graph every iteration,  which can adversely affect performance. If your model indeed never has any unused parameters in the forward pass, consider turning this flag off. Note that this warning may be a false positive if your model has flow control causing later iterations to have unused parameters. (function operator())
[rank7]:[W403 05:02:52.495021223 reducer.cpp:1431] Warning: find_unused_parameters=True was specified in DDP constructor, but did not find any unused parameters in the forward pass. This flag results in an extra traversal of the autograd graph every iteration,  which can adversely affect performance. If your model indeed never has any unused parameters in the forward pass, consider turning this flag off. Note that this warning may be a false positive if your model has flow control causing later iterations to have unused parameters. (function operator())
[rank2]:[W403 05:02:52.526040052 reducer.cpp:1431] Warning: find_unused_parameters=True was specified in DDP constructor, but did not find any unused parameters in the forward pass. This flag results in an extra traversal of the autograd graph every iteration,  which can adversely affect performance. If your model indeed never has any unused parameters in the forward pass, consider turning this flag off. Note that this warning may be a false positive if your model has flow control causing later iterations to have unused parameters. (function operator())
[rank3]:[W403 05:02:52.551800790 reducer.cpp:1431] Warning: find_unused_parameters=True was specified in DDP constructor, but did not find any unused parameters in the forward pass. This flag results in an extra traversal of the autograd graph every iteration,  which can adversely affect performance. If your model indeed never has any unused parameters in the forward pass, consider turning this flag off. Note that this warning may be a false positive if your model has flow control causing later iterations to have unused parameters. (function operator())
[rank1]:[W403 05:02:52.560423975 reducer.cpp:1431] Warning: find_unused_parameters=True was specified in DDP constructor, but did not find any unused parameters in the forward pass. This flag results in an extra traversal of the autograd graph every iteration,  which can adversely affect performance. If your model indeed never has any unused parameters in the forward pass, consider turning this flag off. Note that this warning may be a false positive if your model has flow control causing later iterations to have unused parameters. (function operator())
[rank6]:[W403 05:02:52.567095204 reducer.cpp:1431] Warning: find_unused_parameters=True was specified in DDP constructor, but did not find any unused parameters in the forward pass. This flag results in an extra traversal of the autograd graph every iteration,  which can adversely affect performance. If your model indeed never has any unused parameters in the forward pass, consider turning this flag off. Note that this warning may be a false positive if your model has flow control causing later iterations to have unused parameters. (function operator())
[rank4]:[W403 05:02:52.569061597 reducer.cpp:1431] Warning: find_unused_parameters=True was specified in DDP constructor, but did not find any unused parameters in the forward pass. This flag results in an extra traversal of the autograd graph every iteration,  which can adversely affect performance. If your model indeed never has any unused parameters in the forward pass, consider turning this flag off. Note that this warning may be a false positive if your model has flow control causing later iterations to have unused parameters. (function operator())
[rank0]:[W403 05:02:52.573464234 reducer.cpp:1431] Warning: find_unused_parameters=True was specified in DDP constructor, but did not find any unused parameters in the forward pass. This flag results in an extra traversal of the autograd graph every iteration,  which can adversely affect performance. If your model indeed never has any unused parameters in the forward pass, consider turning this flag off. Note that this warning may be a false positive if your model has flow control causing later iterations to have unused parameters. (function operator())
warmup_step: 1/20
warmup_step: 2/20
warmup_step: 3/20
warmup_step: 4/20
warmup_step: 5/20
warmup_step: 6/20
warmup_step: 10/20
warmup_step: 20/20
recurrence:prewarm active=1 virtual_layers:13
recur_warmup_step: 1/20
recur_warmup_step: 2/20
recur_warmup_step: 3/20
recur_warmup_step: 4/20
recur_warmup_step: 5/20
recur_warmup_step: 6/20
recur_warmup_step: 10/20
recur_warmup_step: 20/20
0/20000 val_loss: 8.3178 val_bpb: 3.6153
1/20000 train_loss: 8.3199 train_time: 0.0m tok/s: 8420827
2/20000 train_loss: 12.4107 train_time: 0.0m tok/s: 8320345
3/20000 train_loss: 10.8791 train_time: 0.0m tok/s: 8216458
4/20000 train_loss: 9.1248 train_time: 0.0m tok/s: 8163680
5/20000 train_loss: 7.9458 train_time: 0.0m tok/s: 8119189
500/20000 train_loss: 3.0071 train_time: 0.8m tok/s: 7920998
1000/20000 train_loss: 2.9479 train_time: 1.7m tok/s: 7919769
1500/20000 train_loss: 2.9085 train_time: 2.5m tok/s: 7918553
2000/20000 train_loss: 2.8398 train_time: 3.3m tok/s: 7915005
2500/20000 train_loss: 2.7179 train_time: 4.1m tok/s: 7912856
3000/20000 train_loss: 2.8264 train_time: 5.0m tok/s: 7911354
recurrence:activated step:3000 layers:[4, 5] virtual_layers:13
3500/20000 train_loss: 2.6975 train_time: 5.9m tok/s: 7735491
4000/20000 train_loss: 2.6280 train_time: 6.9m tok/s: 7609515
4000/20000 val_loss: 2.6515 val_bpb: 1.1525
4500/20000 train_loss: 2.5809 train_time: 7.8m tok/s: 7513941
5000/20000 train_loss: 2.6337 train_time: 8.8m tok/s: 7439437
5500/20000 train_loss: 2.5789 train_time: 9.8m tok/s: 7379882
5534/20000 val_loss: 2.5315 val_bpb: 1.1003
stopping_early: wallclock_cap train_time: 590022ms step: 5534/20000
peak memory allocated: 30215 MiB reserved: 30244 MiB
ema:applying EMA weights
pre-quantization post-ema val_loss:2.52901709 val_bpb:1.09922374 eval_time:2000ms
Serialized model: 132405891 bytes
Code size: 21396 bytes
GPTQ:collecting Hessians from calibration data...
GPTQ:collected 66 Hessians in 9.7s
mixed_quant: sensitivity ranking -- 66 int6 (top), 0 int5 (bottom)
  rank  0: int6 blocks.0.mlp.proj.weight sens=6565432320.0 numel=1048576
  rank  1: int6 blocks.1.mlp.proj.weight sens=994240064.0 numel=1048576
  rank  2: int6 blocks.2.mlp.proj.weight sens=498557952.0 numel=1048576
  rank  3: int6 blocks.5.mlp.proj.weight sens=327332864.0 numel=1048576
  rank  4: int6 blocks.3.mlp.proj.weight sens=324014688.0 numel=1048576
  rank  5: int6 blocks.4.mlp.proj.weight sens=310087360.0 numel=1048576
  rank  6: int6 blocks.7.mlp.proj.weight sens=91083344.0 numel=1048576
  rank  7: int6 blocks.6.mlp.proj.weight sens=90611584.0 numel=1048576
  rank  8: int6 blocks.0.attn.c_q.weight sens=50330704.0 numel=262144
  rank  9: int6 blocks.0.attn.c_k.weight sens=50330704.0 numel=131072
  rank 10: int6 blocks.0.attn.c_v.weight sens=50330704.0 numel=131072
  rank 11: int6 blocks.0.mlp.fc.weight sens=50330284.0 numel=1048576
  rank 12: int6 blocks.8.mlp.proj.weight sens=41840856.0 numel=1048576
  rank 13: int6 blocks.0.attn.proj.weight sens=36998760.0 numel=262144
  rank 14: int6 blocks.9.mlp.proj.weight sens=29950648.0 numel=1048576
  rank 15: int6 blocks.1.attn.proj.weight sens=25344574.0 numel=262144
  rank 16: int6 blocks.1.attn.c_q.weight sens=25165316.0 numel=262144
  rank 17: int6 blocks.1.attn.c_k.weight sens=25165316.0 numel=131072
  rank 18: int6 blocks.1.attn.c_v.weight sens=25165316.0 numel=131072
  rank 19: int6 blocks.1.mlp.fc.weight sens=25165280.0 numel=1048576
  rank 20: int6 blocks.4.attn.proj.weight sens=25037514.0 numel=262144
  rank 21: int6 blocks.4.attn.c_q.weight sens=20133224.0 numel=262144
  rank 22: int6 blocks.4.attn.c_k.weight sens=20133224.0 numel=131072
  rank 23: int6 blocks.4.attn.c_v.weight sens=20133224.0 numel=131072
  rank 24: int6 blocks.4.mlp.fc.weight sens=20133218.0 numel=1048576
  rank 25: int6 blocks.5.attn.c_q.weight sens=16778138.0 numel=262144
  rank 26: int6 blocks.5.attn.c_k.weight sens=16778138.0 numel=131072
  rank 27: int6 blocks.5.attn.c_v.weight sens=16778138.0 numel=131072
  rank 28: int6 blocks.5.mlp.fc.weight sens=16778132.0 numel=1048576
  rank 29: int6 blocks.2.mlp.fc.weight sens=16776902.0 numel=1048576
  rank 30: int6 blocks.2.attn.c_q.weight sens=16776892.0 numel=262144
  rank 31: int6 blocks.2.attn.c_k.weight sens=16776892.0 numel=131072
  rank 32: int6 blocks.2.attn.c_v.weight sens=16776892.0 numel=131072
  rank 33: int6 blocks.10.mlp.proj.weight sens=14733567.0 numel=1048576
  rank 34: int6 blocks.5.attn.proj.weight sens=13861065.0 numel=262144
  rank 35: int6 blocks.3.mlp.fc.weight sens=12582562.0 numel=1048576
  rank 36: int6 blocks.3.attn.c_q.weight sens=12582560.0 numel=262144
  rank 37: int6 blocks.3.attn.c_k.weight sens=12582560.0 numel=131072
  rank 38: int6 blocks.3.attn.c_v.weight sens=12582560.0 numel=131072
  rank 39: int6 blocks.2.attn.proj.weight sens=10702141.0 numel=262144
  rank 40: int6 blocks.3.attn.proj.weight sens=8248272.5 numel=262144
  rank 41: int6 blocks.6.mlp.fc.weight sens=7191523.5 numel=1048576
  rank 42: int6 blocks.6.attn.c_q.weight sens=7191522.5 numel=262144
  rank 43: int6 blocks.6.attn.c_k.weight sens=7191522.5 numel=131072
  rank 44: int6 blocks.6.attn.c_v.weight sens=7191522.5 numel=131072
  rank 45: int6 blocks.7.mlp.fc.weight sens=6291327.0 numel=1048576
  rank 46: int6 blocks.7.attn.c_q.weight sens=6291326.0 numel=262144
  rank 47: int6 blocks.7.attn.c_k.weight sens=6291326.0 numel=131072
  rank 48: int6 blocks.7.attn.c_v.weight sens=6291326.0 numel=131072
  rank 49: int6 blocks.8.mlp.fc.weight sens=5592427.5 numel=1048576
  rank 50: int6 blocks.8.attn.c_q.weight sens=5592425.0 numel=262144
  rank 51: int6 blocks.8.attn.c_k.weight sens=5592425.0 numel=131072
  rank 52: int6 blocks.8.attn.c_v.weight sens=5592425.0 numel=131072
  rank 53: int6 blocks.9.mlp.fc.weight sens=5032702.5 numel=1048576
  rank 54: int6 blocks.9.attn.c_q.weight sens=5032693.0 numel=262144
  rank 55: int6 blocks.9.attn.c_k.weight sens=5032693.0 numel=131072
  rank 56: int6 blocks.9.attn.c_v.weight sens=5032693.0 numel=131072
  rank 57: int6 blocks.10.attn.c_q.weight sens=4575727.5 numel=262144
  rank 58: int6 blocks.10.attn.c_k.weight sens=4575727.5 numel=131072
  rank 59: int6 blocks.10.attn.c_v.weight sens=4575727.5 numel=131072
  rank 60: int6 blocks.10.mlp.fc.weight sens=4575658.5 numel=1048576
  rank 61: int6 blocks.6.attn.proj.weight sens=4127978.0 numel=262144
  rank 62: int6 blocks.8.attn.proj.weight sens=3516498.8 numel=262144
  rank 63: int6 blocks.7.attn.proj.weight sens=3081657.5 numel=262144
  rank 64: int6 blocks.10.attn.proj.weight sens=1688306.0 numel=262144
  rank 65: int6 blocks.9.attn.proj.weight sens=1621151.4 numel=262144
mixed_quant: most sensitive=blocks.0.mlp.proj.weight (6565432320.0), least sensitive=blocks.9.attn.proj.weight (1621151.4)
GPTQ quantization: 66 layers with full GPTQ, 0 fallback to clip-search
mixed_quant: 66 int6, 0 int5
Serialized model mixed_int5_int6+brotli: 15937857 bytes
Total submission size mixed_int5_int6+brotli: 15959253 bytes
final_int6_roundtrip val_loss:2.55544780 val_bpb:1.11071171 eval_time:6770ms
final_int6_sliding_window val_loss:2.51309434 val_bpb:1.09230300 eval_time:75822ms
