W0420 05:25:46.233000 435569 torch/distributed/run.py:851] 
W0420 05:25:46.233000 435569 torch/distributed/run.py:851] *****************************************
W0420 05:25:46.233000 435569 torch/distributed/run.py:851] Setting OMP_NUM_THREADS environment variable for each process to be 1 in default, to avoid your system being overloaded, please further tune the variable for optimal performance in your application as needed. 
W0420 05:25:46.233000 435569 torch/distributed/run.py:851] *****************************************
Hyperparameters:
  adam_eps: 1e-08
  adam_wd: 0.02
  beta1: 0.9
  beta2: 0.95
  clip_mult_early: 1.0
  clip_mult_late: 1.0
  clip_mult_loop: 1.0
  clip_mult_mid: 1.0
  compress_ans: True
  compress_brotli: False
  compress_lzma: False
  data_dir: ./data/
  datasets_dir: ./data/datasets/fineweb10B_sp8192
  distributed: True
  effective_train_seq_len: <property object at 0x1517733e6430>
  ema_decay: 0.9965
  embed_bits: 8
  embed_clip_sigmas: 20.0
  embed_lr: 0.6
  embed_wd: 0.085
  embedding_dim: 512
  enable_looping_at: 0.35
  eval_seq_len: 2048
  eval_stride: 64
  force_dense_eval: False
  fused_mlp: True
  fused_rope: True
  gated_attention: True
  gptq_calibration_batches: 128
  gptq_reserve_seconds: 12.0
  grad_accum_steps: 2
  grad_clip_norm: 0.3
  head_lr: 0.008
  hessian_clip_lambda: 0.3
  is_main_process: True
  iterations: 20000
  ln_scale: True
  local_rank: 0
  logfile: logs/pgm_xsa7.txt
  logit_softcap: 20.0
  loop_embeddings: False
  loop_end: 5
  loop_layer_bits: 0
  loop_layer_clip_sigmas: 0.0
  loop_start: 3
  matrix_bits: 6
  matrix_clip_sigmas: 14.0
  matrix_lr: 0.022
  max_wallclock_seconds: 3600.0
  min_lr: 0.0
  mixed_seq_gpu_frac: 0.375
  mixed_seq_len: 0
  mlp_mult: 4.35
  model_dim: 512
  model_path: final_model.pt
  moe_enabled: False
  moe_layers: 3,5,7,9
  moe_num_experts: 3
  moe_top_k: 2
  muon_backend_steps: 5
  muon_beta2: 0.95
  muon_momentum: 0.97
  muon_momentum_warmup_start: 0.92
  muon_momentum_warmup_steps: 1500
  muon_row_normalize: True
  muon_wd: 0.095
  num_heads: 8
  num_kv_heads: 4
  num_layers: 11
  num_loops: 2
  parallel_residual_start: 7
  qk_gain_init: 5.25
  quantized_model_path: final_model.int6.ptz
  rank: 0
  rope_base: 10000.0
  rope_dims: 32
  rope_force_base_seqlen: 0
  rope_train_seq_len: 2048
  run_id: pgm_xsa7
  run_sw_only: False
  run_ttt_only: False
  scalar_lr: 0.022
  seed: 1337
  skip_gates_enabled: True
  skip_training: False
  sliding_window_enabled: True
  slot_enabled: False
  slot_in_ttt: False
  slot_in_ttt_lr: 0.01
  slot_in_ttt_steps: 4
  slot_in_ttt_wd: 0.001
  slot_lr: 0.01
  slot_max_windows: 0
  slot_steps: 4
  slot_train_mode: context
  slot_wd: 0.01
  tie_embeddings: True
  tied_embed_init_std: 0.005
  tied_embed_lr: 0.03
  tokenizer_path: ./data/tokenizers/fineweb_8192_bpe.model
  train_batch_tokens: 786432
  train_files: ./data/datasets/fineweb10B_sp8192/fineweb_train_*.bin
  train_log_every: 500
  train_seq_len: 2048
  ttt_adapt_ema: 0.95
  ttt_adapt_max_scale: 2.0
  ttt_adapt_min_scale: 0.5
  ttt_adapt_power: 1.0
  ttt_adaptive_lr: False
  ttt_batch_size: 64
  ttt_beta1: 0.9
  ttt_beta2: 0.99
  ttt_chunk_size: 64
  ttt_enabled: True
  ttt_eval_seq_len: 2048
  ttt_fp_chunk_tokens: 32768
  ttt_fp_epochs: 3
  ttt_fp_lr: 0.001
  ttt_grad_clip: 1.0
  ttt_grad_steps: 1
  ttt_k_lora: True
  ttt_lora_lr: 0.0001
  ttt_lora_rank: 48
  ttt_max_docs: 0
  ttt_min_doc_len: 0
  ttt_mlp_lora: True
  ttt_nan_guard: True
  ttt_o_lora: True
  ttt_phase_sgd_batch: 8
  ttt_phase_sgd_epochs: 1
  ttt_phase_sgd_lr: 0.0005
  ttt_phase_sgd_momentum: 0.9
  ttt_phase_sgd_optimizer: sgd
  ttt_phase_sgd_seq_len: 1024
  ttt_phase_sgd_wd: 0.0
  ttt_phases: 3
  ttt_rope_base_seqlen: 0
  ttt_weight_decay: 0.2
  val_batch_tokens: 524288
  val_files: ./data/datasets/fineweb10B_sp8192/fineweb_val_*.bin
  val_loss_every: 4000
  varlen_attention: True
  vocab_size: 8192
  warmdown_frac: 0.85
  warmdown_wd_mult: 1.0
  warmup_steps: 20
  window_attn_layers: 
  window_attn_size: 0
  world_size: 4
  xsa_last_n: 7
train_shards: 80
val_tokens: 40540160
model_params:38152368
gptq:reserving 12s, effective=3588000ms
warmup_step: 1/20
warmup_step: 2/20
warmup_step: 3/20
warmup_step: 4/20
warmup_step: 5/20
warmup_step: 6/20
warmup_step: 10/20
warmup_step: 20/20
loop_warmup:enabled encoder:[0, 1, 2, 3, 4, 5, 3, 4] decoder:[5, 3, 4, 5, 6, 7, 8, 9, 10]
loop_warmup_step: 1/20
loop_warmup_step: 2/20
loop_warmup_step: 3/20
loop_warmup_step: 4/20
loop_warmup_step: 5/20
loop_warmup_step: 6/20
loop_warmup_step: 10/20
loop_warmup_step: 20/20
0/20000 val_loss: 9.0079 val_bpb: 3.4871
1/20000 train_loss: 9.0071 train_time: 0.0m tok/s: 1693039
2/20000 train_loss: 11.3336 train_time: 0.0m tok/s: 1688237
3/20000 train_loss: 9.9824 train_time: 0.0m tok/s: 1669923
4/20000 train_loss: 8.5421 train_time: 0.0m tok/s: 1662270
5/20000 train_loss: 7.4968 train_time: 0.0m tok/s: 1659030
500/20000 train_loss: 3.3064 train_time: 6.8m tok/s: 969453
1000/20000 train_loss: 3.1453 train_time: 10.8m tok/s: 1208847
1500/20000 train_loss: 3.0105 train_time: 14.9m tok/s: 1319040
2000/20000 train_loss: 2.9887 train_time: 19.0m tok/s: 1382354
layer_loop:enabled step:2243 frac:0.350 encoder:[0, 1, 2, 3, 4, 5, 3, 4] decoder:[5, 3, 4, 5, 6, 7, 8, 9, 10]
2500/20000 train_loss: 2.3408 train_time: 27.3m tok/s: 1200086
3000/20000 train_loss: 2.8872 train_time: 33.5m tok/s: 1172179
3500/20000 train_loss: 2.9133 train_time: 39.8m tok/s: 1153606
4000/20000 train_loss: 2.8963 train_time: 46.0m tok/s: 1140886
4000/20000 val_loss: 2.8715 val_bpb: 1.1116
4500/20000 train_loss: 2.8087 train_time: 52.9m tok/s: 1114280
5000/20000 train_loss: 3.1169 train_time: 59.2m tok/s: 1107811
5052/20000 val_loss: 2.7625 val_bpb: 1.0694
stopping_early: wallclock_cap train_time: 3588088ms step: 5052/20000
peak memory allocated: 38275 MiB reserved: 38378 MiB
ema:applying EMA weights
pre-quantization post-ema val_loss:2.76138627 val_bpb:1.06896293 eval_time:18073ms
Serialized model: 144269669 bytes
Code size: 173071 bytes
GPTQ:collecting Hessians from calibration data...
GPTQ:collected 67 Hessians in 49.9s
Quantized weights:
  gptq (int6): blocks.attn.c_k.weight, blocks.attn.c_q.weight, blocks.attn.c_v.weight, blocks.attn.proj.weight, blocks.mlp.fc.weight, blocks.mlp.proj.weight
  gptq (int8): tok_emb.weight
  passthrough (float16): blocks.attn.gate_proj.bias, blocks.attn.gate_proj.weight, blocks.attn.q_gain, blocks.attn_scale, blocks.mlp_scale, blocks.resid_mix, skip_gates, skip_weights
compress:ans 16351886 bytes (15.1s)
  ans: model=16351886 total=16524957
compress:using ans (16351886 bytes)
Serialized model quantized+ans: 16351886 bytes
Total submission size quantized+ans: 16524957 bytes
quantized val_loss:2.79465502 val_bpb:1.08184163 eval_time:17862ms
sliding_perdoc: RoPE NTK seqlen override = 98304
sliding_perdoc: bin 1/1010 segs:32 tokens:0 running_loss:0.0000 running_bpb:0.0000 elapsed:0.0s
sliding_perdoc: bin 51/1010 segs:32 tokens:161920 running_loss:2.6090 running_bpb:1.0673 elapsed:6.0s
sliding_perdoc: bin 101/1010 segs:32 tokens:353600 running_loss:2.6128 running_bpb:1.0613 elapsed:12.0s
sliding_perdoc: bin 151/1010 segs:32 tokens:541312 running_loss:2.6412 running_bpb:1.0687 elapsed:18.1s
sliding_perdoc: bin 201/1010 segs:32 tokens:740928 running_loss:2.6669 running_bpb:1.0743 elapsed:24.1s
sliding_perdoc: bin 251/1010 segs:32 tokens:938560 running_loss:2.6950 running_bpb:1.0765 elapsed:30.2s
sliding_perdoc: bin 301/1010 segs:32 tokens:1136192 running_loss:2.6997 running_bpb:1.0774 elapsed:36.2s
sliding_perdoc: bin 351/1010 segs:32 tokens:1335808 running_loss:2.7056 running_bpb:1.0787 elapsed:42.3s
sliding_perdoc: bin 401/1010 segs:32 tokens:1523520 running_loss:2.7127 running_bpb:1.0784 elapsed:48.4s
sliding_perdoc: bin 451/1010 segs:32 tokens:1693376 running_loss:2.6978 running_bpb:1.0754 elapsed:54.4s
sliding_perdoc: bin 501/1010 segs:32 tokens:1894976 running_loss:2.7074 running_bpb:1.0792 elapsed:60.5s
sliding_perdoc: bin 551/1010 segs:32 tokens:2092608 running_loss:2.7140 running_bpb:1.0793 elapsed:66.6s
sliding_perdoc: bin 601/1010 segs:32 tokens:2290240 running_loss:2.7182 running_bpb:1.0788 elapsed:72.6s
sliding_perdoc: bin 651/1010 segs:32 tokens:2497792 running_loss:2.7175 running_bpb:1.0763 elapsed:78.7s
sliding_perdoc: bin 701/1010 segs:32 tokens:2669632 running_loss:2.7218 running_bpb:1.0783 elapsed:84.8s
sliding_perdoc: bin 751/1010 segs:32 tokens:2863296 running_loss:2.7226 running_bpb:1.0803 elapsed:90.8s
sliding_perdoc: bin 801/1010 segs:32 tokens:3027200 running_loss:2.7224 running_bpb:1.0793 elapsed:96.9s
sliding_perdoc: bin 851/1010 segs:32 tokens:3210944 running_loss:2.7246 running_bpb:1.0780 elapsed:102.9s
sliding_perdoc: bin 901/1010 segs:33 tokens:3434364 running_loss:2.7244 running_bpb:1.0770 elapsed:109.0s
sliding_perdoc: bin 951/1010 segs:68 tokens:6123868 running_loss:2.7510 running_bpb:1.0695 elapsed:115.0s
sliding_perdoc: bin 1001/1010 segs:249 tokens:9400550 running_loss:2.7658 running_bpb:1.0687 elapsed:121.1s
sliding_perdoc: bin 1010/1010 segs:472 tokens:9990290 running_loss:2.7763 running_bpb:1.0742 elapsed:122.5s
quantized_sliding_window val_loss:2.77474067 val_bpb:1.07418858 eval_time:126182ms
ttt_lora:rope_base inherited ROPE_FORCE_BASE_SEQLEN=98304
ttt_lora:warming up compile
ttt_lora:compile warmup done (163.1s)
ttt_lora:docs:50000 rank:48 lr:0.0001 chunk:64
ttt_lora:phased_sgd enabled phases=3 boundaries=[0, 261, 521, 782] sgd_lr=0.0005 sgd_epochs=1 sgd_opt=sgd
[rank1]:W0420 06:45:07.599000 435644 .venv/lib/python3.12/site-packages/torch/_dynamo/convert_frame.py:1743] [0/8] torch._dynamo hit config.recompile_limit (8)
[rank1]:W0420 06:45:07.599000 435644 .venv/lib/python3.12/site-packages/torch/_dynamo/convert_frame.py:1743] [0/8]    function: '_fwd_ttt_inner' (/root/parameter-golf/train_gpt_improved_04_16.py:3430)
[rank1]:W0420 06:45:07.599000 435644 .venv/lib/python3.12/site-packages/torch/_dynamo/convert_frame.py:1743] [0/8]    last reason: 0/7: tensor 'input_ids' size mismatch at index 1. expected 448, actual 512
[rank1]:W0420 06:45:07.599000 435644 .venv/lib/python3.12/site-packages/torch/_dynamo/convert_frame.py:1743] [0/8] To log all recompilation reasons, use TORCH_LOGS="recompiles".
[rank1]:W0420 06:45:07.599000 435644 .venv/lib/python3.12/site-packages/torch/_dynamo/convert_frame.py:1743] [0/8] To diagnose recompilation issues, see https://docs.pytorch.org/docs/main/user_guide/torch_compiler/compile/programming_model.recompilation.html
[rank0]:W0420 06:45:07.765000 435643 .venv/lib/python3.12/site-packages/torch/_dynamo/convert_frame.py:1743] [0/8] torch._dynamo hit config.recompile_limit (8)
[rank0]:W0420 06:45:07.765000 435643 .venv/lib/python3.12/site-packages/torch/_dynamo/convert_frame.py:1743] [0/8]    function: '_fwd_ttt_inner' (/root/parameter-golf/train_gpt_improved_04_16.py:3430)
[rank0]:W0420 06:45:07.765000 435643 .venv/lib/python3.12/site-packages/torch/_dynamo/convert_frame.py:1743] [0/8]    last reason: 0/7: tensor 'input_ids' size mismatch at index 1. expected 448, actual 512
[rank0]:W0420 06:45:07.765000 435643 .venv/lib/python3.12/site-packages/torch/_dynamo/convert_frame.py:1743] [0/8] To log all recompilation reasons, use TORCH_LOGS="recompiles".
[rank0]:W0420 06:45:07.765000 435643 .venv/lib/python3.12/site-packages/torch/_dynamo/convert_frame.py:1743] [0/8] To diagnose recompilation issues, see https://docs.pytorch.org/docs/main/user_guide/torch_compiler/compile/programming_model.recompilation.html
[rank3]:W0420 06:45:20.941000 435646 .venv/lib/python3.12/site-packages/torch/_dynamo/convert_frame.py:1743] [0/8] torch._dynamo hit config.recompile_limit (8)
[rank3]:W0420 06:45:20.941000 435646 .venv/lib/python3.12/site-packages/torch/_dynamo/convert_frame.py:1743] [0/8]    function: '_fwd_ttt_inner' (/root/parameter-golf/train_gpt_improved_04_16.py:3430)
[rank3]:W0420 06:45:20.941000 435646 .venv/lib/python3.12/site-packages/torch/_dynamo/convert_frame.py:1743] [0/8]    last reason: 0/7: tensor 'input_ids' size mismatch at index 1. expected 448, actual 512
[rank3]:W0420 06:45:20.941000 435646 .venv/lib/python3.12/site-packages/torch/_dynamo/convert_frame.py:1743] [0/8] To log all recompilation reasons, use TORCH_LOGS="recompiles".
[rank3]:W0420 06:45:20.941000 435646 .venv/lib/python3.12/site-packages/torch/_dynamo/convert_frame.py:1743] [0/8] To diagnose recompilation issues, see https://docs.pytorch.org/docs/main/user_guide/torch_compiler/compile/programming_model.recompilation.html
[rank2]:W0420 06:45:28.012000 435645 .venv/lib/python3.12/site-packages/torch/_dynamo/convert_frame.py:1743] [0/8] torch._dynamo hit config.recompile_limit (8)
[rank2]:W0420 06:45:28.012000 435645 .venv/lib/python3.12/site-packages/torch/_dynamo/convert_frame.py:1743] [0/8]    function: '_fwd_ttt_inner' (/root/parameter-golf/train_gpt_improved_04_16.py:3430)
[rank2]:W0420 06:45:28.012000 435645 .venv/lib/python3.12/site-packages/torch/_dynamo/convert_frame.py:1743] [0/8]    last reason: 0/7: tensor 'input_ids' size mismatch at index 1. expected 384, actual 448
[rank2]:W0420 06:45:28.012000 435645 .venv/lib/python3.12/site-packages/torch/_dynamo/convert_frame.py:1743] [0/8] To log all recompilation reasons, use TORCH_LOGS="recompiles".
[rank2]:W0420 06:45:28.012000 435645 .venv/lib/python3.12/site-packages/torch/_dynamo/convert_frame.py:1743] [0/8] To diagnose recompilation issues, see https://docs.pytorch.org/docs/main/user_guide/torch_compiler/compile/programming_model.recompilation.html
ttt_progress: batch 781/782 batch_loss:2.5744 batch_bpb:1.0628 running_loss:2.5744 running_bpb:1.0628 doc_len:14510-25988
ttt_progress: batch 774/782 batch_loss:2.7311 batch_bpb:1.0786 running_loss:2.6109 running_bpb:1.0666 doc_len:5552-5852
ttt_progress: batch 771/782 batch_loss:2.7626 batch_bpb:1.0802 running_loss:2.6358 running_bpb:1.0689 doc_len:4701-4937
ttt_progress: batch 768/782 batch_loss:2.7050 batch_bpb:1.0855 running_loss:2.6445 running_bpb:1.0710 doc_len:4128-4306
ttt_progress: batch 764/782 batch_loss:2.7655 batch_bpb:1.0988 running_loss:2.6565 running_bpb:1.0738 doc_len:3639-3742
ttt_progress: batch 760/782 batch_loss:2.8433 batch_bpb:1.1167 running_loss:2.6717 running_bpb:1.0774 doc_len:3255-3334
ttt_progress: batch 756/782 batch_loss:2.7816 batch_bpb:1.0781 running_loss:2.6793 running_bpb:1.0774 doc_len:2973-3032
ttt_progress: batch 752/782 batch_loss:2.7642 batch_bpb:1.0605 running_loss:2.6844 running_bpb:1.0764 doc_len:2740-2793
ttt_progress: batch 748/782 batch_loss:2.8028 batch_bpb:1.0733 running_loss:2.6906 running_bpb:1.0762 doc_len:2539-2578
ttt_progress: batch 744/782 batch_loss:2.6540 batch_bpb:1.0573 running_loss:2.6889 running_bpb:1.0753 doc_len:2388-2419
ttt_progress: batch 740/782 batch_loss:2.7341 batch_bpb:1.0322 running_loss:2.6908 running_bpb:1.0734 doc_len:2254-2285
ttt_progress: batch 736/782 batch_loss:2.6731 batch_bpb:1.0419 running_loss:2.6901 running_bpb:1.0721 doc_len:2140-2165
ttt_progress: batch 732/782 batch_loss:2.8195 batch_bpb:1.0973 running_loss:2.6947 running_bpb:1.0731 doc_len:2041-2062
ttt_progress: batch 728/782 batch_loss:2.7591 batch_bpb:1.0686 running_loss:2.6968 running_bpb:1.0729 doc_len:1960-1977
ttt_progress: batch 724/782 batch_loss:2.7474 batch_bpb:1.0502 running_loss:2.6984 running_bpb:1.0722 doc_len:1885-1900
ttt_progress: batch 720/782 batch_loss:2.8183 batch_bpb:1.0765 running_loss:2.7018 running_bpb:1.0723 doc_len:1816-1832
ttt_progress: batch 716/782 batch_loss:2.8050 batch_bpb:1.0351 running_loss:2.7046 running_bpb:1.0712 doc_len:1739-1754
ttt_progress: batch 712/782 batch_loss:2.8284 batch_bpb:1.0768 running_loss:2.7077 running_bpb:1.0714 doc_len:1684-1697
ttt_progress: batch 708/782 batch_loss:2.7186 batch_bpb:1.0448 running_loss:2.7080 running_bpb:1.0707 doc_len:1639-1649
ttt_progress: batch 704/782 batch_loss:2.7408 batch_bpb:1.0222 running_loss:2.7087 running_bpb:1.0696 doc_len:1595-1606
ttt_progress: batch 700/782 batch_loss:2.6774 batch_bpb:1.0450 running_loss:2.7080 running_bpb:1.0690 doc_len:1552-1562
ttt_progress: batch 696/782 batch_loss:2.8078 batch_bpb:1.0732 running_loss:2.7101 running_bpb:1.0691 doc_len:1513-1522
ttt_progress: batch 692/782 batch_loss:2.7670 batch_bpb:1.0498 running_loss:2.7112 running_bpb:1.0687 doc_len:1477-1484
ttt_progress: batch 687/782 batch_loss:2.7155 batch_bpb:1.0487 running_loss:2.7113 running_bpb:1.0683 doc_len:1432-1441
ttt_progress: batch 683/782 batch_loss:2.7731 batch_bpb:1.0677 running_loss:2.7124 running_bpb:1.0683 doc_len:1400-1406
ttt_progress: batch 680/782 batch_loss:2.8036 batch_bpb:1.0547 running_loss:2.7140 running_bpb:1.0681 doc_len:1375-1383
ttt_progress: batch 676/782 batch_loss:2.7895 batch_bpb:1.0658 running_loss:2.7153 running_bpb:1.0680 doc_len:1347-1353
ttt_progress: batch 672/782 batch_loss:2.8967 batch_bpb:1.1051 running_loss:2.7183 running_bpb:1.0686 doc_len:1321-1327
ttt_progress: batch 668/782 batch_loss:2.7909 batch_bpb:1.0578 running_loss:2.7194 running_bpb:1.0685 doc_len:1295-1301
ttt_progress: batch 664/782 batch_loss:2.6976 batch_bpb:1.0400 running_loss:2.7191 running_bpb:1.0680 doc_len:1270-1275
ttt_progress: batch 660/782 batch_loss:2.8500 batch_bpb:1.0905 running_loss:2.7210 running_bpb:1.0684 doc_len:1245-1250
ttt_progress: batch 656/782 batch_loss:2.7435 batch_bpb:1.0357 running_loss:2.7213 running_bpb:1.0679 doc_len:1220-1227
ttt_progress: batch 652/782 batch_loss:2.7957 batch_bpb:1.0712 running_loss:2.7223 running_bpb:1.0679 doc_len:1198-1203
ttt_progress: batch 648/782 batch_loss:2.7442 batch_bpb:1.0402 running_loss:2.7226 running_bpb:1.0676 doc_len:1177-1182
ttt_progress: batch 644/782 batch_loss:2.7296 batch_bpb:1.0300 running_loss:2.7227 running_bpb:1.0670 doc_len:1155-1160
ttt_progress: batch 639/782 batch_loss:2.8514 batch_bpb:1.0801 running_loss:2.7243 running_bpb:1.0672 doc_len:1129-1134
ttt_progress: batch 635/782 batch_loss:2.7321 batch_bpb:1.0576 running_loss:2.7244 running_bpb:1.0671 doc_len:1111-1116
ttt_progress: batch 631/782 batch_loss:2.7616 batch_bpb:1.0603 running_loss:2.7248 running_bpb:1.0670 doc_len:1092-1096
ttt_progress: batch 627/782 batch_loss:2.7297 batch_bpb:1.0333 running_loss:2.7249 running_bpb:1.0666 doc_len:1073-1077
ttt_progress: batch 623/782 batch_loss:2.7819 batch_bpb:1.0707 running_loss:2.7255 running_bpb:1.0667 doc_len:1055-1060
ttt_progress: batch 619/782 batch_loss:2.7897 batch_bpb:1.0569 running_loss:2.7262 running_bpb:1.0666 doc_len:1037-1041
ttt_progress: batch 616/782 batch_loss:2.8427 batch_bpb:1.0840 running_loss:2.7274 running_bpb:1.0667 doc_len:1024-1027
ttt_progress: batch 612/782 batch_loss:2.8178 batch_bpb:1.0408 running_loss:2.7283 running_bpb:1.0665 doc_len:1007-1012
ttt_progress: batch 608/782 batch_loss:2.7278 batch_bpb:1.0295 running_loss:2.7283 running_bpb:1.0661 doc_len:990-994
ttt_progress: batch 605/782 batch_loss:2.7364 batch_bpb:1.0555 running_loss:2.7284 running_bpb:1.0660 doc_len:978-982
ttt_progress: batch 602/782 batch_loss:2.7767 batch_bpb:1.0386 running_loss:2.7289 running_bpb:1.0657 doc_len:966-971
ttt_progress: batch 597/782 batch_loss:2.7680 batch_bpb:1.0393 running_loss:2.7292 running_bpb:1.0655 doc_len:947-950
ttt_progress: batch 593/782 batch_loss:2.7869 batch_bpb:1.0422 running_loss:2.7298 running_bpb:1.0652 doc_len:933-937
ttt_progress: batch 589/782 batch_loss:2.7446 batch_bpb:1.0507 running_loss:2.7299 running_bpb:1.0651 doc_len:921-924
ttt_progress: batch 585/782 batch_loss:2.7657 batch_bpb:1.0663 running_loss:2.7302 running_bpb:1.0651 doc_len:908-911
ttt_progress: batch 581/782 batch_loss:2.7192 batch_bpb:1.0144 running_loss:2.7301 running_bpb:1.0647 doc_len:894-897
ttt_progress: batch 578/782 batch_loss:2.7986 batch_bpb:1.0663 running_loss:2.7307 running_bpb:1.0647 doc_len:884-887
ttt_progress: batch 574/782 batch_loss:2.7778 batch_bpb:1.0376 running_loss:2.7311 running_bpb:1.0645 doc_len:871-874
ttt_progress: batch 570/782 batch_loss:2.7680 batch_bpb:1.0773 running_loss:2.7313 running_bpb:1.0646 doc_len:858-862
ttt_progress: batch 567/782 batch_loss:2.6759 batch_bpb:1.0306 running_loss:2.7309 running_bpb:1.0643 doc_len:849-852
ttt_progress: batch 563/782 batch_loss:2.7946 batch_bpb:1.0601 running_loss:2.7314 running_bpb:1.0643 doc_len:837-840
ttt_progress: batch 559/782 batch_loss:2.7519 batch_bpb:1.0459 running_loss:2.7316 running_bpb:1.0641 doc_len:824-827
ttt_progress: batch 555/782 batch_loss:2.7512 batch_bpb:1.0499 running_loss:2.7317 running_bpb:1.0640 doc_len:812-815
ttt_progress: batch 551/782 batch_loss:2.8235 batch_bpb:1.0642 running_loss:2.7323 running_bpb:1.0640 doc_len:801-804
ttt_progress: batch 547/782 batch_loss:2.7262 batch_bpb:1.0296 running_loss:2.7323 running_bpb:1.0638 doc_len:790-793
ttt_progress: batch 543/782 batch_loss:2.7742 batch_bpb:1.0414 running_loss:2.7326 running_bpb:1.0636 doc_len:779-782
ttt_progress: batch 539/782 batch_loss:2.7146 batch_bpb:1.0394 running_loss:2.7325 running_bpb:1.0634 doc_len:769-771
ttt_progress: batch 534/782 batch_loss:2.8148 batch_bpb:1.0707 running_loss:2.7330 running_bpb:1.0635 doc_len:757-759
ttt_progress: batch 530/782 batch_loss:2.7963 batch_bpb:1.0351 running_loss:2.7334 running_bpb:1.0633 doc_len:747-750
ttt_progress: batch 526/782 batch_loss:2.7607 batch_bpb:1.0542 running_loss:2.7336 running_bpb:1.0632 doc_len:737-739
ttt_progress: batch 522/782 batch_loss:2.8130 batch_bpb:1.0813 running_loss:2.7341 running_bpb:1.0634 doc_len:727-730
ttt_phase_sgd[phase=1]:docs=16656 windows/rank=9013 lr=0.0005 epochs=1 bsz=8 seq_len=1024 opt=sgd
ttt_phase_sgd[phase=1]:epoch 1/1 loss=2.8187 steps=1127 t=105.7s
ttt_progress: batch 521/782 batch_loss:2.7595 batch_bpb:1.0470 running_loss:2.7342 running_bpb:1.0633 doc_len:725-727
ttt_progress: batch 517/782 batch_loss:2.7667 batch_bpb:1.0472 running_loss:2.7344 running_bpb:1.0632 doc_len:715-717
ttt_progress: batch 513/782 batch_loss:2.7289 batch_bpb:1.0101 running_loss:2.7344 running_bpb:1.0628 doc_len:705-707
ttt_progress: batch 507/782 batch_loss:2.7531 batch_bpb:1.0393 running_loss:2.7345 running_bpb:1.0627 doc_len:690-693
ttt_progress: batch 503/782 batch_loss:2.8188 batch_bpb:1.0734 running_loss:2.7350 running_bpb:1.0628 doc_len:683-685
ttt_progress: batch 499/782 batch_loss:2.7719 batch_bpb:1.0461 running_loss:2.7352 running_bpb:1.0627 doc_len:673-675
ttt_progress: batch 495/782 batch_loss:2.7561 batch_bpb:1.0523 running_loss:2.7353 running_bpb:1.0626 doc_len:664-666
ttt_progress: batch 491/782 batch_loss:2.7286 batch_bpb:1.0281 running_loss:2.7352 running_bpb:1.0624 doc_len:655-657
ttt_progress: batch 488/782 batch_loss:2.8157 batch_bpb:1.0494 running_loss:2.7357 running_bpb:1.0623 doc_len:649-651
ttt_progress: batch 484/782 batch_loss:2.7911 batch_bpb:1.0652 running_loss:2.7360 running_bpb:1.0624 doc_len:641-643
ttt_progress: batch 480/782 batch_loss:2.7860 batch_bpb:1.0518 running_loss:2.7362 running_bpb:1.0623 doc_len:632-635
ttt_progress: batch 476/782 batch_loss:2.7409 batch_bpb:1.0468 running_loss:2.7362 running_bpb:1.0622 doc_len:624-626
ttt_progress: batch 472/782 batch_loss:2.7947 batch_bpb:1.0683 running_loss:2.7365 running_bpb:1.0623 doc_len:616-618
ttt_progress: batch 468/782 batch_loss:2.7804 batch_bpb:1.0555 running_loss:2.7367 running_bpb:1.0622 doc_len:608-610
ttt_progress: batch 465/782 batch_loss:2.8047 batch_bpb:1.0580 running_loss:2.7370 running_bpb:1.0622 doc_len:602-604
ttt_progress: batch 461/782 batch_loss:2.7648 batch_bpb:1.0544 running_loss:2.7372 running_bpb:1.0622 doc_len:595-597
ttt_progress: batch 457/782 batch_loss:2.7542 batch_bpb:1.0458 running_loss:2.7372 running_bpb:1.0621 doc_len:587-589
ttt_progress: batch 453/782 batch_loss:2.7565 batch_bpb:1.0578 running_loss:2.7373 running_bpb:1.0621 doc_len:580-582
ttt_progress: batch 449/782 batch_loss:2.7930 batch_bpb:1.0513 running_loss:2.7376 running_bpb:1.0620 doc_len:573-575
ttt_progress: batch 447/782 batch_loss:2.8224 batch_bpb:1.0853 running_loss:2.7379 running_bpb:1.0621 doc_len:569-571
ttt_progress: batch 443/782 batch_loss:2.7594 batch_bpb:1.0510 running_loss:2.7380 running_bpb:1.0621 doc_len:562-564
ttt_progress: batch 439/782 batch_loss:2.7454 batch_bpb:1.0405 running_loss:2.7381 running_bpb:1.0620 doc_len:555-556
ttt_progress: batch 436/782 batch_loss:2.8352 batch_bpb:1.0637 running_loss:2.7385 running_bpb:1.0620 doc_len:549-551
ttt_progress: batch 432/782 batch_loss:2.7515 batch_bpb:1.0468 running_loss:2.7385 running_bpb:1.0619 doc_len:542-544
ttt_progress: batch 428/782 batch_loss:2.8100 batch_bpb:1.0631 running_loss:2.7388 running_bpb:1.0619 doc_len:535-537
ttt_progress: batch 424/782 batch_loss:2.7900 batch_bpb:1.0783 running_loss:2.7390 running_bpb:1.0620 doc_len:528-530
ttt_progress: batch 420/782 batch_loss:2.7759 batch_bpb:1.0572 running_loss:2.7392 running_bpb:1.0620 doc_len:521-522
ttt_progress: batch 417/782 batch_loss:2.8039 batch_bpb:1.0515 running_loss:2.7394 running_bpb:1.0619 doc_len:516-517
ttt_progress: batch 413/782 batch_loss:2.6392 batch_bpb:0.9951 running_loss:2.7390 running_bpb:1.0617 doc_len:510-511
ttt_progress: batch 409/782 batch_loss:2.7023 batch_bpb:1.0440 running_loss:2.7389 running_bpb:1.0616 doc_len:503-505
ttt_progress: batch 406/782 batch_loss:2.8277 batch_bpb:1.1010 running_loss:2.7392 running_bpb:1.0618 doc_len:498-500
ttt_progress: batch 402/782 batch_loss:2.7431 batch_bpb:1.0335 running_loss:2.7392 running_bpb:1.0617 doc_len:492-493
ttt_progress: batch 398/782 batch_loss:2.8698 batch_bpb:1.0899 running_loss:2.7397 running_bpb:1.0618 doc_len:486-487
ttt_progress: batch 394/782 batch_loss:2.8776 batch_bpb:1.1098 running_loss:2.7402 running_bpb:1.0619 doc_len:479-481
ttt_progress: batch 392/782 batch_loss:2.7879 batch_bpb:1.0765 running_loss:2.7403 running_bpb:1.0620 doc_len:476-478
ttt_progress: batch 388/782 batch_loss:2.7622 batch_bpb:1.0599 running_loss:2.7404 running_bpb:1.0620 doc_len:470-471
ttt_progress: batch 384/782 batch_loss:2.8370 batch_bpb:1.0884 running_loss:2.7407 running_bpb:1.0621 doc_len:464-466
ttt_progress: batch 380/782 batch_loss:2.8276 batch_bpb:1.0707 running_loss:2.7410 running_bpb:1.0621 doc_len:459-460
ttt_progress: batch 377/782 batch_loss:2.7909 batch_bpb:1.0821 running_loss:2.7412 running_bpb:1.0621 doc_len:454-455
ttt_progress: batch 373/782 batch_loss:2.7531 batch_bpb:1.0746 running_loss:2.7412 running_bpb:1.0622 doc_len:449-450
ttt_progress: batch 368/782 batch_loss:2.8416 batch_bpb:1.0842 running_loss:2.7415 running_bpb:1.0623 doc_len:441-443
ttt_progress: batch 365/782 batch_loss:2.7710 batch_bpb:1.0800 running_loss:2.7416 running_bpb:1.0623 doc_len:437-439
ttt_progress: batch 361/782 batch_loss:2.7956 batch_bpb:1.0689 running_loss:2.7418 running_bpb:1.0623 doc_len:432-433
ttt_progress: batch 357/782 batch_loss:2.8519 batch_bpb:1.0791 running_loss:2.7421 running_bpb:1.0624 doc_len:426-427
ttt_progress: batch 353/782 batch_loss:2.7853 batch_bpb:1.0914 running_loss:2.7422 running_bpb:1.0625 doc_len:420-422
ttt_progress: batch 350/782 batch_loss:2.7258 batch_bpb:1.0573 running_loss:2.7422 running_bpb:1.0624 doc_len:417-418
ttt_progress: batch 346/782 batch_loss:2.8388 batch_bpb:1.0834 running_loss:2.7425 running_bpb:1.0625 doc_len:412-413
ttt_progress: batch 342/782 batch_loss:2.8533 batch_bpb:1.0978 running_loss:2.7428 running_bpb:1.0626 doc_len:406-407
ttt_progress: batch 339/782 batch_loss:2.8074 batch_bpb:1.0660 running_loss:2.7429 running_bpb:1.0626 doc_len:402-403
ttt_progress: batch 335/782 batch_loss:2.7058 batch_bpb:1.0845 running_loss:2.7428 running_bpb:1.0627 doc_len:396-398
ttt_progress: batch 331/782 batch_loss:2.7803 batch_bpb:1.0673 running_loss:2.7429 running_bpb:1.0627 doc_len:392-393
ttt_progress: batch 328/782 batch_loss:2.7827 batch_bpb:1.0790 running_loss:2.7431 running_bpb:1.0627 doc_len:388-389
ttt_progress: batch 324/782 batch_loss:2.7597 batch_bpb:1.0526 running_loss:2.7431 running_bpb:1.0627 doc_len:382-384
ttt_progress: batch 320/782 batch_loss:2.7582 batch_bpb:1.0760 running_loss:2.7431 running_bpb:1.0627 doc_len:377-378
ttt_progress: batch 317/782 batch_loss:2.8643 batch_bpb:1.1073 running_loss:2.7434 running_bpb:1.0629 doc_len:373-374
ttt_progress: batch 313/782 batch_loss:2.8180 batch_bpb:1.0853 running_loss:2.7436 running_bpb:1.0629 doc_len:368-369
ttt_progress: batch 309/782 batch_loss:2.8314 batch_bpb:1.1046 running_loss:2.7438 running_bpb:1.0630 doc_len:363-364
ttt_progress: batch 306/782 batch_loss:2.8734 batch_bpb:1.1368 running_loss:2.7442 running_bpb:1.0632 doc_len:359-361
ttt_progress: batch 302/782 batch_loss:2.8175 batch_bpb:1.0927 running_loss:2.7443 running_bpb:1.0633 doc_len:354-355
ttt_progress: batch 298/782 batch_loss:2.8327 batch_bpb:1.0965 running_loss:2.7445 running_bpb:1.0633 doc_len:349-351
ttt_progress: batch 295/782 batch_loss:2.8307 batch_bpb:1.1161 running_loss:2.7447 running_bpb:1.0635 doc_len:345-347
ttt_progress: batch 291/782 batch_loss:2.9466 batch_bpb:1.1124 running_loss:2.7452 running_bpb:1.0636 doc_len:341-342
ttt_progress: batch 287/782 batch_loss:2.8537 batch_bpb:1.1132 running_loss:2.7454 running_bpb:1.0637 doc_len:336-337
ttt_progress: batch 283/782 batch_loss:2.7953 batch_bpb:1.0723 running_loss:2.7455 running_bpb:1.0637 doc_len:332-333
ttt_progress: batch 279/782 batch_loss:2.8404 batch_bpb:1.0856 running_loss:2.7458 running_bpb:1.0637 doc_len:327-329
ttt_progress: batch 276/782 batch_loss:2.8288 batch_bpb:1.0964 running_loss:2.7459 running_bpb:1.0638 doc_len:324-325
ttt_progress: batch 272/782 batch_loss:2.8533 batch_bpb:1.1069 running_loss:2.7462 running_bpb:1.0639 doc_len:320-321
ttt_progress: batch 269/782 batch_loss:2.9138 batch_bpb:1.1231 running_loss:2.7465 running_bpb:1.0640 doc_len:316-318
ttt_progress: batch 265/782 batch_loss:2.8162 batch_bpb:1.0840 running_loss:2.7467 running_bpb:1.0641 doc_len:312-313
ttt_progress: batch 262/782 batch_loss:2.8489 batch_bpb:1.1124 running_loss:2.7469 running_bpb:1.0642 doc_len:309-310
ttt_phase_sgd[phase=2]:docs=33296 windows/rank=13173 lr=0.0005 epochs=1 bsz=8 seq_len=1024 opt=sgd
ttt_phase_sgd[phase=2]:epoch 1/1 loss=2.8211 steps=1647 t=153.2s
ttt_progress: batch 261/782 batch_loss:2.8530 batch_bpb:1.1159 running_loss:2.7471 running_bpb:1.0643 doc_len:308-309
ttt_progress: batch 256/782 batch_loss:2.8785 batch_bpb:1.1284 running_loss:2.7473 running_bpb:1.0644 doc_len:301-302
ttt_progress: batch 252/782 batch_loss:2.8826 batch_bpb:1.1232 running_loss:2.7476 running_bpb:1.0645 doc_len:297-298
ttt_progress: batch 248/782 batch_loss:2.8675 batch_bpb:1.0943 running_loss:2.7478 running_bpb:1.0646 doc_len:293-294
ttt_progress: batch 245/782 batch_loss:2.8644 batch_bpb:1.0999 running_loss:2.7480 running_bpb:1.0646 doc_len:290-291
ttt_progress: batch 241/782 batch_loss:2.8917 batch_bpb:1.1202 running_loss:2.7483 running_bpb:1.0647 doc_len:286-287
ttt_progress: batch 237/782 batch_loss:2.9048 batch_bpb:1.1420 running_loss:2.7486 running_bpb:1.0649 doc_len:282-283
ttt_progress: batch 234/782 batch_loss:2.8972 batch_bpb:1.1485 running_loss:2.7489 running_bpb:1.0650 doc_len:279-280
ttt_progress: batch 230/782 batch_loss:2.8997 batch_bpb:1.1096 running_loss:2.7491 running_bpb:1.0651 doc_len:275-276
ttt_progress: batch 226/782 batch_loss:2.9258 batch_bpb:1.1382 running_loss:2.7494 running_bpb:1.0652 doc_len:271-272
ttt_progress: batch 223/782 batch_loss:2.8222 batch_bpb:1.0865 running_loss:2.7496 running_bpb:1.0653 doc_len:268-269
ttt_progress: batch 219/782 batch_loss:2.8918 batch_bpb:1.1283 running_loss:2.7498 running_bpb:1.0654 doc_len:264-265
ttt_progress: batch 215/782 batch_loss:2.8405 batch_bpb:1.1398 running_loss:2.7500 running_bpb:1.0655 doc_len:260-261
ttt_progress: batch 212/782 batch_loss:2.9218 batch_bpb:1.1436 running_loss:2.7502 running_bpb:1.0656 doc_len:257-258
ttt_progress: batch 208/782 batch_loss:2.8061 batch_bpb:1.1080 running_loss:2.7503 running_bpb:1.0657 doc_len:254-254
ttt_progress: batch 203/782 batch_loss:2.7631 batch_bpb:1.0854 running_loss:2.7503 running_bpb:1.0657 doc_len:249-250
ttt_progress: batch 200/782 batch_loss:2.8363 batch_bpb:1.0901 running_loss:2.7505 running_bpb:1.0658 doc_len:247-247
ttt_progress: batch 196/782 batch_loss:2.9015 batch_bpb:1.1626 running_loss:2.7507 running_bpb:1.0659 doc_len:243-244
ttt_progress: batch 192/782 batch_loss:2.9003 batch_bpb:1.1432 running_loss:2.7509 running_bpb:1.0660 doc_len:239-240
ttt_progress: batch 189/782 batch_loss:2.9581 batch_bpb:1.2006 running_loss:2.7513 running_bpb:1.0662 doc_len:237-237
ttt_progress: batch 185/782 batch_loss:2.8558 batch_bpb:1.1210 running_loss:2.7514 running_bpb:1.0663 doc_len:233-234
ttt_progress: batch 180/782 batch_loss:2.8897 batch_bpb:1.1269 running_loss:2.7516 running_bpb:1.0664 doc_len:229-230
ttt_progress: batch 177/782 batch_loss:2.9199 batch_bpb:1.1458 running_loss:2.7518 running_bpb:1.0665 doc_len:226-227
ttt_progress: batch 173/782 batch_loss:2.9459 batch_bpb:1.1452 running_loss:2.7521 running_bpb:1.0666 doc_len:223-224
ttt_progress: batch 170/782 batch_loss:2.9884 batch_bpb:1.1685 running_loss:2.7524 running_bpb:1.0667 doc_len:220-221
ttt_progress: batch 167/782 batch_loss:2.9529 batch_bpb:1.1804 running_loss:2.7527 running_bpb:1.0669 doc_len:218-218
ttt_progress: batch 163/782 batch_loss:2.8768 batch_bpb:1.1291 running_loss:2.7529 running_bpb:1.0670 doc_len:214-215
ttt_progress: batch 160/782 batch_loss:2.8599 batch_bpb:1.1240 running_loss:2.7530 running_bpb:1.0670 doc_len:212-212
ttt_progress: batch 155/782 batch_loss:2.8676 batch_bpb:1.1270 running_loss:2.7532 running_bpb:1.0671 doc_len:207-208
ttt_progress: batch 152/782 batch_loss:2.8884 batch_bpb:1.1270 running_loss:2.7534 running_bpb:1.0672 doc_len:205-206
ttt_progress: batch 148/782 batch_loss:2.9591 batch_bpb:1.1501 running_loss:2.7536 running_bpb:1.0673 doc_len:202-203
ttt_progress: batch 145/782 batch_loss:2.8883 batch_bpb:1.1332 running_loss:2.7538 running_bpb:1.0674 doc_len:200-200
ttt_progress: batch 141/782 batch_loss:2.8999 batch_bpb:1.1433 running_loss:2.7540 running_bpb:1.0675 doc_len:196-197
ttt_progress: batch 137/782 batch_loss:2.9174 batch_bpb:1.1756 running_loss:2.7542 running_bpb:1.0676 doc_len:193-194
ttt_progress: batch 133/782 batch_loss:3.0101 batch_bpb:1.1891 running_loss:2.7545 running_bpb:1.0677 doc_len:189-190
ttt_progress: batch 130/782 batch_loss:3.1190 batch_bpb:1.2260 running_loss:2.7549 running_bpb:1.0679 doc_len:187-188
ttt_progress: batch 125/782 batch_loss:2.9980 batch_bpb:1.1880 running_loss:2.7552 running_bpb:1.0681 doc_len:184-185
ttt_progress: batch 122/782 batch_loss:2.8880 batch_bpb:1.1555 running_loss:2.7553 running_bpb:1.0682 doc_len:181-182
ttt_progress: batch 119/782 batch_loss:2.7981 batch_bpb:1.0835 running_loss:2.7553 running_bpb:1.0682 doc_len:179-180
ttt_progress: batch 115/782 batch_loss:2.8575 batch_bpb:1.1530 running_loss:2.7555 running_bpb:1.0683 doc_len:176-177
ttt_progress: batch 111/782 batch_loss:2.9691 batch_bpb:1.1847 running_loss:2.7557 running_bpb:1.0684 doc_len:173-174
ttt_progress: batch 108/782 batch_loss:2.8564 batch_bpb:1.0970 running_loss:2.7558 running_bpb:1.0684 doc_len:171-172
ttt_progress: batch 104/782 batch_loss:2.9935 batch_bpb:1.1648 running_loss:2.7560 running_bpb:1.0685 doc_len:168-169
ttt_progress: batch 100/782 batch_loss:2.9322 batch_bpb:1.1510 running_loss:2.7562 running_bpb:1.0686 doc_len:165-166
ttt_progress: batch 98/782 batch_loss:2.9717 batch_bpb:1.1795 running_loss:2.7564 running_bpb:1.0687 doc_len:164-164
ttt_progress: batch 92/782 batch_loss:2.8855 batch_bpb:1.1670 running_loss:2.7566 running_bpb:1.0688 doc_len:159-160
ttt_progress: batch 90/782 batch_loss:3.0044 batch_bpb:1.1851 running_loss:2.7568 running_bpb:1.0689 doc_len:158-158
ttt_progress: batch 86/782 batch_loss:3.0301 batch_bpb:1.2611 running_loss:2.7571 running_bpb:1.0691 doc_len:154-155
ttt_progress: batch 82/782 batch_loss:2.9662 batch_bpb:1.1940 running_loss:2.7573 running_bpb:1.0692 doc_len:151-152
ttt_progress: batch 78/782 batch_loss:2.8999 batch_bpb:1.1251 running_loss:2.7574 running_bpb:1.0692 doc_len:148-149
ttt_progress: batch 75/782 batch_loss:3.0741 batch_bpb:1.2070 running_loss:2.7577 running_bpb:1.0694 doc_len:146-147
ttt_progress: batch 72/782 batch_loss:2.9244 batch_bpb:1.1884 running_loss:2.7578 running_bpb:1.0695 doc_len:144-144
ttt_progress: batch 67/782 batch_loss:3.0458 batch_bpb:1.2311 running_loss:2.7581 running_bpb:1.0696 doc_len:140-141
ttt_progress: batch 65/782 batch_loss:3.0329 batch_bpb:1.2178 running_loss:2.7583 running_bpb:1.0697 doc_len:139-139
ttt_progress: batch 60/782 batch_loss:3.0524 batch_bpb:1.2249 running_loss:2.7585 running_bpb:1.0698 doc_len:134-135
ttt_progress: batch 56/782 batch_loss:3.0417 batch_bpb:1.1988 running_loss:2.7588 running_bpb:1.0699 doc_len:131-132
ttt_progress: batch 54/782 batch_loss:3.0816 batch_bpb:1.2618 running_loss:2.7590 running_bpb:1.0701 doc_len:130-130
ttt_progress: batch 48/782 batch_loss:2.9854 batch_bpb:1.1671 running_loss:2.7592 running_bpb:1.0701 doc_len:125-126
ttt_progress: batch 45/782 batch_loss:3.0770 batch_bpb:1.2310 running_loss:2.7594 running_bpb:1.0703 doc_len:122-123
ttt_progress: batch 41/782 batch_loss:3.1384 batch_bpb:1.2826 running_loss:2.7597 running_bpb:1.0704 doc_len:119-120
ttt_progress: batch 37/782 batch_loss:3.0719 batch_bpb:1.2060 running_loss:2.7599 running_bpb:1.0705 doc_len:116-117
ttt_progress: batch 33/782 batch_loss:3.0864 batch_bpb:1.2082 running_loss:2.7601 running_bpb:1.0706 doc_len:113-114
ttt_progress: batch 30/782 batch_loss:3.1135 batch_bpb:1.2472 running_loss:2.7604 running_bpb:1.0707 doc_len:110-111
ttt_progress: batch 25/782 batch_loss:3.2910 batch_bpb:1.3043 running_loss:2.7607 running_bpb:1.0709 doc_len:106-107
ttt_progress: batch 22/782 batch_loss:3.1693 batch_bpb:1.2354 running_loss:2.7610 running_bpb:1.0710 doc_len:103-104
ttt_progress: batch 18/782 batch_loss:3.1225 batch_bpb:1.2649 running_loss:2.7612 running_bpb:1.0711 doc_len:99-100
ttt_progress: batch 15/782 batch_loss:3.2113 batch_bpb:1.2285 running_loss:2.7614 running_bpb:1.0712 doc_len:95-97
ttt_progress: batch 11/782 batch_loss:3.2275 batch_bpb:1.2613 running_loss:2.7617 running_bpb:1.0713 doc_len:90-92
ttt_progress: batch 7/782 batch_loss:3.2103 batch_bpb:1.2318 running_loss:2.7619 running_bpb:1.0713 doc_len:84-86
ttt_progress: batch 3/782 batch_loss:3.3137 batch_bpb:1.2567 running_loss:2.7622 running_bpb:1.0714 doc_len:75-78
quantized_ttt_lora val_loss:2.76928585 val_bpb:1.07207685 eval_time:1441533ms
