[pgm] === pgm_loopat0_5_repro === (train+eval) starting 2026-04-22T03:25:02+00:00
W0422 03:25:03.952000 48407 torch/distributed/run.py:851] 
W0422 03:25:03.952000 48407 torch/distributed/run.py:851] *****************************************
W0422 03:25:03.952000 48407 torch/distributed/run.py:851] Setting OMP_NUM_THREADS environment variable for each process to be 1 in default, to avoid your system being overloaded, please further tune the variable for optimal performance in your application as needed. 
W0422 03:25:03.952000 48407 torch/distributed/run.py:851] *****************************************
Hyperparameters:
  adam_eps: 1e-08
  adam_wd: 0.02
  beta1: 0.9
  beta2: 0.95
  clip_mult_early: 1.0
  clip_mult_late: 1.0
  clip_mult_loop: 1.0
  clip_mult_mid: 1.0
  compress_ans: True
  compress_brotli: False
  compress_lzma: False
  data_dir: ./data/
  datasets_dir: ./data/datasets/fineweb10B_sp8192
  distributed: True
  effective_train_seq_len: <property object at 0x152d2b87cc20>
  ema_decay: 0.9965
  embed_bits: 8
  embed_clip_sigmas: 20.0
  embed_lr: 0.6
  embed_wd: 0.085
  embedding_dim: 512
  enable_looping_at: 0.5
  eval_seq_len: 2048
  eval_stride: 64
  force_dense_eval: False
  fused_mlp: True
  fused_rope: True
  gated_attention: True
  gptq_calibration_batches: 128
  gptq_reserve_seconds: 12.0
  grad_accum_steps: 2
  grad_clip_norm: 0.3
  head_lr: 0.008
  hessian_clip_lambda: 0.3
  is_main_process: True
  iterations: 20000
  ln_scale: True
  local_rank: 0
  logfile: logs/pgm_loopat0_5_repro.txt
  logit_softcap: 20.0
  loop_embeddings: True
  loop_end: 5
  loop_layer_bits: 0
  loop_layer_clip_sigmas: 0.0
  loop_start: 3
  matrix_bits: 6
  matrix_clip_sigmas: 14.0
  matrix_lr: 0.022
  max_wallclock_seconds: 3600.0
  min_lr: 0.0
  mixed_seq_gpu_frac: 0.375
  mixed_seq_len: 0
  mlp_mult: 4.35
  model_dim: 512
  model_path: final_model.pt
  moe_enabled: False
  moe_layers: 3,5,7,9
  moe_num_experts: 3
  moe_top_k: 2
  muon_backend_steps: 5
  muon_beta2: 0.95
  muon_momentum: 0.97
  muon_momentum_warmup_start: 0.92
  muon_momentum_warmup_steps: 1500
  muon_row_normalize: True
  muon_wd: 0.095
  num_heads: 8
  num_kv_heads: 4
  num_layers: 11
  num_loops: 2
  parallel_residual_start: 7
  qk_gain_init: 5.25
  quantized_model_path: final_model.int6.ptz
  rank: 0
  rope_base: 10000.0
  rope_dims: 32
  rope_force_base_seqlen: 0
  rope_train_seq_len: 2048
  run_id: pgm_loopat0_5_repro
  scalar_lr: 0.022
  seed: 1337
  skip_gates_enabled: True
  skip_training: False
  sliding_window_enabled: True
  slot_enabled: False
  slot_in_ttt: False
  slot_in_ttt_lr: 0.01
  slot_in_ttt_steps: 4
  slot_in_ttt_wd: 0.001
  slot_lr: 0.01
  slot_max_windows: 0
  slot_steps: 4
  slot_train_mode: context
  slot_wd: 0.01
  tie_embeddings: True
  tied_embed_init_std: 0.005
  tied_embed_lr: 0.03
  tokenizer_path: ./data/tokenizers/fineweb_8192_bpe.model
  train_batch_tokens: 786432
  train_files: ./data/datasets/fineweb10B_sp8192/fineweb_train_*.bin
  train_log_every: 500
  train_seq_len: 2048
  ttt_adapt_ema: 0.95
  ttt_adapt_max_scale: 2.0
  ttt_adapt_min_scale: 0.5
  ttt_adapt_power: 1.0
  ttt_adaptive_lr: False
  ttt_batch_size: 64
  ttt_beta1: 0.9
  ttt_beta2: 0.99
  ttt_chunk_size: 64
  ttt_enabled: True
  ttt_eval_seq_len: 2048
  ttt_fp_chunk_tokens: 32768
  ttt_fp_epochs: 3
  ttt_fp_lr: 0.001
  ttt_grad_clip: 1.0
  ttt_grad_steps: 1
  ttt_k_lora: True
  ttt_lora_lr: 0.0001
  ttt_lora_rank: 48
  ttt_max_docs: 0
  ttt_min_doc_len: 0
  ttt_mlp_lora: True
  ttt_nan_guard: True
  ttt_o_lora: True
  ttt_phase_sgd_batch: 8
  ttt_phase_sgd_epochs: 1
  ttt_phase_sgd_lr: 0.0005
  ttt_phase_sgd_momentum: 0.9
  ttt_phase_sgd_optimizer: sgd
  ttt_phase_sgd_seq_len: 1024
  ttt_phase_sgd_wd: 0.0
  ttt_phases: 3
  ttt_rope_base_seqlen: 0
  ttt_weight_decay: 0.2
  val_batch_tokens: 524288
  val_files: ./data/datasets/fineweb10B_sp8192/fineweb_val_*.bin
  val_loss_every: 4000
  varlen_attention: True
  vocab_size: 8192
  warmdown_frac: 0.85
  warmdown_wd_mult: 1.0
  warmup_steps: 20
  window_attn_layers: 
  window_attn_size: 0
  world_size: 4
  xsa_last_n: 9
train_shards: 80
val_tokens: 40540160
model_params:38153904
gptq:reserving 12s, effective=3588000ms
warmup_step: 1/20
warmup_step: 2/20
warmup_step: 3/20
warmup_step: 4/20
warmup_step: 5/20
warmup_step: 6/20
warmup_step: 10/20
warmup_step: 20/20
loop_warmup:enabled encoder:[0, 1, 2, 3, 4, 5, 3, 4] decoder:[5, 3, 4, 5, 6, 7, 8, 9, 10]
loop_warmup_step: 1/20
loop_warmup_step: 2/20
loop_warmup_step: 3/20
loop_warmup_step: 4/20
loop_warmup_step: 5/20
loop_warmup_step: 6/20
loop_warmup_step: 10/20
loop_warmup_step: 20/20
0/20000 val_loss: 9.0079 val_bpb: 3.4871
1/20000 train_loss: 9.0071 train_time: 0.0m tok/s: 1688687
2/20000 train_loss: 11.3340 train_time: 0.0m tok/s: 1685625
3/20000 train_loss: 9.9837 train_time: 0.0m tok/s: 1665582
4/20000 train_loss: 8.5436 train_time: 0.0m tok/s: 1660348
5/20000 train_loss: 7.4973 train_time: 0.0m tok/s: 1657750
500/20000 train_loss: 3.2956 train_time: 7.2m tok/s: 911496
1000/20000 train_loss: 3.1311 train_time: 11.3m tok/s: 1161729
1500/20000 train_loss: 3.0032 train_time: 15.4m tok/s: 1279112
2000/20000 train_loss: 2.9843 train_time: 19.4m tok/s: 1348160
2500/20000 train_loss: 2.3554 train_time: 23.5m tok/s: 1393123
3000/20000 train_loss: 2.9419 train_time: 27.6m tok/s: 1424890
layer_loop:enabled step:3283 frac:0.500 encoder:[0, 1, 2, 3, 4, 5, 3, 4] decoder:[5, 3, 4, 5, 6, 7, 8, 9, 10]
3500/20000 train_loss: 2.9423 train_time: 35.3m tok/s: 1298421
4000/20000 train_loss: 2.9148 train_time: 42.5m tok/s: 1232630
4000/20000 val_loss: 2.8937 val_bpb: 1.1202
4500/20000 train_loss: 2.8342 train_time: 49.7m tok/s: 1186269
5000/20000 train_loss: 3.1383 train_time: 56.0m tok/s: 1170011
5303/20000 val_loss: 2.7605 val_bpb: 1.0686
stopping_early: wallclock_cap train_time: 3588626ms step: 5303/20000
peak memory allocated: 39349 MiB reserved: 39456 MiB
ema:applying EMA weights
pre-quantization post-ema val_loss:2.75984740 val_bpb:1.06836722 eval_time:19394ms
Serialized model: 144276071 bytes
Code size: 169321 bytes
GPTQ:collecting Hessians from calibration data...
GPTQ:collected 67 Hessians in 51.3s
Quantized weights:
  gptq (int6): blocks.attn.c_k.weight, blocks.attn.c_q.weight, blocks.attn.c_v.weight, blocks.attn.proj.weight, blocks.mlp.fc.weight, blocks.mlp.proj.weight
  gptq (int8): tok_emb.weight
  passthrough (float16): blocks.attn.gate_proj.bias, blocks.attn.gate_proj.weight, blocks.attn.q_gain, blocks.attn_scale, blocks.mlp_scale, blocks.resid_mix, loop_embs, skip_gates, skip_weights
compress:ans 16352280 bytes (15.0s)
  ans: model=16352280 total=16521601
compress:using ans (16352280 bytes)
Serialized model quantized+ans: 16352280 bytes
Total submission size quantized+ans: 16521601 bytes
sliding_perdoc: RoPE NTK seqlen override = 98304
sliding_perdoc: bin 1/1010 segs:32 tokens:0 running_loss:0.0000 running_bpb:0.0000 elapsed:0.0s
sliding_perdoc: bin 102/1010 segs:32 tokens:359616 running_loss:2.6106 running_bpb:1.0593 elapsed:12.8s
sliding_perdoc: bin 203/1010 segs:32 tokens:754944 running_loss:2.6652 running_bpb:1.0723 elapsed:25.8s
sliding_perdoc: bin 304/1010 segs:32 tokens:1148288 running_loss:2.6970 running_bpb:1.0760 elapsed:38.8s
sliding_perdoc: bin 405/1010 segs:32 tokens:1539648 running_loss:2.7056 running_bpb:1.0762 elapsed:51.9s
sliding_perdoc: bin 506/1010 segs:32 tokens:1913152 running_loss:2.7042 running_bpb:1.0777 elapsed:65.0s
sliding_perdoc: bin 607/1010 segs:32 tokens:2318400 running_loss:2.7148 running_bpb:1.0767 elapsed:78.1s
sliding_perdoc: bin 708/1010 segs:32 tokens:2699840 running_loss:2.7176 running_bpb:1.0775 elapsed:91.2s
sliding_perdoc: bin 809/1010 segs:32 tokens:3059456 running_loss:2.7202 running_bpb:1.0783 elapsed:104.3s
sliding_perdoc: bin 910/1010 segs:33 tokens:3484538 running_loss:2.7210 running_bpb:1.0756 elapsed:117.7s
sliding_perdoc: bin 1010/1010 segs:472 tokens:9990290 running_loss:2.7738 running_bpb:1.0732 elapsed:131.2s
quantized_sliding_window val_loss:2.77226658 val_bpb:1.07323078 eval_time:137850ms
ttt_lora:rope_base inherited ROPE_FORCE_BASE_SEQLEN=98304
ttt_lora:warming up compile
ttt_lora:compile warmup done (178.3s)
ttt_lora:docs:50000 rank:48 lr:0.0001 chunk:64
ttt_lora:phased_sgd enabled phases=3 boundaries=[0, 261, 521, 782] sgd_lr=0.0005 sgd_epochs=1 sgd_opt=sgd
[rank0]:W0422 04:45:51.968000 48486 .venv/lib/python3.12/site-packages/torch/_dynamo/convert_frame.py:1743] [0/8] torch._dynamo hit config.recompile_limit (8)
[rank0]:W0422 04:45:51.968000 48486 .venv/lib/python3.12/site-packages/torch/_dynamo/convert_frame.py:1743] [0/8]    function: '_fwd_ttt_inner' (/root/parameter-golf/train_gpt_improved_04_16.py:3323)
[rank0]:W0422 04:45:51.968000 48486 .venv/lib/python3.12/site-packages/torch/_dynamo/convert_frame.py:1743] [0/8]    last reason: 0/7: tensor 'input_ids' size mismatch at index 1. expected 384, actual 448
[rank0]:W0422 04:45:51.968000 48486 .venv/lib/python3.12/site-packages/torch/_dynamo/convert_frame.py:1743] [0/8] To log all recompilation reasons, use TORCH_LOGS="recompiles".
[rank0]:W0422 04:45:51.968000 48486 .venv/lib/python3.12/site-packages/torch/_dynamo/convert_frame.py:1743] [0/8] To diagnose recompilation issues, see https://docs.pytorch.org/docs/main/user_guide/torch_compiler/compile/programming_model.recompilation.html
[rank2]:W0422 04:45:56.618000 48488 .venv/lib/python3.12/site-packages/torch/_dynamo/convert_frame.py:1743] [0/8] torch._dynamo hit config.recompile_limit (8)
[rank2]:W0422 04:45:56.618000 48488 .venv/lib/python3.12/site-packages/torch/_dynamo/convert_frame.py:1743] [0/8]    function: '_fwd_ttt_inner' (/root/parameter-golf/train_gpt_improved_04_16.py:3323)
[rank2]:W0422 04:45:56.618000 48488 .venv/lib/python3.12/site-packages/torch/_dynamo/convert_frame.py:1743] [0/8]    last reason: 0/7: tensor 'input_ids' size mismatch at index 1. expected 448, actual 512
[rank2]:W0422 04:45:56.618000 48488 .venv/lib/python3.12/site-packages/torch/_dynamo/convert_frame.py:1743] [0/8] To log all recompilation reasons, use TORCH_LOGS="recompiles".
[rank2]:W0422 04:45:56.618000 48488 .venv/lib/python3.12/site-packages/torch/_dynamo/convert_frame.py:1743] [0/8] To diagnose recompilation issues, see https://docs.pytorch.org/docs/main/user_guide/torch_compiler/compile/programming_model.recompilation.html
[rank3]:W0422 04:45:58.964000 48489 .venv/lib/python3.12/site-packages/torch/_dynamo/convert_frame.py:1743] [0/8] torch._dynamo hit config.recompile_limit (8)
[rank3]:W0422 04:45:58.964000 48489 .venv/lib/python3.12/site-packages/torch/_dynamo/convert_frame.py:1743] [0/8]    function: '_fwd_ttt_inner' (/root/parameter-golf/train_gpt_improved_04_16.py:3323)
[rank3]:W0422 04:45:58.964000 48489 .venv/lib/python3.12/site-packages/torch/_dynamo/convert_frame.py:1743] [0/8]    last reason: 0/7: tensor 'input_ids' size mismatch at index 1. expected 448, actual 512
[rank3]:W0422 04:45:58.964000 48489 .venv/lib/python3.12/site-packages/torch/_dynamo/convert_frame.py:1743] [0/8] To log all recompilation reasons, use TORCH_LOGS="recompiles".
[rank3]:W0422 04:45:58.964000 48489 .venv/lib/python3.12/site-packages/torch/_dynamo/convert_frame.py:1743] [0/8] To diagnose recompilation issues, see https://docs.pytorch.org/docs/main/user_guide/torch_compiler/compile/programming_model.recompilation.html
[rank1]:W0422 04:46:09.275000 48487 .venv/lib/python3.12/site-packages/torch/_dynamo/convert_frame.py:1743] [0/8] torch._dynamo hit config.recompile_limit (8)
[rank1]:W0422 04:46:09.275000 48487 .venv/lib/python3.12/site-packages/torch/_dynamo/convert_frame.py:1743] [0/8]    function: '_fwd_ttt_inner' (/root/parameter-golf/train_gpt_improved_04_16.py:3323)
[rank1]:W0422 04:46:09.275000 48487 .venv/lib/python3.12/site-packages/torch/_dynamo/convert_frame.py:1743] [0/8]    last reason: 0/7: tensor 'input_ids' size mismatch at index 1. expected 448, actual 512
[rank1]:W0422 04:46:09.275000 48487 .venv/lib/python3.12/site-packages/torch/_dynamo/convert_frame.py:1743] [0/8] To log all recompilation reasons, use TORCH_LOGS="recompiles".
[rank1]:W0422 04:46:09.275000 48487 .venv/lib/python3.12/site-packages/torch/_dynamo/convert_frame.py:1743] [0/8] To diagnose recompilation issues, see https://docs.pytorch.org/docs/main/user_guide/torch_compiler/compile/programming_model.recompilation.html
ttt_progress: batch 782/782 batch_loss:2.5742 batch_bpb:1.0393 running_loss:2.5742 running_bpb:1.0393 doc_len:26524-79464
ttt_progress: batch 768/782 batch_loss:2.7015 batch_bpb:1.0841 running_loss:2.6103 running_bpb:1.0521 doc_len:4128-4306
ttt_progress: batch 764/782 batch_loss:2.7625 batch_bpb:1.0976 running_loss:2.6407 running_bpb:1.0613 doc_len:3639-3742
ttt_progress: batch 760/782 batch_loss:2.8403 batch_bpb:1.1155 running_loss:2.6708 running_bpb:1.0696 doc_len:3255-3334
ttt_progress: batch 756/782 batch_loss:2.7784 batch_bpb:1.0769 running_loss:2.6839 running_bpb:1.0705 doc_len:2973-3032
ttt_progress: batch 752/782 batch_loss:2.7637 batch_bpb:1.0603 running_loss:2.6919 running_bpb:1.0695 doc_len:2740-2793
ttt_progress: batch 748/782 batch_loss:2.7984 batch_bpb:1.0716 running_loss:2.7009 running_bpb:1.0697 doc_len:2539-2578
ttt_progress: batch 744/782 batch_loss:2.6504 batch_bpb:1.0559 running_loss:2.6972 running_bpb:1.0686 doc_len:2388-2419
ttt_progress: batch 740/782 batch_loss:2.7308 batch_bpb:1.0310 running_loss:2.6994 running_bpb:1.0661 doc_len:2254-2285
ttt_progress: batch 736/782 batch_loss:2.6726 batch_bpb:1.0417 running_loss:2.6978 running_bpb:1.0646 doc_len:2140-2165
ttt_progress: batch 732/782 batch_loss:2.8150 batch_bpb:1.0956 running_loss:2.7040 running_bpb:1.0663 doc_len:2041-2062
ttt_progress: batch 728/782 batch_loss:2.7574 batch_bpb:1.0679 running_loss:2.7066 running_bpb:1.0664 doc_len:1960-1977
ttt_progress: batch 724/782 batch_loss:2.7477 batch_bpb:1.0503 running_loss:2.7084 running_bpb:1.0656 doc_len:1885-1900
ttt_progress: batch 720/782 batch_loss:2.8167 batch_bpb:1.0759 running_loss:2.7128 running_bpb:1.0661 doc_len:1816-1832
ttt_progress: batch 716/782 batch_loss:2.8058 batch_bpb:1.0354 running_loss:2.7163 running_bpb:1.0648 doc_len:1739-1754
ttt_progress: batch 712/782 batch_loss:2.8256 batch_bpb:1.0758 running_loss:2.7201 running_bpb:1.0652 doc_len:1684-1697
ttt_progress: batch 708/782 batch_loss:2.7174 batch_bpb:1.0443 running_loss:2.7200 running_bpb:1.0645 doc_len:1639-1649
ttt_progress: batch 704/782 batch_loss:2.7402 batch_bpb:1.0219 running_loss:2.7207 running_bpb:1.0631 doc_len:1595-1606
ttt_progress: batch 699/782 batch_loss:2.8134 batch_bpb:1.0412 running_loss:2.7234 running_bpb:1.0625 doc_len:1543-1552
ttt_progress: batch 693/782 batch_loss:2.8121 batch_bpb:1.1031 running_loss:2.7258 running_bpb:1.0636 doc_len:1485-1494
ttt_progress: batch 689/782 batch_loss:2.7768 batch_bpb:1.0624 running_loss:2.7271 running_bpb:1.0635 doc_len:1450-1458
ttt_progress: batch 685/782 batch_loss:2.7674 batch_bpb:1.0607 running_loss:2.7281 running_bpb:1.0635 doc_len:1414-1422
ttt_progress: batch 681/782 batch_loss:2.8123 batch_bpb:1.0677 running_loss:2.7301 running_bpb:1.0636 doc_len:1383-1393
ttt_progress: batch 677/782 batch_loss:2.8601 batch_bpb:1.1087 running_loss:2.7331 running_bpb:1.0646 doc_len:1353-1360
ttt_progress: batch 673/782 batch_loss:2.8060 batch_bpb:1.0537 running_loss:2.7346 running_bpb:1.0644 doc_len:1327-1334
ttt_progress: batch 669/782 batch_loss:2.7771 batch_bpb:1.0531 running_loss:2.7355 running_bpb:1.0641 doc_len:1301-1308
ttt_progress: batch 665/782 batch_loss:2.7325 batch_bpb:1.0298 running_loss:2.7355 running_bpb:1.0634 doc_len:1275-1282
ttt_progress: batch 661/782 batch_loss:2.7169 batch_bpb:1.0186 running_loss:2.7351 running_bpb:1.0625 doc_len:1251-1258
ttt_progress: batch 657/782 batch_loss:2.7775 batch_bpb:1.0430 running_loss:2.7359 running_bpb:1.0621 doc_len:1227-1234
ttt_progress: batch 653/782 batch_loss:2.7516 batch_bpb:1.0323 running_loss:2.7362 running_bpb:1.0616 doc_len:1203-1209
ttt_progress: batch 649/782 batch_loss:2.7964 batch_bpb:1.0547 running_loss:2.7372 running_bpb:1.0615 doc_len:1183-1188
ttt_progress: batch 645/782 batch_loss:2.7926 batch_bpb:1.0926 running_loss:2.7381 running_bpb:1.0620 doc_len:1160-1166
ttt_progress: batch 641/782 batch_loss:2.7544 batch_bpb:1.0371 running_loss:2.7384 running_bpb:1.0616 doc_len:1140-1144
ttt_progress: batch 637/782 batch_loss:2.7963 batch_bpb:1.0774 running_loss:2.7393 running_bpb:1.0618 doc_len:1120-1123
ttt_progress: batch 633/782 batch_loss:2.8200 batch_bpb:1.1003 running_loss:2.7405 running_bpb:1.0624 doc_len:1101-1105
ttt_progress: batch 629/782 batch_loss:2.7159 batch_bpb:1.0405 running_loss:2.7401 running_bpb:1.0621 doc_len:1082-1086
ttt_progress: batch 623/782 batch_loss:2.7788 batch_bpb:1.0695 running_loss:2.7407 running_bpb:1.0622 doc_len:1055-1060
ttt_progress: batch 618/782 batch_loss:2.7267 batch_bpb:1.0453 running_loss:2.7405 running_bpb:1.0619 doc_len:1031-1037
ttt_progress: batch 614/782 batch_loss:2.7814 batch_bpb:1.0638 running_loss:2.7410 running_bpb:1.0620 doc_len:1016-1020
ttt_progress: batch 610/782 batch_loss:2.8225 batch_bpb:1.0596 running_loss:2.7421 running_bpb:1.0619 doc_len:999-1004
ttt_progress: batch 606/782 batch_loss:2.8113 batch_bpb:1.0817 running_loss:2.7429 running_bpb:1.0622 doc_len:982-986
ttt_progress: batch 602/782 batch_loss:2.7746 batch_bpb:1.0378 running_loss:2.7433 running_bpb:1.0619 doc_len:966-971
ttt_progress: batch 598/782 batch_loss:2.7911 batch_bpb:1.0631 running_loss:2.7439 running_bpb:1.0619 doc_len:950-954
ttt_progress: batch 594/782 batch_loss:2.8922 batch_bpb:1.0984 running_loss:2.7456 running_bpb:1.0623 doc_len:937-940
ttt_progress: batch 590/782 batch_loss:2.7271 batch_bpb:1.0264 running_loss:2.7453 running_bpb:1.0619 doc_len:924-927
ttt_progress: batch 586/782 batch_loss:2.7161 batch_bpb:1.0106 running_loss:2.7450 running_bpb:1.0613 doc_len:911-914
ttt_progress: batch 581/782 batch_loss:2.7163 batch_bpb:1.0133 running_loss:2.7447 running_bpb:1.0608 doc_len:894-897
ttt_progress: batch 576/782 batch_loss:2.7744 batch_bpb:1.0449 running_loss:2.7450 running_bpb:1.0606 doc_len:877-880
ttt_progress: batch 571/782 batch_loss:2.7049 batch_bpb:1.0318 running_loss:2.7446 running_bpb:1.0603 doc_len:862-865
ttt_progress: batch 567/782 batch_loss:2.6738 batch_bpb:1.0299 running_loss:2.7439 running_bpb:1.0601 doc_len:849-852
ttt_progress: batch 563/782 batch_loss:2.7937 batch_bpb:1.0598 running_loss:2.7444 running_bpb:1.0601 doc_len:837-840
ttt_progress: batch 559/782 batch_loss:2.7440 batch_bpb:1.0429 running_loss:2.7444 running_bpb:1.0599 doc_len:824-827
ttt_progress: batch 555/782 batch_loss:2.7547 batch_bpb:1.0513 running_loss:2.7445 running_bpb:1.0598 doc_len:812-815
ttt_progress: batch 551/782 batch_loss:2.8241 batch_bpb:1.0645 running_loss:2.7452 running_bpb:1.0599 doc_len:801-804
ttt_progress: batch 547/782 batch_loss:2.7245 batch_bpb:1.0290 running_loss:2.7450 running_bpb:1.0596 doc_len:790-793
ttt_progress: batch 540/782 batch_loss:2.6872 batch_bpb:1.0138 running_loss:2.7445 running_bpb:1.0592 doc_len:771-774
ttt_progress: batch 536/782 batch_loss:2.7704 batch_bpb:1.0686 running_loss:2.7448 running_bpb:1.0593 doc_len:762-764
ttt_progress: batch 532/782 batch_loss:2.8025 batch_bpb:1.0523 running_loss:2.7452 running_bpb:1.0592 doc_len:752-754
ttt_progress: batch 528/782 batch_loss:2.7470 batch_bpb:1.0290 running_loss:2.7452 running_bpb:1.0590 doc_len:742-745
ttt_progress: batch 524/782 batch_loss:2.8086 batch_bpb:1.0496 running_loss:2.7457 running_bpb:1.0589 doc_len:732-735
ttt_phase_sgd[phase=1]:docs=16656 windows/rank=9013 lr=0.0005 epochs=1 bsz=8 seq_len=1024 opt=sgd
ttt_phase_sgd[phase=1]:epoch 1/1 loss=2.8165 steps=1127 t=109.3s
ttt_progress: batch 519/782 batch_loss:2.7216 batch_bpb:1.0321 running_loss:2.7455 running_bpb:1.0587 doc_len:720-723
ttt_progress: batch 514/782 batch_loss:2.8999 batch_bpb:1.0938 running_loss:2.7467 running_bpb:1.0590 doc_len:707-710
ttt_progress: batch 510/782 batch_loss:2.7433 batch_bpb:1.0146 running_loss:2.7466 running_bpb:1.0586 doc_len:698-700
ttt_progress: batch 506/782 batch_loss:2.7999 batch_bpb:1.0726 running_loss:2.7470 running_bpb:1.0587 doc_len:688-690
ttt_progress: batch 502/782 batch_loss:2.8217 batch_bpb:1.0595 running_loss:2.7475 running_bpb:1.0587 doc_len:680-682
ttt_progress: batch 496/782 batch_loss:2.8229 batch_bpb:1.0462 running_loss:2.7480 running_bpb:1.0586 doc_len:666-668
ttt_progress: batch 491/782 batch_loss:2.7265 batch_bpb:1.0273 running_loss:2.7479 running_bpb:1.0584 doc_len:655-657
ttt_progress: batch 487/782 batch_loss:2.8008 batch_bpb:1.0700 running_loss:2.7482 running_bpb:1.0585 doc_len:647-649
ttt_progress: batch 483/782 batch_loss:2.7344 batch_bpb:1.0457 running_loss:2.7481 running_bpb:1.0584 doc_len:639-641
ttt_progress: batch 479/782 batch_loss:2.6995 batch_bpb:1.0303 running_loss:2.7478 running_bpb:1.0582 doc_len:630-632
ttt_progress: batch 472/782 batch_loss:2.7883 batch_bpb:1.0659 running_loss:2.7481 running_bpb:1.0583 doc_len:616-618
ttt_progress: batch 468/782 batch_loss:2.7752 batch_bpb:1.0535 running_loss:2.7482 running_bpb:1.0583 doc_len:608-610
ttt_progress: batch 464/782 batch_loss:2.6998 batch_bpb:1.0699 running_loss:2.7480 running_bpb:1.0583 doc_len:600-602
ttt_progress: batch 459/782 batch_loss:2.7371 batch_bpb:1.0387 running_loss:2.7479 running_bpb:1.0582 doc_len:591-593
ttt_progress: batch 453/782 batch_loss:2.7533 batch_bpb:1.0565 running_loss:2.7479 running_bpb:1.0582 doc_len:580-582
ttt_progress: batch 449/782 batch_loss:2.7913 batch_bpb:1.0506 running_loss:2.7482 running_bpb:1.0582 doc_len:573-575
ttt_progress: batch 445/782 batch_loss:2.7583 batch_bpb:1.0605 running_loss:2.7482 running_bpb:1.0582 doc_len:566-568
ttt_progress: batch 439/782 batch_loss:2.7443 batch_bpb:1.0401 running_loss:2.7482 running_bpb:1.0581 doc_len:555-556
ttt_progress: batch 434/782 batch_loss:2.7220 batch_bpb:1.0402 running_loss:2.7481 running_bpb:1.0580 doc_len:545-547
ttt_progress: batch 430/782 batch_loss:2.7517 batch_bpb:1.0446 running_loss:2.7481 running_bpb:1.0579 doc_len:539-540
ttt_progress: batch 424/782 batch_loss:2.7921 batch_bpb:1.0791 running_loss:2.7483 running_bpb:1.0580 doc_len:528-530
ttt_progress: batch 419/782 batch_loss:2.7801 batch_bpb:1.0332 running_loss:2.7485 running_bpb:1.0579 doc_len:519-521
ttt_progress: batch 415/782 batch_loss:2.8352 batch_bpb:1.0772 running_loss:2.7489 running_bpb:1.0580 doc_len:513-514
ttt_progress: batch 408/782 batch_loss:2.8251 batch_bpb:1.0806 running_loss:2.7492 running_bpb:1.0581 doc_len:501-503
ttt_progress: batch 403/782 batch_loss:2.8019 batch_bpb:1.0470 running_loss:2.7494 running_bpb:1.0580 doc_len:493-495
ttt_progress: batch 397/782 batch_loss:2.8816 batch_bpb:1.0947 running_loss:2.7500 running_bpb:1.0582 doc_len:484-486
ttt_progress: batch 393/782 batch_loss:2.8389 batch_bpb:1.0812 running_loss:2.7504 running_bpb:1.0583 doc_len:478-479
ttt_progress: batch 387/782 batch_loss:2.8244 batch_bpb:1.0691 running_loss:2.7507 running_bpb:1.0584 doc_len:468-470
ttt_progress: batch 382/782 batch_loss:2.8978 batch_bpb:1.1281 running_loss:2.7513 running_bpb:1.0586 doc_len:461-463
ttt_progress: batch 377/782 batch_loss:2.7937 batch_bpb:1.0832 running_loss:2.7515 running_bpb:1.0587 doc_len:454-455
ttt_progress: batch 373/782 batch_loss:2.7533 batch_bpb:1.0747 running_loss:2.7515 running_bpb:1.0588 doc_len:449-450
ttt_progress: batch 369/782 batch_loss:2.9078 batch_bpb:1.0794 running_loss:2.7521 running_bpb:1.0589 doc_len:443-444
ttt_progress: batch 363/782 batch_loss:2.7332 batch_bpb:1.0899 running_loss:2.7520 running_bpb:1.0590 doc_len:434-436
ttt_progress: batch 358/782 batch_loss:2.8079 batch_bpb:1.0853 running_loss:2.7522 running_bpb:1.0591 doc_len:427-429
ttt_progress: batch 352/782 batch_loss:2.7452 batch_bpb:1.0913 running_loss:2.7522 running_bpb:1.0592 doc_len:419-420
ttt_progress: batch 347/782 batch_loss:2.8465 batch_bpb:1.0850 running_loss:2.7525 running_bpb:1.0593 doc_len:413-414
ttt_progress: batch 341/782 batch_loss:2.8557 batch_bpb:1.0932 running_loss:2.7529 running_bpb:1.0594 doc_len:404-406
ttt_progress: batch 336/782 batch_loss:2.9396 batch_bpb:1.1616 running_loss:2.7535 running_bpb:1.0598 doc_len:398-399
ttt_progress: batch 330/782 batch_loss:2.8512 batch_bpb:1.0870 running_loss:2.7539 running_bpb:1.0598 doc_len:390-392
ttt_progress: batch 325/782 batch_loss:2.8313 batch_bpb:1.0876 running_loss:2.7541 running_bpb:1.0599 doc_len:384-385
ttt_progress: batch 319/782 batch_loss:2.8204 batch_bpb:1.1065 running_loss:2.7543 running_bpb:1.0601 doc_len:376-377
ttt_progress: batch 315/782 batch_loss:2.7106 batch_bpb:1.0658 running_loss:2.7542 running_bpb:1.0601 doc_len:370-371
ttt_progress: batch 308/782 batch_loss:2.7787 batch_bpb:1.0795 running_loss:2.7543 running_bpb:1.0602 doc_len:362-363
ttt_progress: batch 304/782 batch_loss:2.8913 batch_bpb:1.1260 running_loss:2.7547 running_bpb:1.0604 doc_len:357-358
ttt_progress: batch 297/782 batch_loss:2.7861 batch_bpb:1.0555 running_loss:2.7548 running_bpb:1.0603 doc_len:348-349
ttt_progress: batch 294/782 batch_loss:2.8424 batch_bpb:1.0992 running_loss:2.7550 running_bpb:1.0605 doc_len:345-345
ttt_progress: batch 286/782 batch_loss:2.8821 batch_bpb:1.0949 running_loss:2.7554 running_bpb:1.0606 doc_len:335-336
ttt_progress: batch 282/782 batch_loss:2.8105 batch_bpb:1.1192 running_loss:2.7555 running_bpb:1.0607 doc_len:331-332
ttt_progress: batch 275/782 batch_loss:2.7517 batch_bpb:1.0643 running_loss:2.7555 running_bpb:1.0607 doc_len:323-324
ttt_progress: batch 271/782 batch_loss:2.7695 batch_bpb:1.0673 running_loss:2.7556 running_bpb:1.0607 doc_len:319-320
ttt_progress: batch 264/782 batch_loss:2.8879 batch_bpb:1.1431 running_loss:2.7559 running_bpb:1.0609 doc_len:311-312
ttt_phase_sgd[phase=2]:docs=33296 windows/rank=13173 lr=0.0005 epochs=1 bsz=8 seq_len=1024 opt=sgd
ttt_phase_sgd[phase=2]:epoch 1/1 loss=2.8190 steps=1647 t=163.3s
ttt_progress: batch 261/782 batch_loss:2.8593 batch_bpb:1.1184 running_loss:2.7562 running_bpb:1.0611 doc_len:308-309
ttt_progress: batch 254/782 batch_loss:2.8862 batch_bpb:1.1368 running_loss:2.7565 running_bpb:1.0613 doc_len:299-300
ttt_progress: batch 247/782 batch_loss:2.7791 batch_bpb:1.0738 running_loss:2.7565 running_bpb:1.0613 doc_len:292-293
ttt_progress: batch 243/782 batch_loss:2.8137 batch_bpb:1.0973 running_loss:2.7567 running_bpb:1.0614 doc_len:288-289
ttt_progress: batch 236/782 batch_loss:2.8384 batch_bpb:1.1032 running_loss:2.7569 running_bpb:1.0615 doc_len:281-282
ttt_progress: batch 232/782 batch_loss:2.9144 batch_bpb:1.1272 running_loss:2.7572 running_bpb:1.0616 doc_len:277-278
ttt_progress: batch 225/782 batch_loss:2.8691 batch_bpb:1.1174 running_loss:2.7575 running_bpb:1.0617 doc_len:270-271
ttt_progress: batch 221/782 batch_loss:2.8369 batch_bpb:1.1385 running_loss:2.7576 running_bpb:1.0619 doc_len:266-267
ttt_progress: batch 214/782 batch_loss:2.9214 batch_bpb:1.1239 running_loss:2.7580 running_bpb:1.0620 doc_len:259-260
ttt_progress: batch 210/782 batch_loss:2.8357 batch_bpb:1.1160 running_loss:2.7581 running_bpb:1.0621 doc_len:255-256
ttt_progress: batch 204/782 batch_loss:2.8950 batch_bpb:1.1262 running_loss:2.7584 running_bpb:1.0623 doc_len:250-251
ttt_progress: batch 200/782 batch_loss:2.8353 batch_bpb:1.0897 running_loss:2.7586 running_bpb:1.0623 doc_len:247-247
ttt_progress: batch 193/782 batch_loss:2.8667 batch_bpb:1.1550 running_loss:2.7588 running_bpb:1.0625 doc_len:240-241
ttt_progress: batch 189/782 batch_loss:2.9565 batch_bpb:1.1999 running_loss:2.7591 running_bpb:1.0627 doc_len:237-237
ttt_progress: batch 180/782 batch_loss:2.8865 batch_bpb:1.1256 running_loss:2.7594 running_bpb:1.0629 doc_len:229-230
ttt_progress: batch 177/782 batch_loss:2.9092 batch_bpb:1.1416 running_loss:2.7597 running_bpb:1.0630 doc_len:226-227
ttt_progress: batch 170/782 batch_loss:2.9892 batch_bpb:1.1689 running_loss:2.7601 running_bpb:1.0632 doc_len:220-221
ttt_progress: batch 167/782 batch_loss:2.9553 batch_bpb:1.1813 running_loss:2.7604 running_bpb:1.0634 doc_len:218-218
ttt_progress: batch 160/782 batch_loss:2.8640 batch_bpb:1.1256 running_loss:2.7606 running_bpb:1.0635 doc_len:212-212
ttt_progress: batch 155/782 batch_loss:2.8706 batch_bpb:1.1282 running_loss:2.7607 running_bpb:1.0636 doc_len:207-208
ttt_progress: batch 148/782 batch_loss:2.9570 batch_bpb:1.1493 running_loss:2.7611 running_bpb:1.0637 doc_len:202-203
ttt_progress: batch 142/782 batch_loss:2.9569 batch_bpb:1.1592 running_loss:2.7614 running_bpb:1.0639 doc_len:197-198
ttt_progress: batch 137/782 batch_loss:2.9394 batch_bpb:1.1845 running_loss:2.7616 running_bpb:1.0640 doc_len:193-194
ttt_progress: batch 130/782 batch_loss:3.1240 batch_bpb:1.2280 running_loss:2.7622 running_bpb:1.0643 doc_len:187-188
ttt_progress: batch 124/782 batch_loss:2.8694 batch_bpb:1.1478 running_loss:2.7623 running_bpb:1.0644 doc_len:183-184
ttt_progress: batch 119/782 batch_loss:2.8131 batch_bpb:1.0893 running_loss:2.7624 running_bpb:1.0644 doc_len:179-180
ttt_progress: batch 114/782 batch_loss:2.9858 batch_bpb:1.1821 running_loss:2.7627 running_bpb:1.0646 doc_len:176-176
ttt_progress: batch 108/782 batch_loss:2.8405 batch_bpb:1.0909 running_loss:2.7628 running_bpb:1.0646 doc_len:171-172
ttt_progress: batch 101/782 batch_loss:2.9690 batch_bpb:1.1653 running_loss:2.7631 running_bpb:1.0647 doc_len:166-167
ttt_progress: batch 98/782 batch_loss:2.9700 batch_bpb:1.1788 running_loss:2.7633 running_bpb:1.0649 doc_len:164-164
ttt_progress: batch 89/782 batch_loss:3.0026 batch_bpb:1.1975 running_loss:2.7636 running_bpb:1.0650 doc_len:157-158
ttt_progress: batch 85/782 batch_loss:2.9744 batch_bpb:1.1942 running_loss:2.7639 running_bpb:1.0652 doc_len:154-154
ttt_progress: batch 79/782 batch_loss:3.0286 batch_bpb:1.2024 running_loss:2.7642 running_bpb:1.0653 doc_len:149-150
ttt_progress: batch 73/782 batch_loss:3.0279 batch_bpb:1.1978 running_loss:2.7645 running_bpb:1.0655 doc_len:144-145
ttt_progress: batch 69/782 batch_loss:3.0829 batch_bpb:1.2231 running_loss:2.7648 running_bpb:1.0657 doc_len:142-142
ttt_progress: batch 62/782 batch_loss:2.9805 batch_bpb:1.2056 running_loss:2.7651 running_bpb:1.0658 doc_len:136-137
ttt_progress: batch 57/782 batch_loss:3.0334 batch_bpb:1.2228 running_loss:2.7653 running_bpb:1.0660 doc_len:132-133
ttt_progress: batch 51/782 batch_loss:3.0284 batch_bpb:1.2105 running_loss:2.7656 running_bpb:1.0661 doc_len:127-128
ttt_progress: batch 46/782 batch_loss:3.1242 batch_bpb:1.2216 running_loss:2.7659 running_bpb:1.0662 doc_len:123-124
ttt_progress: batch 41/782 batch_loss:3.1320 batch_bpb:1.2800 running_loss:2.7663 running_bpb:1.0664 doc_len:119-120
ttt_progress: batch 37/782 batch_loss:3.0779 batch_bpb:1.2083 running_loss:2.7666 running_bpb:1.0665 doc_len:116-117
ttt_progress: batch 31/782 batch_loss:3.1775 batch_bpb:1.2592 running_loss:2.7669 running_bpb:1.0667 doc_len:111-112
ttt_progress: batch 25/782 batch_loss:3.2762 batch_bpb:1.2984 running_loss:2.7673 running_bpb:1.0669 doc_len:106-107
ttt_progress: batch 21/782 batch_loss:3.1895 batch_bpb:1.2402 running_loss:2.7676 running_bpb:1.0670 doc_len:102-103
ttt_progress: batch 16/782 batch_loss:3.0540 batch_bpb:1.2177 running_loss:2.7679 running_bpb:1.0671 doc_len:97-98
ttt_progress: batch 11/782 batch_loss:3.2270 batch_bpb:1.2611 running_loss:2.7682 running_bpb:1.0673 doc_len:90-92
ttt_progress: batch 5/782 batch_loss:3.3150 batch_bpb:1.2930 running_loss:2.7685 running_bpb:1.0674 doc_len:80-82
ttt_progress: batch 1/782 batch_loss:3.3398 batch_bpb:1.2395 running_loss:2.7688 running_bpb:1.0675 doc_len:45-70
quantized_ttt_lora val_loss:2.76694062 val_bpb:1.07116894 eval_time:1524232ms
[pgm] pgm_loopat0_5_repro exit=0 at 2026-04-22T05:03:52+00:00
quantized_sliding_window val_loss:2.77226658 val_bpb:1.07323078 eval_time:137850ms
quantized_ttt_lora val_loss:2.76694062 val_bpb:1.07116894 eval_time:1524232ms
