W0420 21:52:29.612000 542017 torch/distributed/run.py:851] 
W0420 21:52:29.612000 542017 torch/distributed/run.py:851] *****************************************
W0420 21:52:29.612000 542017 torch/distributed/run.py:851] Setting OMP_NUM_THREADS environment variable for each process to be 1 in default, to avoid your system being overloaded, please further tune the variable for optimal performance in your application as needed. 
W0420 21:52:29.612000 542017 torch/distributed/run.py:851] *****************************************
Hyperparameters:
  adam_eps: 1e-08
  adam_wd: 0.02
  beta1: 0.9
  beta2: 0.95
  clip_mult_early: 1.0
  clip_mult_late: 1.0
  clip_mult_loop: 1.0
  clip_mult_mid: 1.0
  compress_ans: True
  compress_brotli: False
  compress_lzma: False
  data_dir: ./data/
  datasets_dir: ./data/datasets/fineweb10B_sp8192
  distributed: True
  effective_train_seq_len: <property object at 0x14fef346ca90>
  ema_decay: 0.9965
  embed_bits: 8
  embed_clip_sigmas: 20.0
  embed_lr: 0.6
  embed_wd: 0.085
  embedding_dim: 512
  enable_looping_at: 0.5
  eval_seq_len: 2048
  eval_stride: 64
  force_dense_eval: False
  fused_mlp: True
  fused_rope: True
  gated_attention: True
  gptq_calibration_batches: 128
  gptq_reserve_seconds: 12.0
  grad_accum_steps: 2
  grad_clip_norm: 0.3
  head_lr: 0.008
  hessian_clip_lambda: 0.3
  is_main_process: True
  iterations: 20000
  ln_scale: True
  local_rank: 0
  logfile: logs/pgm_loopat0_5.txt
  logit_softcap: 20.0
  loop_embeddings: True
  loop_end: 5
  loop_layer_bits: 0
  loop_layer_clip_sigmas: 0.0
  loop_start: 3
  matrix_bits: 6
  matrix_clip_sigmas: 14.0
  matrix_lr: 0.022
  max_wallclock_seconds: 3600.0
  min_lr: 0.0
  mixed_seq_gpu_frac: 0.375
  mixed_seq_len: 0
  mlp_mult: 4.35
  model_dim: 512
  model_path: final_model.pt
  moe_enabled: False
  moe_layers: 3,5,7,9
  moe_num_experts: 3
  moe_top_k: 2
  muon_backend_steps: 5
  muon_beta2: 0.95
  muon_momentum: 0.97
  muon_momentum_warmup_start: 0.92
  muon_momentum_warmup_steps: 1500
  muon_row_normalize: True
  muon_wd: 0.095
  num_heads: 8
  num_kv_heads: 4
  num_layers: 11
  num_loops: 2
  parallel_residual_start: 7
  qk_gain_init: 5.25
  quantized_model_path: final_model.int6.ptz
  rank: 0
  rope_base: 10000.0
  rope_dims: 32
  rope_force_base_seqlen: 0
  rope_train_seq_len: 2048
  run_id: pgm_loopat0_5
  run_sw_only: False
  run_ttt_only: False
  scalar_lr: 0.022
  seed: 1337
  skip_gates_enabled: True
  skip_training: False
  sliding_window_enabled: True
  slot_enabled: False
  slot_in_ttt: False
  slot_in_ttt_lr: 0.01
  slot_in_ttt_steps: 4
  slot_in_ttt_wd: 0.001
  slot_lr: 0.01
  slot_max_windows: 0
  slot_steps: 4
  slot_train_mode: context
  slot_wd: 0.01
  tie_embeddings: True
  tied_embed_init_std: 0.005
  tied_embed_lr: 0.03
  tokenizer_path: ./data/tokenizers/fineweb_8192_bpe.model
  train_batch_tokens: 786432
  train_files: ./data/datasets/fineweb10B_sp8192/fineweb_train_*.bin
  train_log_every: 500
  train_seq_len: 2048
  ttt_adapt_ema: 0.95
  ttt_adapt_max_scale: 2.0
  ttt_adapt_min_scale: 0.5
  ttt_adapt_power: 1.0
  ttt_adaptive_lr: False
  ttt_batch_size: 64
  ttt_beta1: 0.9
  ttt_beta2: 0.99
  ttt_chunk_size: 64
  ttt_enabled: True
  ttt_eval_seq_len: 2048
  ttt_fp_chunk_tokens: 32768
  ttt_fp_epochs: 3
  ttt_fp_lr: 0.001
  ttt_grad_clip: 1.0
  ttt_grad_steps: 1
  ttt_k_lora: True
  ttt_lora_lr: 0.0001
  ttt_lora_rank: 48
  ttt_max_docs: 0
  ttt_min_doc_len: 0
  ttt_mlp_lora: True
  ttt_nan_guard: True
  ttt_o_lora: True
  ttt_phase_sgd_batch: 8
  ttt_phase_sgd_epochs: 1
  ttt_phase_sgd_lr: 0.0005
  ttt_phase_sgd_momentum: 0.9
  ttt_phase_sgd_optimizer: sgd
  ttt_phase_sgd_seq_len: 1024
  ttt_phase_sgd_wd: 0.0
  ttt_phases: 3
  ttt_rope_base_seqlen: 0
  ttt_weight_decay: 0.2
  val_batch_tokens: 524288
  val_files: ./data/datasets/fineweb10B_sp8192/fineweb_val_*.bin
  val_loss_every: 4000
  varlen_attention: True
  vocab_size: 8192
  warmdown_frac: 0.85
  warmdown_wd_mult: 1.0
  warmup_steps: 20
  window_attn_layers: 
  window_attn_size: 0
  world_size: 4
  xsa_last_n: 9
train_shards: 80
val_tokens: 40540160
model_params:38153904
gptq:reserving 12s, effective=3588000ms
warmup_step: 1/20
warmup_step: 2/20
warmup_step: 3/20
warmup_step: 4/20
warmup_step: 5/20
warmup_step: 6/20
warmup_step: 10/20
warmup_step: 20/20
loop_warmup:enabled encoder:[0, 1, 2, 3, 4, 5, 3, 4] decoder:[5, 3, 4, 5, 6, 7, 8, 9, 10]
loop_warmup_step: 1/20
loop_warmup_step: 2/20
loop_warmup_step: 3/20
loop_warmup_step: 4/20
loop_warmup_step: 5/20
loop_warmup_step: 6/20
loop_warmup_step: 10/20
loop_warmup_step: 20/20
0/20000 val_loss: 9.0079 val_bpb: 3.4871
1/20000 train_loss: 9.0071 train_time: 0.0m tok/s: 1677474
2/20000 train_loss: 11.3340 train_time: 0.0m tok/s: 1677848
3/20000 train_loss: 9.9836 train_time: 0.0m tok/s: 1656865
4/20000 train_loss: 8.5436 train_time: 0.0m tok/s: 1651001
5/20000 train_loss: 7.4973 train_time: 0.0m tok/s: 1647242
500/20000 train_loss: 3.3078 train_time: 5.5m tok/s: 1198952
1000/20000 train_loss: 3.1440 train_time: 9.6m tok/s: 1371289
1500/20000 train_loss: 3.0086 train_time: 13.6m tok/s: 1442209
2000/20000 train_loss: 2.9881 train_time: 17.7m tok/s: 1480753
2500/20000 train_loss: 2.3614 train_time: 21.8m tok/s: 1504428
3000/20000 train_loss: 2.9486 train_time: 25.9m tok/s: 1520708
layer_loop:enabled step:3497 frac:0.500 encoder:[0, 1, 2, 3, 4, 5, 3, 4] decoder:[5, 3, 4, 5, 6, 7, 8, 9, 10]
3500/20000 train_loss: 3.4727 train_time: 29.9m tok/s: 1532098
4000/20000 train_loss: 2.9397 train_time: 37.8m tok/s: 1385376
4000/20000 val_loss: 2.9199 val_bpb: 1.1303
4500/20000 train_loss: 2.8696 train_time: 44.6m tok/s: 1323561
5000/20000 train_loss: 3.1787 train_time: 50.8m tok/s: 1289455
5500/20000 train_loss: 2.7100 train_time: 57.1m tok/s: 1262944
5716/20000 val_loss: 2.7560 val_bpb: 1.0669
stopping_early: wallclock_cap train_time: 3588332ms step: 5716/20000
peak memory allocated: 39349 MiB reserved: 39458 MiB
ema:applying EMA weights
pre-quantization post-ema val_loss:2.75450580 val_bpb:1.06629943 eval_time:19409ms
Serialized model: 144276071 bytes
Code size: 173070 bytes
GPTQ:collecting Hessians from calibration data...
GPTQ:collected 67 Hessians in 51.1s
Quantized weights:
  gptq (int6): blocks.attn.c_k.weight, blocks.attn.c_q.weight, blocks.attn.c_v.weight, blocks.attn.proj.weight, blocks.mlp.fc.weight, blocks.mlp.proj.weight
  gptq (int8): tok_emb.weight
  passthrough (float16): blocks.attn.gate_proj.bias, blocks.attn.gate_proj.weight, blocks.attn.q_gain, blocks.attn_scale, blocks.mlp_scale, blocks.resid_mix, loop_embs, skip_gates, skip_weights
compress:ans 16352721 bytes (14.6s)
  ans: model=16352721 total=16525791
compress:using ans (16352721 bytes)
Serialized model quantized+ans: 16352721 bytes
Total submission size quantized+ans: 16525791 bytes
quantized val_loss:2.78723013 val_bpb:1.07896738 eval_time:19025ms
sliding_perdoc: RoPE NTK seqlen override = 98304
sliding_perdoc: bin 1/1010 segs:32 tokens:0 running_loss:0.0000 running_bpb:0.0000 elapsed:0.0s
sliding_perdoc: bin 51/1010 segs:32 tokens:161920 running_loss:2.6014 running_bpb:1.0642 elapsed:6.3s
sliding_perdoc: bin 101/1010 segs:32 tokens:353600 running_loss:2.6043 running_bpb:1.0578 elapsed:12.8s
sliding_perdoc: bin 151/1010 segs:32 tokens:541312 running_loss:2.6320 running_bpb:1.0650 elapsed:19.2s
sliding_perdoc: bin 201/1010 segs:32 tokens:740928 running_loss:2.6581 running_bpb:1.0708 elapsed:25.7s
sliding_perdoc: bin 251/1010 segs:32 tokens:938560 running_loss:2.6869 running_bpb:1.0733 elapsed:32.2s
sliding_perdoc: bin 301/1010 segs:32 tokens:1136192 running_loss:2.6916 running_bpb:1.0742 elapsed:38.6s
sliding_perdoc: bin 351/1010 segs:32 tokens:1335808 running_loss:2.6970 running_bpb:1.0753 elapsed:45.1s
sliding_perdoc: bin 401/1010 segs:32 tokens:1523520 running_loss:2.7044 running_bpb:1.0751 elapsed:51.6s
sliding_perdoc: bin 451/1010 segs:32 tokens:1693376 running_loss:2.6894 running_bpb:1.0720 elapsed:58.1s
sliding_perdoc: bin 501/1010 segs:32 tokens:1894976 running_loss:2.6990 running_bpb:1.0758 elapsed:64.6s
sliding_perdoc: bin 551/1010 segs:32 tokens:2092608 running_loss:2.7054 running_bpb:1.0759 elapsed:71.1s
sliding_perdoc: bin 601/1010 segs:32 tokens:2290240 running_loss:2.7096 running_bpb:1.0754 elapsed:77.6s
sliding_perdoc: bin 651/1010 segs:32 tokens:2497792 running_loss:2.7090 running_bpb:1.0729 elapsed:84.0s
sliding_perdoc: bin 701/1010 segs:32 tokens:2669632 running_loss:2.7131 running_bpb:1.0749 elapsed:90.5s
sliding_perdoc: bin 751/1010 segs:32 tokens:2863296 running_loss:2.7139 running_bpb:1.0768 elapsed:97.0s
sliding_perdoc: bin 801/1010 segs:32 tokens:3027200 running_loss:2.7136 running_bpb:1.0758 elapsed:103.5s
sliding_perdoc: bin 851/1010 segs:32 tokens:3210944 running_loss:2.7158 running_bpb:1.0745 elapsed:109.9s
sliding_perdoc: bin 901/1010 segs:33 tokens:3434364 running_loss:2.7159 running_bpb:1.0737 elapsed:116.4s
sliding_perdoc: bin 951/1010 segs:68 tokens:6123868 running_loss:2.7427 running_bpb:1.0662 elapsed:122.9s
sliding_perdoc: bin 1001/1010 segs:249 tokens:9400550 running_loss:2.7581 running_bpb:1.0658 elapsed:129.3s
sliding_perdoc: bin 1010/1010 segs:472 tokens:9990290 running_loss:2.7686 running_bpb:1.0712 elapsed:130.8s
quantized_sliding_window val_loss:2.76725715 val_bpb:1.07129148 eval_time:134325ms
ttt_lora:rope_base inherited ROPE_FORCE_BASE_SEQLEN=98304
ttt_lora:warming up compile
ttt_lora:compile warmup done (85.9s)
ttt_lora:docs:50000 rank:48 lr:0.0001 chunk:64
ttt_lora:phased_sgd enabled phases=3 boundaries=[0, 261, 521, 782] sgd_lr=0.0005 sgd_epochs=1 sgd_opt=sgd
[rank2]:W0420 23:04:47.170000 542093 .venv/lib/python3.12/site-packages/torch/_dynamo/convert_frame.py:1743] [0/8] torch._dynamo hit config.recompile_limit (8)
[rank2]:W0420 23:04:47.170000 542093 .venv/lib/python3.12/site-packages/torch/_dynamo/convert_frame.py:1743] [0/8]    function: '_fwd_ttt_inner' (/root/parameter-golf/train_gpt_improved_04_16.py:3430)
[rank2]:W0420 23:04:47.170000 542093 .venv/lib/python3.12/site-packages/torch/_dynamo/convert_frame.py:1743] [0/8]    last reason: 0/7: tensor 'input_ids' size mismatch at index 1. expected 448, actual 512
[rank2]:W0420 23:04:47.170000 542093 .venv/lib/python3.12/site-packages/torch/_dynamo/convert_frame.py:1743] [0/8] To log all recompilation reasons, use TORCH_LOGS="recompiles".
[rank2]:W0420 23:04:47.170000 542093 .venv/lib/python3.12/site-packages/torch/_dynamo/convert_frame.py:1743] [0/8] To diagnose recompilation issues, see https://docs.pytorch.org/docs/main/user_guide/torch_compiler/compile/programming_model.recompilation.html
[rank3]:W0420 23:04:55.687000 542094 .venv/lib/python3.12/site-packages/torch/_dynamo/convert_frame.py:1743] [0/8] torch._dynamo hit config.recompile_limit (8)
[rank3]:W0420 23:04:55.687000 542094 .venv/lib/python3.12/site-packages/torch/_dynamo/convert_frame.py:1743] [0/8]    function: '_fwd_ttt_inner' (/root/parameter-golf/train_gpt_improved_04_16.py:3430)
[rank3]:W0420 23:04:55.687000 542094 .venv/lib/python3.12/site-packages/torch/_dynamo/convert_frame.py:1743] [0/8]    last reason: 0/7: tensor 'input_ids' size mismatch at index 1. expected 448, actual 512
[rank3]:W0420 23:04:55.687000 542094 .venv/lib/python3.12/site-packages/torch/_dynamo/convert_frame.py:1743] [0/8] To log all recompilation reasons, use TORCH_LOGS="recompiles".
[rank3]:W0420 23:04:55.687000 542094 .venv/lib/python3.12/site-packages/torch/_dynamo/convert_frame.py:1743] [0/8] To diagnose recompilation issues, see https://docs.pytorch.org/docs/main/user_guide/torch_compiler/compile/programming_model.recompilation.html
[rank1]:W0420 23:04:56.905000 542092 .venv/lib/python3.12/site-packages/torch/_dynamo/convert_frame.py:1743] [0/8] torch._dynamo hit config.recompile_limit (8)
[rank1]:W0420 23:04:56.905000 542092 .venv/lib/python3.12/site-packages/torch/_dynamo/convert_frame.py:1743] [0/8]    function: '_fwd_ttt_inner' (/root/parameter-golf/train_gpt_improved_04_16.py:3430)
[rank1]:W0420 23:04:56.905000 542092 .venv/lib/python3.12/site-packages/torch/_dynamo/convert_frame.py:1743] [0/8]    last reason: 0/7: tensor 'input_ids' size mismatch at index 1. expected 448, actual 512
[rank1]:W0420 23:04:56.905000 542092 .venv/lib/python3.12/site-packages/torch/_dynamo/convert_frame.py:1743] [0/8] To log all recompilation reasons, use TORCH_LOGS="recompiles".
[rank1]:W0420 23:04:56.905000 542092 .venv/lib/python3.12/site-packages/torch/_dynamo/convert_frame.py:1743] [0/8] To diagnose recompilation issues, see https://docs.pytorch.org/docs/main/user_guide/torch_compiler/compile/programming_model.recompilation.html
[rank0]:W0420 23:04:59.431000 542091 .venv/lib/python3.12/site-packages/torch/_dynamo/convert_frame.py:1743] [0/8] torch._dynamo hit config.recompile_limit (8)
[rank0]:W0420 23:04:59.431000 542091 .venv/lib/python3.12/site-packages/torch/_dynamo/convert_frame.py:1743] [0/8]    function: '_fwd_ttt_inner' (/root/parameter-golf/train_gpt_improved_04_16.py:3430)
[rank0]:W0420 23:04:59.431000 542091 .venv/lib/python3.12/site-packages/torch/_dynamo/convert_frame.py:1743] [0/8]    last reason: 0/7: tensor 'input_ids' size mismatch at index 1. expected 384, actual 448
[rank0]:W0420 23:04:59.431000 542091 .venv/lib/python3.12/site-packages/torch/_dynamo/convert_frame.py:1743] [0/8] To log all recompilation reasons, use TORCH_LOGS="recompiles".
[rank0]:W0420 23:04:59.431000 542091 .venv/lib/python3.12/site-packages/torch/_dynamo/convert_frame.py:1743] [0/8] To diagnose recompilation issues, see https://docs.pytorch.org/docs/main/user_guide/torch_compiler/compile/programming_model.recompilation.html
ttt_progress: batch 782/782 batch_loss:2.5693 batch_bpb:1.0373 running_loss:2.5693 running_bpb:1.0373 doc_len:26524-79464
ttt_progress: batch 767/782 batch_loss:2.7490 batch_bpb:1.0976 running_loss:2.6189 running_bpb:1.0541 doc_len:3963-4123
ttt_progress: batch 763/782 batch_loss:2.7846 batch_bpb:1.0988 running_loss:2.6515 running_bpb:1.0630 doc_len:3536-3637
ttt_progress: batch 759/782 batch_loss:2.7169 batch_bpb:1.0966 running_loss:2.6613 running_bpb:1.0680 doc_len:3188-3253
ttt_progress: batch 755/782 batch_loss:2.6839 batch_bpb:1.0399 running_loss:2.6640 running_bpb:1.0645 doc_len:2899-2972
ttt_progress: batch 751/782 batch_loss:2.7823 batch_bpb:1.0681 running_loss:2.6759 running_bpb:1.0649 doc_len:2689-2740
ttt_progress: batch 747/782 batch_loss:2.7731 batch_bpb:1.0547 running_loss:2.6841 running_bpb:1.0640 doc_len:2501-2538
ttt_progress: batch 743/782 batch_loss:2.7034 batch_bpb:1.0408 running_loss:2.6856 running_bpb:1.0622 doc_len:2355-2388
ttt_progress: batch 739/782 batch_loss:2.8189 batch_bpb:1.0703 running_loss:2.6943 running_bpb:1.0628 doc_len:2227-2253
ttt_progress: batch 735/782 batch_loss:2.8234 batch_bpb:1.0752 running_loss:2.7018 running_bpb:1.0635 doc_len:2116-2140
ttt_progress: batch 731/782 batch_loss:2.7657 batch_bpb:1.0556 running_loss:2.7052 running_bpb:1.0631 doc_len:2017-2041
ttt_progress: batch 727/782 batch_loss:2.7654 batch_bpb:1.0527 running_loss:2.7081 running_bpb:1.0626 doc_len:1936-1960
ttt_progress: batch 722/782 batch_loss:2.7649 batch_bpb:1.0571 running_loss:2.7106 running_bpb:1.0623 doc_len:1846-1861
ttt_progress: batch 717/782 batch_loss:2.7816 batch_bpb:1.0476 running_loss:2.7135 running_bpb:1.0617 doc_len:1754-1773
ttt_progress: batch 713/782 batch_loss:2.8261 batch_bpb:1.0426 running_loss:2.7177 running_bpb:1.0610 doc_len:1697-1711
ttt_progress: batch 709/782 batch_loss:2.7767 batch_bpb:1.0550 running_loss:2.7197 running_bpb:1.0608 doc_len:1649-1661
ttt_progress: batch 706/782 batch_loss:2.7053 batch_bpb:1.0400 running_loss:2.7192 running_bpb:1.0601 doc_len:1617-1627
ttt_progress: batch 701/782 batch_loss:2.7437 batch_bpb:1.0434 running_loss:2.7200 running_bpb:1.0595 doc_len:1562-1572
ttt_progress: batch 697/782 batch_loss:2.7479 batch_bpb:1.0353 running_loss:2.7208 running_bpb:1.0588 doc_len:1522-1534
ttt_progress: batch 694/782 batch_loss:2.7537 batch_bpb:1.0628 running_loss:2.7217 running_bpb:1.0589 doc_len:1494-1504
ttt_progress: batch 689/782 batch_loss:2.7718 batch_bpb:1.0605 running_loss:2.7231 running_bpb:1.0590 doc_len:1450-1458
ttt_progress: batch 685/782 batch_loss:2.7605 batch_bpb:1.0581 running_loss:2.7240 running_bpb:1.0589 doc_len:1414-1422
ttt_progress: batch 681/782 batch_loss:2.8065 batch_bpb:1.0655 running_loss:2.7260 running_bpb:1.0591 doc_len:1383-1393
ttt_progress: batch 677/782 batch_loss:2.8543 batch_bpb:1.1065 running_loss:2.7289 running_bpb:1.0602 doc_len:1353-1360
ttt_progress: batch 673/782 batch_loss:2.8017 batch_bpb:1.0521 running_loss:2.7305 running_bpb:1.0600 doc_len:1327-1334
ttt_progress: batch 669/782 batch_loss:2.7753 batch_bpb:1.0524 running_loss:2.7315 running_bpb:1.0598 doc_len:1301-1308
ttt_progress: batch 665/782 batch_loss:2.7250 batch_bpb:1.0269 running_loss:2.7313 running_bpb:1.0591 doc_len:1275-1282
ttt_progress: batch 661/782 batch_loss:2.7100 batch_bpb:1.0161 running_loss:2.7309 running_bpb:1.0583 doc_len:1251-1258
ttt_progress: batch 657/782 batch_loss:2.7738 batch_bpb:1.0417 running_loss:2.7317 running_bpb:1.0580 doc_len:1227-1234
ttt_progress: batch 653/782 batch_loss:2.7469 batch_bpb:1.0305 running_loss:2.7320 running_bpb:1.0574 doc_len:1203-1209
ttt_progress: batch 649/782 batch_loss:2.7964 batch_bpb:1.0547 running_loss:2.7331 running_bpb:1.0574 doc_len:1183-1188
ttt_progress: batch 645/782 batch_loss:2.7856 batch_bpb:1.0899 running_loss:2.7340 running_bpb:1.0579 doc_len:1160-1166
ttt_progress: batch 641/782 batch_loss:2.7572 batch_bpb:1.0381 running_loss:2.7344 running_bpb:1.0576 doc_len:1140-1144
ttt_progress: batch 637/782 batch_loss:2.7911 batch_bpb:1.0754 running_loss:2.7353 running_bpb:1.0579 doc_len:1120-1123
ttt_progress: batch 633/782 batch_loss:2.8133 batch_bpb:1.0977 running_loss:2.7365 running_bpb:1.0585 doc_len:1101-1105
ttt_progress: batch 629/782 batch_loss:2.7141 batch_bpb:1.0398 running_loss:2.7361 running_bpb:1.0582 doc_len:1082-1086
ttt_progress: batch 623/782 batch_loss:2.7730 batch_bpb:1.0673 running_loss:2.7367 running_bpb:1.0583 doc_len:1055-1060
ttt_progress: batch 618/782 batch_loss:2.7239 batch_bpb:1.0442 running_loss:2.7365 running_bpb:1.0581 doc_len:1031-1037
ttt_progress: batch 614/782 batch_loss:2.7746 batch_bpb:1.0612 running_loss:2.7370 running_bpb:1.0582 doc_len:1016-1020
ttt_progress: batch 610/782 batch_loss:2.8197 batch_bpb:1.0586 running_loss:2.7381 running_bpb:1.0582 doc_len:999-1004
ttt_progress: batch 606/782 batch_loss:2.8046 batch_bpb:1.0791 running_loss:2.7389 running_bpb:1.0585 doc_len:982-986
ttt_progress: batch 602/782 batch_loss:2.7664 batch_bpb:1.0348 running_loss:2.7392 running_bpb:1.0582 doc_len:966-971
ttt_progress: batch 598/782 batch_loss:2.7914 batch_bpb:1.0632 running_loss:2.7398 running_bpb:1.0582 doc_len:950-954
ttt_progress: batch 594/782 batch_loss:2.8909 batch_bpb:1.0980 running_loss:2.7416 running_bpb:1.0587 doc_len:937-940
ttt_progress: batch 590/782 batch_loss:2.7155 batch_bpb:1.0220 running_loss:2.7413 running_bpb:1.0583 doc_len:924-927
ttt_progress: batch 586/782 batch_loss:2.7085 batch_bpb:1.0078 running_loss:2.7409 running_bpb:1.0577 doc_len:911-914
ttt_progress: batch 582/782 batch_loss:2.8554 batch_bpb:1.0891 running_loss:2.7421 running_bpb:1.0580 doc_len:897-901
ttt_progress: batch 575/782 batch_loss:2.7864 batch_bpb:1.0492 running_loss:2.7426 running_bpb:1.0579 doc_len:874-877
ttt_progress: batch 571/782 batch_loss:2.7020 batch_bpb:1.0307 running_loss:2.7422 running_bpb:1.0577 doc_len:862-865
ttt_progress: batch 567/782 batch_loss:2.6731 batch_bpb:1.0296 running_loss:2.7415 running_bpb:1.0574 doc_len:849-852
ttt_progress: batch 563/782 batch_loss:2.7929 batch_bpb:1.0595 running_loss:2.7420 running_bpb:1.0574 doc_len:837-840
ttt_progress: batch 559/782 batch_loss:2.7392 batch_bpb:1.0411 running_loss:2.7420 running_bpb:1.0572 doc_len:824-827
ttt_progress: batch 555/782 batch_loss:2.7437 batch_bpb:1.0471 running_loss:2.7420 running_bpb:1.0572 doc_len:812-815
ttt_progress: batch 550/782 batch_loss:2.7973 batch_bpb:1.0733 running_loss:2.7425 running_bpb:1.0573 doc_len:798-801
ttt_progress: batch 544/782 batch_loss:2.7397 batch_bpb:1.0375 running_loss:2.7425 running_bpb:1.0571 doc_len:782-785
ttt_progress: batch 540/782 batch_loss:2.6860 batch_bpb:1.0134 running_loss:2.7420 running_bpb:1.0567 doc_len:771-774
ttt_progress: batch 536/782 batch_loss:2.7703 batch_bpb:1.0686 running_loss:2.7422 running_bpb:1.0568 doc_len:762-764
ttt_progress: batch 532/782 batch_loss:2.8024 batch_bpb:1.0523 running_loss:2.7427 running_bpb:1.0568 doc_len:752-754
ttt_progress: batch 528/782 batch_loss:2.7371 batch_bpb:1.0253 running_loss:2.7427 running_bpb:1.0566 doc_len:742-745
ttt_progress: batch 523/782 batch_loss:2.8062 batch_bpb:1.0538 running_loss:2.7432 running_bpb:1.0565 doc_len:730-732
ttt_phase_sgd[phase=1]:docs=16656 windows/rank=9013 lr=0.0005 epochs=1 bsz=8 seq_len=1024 opt=sgd
ttt_phase_sgd[phase=1]:epoch 1/1 loss=2.8115 steps=1127 t=111.3s
ttt_progress: batch 521/782 batch_loss:2.7502 batch_bpb:1.0435 running_loss:2.7432 running_bpb:1.0564 doc_len:725-727
ttt_progress: batch 514/782 batch_loss:2.8970 batch_bpb:1.0927 running_loss:2.7443 running_bpb:1.0567 doc_len:707-710
ttt_progress: batch 510/782 batch_loss:2.7394 batch_bpb:1.0132 running_loss:2.7443 running_bpb:1.0564 doc_len:698-700
ttt_progress: batch 506/782 batch_loss:2.7908 batch_bpb:1.0691 running_loss:2.7446 running_bpb:1.0565 doc_len:688-690
ttt_progress: batch 502/782 batch_loss:2.8141 batch_bpb:1.0567 running_loss:2.7451 running_bpb:1.0565 doc_len:680-682
ttt_progress: batch 497/782 batch_loss:2.8266 batch_bpb:1.0777 running_loss:2.7457 running_bpb:1.0566 doc_len:668-671
ttt_progress: batch 491/782 batch_loss:2.7219 batch_bpb:1.0256 running_loss:2.7455 running_bpb:1.0564 doc_len:655-657
ttt_progress: batch 487/782 batch_loss:2.7957 batch_bpb:1.0680 running_loss:2.7458 running_bpb:1.0565 doc_len:647-649
ttt_progress: batch 483/782 batch_loss:2.7303 batch_bpb:1.0441 running_loss:2.7457 running_bpb:1.0564 doc_len:639-641
ttt_progress: batch 479/782 batch_loss:2.6913 batch_bpb:1.0272 running_loss:2.7454 running_bpb:1.0562 doc_len:630-632
ttt_progress: batch 473/782 batch_loss:2.8197 batch_bpb:1.0728 running_loss:2.7458 running_bpb:1.0563 doc_len:618-620
ttt_progress: batch 468/782 batch_loss:2.7703 batch_bpb:1.0516 running_loss:2.7460 running_bpb:1.0563 doc_len:608-610
ttt_progress: batch 464/782 batch_loss:2.7057 batch_bpb:1.0722 running_loss:2.7458 running_bpb:1.0564 doc_len:600-602
ttt_progress: batch 460/782 batch_loss:2.7773 batch_bpb:1.0534 running_loss:2.7459 running_bpb:1.0564 doc_len:593-595
ttt_progress: batch 453/782 batch_loss:2.7488 batch_bpb:1.0548 running_loss:2.7460 running_bpb:1.0564 doc_len:580-582
ttt_progress: batch 449/782 batch_loss:2.7818 batch_bpb:1.0470 running_loss:2.7461 running_bpb:1.0563 doc_len:573-575
ttt_progress: batch 445/782 batch_loss:2.7489 batch_bpb:1.0569 running_loss:2.7462 running_bpb:1.0563 doc_len:566-568
ttt_progress: batch 440/782 batch_loss:2.8477 batch_bpb:1.0872 running_loss:2.7467 running_bpb:1.0565 doc_len:556-559
ttt_progress: batch 434/782 batch_loss:2.7130 batch_bpb:1.0367 running_loss:2.7465 running_bpb:1.0564 doc_len:545-547
ttt_progress: batch 430/782 batch_loss:2.7468 batch_bpb:1.0428 running_loss:2.7465 running_bpb:1.0563 doc_len:539-540
ttt_progress: batch 425/782 batch_loss:2.7427 batch_bpb:1.0435 running_loss:2.7465 running_bpb:1.0562 doc_len:530-532
ttt_progress: batch 419/782 batch_loss:2.7798 batch_bpb:1.0331 running_loss:2.7467 running_bpb:1.0561 doc_len:519-521
ttt_progress: batch 415/782 batch_loss:2.8294 batch_bpb:1.0750 running_loss:2.7471 running_bpb:1.0562 doc_len:513-514
ttt_progress: batch 409/782 batch_loss:2.6957 batch_bpb:1.0414 running_loss:2.7468 running_bpb:1.0561 doc_len:503-505
ttt_progress: batch 404/782 batch_loss:2.7716 batch_bpb:1.0635 running_loss:2.7469 running_bpb:1.0562 doc_len:495-497
ttt_progress: batch 398/782 batch_loss:2.8694 batch_bpb:1.0898 running_loss:2.7475 running_bpb:1.0563 doc_len:486-487
ttt_progress: batch 393/782 batch_loss:2.8357 batch_bpb:1.0800 running_loss:2.7479 running_bpb:1.0564 doc_len:478-479
ttt_progress: batch 387/782 batch_loss:2.8189 batch_bpb:1.0671 running_loss:2.7482 running_bpb:1.0565 doc_len:468-470
ttt_progress: batch 382/782 batch_loss:2.8937 batch_bpb:1.1265 running_loss:2.7488 running_bpb:1.0568 doc_len:461-463
ttt_progress: batch 378/782 batch_loss:2.8008 batch_bpb:1.0897 running_loss:2.7490 running_bpb:1.0569 doc_len:456-457
ttt_progress: batch 372/782 batch_loss:2.8241 batch_bpb:1.0647 running_loss:2.7493 running_bpb:1.0569 doc_len:447-449
ttt_progress: batch 367/782 batch_loss:2.8122 batch_bpb:1.0562 running_loss:2.7495 running_bpb:1.0569 doc_len:440-441
ttt_progress: batch 361/782 batch_loss:2.7901 batch_bpb:1.0668 running_loss:2.7497 running_bpb:1.0570 doc_len:432-433
ttt_progress: batch 356/782 batch_loss:2.6782 batch_bpb:1.0406 running_loss:2.7494 running_bpb:1.0569 doc_len:424-426
ttt_progress: batch 350/782 batch_loss:2.7131 batch_bpb:1.0523 running_loss:2.7493 running_bpb:1.0569 doc_len:417-418
ttt_progress: batch 345/782 batch_loss:2.8564 batch_bpb:1.1077 running_loss:2.7496 running_bpb:1.0571 doc_len:410-412
ttt_progress: batch 339/782 batch_loss:2.8045 batch_bpb:1.0649 running_loss:2.7498 running_bpb:1.0571 doc_len:402-403
ttt_progress: batch 334/782 batch_loss:2.8537 batch_bpb:1.0981 running_loss:2.7502 running_bpb:1.0572 doc_len:395-396
ttt_progress: batch 328/782 batch_loss:2.7773 batch_bpb:1.0769 running_loss:2.7503 running_bpb:1.0573 doc_len:388-389
ttt_progress: batch 323/782 batch_loss:2.8039 batch_bpb:1.0429 running_loss:2.7505 running_bpb:1.0572 doc_len:381-382
ttt_progress: batch 317/782 batch_loss:2.8651 batch_bpb:1.1076 running_loss:2.7508 running_bpb:1.0574 doc_len:373-374
ttt_progress: batch 312/782 batch_loss:2.7266 batch_bpb:1.0644 running_loss:2.7507 running_bpb:1.0574 doc_len:367-368
ttt_progress: batch 306/782 batch_loss:2.8664 batch_bpb:1.1340 running_loss:2.7511 running_bpb:1.0577 doc_len:359-361
ttt_progress: batch 301/782 batch_loss:2.7725 batch_bpb:1.0781 running_loss:2.7512 running_bpb:1.0577 doc_len:353-354
ttt_progress: batch 295/782 batch_loss:2.8264 batch_bpb:1.1144 running_loss:2.7514 running_bpb:1.0579 doc_len:345-347
ttt_progress: batch 290/782 batch_loss:2.8533 batch_bpb:1.0810 running_loss:2.7517 running_bpb:1.0579 doc_len:340-341
ttt_progress: batch 284/782 batch_loss:2.8742 batch_bpb:1.0835 running_loss:2.7520 running_bpb:1.0580 doc_len:333-334
ttt_progress: batch 280/782 batch_loss:2.8127 batch_bpb:1.0916 running_loss:2.7522 running_bpb:1.0581 doc_len:329-329
ttt_progress: batch 273/782 batch_loss:2.7489 batch_bpb:1.0529 running_loss:2.7522 running_bpb:1.0581 doc_len:321-322
ttt_progress: batch 267/782 batch_loss:2.8457 batch_bpb:1.0912 running_loss:2.7524 running_bpb:1.0582 doc_len:314-315
ttt_progress: batch 262/782 batch_loss:2.8442 batch_bpb:1.1106 running_loss:2.7527 running_bpb:1.0583 doc_len:309-310
ttt_phase_sgd[phase=2]:docs=33296 windows/rank=13173 lr=0.0005 epochs=1 bsz=8 seq_len=1024 opt=sgd
ttt_phase_sgd[phase=2]:epoch 1/1 loss=2.8138 steps=1647 t=163.6s
ttt_progress: batch 261/782 batch_loss:2.8514 batch_bpb:1.1153 running_loss:2.7529 running_bpb:1.0585 doc_len:308-309
ttt_progress: batch 254/782 batch_loss:2.8818 batch_bpb:1.1351 running_loss:2.7532 running_bpb:1.0586 doc_len:299-300
ttt_progress: batch 249/782 batch_loss:2.8755 batch_bpb:1.1453 running_loss:2.7535 running_bpb:1.0588 doc_len:294-295
ttt_progress: batch 243/782 batch_loss:2.8051 batch_bpb:1.0940 running_loss:2.7537 running_bpb:1.0589 doc_len:288-289
ttt_progress: batch 237/782 batch_loss:2.8955 batch_bpb:1.1384 running_loss:2.7540 running_bpb:1.0591 doc_len:282-283
ttt_progress: batch 232/782 batch_loss:2.9078 batch_bpb:1.1247 running_loss:2.7543 running_bpb:1.0593 doc_len:277-278
ttt_progress: batch 226/782 batch_loss:2.9228 batch_bpb:1.1370 running_loss:2.7547 running_bpb:1.0594 doc_len:271-272
ttt_progress: batch 221/782 batch_loss:2.8151 batch_bpb:1.1298 running_loss:2.7548 running_bpb:1.0596 doc_len:266-267
ttt_progress: batch 215/782 batch_loss:2.8336 batch_bpb:1.1370 running_loss:2.7550 running_bpb:1.0597 doc_len:260-261
ttt_progress: batch 210/782 batch_loss:2.8348 batch_bpb:1.1156 running_loss:2.7552 running_bpb:1.0598 doc_len:255-256
ttt_progress: batch 206/782 batch_loss:2.8719 batch_bpb:1.1116 running_loss:2.7554 running_bpb:1.0600 doc_len:252-253
ttt_progress: batch 200/782 batch_loss:2.8393 batch_bpb:1.0913 running_loss:2.7556 running_bpb:1.0600 doc_len:247-247
ttt_progress: batch 194/782 batch_loss:2.8844 batch_bpb:1.0947 running_loss:2.7558 running_bpb:1.0601 doc_len:241-242
ttt_progress: batch 189/782 batch_loss:2.9561 batch_bpb:1.1998 running_loss:2.7562 running_bpb:1.0603 doc_len:237-237
ttt_progress: batch 180/782 batch_loss:2.8813 batch_bpb:1.1236 running_loss:2.7564 running_bpb:1.0605 doc_len:229-230
ttt_progress: batch 177/782 batch_loss:2.9017 batch_bpb:1.1386 running_loss:2.7567 running_bpb:1.0606 doc_len:226-227
ttt_progress: batch 170/782 batch_loss:2.9815 batch_bpb:1.1659 running_loss:2.7571 running_bpb:1.0608 doc_len:220-221
ttt_progress: batch 167/782 batch_loss:2.9433 batch_bpb:1.1765 running_loss:2.7574 running_bpb:1.0610 doc_len:218-218
ttt_progress: batch 160/782 batch_loss:2.8512 batch_bpb:1.1206 running_loss:2.7576 running_bpb:1.0611 doc_len:212-212
ttt_progress: batch 155/782 batch_loss:2.8583 batch_bpb:1.1234 running_loss:2.7578 running_bpb:1.0612 doc_len:207-208
ttt_progress: batch 148/782 batch_loss:2.9599 batch_bpb:1.1504 running_loss:2.7581 running_bpb:1.0613 doc_len:202-203
ttt_progress: batch 143/782 batch_loss:3.0069 batch_bpb:1.1910 running_loss:2.7585 running_bpb:1.0615 doc_len:198-199
ttt_progress: batch 137/782 batch_loss:2.9336 batch_bpb:1.1822 running_loss:2.7587 running_bpb:1.0617 doc_len:193-194
ttt_progress: batch 130/782 batch_loss:3.1156 batch_bpb:1.2247 running_loss:2.7593 running_bpb:1.0619 doc_len:187-188
ttt_progress: batch 126/782 batch_loss:2.9082 batch_bpb:1.1816 running_loss:2.7595 running_bpb:1.0621 doc_len:185-185
ttt_progress: batch 119/782 batch_loss:2.7887 batch_bpb:1.0799 running_loss:2.7595 running_bpb:1.0621 doc_len:179-180
ttt_progress: batch 113/782 batch_loss:3.0151 batch_bpb:1.1855 running_loss:2.7599 running_bpb:1.0623 doc_len:175-176
ttt_progress: batch 106/782 batch_loss:2.9268 batch_bpb:1.1822 running_loss:2.7601 running_bpb:1.0624 doc_len:170-171
ttt_progress: batch 102/782 batch_loss:2.7778 batch_bpb:1.1186 running_loss:2.7601 running_bpb:1.0625 doc_len:167-168
ttt_progress: batch 96/782 batch_loss:2.9203 batch_bpb:1.1414 running_loss:2.7603 running_bpb:1.0626 doc_len:162-163
ttt_progress: batch 91/782 batch_loss:3.0087 batch_bpb:1.2042 running_loss:2.7606 running_bpb:1.0628 doc_len:158-159
ttt_progress: batch 84/782 batch_loss:3.0082 batch_bpb:1.2120 running_loss:2.7609 running_bpb:1.0629 doc_len:153-154
ttt_progress: batch 81/782 batch_loss:2.9142 batch_bpb:1.1590 running_loss:2.7611 running_bpb:1.0631 doc_len:151-151
ttt_progress: batch 74/782 batch_loss:3.1030 batch_bpb:1.2683 running_loss:2.7615 running_bpb:1.0633 doc_len:145-146
ttt_progress: batch 68/782 batch_loss:3.0784 batch_bpb:1.1959 running_loss:2.7619 running_bpb:1.0634 doc_len:141-142
ttt_progress: batch 63/782 batch_loss:2.9986 batch_bpb:1.2094 running_loss:2.7621 running_bpb:1.0636 doc_len:137-138
ttt_progress: batch 59/782 batch_loss:3.0356 batch_bpb:1.1857 running_loss:2.7624 running_bpb:1.0637 doc_len:134-134
ttt_progress: batch 52/782 batch_loss:3.0511 batch_bpb:1.1938 running_loss:2.7627 running_bpb:1.0638 doc_len:128-129
ttt_progress: batch 49/782 batch_loss:2.9595 batch_bpb:1.1676 running_loss:2.7629 running_bpb:1.0639 doc_len:126-126
ttt_progress: batch 44/782 batch_loss:3.1277 batch_bpb:1.2188 running_loss:2.7632 running_bpb:1.0641 doc_len:122-122
ttt_progress: batch 38/782 batch_loss:3.0289 batch_bpb:1.2089 running_loss:2.7635 running_bpb:1.0642 doc_len:117-118
ttt_progress: batch 33/782 batch_loss:3.0736 batch_bpb:1.2032 running_loss:2.7637 running_bpb:1.0643 doc_len:113-114
ttt_progress: batch 29/782 batch_loss:3.0334 batch_bpb:1.2363 running_loss:2.7640 running_bpb:1.0644 doc_len:109-110
ttt_progress: batch 24/782 batch_loss:3.0525 batch_bpb:1.2077 running_loss:2.7642 running_bpb:1.0646 doc_len:105-106
ttt_progress: batch 18/782 batch_loss:3.1206 batch_bpb:1.2641 running_loss:2.7645 running_bpb:1.0647 doc_len:99-100
ttt_progress: batch 14/782 batch_loss:3.1122 batch_bpb:1.2240 running_loss:2.7647 running_bpb:1.0648 doc_len:94-95
ttt_progress: batch 10/782 batch_loss:3.1110 batch_bpb:1.2293 running_loss:2.7649 running_bpb:1.0649 doc_len:89-90
ttt_progress: batch 3/782 batch_loss:3.3106 batch_bpb:1.2556 running_loss:2.7653 running_bpb:1.0650 doc_len:75-78
quantized_ttt_lora val_loss:2.76182924 val_bpb:1.06919016 eval_time:1250589ms
