W0422 20:15:07.003000 194647 torch/distributed/run.py:851] 
W0422 20:15:07.003000 194647 torch/distributed/run.py:851] *****************************************
W0422 20:15:07.003000 194647 torch/distributed/run.py:851] Setting OMP_NUM_THREADS environment variable for each process to be 1 in default, to avoid your system being overloaded, please further tune the variable for optimal performance in your application as needed. 
W0422 20:15:07.003000 194647 torch/distributed/run.py:851] *****************************************
Hyperparameters:
  adam_eps: 1e-08
  adam_wd: 0.02
  beta1: 0.9
  beta2: 0.95
  clip_mult_early: 1.0
  clip_mult_late: 1.0
  clip_mult_loop: 1.0
  clip_mult_mid: 1.25
  compress_ans: True
  compress_brotli: False
  compress_lzma: False
  data_dir: ./data/
  datasets_dir: ./data/datasets/fineweb10B_sp8192
  distributed: True
  effective_train_seq_len: <property object at 0x14d7630d4ef0>
  ema_decay: 0.9965
  embed_bits: 8
  embed_clip_sigmas: 20.0
  embed_lr: 0.6
  embed_wd: 0.085
  embedding_dim: 512
  enable_looping_at: 0.5
  eval_seq_len: 2048
  eval_stride: 64
  force_dense_eval: False
  fused_mlp: True
  fused_rope: True
  gated_attention: True
  gptq_calibration_batches: 128
  gptq_reserve_seconds: 12.0
  grad_accum_steps: 2
  grad_clip_norm: 0.3
  head_lr: 0.008
  hessian_clip_lambda: 0.3
  is_main_process: True
  iterations: 20000
  ln_scale: True
  local_rank: 0
  logfile: logs/pgm_clipmid125.txt
  logit_softcap: 20.0
  loop_embeddings: True
  loop_end: 5
  loop_layer_bits: 0
  loop_layer_clip_sigmas: 0.0
  loop_start: 3
  matrix_bits: 6
  matrix_clip_sigmas: 14.0
  matrix_lr: 0.022
  max_wallclock_seconds: 3600.0
  min_lr: 0.0
  mixed_seq_gpu_frac: 0.375
  mixed_seq_len: 0
  mlp_mult: 4.35
  model_dim: 512
  model_path: final_model.pt
  moe_enabled: False
  moe_layers: 3,5,7,9
  moe_num_experts: 3
  moe_top_k: 2
  muon_backend_steps: 5
  muon_beta2: 0.95
  muon_momentum: 0.97
  muon_momentum_warmup_start: 0.92
  muon_momentum_warmup_steps: 1500
  muon_row_normalize: True
  muon_wd: 0.095
  num_heads: 8
  num_kv_heads: 4
  num_layers: 11
  num_loops: 2
  parallel_residual_start: 7
  qk_gain_init: 5.25
  quantized_model_path: final_model.int6.ptz
  rank: 0
  rope_base: 10000.0
  rope_dims: 32
  rope_force_base_seqlen: 0
  rope_train_seq_len: 2048
  run_id: pgm_clipmid125
  scalar_lr: 0.022
  seed: 1337
  skip_gates_enabled: True
  skip_training: False
  sliding_window_enabled: True
  slot_enabled: False
  slot_in_ttt: False
  slot_in_ttt_lr: 0.01
  slot_in_ttt_steps: 4
  slot_in_ttt_wd: 0.001
  slot_lr: 0.01
  slot_max_windows: 0
  slot_steps: 4
  slot_train_mode: context
  slot_wd: 0.01
  tie_embeddings: True
  tied_embed_init_std: 0.005
  tied_embed_lr: 0.03
  tokenizer_path: ./data/tokenizers/fineweb_8192_bpe.model
  train_batch_tokens: 786432
  train_files: ./data/datasets/fineweb10B_sp8192/fineweb_train_*.bin
  train_log_every: 500
  train_seq_len: 2048
  ttt_adapt_ema: 0.95
  ttt_adapt_max_scale: 2.0
  ttt_adapt_min_scale: 0.5
  ttt_adapt_power: 1.0
  ttt_adaptive_lr: False
  ttt_batch_size: 64
  ttt_beta1: 0.9
  ttt_beta2: 0.99
  ttt_chunk_size: 64
  ttt_enabled: True
  ttt_eval_seq_len: 2048
  ttt_fp_chunk_tokens: 32768
  ttt_fp_epochs: 3
  ttt_fp_lr: 0.001
  ttt_grad_clip: 1.0
  ttt_grad_steps: 1
  ttt_k_lora: True
  ttt_lora_lr: 0.0001
  ttt_lora_rank: 48
  ttt_max_docs: 0
  ttt_min_doc_len: 0
  ttt_mlp_lora: True
  ttt_nan_guard: True
  ttt_o_lora: True
  ttt_phase_sgd_batch: 8
  ttt_phase_sgd_epochs: 1
  ttt_phase_sgd_lr: 0.0005
  ttt_phase_sgd_momentum: 0.9
  ttt_phase_sgd_optimizer: sgd
  ttt_phase_sgd_seq_len: 1024
  ttt_phase_sgd_wd: 0.0
  ttt_phases: 3
  ttt_rope_base_seqlen: 0
  ttt_weight_decay: 0.2
  val_batch_tokens: 524288
  val_files: ./data/datasets/fineweb10B_sp8192/fineweb_val_*.bin
  val_loss_every: 4000
  varlen_attention: True
  vocab_size: 8192
  warmdown_frac: 0.85
  warmdown_wd_mult: 1.0
  warmup_steps: 20
  window_attn_layers: 
  window_attn_size: 0
  world_size: 4
  xsa_last_n: 9
train_shards: 80
val_tokens: 40540160
model_params:38153904
gptq:reserving 12s, effective=3588000ms
warmup_step: 1/20
warmup_step: 2/20
warmup_step: 3/20
warmup_step: 4/20
warmup_step: 5/20
warmup_step: 6/20
warmup_step: 10/20
warmup_step: 20/20
loop_warmup:enabled encoder:[0, 1, 2, 3, 4, 5, 3, 4] decoder:[5, 3, 4, 5, 6, 7, 8, 9, 10]
loop_warmup_step: 1/20
loop_warmup_step: 2/20
loop_warmup_step: 3/20
loop_warmup_step: 4/20
loop_warmup_step: 5/20
loop_warmup_step: 6/20
loop_warmup_step: 10/20
loop_warmup_step: 20/20
0/20000 val_loss: 9.0079 val_bpb: 3.4871
1/20000 train_loss: 9.0071 train_time: 0.0m tok/s: 1696150
2/20000 train_loss: 11.3340 train_time: 0.0m tok/s: 1684428
3/20000 train_loss: 9.9837 train_time: 0.0m tok/s: 1662387
4/20000 train_loss: 8.5436 train_time: 0.0m tok/s: 1656637
5/20000 train_loss: 7.4973 train_time: 0.0m tok/s: 1653655
500/20000 train_loss: 3.2977 train_time: 5.5m tok/s: 1196210
1000/20000 train_loss: 3.1481 train_time: 9.6m tok/s: 1369000
1500/20000 train_loss: 3.0084 train_time: 13.7m tok/s: 1440029
2000/20000 train_loss: 2.9888 train_time: 17.7m tok/s: 1478672
2500/20000 train_loss: 2.3702 train_time: 21.8m tok/s: 1502361
3000/20000 train_loss: 2.9482 train_time: 25.9m tok/s: 1518647
layer_loop:enabled step:3492 frac:0.500 encoder:[0, 1, 2, 3, 4, 5, 3, 4] decoder:[5, 3, 4, 5, 6, 7, 8, 9, 10]
3500/20000 train_loss: 3.1249 train_time: 30.0m tok/s: 1528935
4000/20000 train_loss: 2.9412 train_time: 38.0m tok/s: 1381275
4000/20000 val_loss: 2.9221 val_bpb: 1.1312
4500/20000 train_loss: 2.8717 train_time: 44.7m tok/s: 1320245
5000/20000 train_loss: 3.1766 train_time: 50.9m tok/s: 1286441
5500/20000 train_loss: 2.7094 train_time: 57.2m tok/s: 1260209
5707/20000 val_loss: 2.7571 val_bpb: 1.0673
stopping_early: wallclock_cap train_time: 3588653ms step: 5707/20000
peak memory allocated: 39349 MiB reserved: 39458 MiB
ema:applying EMA weights
pre-quantization post-ema val_loss:2.75560075 val_bpb:1.06672329 eval_time:19293ms
Serialized model: 144276071 bytes
Code size: 169321 bytes
GPTQ:collecting Hessians from calibration data...
GPTQ:collected 67 Hessians in 51.0s
Quantized weights:
  gptq (int6): blocks.attn.c_k.weight, blocks.attn.c_q.weight, blocks.attn.c_v.weight, blocks.attn.proj.weight, blocks.mlp.fc.weight, blocks.mlp.proj.weight
  gptq (int8): tok_emb.weight
  passthrough (float16): blocks.attn.gate_proj.bias, blocks.attn.gate_proj.weight, blocks.attn.q_gain, blocks.attn_scale, blocks.mlp_scale, blocks.resid_mix, loop_embs, skip_gates, skip_weights
compress:ans 16110342 bytes (14.6s)
  ans: model=16110342 total=16279663
compress:using ans (16110342 bytes)
Serialized model quantized+ans: 16110342 bytes
Total submission size quantized+ans: 16279663 bytes
sliding_perdoc: RoPE NTK seqlen override = 98304
sliding_perdoc: bin 1/1010 segs:32 tokens:0 running_loss:0.0000 running_bpb:0.0000 elapsed:0.0s
sliding_perdoc: bin 102/1010 segs:32 tokens:359616 running_loss:2.6094 running_bpb:1.0588 elapsed:12.8s
sliding_perdoc: bin 203/1010 segs:32 tokens:754944 running_loss:2.6632 running_bpb:1.0715 elapsed:25.8s
sliding_perdoc: bin 304/1010 segs:32 tokens:1148288 running_loss:2.6956 running_bpb:1.0754 elapsed:38.8s
sliding_perdoc: bin 405/1010 segs:32 tokens:1539648 running_loss:2.7048 running_bpb:1.0759 elapsed:51.9s
sliding_perdoc: bin 506/1010 segs:32 tokens:1913152 running_loss:2.7036 running_bpb:1.0774 elapsed:65.0s
sliding_perdoc: bin 607/1010 segs:32 tokens:2318400 running_loss:2.7140 running_bpb:1.0764 elapsed:78.1s
sliding_perdoc: bin 708/1010 segs:32 tokens:2699840 running_loss:2.7166 running_bpb:1.0771 elapsed:91.2s
sliding_perdoc: bin 809/1010 segs:32 tokens:3059456 running_loss:2.7195 running_bpb:1.0780 elapsed:104.3s
sliding_perdoc: bin 910/1010 segs:33 tokens:3484538 running_loss:2.7203 running_bpb:1.0753 elapsed:117.4s
sliding_perdoc: bin 1010/1010 segs:472 tokens:9990290 running_loss:2.7731 running_bpb:1.0729 elapsed:130.6s
quantized_sliding_window val_loss:2.77155875 val_bpb:1.07295676 eval_time:134383ms
ttt_lora:rope_base inherited ROPE_FORCE_BASE_SEQLEN=98304
ttt_lora:warming up compile
ttt_lora:compile warmup done (79.6s)
ttt_lora:docs:50000 rank:48 lr:0.0001 chunk:64
ttt_lora:phased_sgd enabled phases=3 boundaries=[0, 261, 521, 782] sgd_lr=0.0005 sgd_epochs=1 sgd_opt=sgd
[rank0]:W0422 21:26:56.425000 194721 .venv/lib/python3.12/site-packages/torch/_dynamo/convert_frame.py:1743] [0/8] torch._dynamo hit config.recompile_limit (8)
[rank0]:W0422 21:26:56.425000 194721 .venv/lib/python3.12/site-packages/torch/_dynamo/convert_frame.py:1743] [0/8]    function: '_fwd_ttt_inner' (/root/parameter-golf/train_gpt_improved_04_16.py:3323)
[rank0]:W0422 21:26:56.425000 194721 .venv/lib/python3.12/site-packages/torch/_dynamo/convert_frame.py:1743] [0/8]    last reason: 0/7: tensor 'input_ids' size mismatch at index 1. expected 384, actual 448
[rank0]:W0422 21:26:56.425000 194721 .venv/lib/python3.12/site-packages/torch/_dynamo/convert_frame.py:1743] [0/8] To log all recompilation reasons, use TORCH_LOGS="recompiles".
[rank0]:W0422 21:26:56.425000 194721 .venv/lib/python3.12/site-packages/torch/_dynamo/convert_frame.py:1743] [0/8] To diagnose recompilation issues, see https://docs.pytorch.org/docs/main/user_guide/torch_compiler/compile/programming_model.recompilation.html
[rank2]:W0422 21:26:56.765000 194723 .venv/lib/python3.12/site-packages/torch/_dynamo/convert_frame.py:1743] [0/8] torch._dynamo hit config.recompile_limit (8)
[rank2]:W0422 21:26:56.765000 194723 .venv/lib/python3.12/site-packages/torch/_dynamo/convert_frame.py:1743] [0/8]    function: '_fwd_ttt_inner' (/root/parameter-golf/train_gpt_improved_04_16.py:3323)
[rank2]:W0422 21:26:56.765000 194723 .venv/lib/python3.12/site-packages/torch/_dynamo/convert_frame.py:1743] [0/8]    last reason: 0/7: tensor 'input_ids' size mismatch at index 1. expected 448, actual 512
[rank2]:W0422 21:26:56.765000 194723 .venv/lib/python3.12/site-packages/torch/_dynamo/convert_frame.py:1743] [0/8] To log all recompilation reasons, use TORCH_LOGS="recompiles".
[rank2]:W0422 21:26:56.765000 194723 .venv/lib/python3.12/site-packages/torch/_dynamo/convert_frame.py:1743] [0/8] To diagnose recompilation issues, see https://docs.pytorch.org/docs/main/user_guide/torch_compiler/compile/programming_model.recompilation.html
[rank1]:W0422 21:27:01.135000 194722 .venv/lib/python3.12/site-packages/torch/_dynamo/convert_frame.py:1743] [0/8] torch._dynamo hit config.recompile_limit (8)
[rank1]:W0422 21:27:01.135000 194722 .venv/lib/python3.12/site-packages/torch/_dynamo/convert_frame.py:1743] [0/8]    function: '_fwd_ttt_inner' (/root/parameter-golf/train_gpt_improved_04_16.py:3323)
[rank1]:W0422 21:27:01.135000 194722 .venv/lib/python3.12/site-packages/torch/_dynamo/convert_frame.py:1743] [0/8]    last reason: 0/7: tensor 'input_ids' size mismatch at index 1. expected 448, actual 512
[rank1]:W0422 21:27:01.135000 194722 .venv/lib/python3.12/site-packages/torch/_dynamo/convert_frame.py:1743] [0/8] To log all recompilation reasons, use TORCH_LOGS="recompiles".
[rank1]:W0422 21:27:01.135000 194722 .venv/lib/python3.12/site-packages/torch/_dynamo/convert_frame.py:1743] [0/8] To diagnose recompilation issues, see https://docs.pytorch.org/docs/main/user_guide/torch_compiler/compile/programming_model.recompilation.html
[rank3]:W0422 21:27:01.536000 194724 .venv/lib/python3.12/site-packages/torch/_dynamo/convert_frame.py:1743] [0/8] torch._dynamo hit config.recompile_limit (8)
[rank3]:W0422 21:27:01.536000 194724 .venv/lib/python3.12/site-packages/torch/_dynamo/convert_frame.py:1743] [0/8]    function: '_fwd_ttt_inner' (/root/parameter-golf/train_gpt_improved_04_16.py:3323)
[rank3]:W0422 21:27:01.536000 194724 .venv/lib/python3.12/site-packages/torch/_dynamo/convert_frame.py:1743] [0/8]    last reason: 0/7: tensor 'input_ids' size mismatch at index 1. expected 448, actual 512
[rank3]:W0422 21:27:01.536000 194724 .venv/lib/python3.12/site-packages/torch/_dynamo/convert_frame.py:1743] [0/8] To log all recompilation reasons, use TORCH_LOGS="recompiles".
[rank3]:W0422 21:27:01.536000 194724 .venv/lib/python3.12/site-packages/torch/_dynamo/convert_frame.py:1743] [0/8] To diagnose recompilation issues, see https://docs.pytorch.org/docs/main/user_guide/torch_compiler/compile/programming_model.recompilation.html
ttt_progress: batch 782/782 batch_loss:2.5718 batch_bpb:1.0383 running_loss:2.5718 running_bpb:1.0383 doc_len:26524-79464
ttt_progress: batch 768/782 batch_loss:2.7023 batch_bpb:1.0845 running_loss:2.6088 running_bpb:1.0515 doc_len:4128-4306
ttt_progress: batch 764/782 batch_loss:2.7640 batch_bpb:1.0982 running_loss:2.6398 running_bpb:1.0609 doc_len:3639-3742
ttt_progress: batch 760/782 batch_loss:2.8389 batch_bpb:1.1149 running_loss:2.6698 running_bpb:1.0692 doc_len:3255-3334
ttt_progress: batch 756/782 batch_loss:2.7798 batch_bpb:1.0774 running_loss:2.6832 running_bpb:1.0702 doc_len:2973-3032
ttt_progress: batch 752/782 batch_loss:2.7619 batch_bpb:1.0597 running_loss:2.6911 running_bpb:1.0691 doc_len:2740-2793
ttt_progress: batch 748/782 batch_loss:2.7970 batch_bpb:1.0710 running_loss:2.7001 running_bpb:1.0693 doc_len:2539-2578
ttt_progress: batch 744/782 batch_loss:2.6510 batch_bpb:1.0561 running_loss:2.6964 running_bpb:1.0683 doc_len:2388-2419
ttt_progress: batch 740/782 batch_loss:2.7334 batch_bpb:1.0319 running_loss:2.6989 running_bpb:1.0659 doc_len:2254-2285
ttt_progress: batch 736/782 batch_loss:2.6677 batch_bpb:1.0398 running_loss:2.6970 running_bpb:1.0643 doc_len:2140-2165
ttt_progress: batch 732/782 batch_loss:2.8131 batch_bpb:1.0948 running_loss:2.7031 running_bpb:1.0659 doc_len:2041-2062
ttt_progress: batch 728/782 batch_loss:2.7566 batch_bpb:1.0676 running_loss:2.7057 running_bpb:1.0660 doc_len:1960-1977
ttt_progress: batch 724/782 batch_loss:2.7454 batch_bpb:1.0495 running_loss:2.7075 running_bpb:1.0653 doc_len:1885-1900
ttt_progress: batch 720/782 batch_loss:2.8186 batch_bpb:1.0766 running_loss:2.7120 running_bpb:1.0658 doc_len:1816-1832
ttt_progress: batch 716/782 batch_loss:2.8082 batch_bpb:1.0363 running_loss:2.7156 running_bpb:1.0646 doc_len:1739-1754
ttt_progress: batch 712/782 batch_loss:2.8260 batch_bpb:1.0759 running_loss:2.7195 running_bpb:1.0650 doc_len:1684-1697
ttt_progress: batch 707/782 batch_loss:2.7640 batch_bpb:1.0805 running_loss:2.7209 running_bpb:1.0655 doc_len:1627-1638
ttt_progress: batch 702/782 batch_loss:2.7945 batch_bpb:1.0630 running_loss:2.7232 running_bpb:1.0654 doc_len:1572-1581
ttt_progress: batch 697/782 batch_loss:2.7543 batch_bpb:1.0377 running_loss:2.7241 running_bpb:1.0646 doc_len:1522-1534
ttt_progress: batch 695/782 batch_loss:2.7772 batch_bpb:1.0767 running_loss:2.7256 running_bpb:1.0649 doc_len:1504-1513
ttt_progress: batch 690/782 batch_loss:2.8294 batch_bpb:1.0602 running_loss:2.7283 running_bpb:1.0648 doc_len:1458-1467
ttt_progress: batch 686/782 batch_loss:2.7991 batch_bpb:1.0517 running_loss:2.7301 running_bpb:1.0645 doc_len:1422-1432
ttt_progress: batch 681/782 batch_loss:2.8115 batch_bpb:1.0674 running_loss:2.7320 running_bpb:1.0645 doc_len:1383-1393
ttt_progress: batch 677/782 batch_loss:2.8553 batch_bpb:1.1068 running_loss:2.7348 running_bpb:1.0655 doc_len:1353-1360
ttt_progress: batch 673/782 batch_loss:2.8068 batch_bpb:1.0540 running_loss:2.7363 running_bpb:1.0652 doc_len:1327-1334
ttt_progress: batch 669/782 batch_loss:2.7800 batch_bpb:1.0542 running_loss:2.7372 running_bpb:1.0650 doc_len:1301-1308
ttt_progress: batch 665/782 batch_loss:2.7320 batch_bpb:1.0296 running_loss:2.7371 running_bpb:1.0643 doc_len:1275-1282
ttt_progress: batch 661/782 batch_loss:2.7147 batch_bpb:1.0178 running_loss:2.7367 running_bpb:1.0633 doc_len:1251-1258
ttt_progress: batch 657/782 batch_loss:2.7773 batch_bpb:1.0430 running_loss:2.7375 running_bpb:1.0629 doc_len:1227-1234
ttt_progress: batch 653/782 batch_loss:2.7505 batch_bpb:1.0319 running_loss:2.7377 running_bpb:1.0624 doc_len:1203-1209
ttt_progress: batch 649/782 batch_loss:2.7985 batch_bpb:1.0555 running_loss:2.7387 running_bpb:1.0623 doc_len:1183-1188
ttt_progress: batch 645/782 batch_loss:2.7913 batch_bpb:1.0921 running_loss:2.7396 running_bpb:1.0627 doc_len:1160-1166
ttt_progress: batch 641/782 batch_loss:2.7596 batch_bpb:1.0390 running_loss:2.7399 running_bpb:1.0624 doc_len:1140-1144
ttt_progress: batch 637/782 batch_loss:2.7940 batch_bpb:1.0765 running_loss:2.7408 running_bpb:1.0626 doc_len:1120-1123
ttt_progress: batch 633/782 batch_loss:2.8140 batch_bpb:1.0980 running_loss:2.7419 running_bpb:1.0631 doc_len:1101-1105
ttt_progress: batch 629/782 batch_loss:2.7172 batch_bpb:1.0410 running_loss:2.7415 running_bpb:1.0628 doc_len:1082-1086
ttt_progress: batch 625/782 batch_loss:2.6646 batch_bpb:1.0011 running_loss:2.7404 running_bpb:1.0619 doc_len:1064-1068
ttt_progress: batch 621/782 batch_loss:2.8330 batch_bpb:1.0850 running_loss:2.7417 running_bpb:1.0622 doc_len:1046-1050
ttt_progress: batch 617/782 batch_loss:2.7378 batch_bpb:1.0362 running_loss:2.7416 running_bpb:1.0618 doc_len:1027-1031
ttt_progress: batch 611/782 batch_loss:2.7516 batch_bpb:1.0652 running_loss:2.7418 running_bpb:1.0619 doc_len:1004-1007
ttt_progress: batch 606/782 batch_loss:2.8144 batch_bpb:1.0829 running_loss:2.7427 running_bpb:1.0621 doc_len:982-986
ttt_progress: batch 602/782 batch_loss:2.7691 batch_bpb:1.0358 running_loss:2.7430 running_bpb:1.0618 doc_len:966-971
ttt_progress: batch 598/782 batch_loss:2.7970 batch_bpb:1.0654 running_loss:2.7436 running_bpb:1.0619 doc_len:950-954
ttt_progress: batch 594/782 batch_loss:2.8902 batch_bpb:1.0977 running_loss:2.7453 running_bpb:1.0623 doc_len:937-940
ttt_progress: batch 590/782 batch_loss:2.7261 batch_bpb:1.0260 running_loss:2.7451 running_bpb:1.0619 doc_len:924-927
ttt_progress: batch 586/782 batch_loss:2.7184 batch_bpb:1.0115 running_loss:2.7448 running_bpb:1.0613 doc_len:911-914
ttt_progress: batch 582/782 batch_loss:2.8544 batch_bpb:1.0888 running_loss:2.7459 running_bpb:1.0616 doc_len:897-901
ttt_progress: batch 578/782 batch_loss:2.7960 batch_bpb:1.0653 running_loss:2.7465 running_bpb:1.0616 doc_len:884-887
ttt_progress: batch 573/782 batch_loss:2.9215 batch_bpb:1.0693 running_loss:2.7482 running_bpb:1.0617 doc_len:868-871
ttt_progress: batch 567/782 batch_loss:2.6767 batch_bpb:1.0310 running_loss:2.7475 running_bpb:1.0614 doc_len:849-852
ttt_progress: batch 563/782 batch_loss:2.7928 batch_bpb:1.0594 running_loss:2.7479 running_bpb:1.0614 doc_len:837-840
ttt_progress: batch 559/782 batch_loss:2.7486 batch_bpb:1.0446 running_loss:2.7480 running_bpb:1.0612 doc_len:824-827
ttt_progress: batch 555/782 batch_loss:2.7536 batch_bpb:1.0509 running_loss:2.7480 running_bpb:1.0611 doc_len:812-815
ttt_progress: batch 551/782 batch_loss:2.8227 batch_bpb:1.0639 running_loss:2.7487 running_bpb:1.0612 doc_len:801-804
ttt_progress: batch 547/782 batch_loss:2.7207 batch_bpb:1.0275 running_loss:2.7484 running_bpb:1.0609 doc_len:790-793
ttt_progress: batch 543/782 batch_loss:2.7675 batch_bpb:1.0389 running_loss:2.7486 running_bpb:1.0607 doc_len:779-782
ttt_progress: batch 538/782 batch_loss:2.6820 batch_bpb:1.0373 running_loss:2.7480 running_bpb:1.0605 doc_len:767-769
ttt_progress: batch 532/782 batch_loss:2.8024 batch_bpb:1.0523 running_loss:2.7485 running_bpb:1.0604 doc_len:752-754
ttt_progress: batch 528/782 batch_loss:2.7426 batch_bpb:1.0274 running_loss:2.7484 running_bpb:1.0602 doc_len:742-745
ttt_progress: batch 524/782 batch_loss:2.8029 batch_bpb:1.0475 running_loss:2.7488 running_bpb:1.0601 doc_len:732-735
ttt_phase_sgd[phase=1]:docs=16656 windows/rank=9013 lr=0.0005 epochs=1 bsz=8 seq_len=1024 opt=sgd
ttt_phase_sgd[phase=1]:epoch 1/1 loss=2.8150 steps=1127 t=111.0s
ttt_progress: batch 521/782 batch_loss:2.7593 batch_bpb:1.0470 running_loss:2.7489 running_bpb:1.0600 doc_len:725-727
ttt_progress: batch 514/782 batch_loss:2.8971 batch_bpb:1.0927 running_loss:2.7500 running_bpb:1.0602 doc_len:707-710
ttt_progress: batch 510/782 batch_loss:2.7436 batch_bpb:1.0147 running_loss:2.7500 running_bpb:1.0599 doc_len:698-700
ttt_progress: batch 506/782 batch_loss:2.7985 batch_bpb:1.0720 running_loss:2.7503 running_bpb:1.0599 doc_len:688-690
ttt_progress: batch 502/782 batch_loss:2.8237 batch_bpb:1.0603 running_loss:2.7508 running_bpb:1.0599 doc_len:680-682
ttt_progress: batch 497/782 batch_loss:2.8250 batch_bpb:1.0771 running_loss:2.7513 running_bpb:1.0601 doc_len:668-671
ttt_progress: batch 491/782 batch_loss:2.7190 batch_bpb:1.0245 running_loss:2.7511 running_bpb:1.0598 doc_len:655-657
ttt_progress: batch 487/782 batch_loss:2.8000 batch_bpb:1.0697 running_loss:2.7514 running_bpb:1.0599 doc_len:647-649
ttt_progress: batch 483/782 batch_loss:2.7339 batch_bpb:1.0455 running_loss:2.7513 running_bpb:1.0598 doc_len:639-641
ttt_progress: batch 479/782 batch_loss:2.7003 batch_bpb:1.0306 running_loss:2.7510 running_bpb:1.0596 doc_len:630-632
ttt_progress: batch 474/782 batch_loss:2.7577 batch_bpb:1.0515 running_loss:2.7510 running_bpb:1.0596 doc_len:620-622
ttt_progress: batch 468/782 batch_loss:2.7795 batch_bpb:1.0551 running_loss:2.7512 running_bpb:1.0595 doc_len:608-610
ttt_progress: batch 464/782 batch_loss:2.7040 batch_bpb:1.0716 running_loss:2.7509 running_bpb:1.0596 doc_len:600-602
ttt_progress: batch 460/782 batch_loss:2.7858 batch_bpb:1.0566 running_loss:2.7511 running_bpb:1.0596 doc_len:593-595
ttt_progress: batch 455/782 batch_loss:2.7856 batch_bpb:1.0682 running_loss:2.7513 running_bpb:1.0596 doc_len:584-586
ttt_progress: batch 449/782 batch_loss:2.7920 batch_bpb:1.0509 running_loss:2.7515 running_bpb:1.0596 doc_len:573-575
ttt_progress: batch 445/782 batch_loss:2.7593 batch_bpb:1.0609 running_loss:2.7516 running_bpb:1.0596 doc_len:566-568
ttt_progress: batch 441/782 batch_loss:2.7023 batch_bpb:1.0402 running_loss:2.7513 running_bpb:1.0595 doc_len:559-560
ttt_progress: batch 434/782 batch_loss:2.7167 batch_bpb:1.0381 running_loss:2.7511 running_bpb:1.0594 doc_len:545-547
ttt_progress: batch 430/782 batch_loss:2.7519 batch_bpb:1.0447 running_loss:2.7511 running_bpb:1.0593 doc_len:539-540
ttt_progress: batch 426/782 batch_loss:2.7058 batch_bpb:1.0589 running_loss:2.7509 running_bpb:1.0593 doc_len:532-533
ttt_progress: batch 419/782 batch_loss:2.7821 batch_bpb:1.0339 running_loss:2.7511 running_bpb:1.0592 doc_len:519-521
ttt_progress: batch 415/782 batch_loss:2.8348 batch_bpb:1.0770 running_loss:2.7515 running_bpb:1.0593 doc_len:513-514
ttt_progress: batch 411/782 batch_loss:2.8046 batch_bpb:1.0693 running_loss:2.7517 running_bpb:1.0593 doc_len:507-508
ttt_progress: batch 404/782 batch_loss:2.7831 batch_bpb:1.0679 running_loss:2.7518 running_bpb:1.0594 doc_len:495-497
ttt_progress: batch 400/782 batch_loss:2.7874 batch_bpb:1.0633 running_loss:2.7520 running_bpb:1.0594 doc_len:489-490
ttt_progress: batch 393/782 batch_loss:2.8289 batch_bpb:1.0774 running_loss:2.7523 running_bpb:1.0595 doc_len:478-479
ttt_progress: batch 389/782 batch_loss:2.7764 batch_bpb:1.0575 running_loss:2.7524 running_bpb:1.0594 doc_len:471-473
ttt_progress: batch 384/782 batch_loss:2.8387 batch_bpb:1.0891 running_loss:2.7528 running_bpb:1.0596 doc_len:464-466
ttt_progress: batch 378/782 batch_loss:2.8107 batch_bpb:1.0936 running_loss:2.7530 running_bpb:1.0597 doc_len:456-457
ttt_progress: batch 374/782 batch_loss:2.7453 batch_bpb:1.0667 running_loss:2.7530 running_bpb:1.0597 doc_len:450-452
ttt_progress: batch 367/782 batch_loss:2.8171 batch_bpb:1.0580 running_loss:2.7532 running_bpb:1.0597 doc_len:440-441
ttt_progress: batch 361/782 batch_loss:2.7868 batch_bpb:1.0655 running_loss:2.7534 running_bpb:1.0597 doc_len:432-433
ttt_progress: batch 356/782 batch_loss:2.6793 batch_bpb:1.0410 running_loss:2.7531 running_bpb:1.0597 doc_len:424-426
ttt_progress: batch 351/782 batch_loss:2.8293 batch_bpb:1.0889 running_loss:2.7534 running_bpb:1.0598 doc_len:418-419
ttt_progress: batch 345/782 batch_loss:2.8602 batch_bpb:1.1092 running_loss:2.7537 running_bpb:1.0600 doc_len:410-412
ttt_progress: batch 340/782 batch_loss:2.8063 batch_bpb:1.0855 running_loss:2.7539 running_bpb:1.0600 doc_len:403-404
ttt_progress: batch 334/782 batch_loss:2.8598 batch_bpb:1.1005 running_loss:2.7543 running_bpb:1.0602 doc_len:395-396
ttt_progress: batch 330/782 batch_loss:2.8540 batch_bpb:1.0881 running_loss:2.7546 running_bpb:1.0603 doc_len:390-392
ttt_progress: batch 323/782 batch_loss:2.8133 batch_bpb:1.0464 running_loss:2.7548 running_bpb:1.0602 doc_len:381-382
ttt_progress: batch 318/782 batch_loss:2.8004 batch_bpb:1.0622 running_loss:2.7549 running_bpb:1.0602 doc_len:374-376
ttt_progress: batch 312/782 batch_loss:2.7226 batch_bpb:1.0628 running_loss:2.7548 running_bpb:1.0602 doc_len:367-368
ttt_progress: batch 307/782 batch_loss:2.8835 batch_bpb:1.1022 running_loss:2.7552 running_bpb:1.0604 doc_len:361-362
ttt_progress: batch 301/782 batch_loss:2.7833 batch_bpb:1.0823 running_loss:2.7553 running_bpb:1.0604 doc_len:353-354
ttt_progress: batch 297/782 batch_loss:2.7925 batch_bpb:1.0580 running_loss:2.7554 running_bpb:1.0604 doc_len:348-349
ttt_progress: batch 290/782 batch_loss:2.8564 batch_bpb:1.0822 running_loss:2.7557 running_bpb:1.0605 doc_len:340-341
ttt_progress: batch 286/782 batch_loss:2.8795 batch_bpb:1.0939 running_loss:2.7561 running_bpb:1.0606 doc_len:335-336
ttt_progress: batch 280/782 batch_loss:2.8168 batch_bpb:1.0932 running_loss:2.7562 running_bpb:1.0607 doc_len:329-329
ttt_progress: batch 275/782 batch_loss:2.7484 batch_bpb:1.0630 running_loss:2.7562 running_bpb:1.0607 doc_len:323-324
ttt_progress: batch 268/782 batch_loss:2.8440 batch_bpb:1.0934 running_loss:2.7564 running_bpb:1.0608 doc_len:315-316
ttt_progress: batch 262/782 batch_loss:2.8503 batch_bpb:1.1130 running_loss:2.7567 running_bpb:1.0609 doc_len:309-310
ttt_phase_sgd[phase=2]:docs=33296 windows/rank=13173 lr=0.0005 epochs=1 bsz=8 seq_len=1024 opt=sgd
ttt_phase_sgd[phase=2]:epoch 1/1 loss=2.8175 steps=1647 t=160.7s
ttt_progress: batch 261/782 batch_loss:2.8529 batch_bpb:1.1159 running_loss:2.7569 running_bpb:1.0610 doc_len:308-309
ttt_progress: batch 254/782 batch_loss:2.8925 batch_bpb:1.1393 running_loss:2.7573 running_bpb:1.0612 doc_len:299-300
ttt_progress: batch 247/782 batch_loss:2.7811 batch_bpb:1.0746 running_loss:2.7573 running_bpb:1.0613 doc_len:292-293
ttt_progress: batch 243/782 batch_loss:2.8117 batch_bpb:1.0966 running_loss:2.7574 running_bpb:1.0613 doc_len:288-289
ttt_progress: batch 238/782 batch_loss:2.8790 batch_bpb:1.1421 running_loss:2.7577 running_bpb:1.0615 doc_len:283-284
ttt_progress: batch 232/782 batch_loss:2.9144 batch_bpb:1.1273 running_loss:2.7581 running_bpb:1.0617 doc_len:277-278
ttt_progress: batch 225/782 batch_loss:2.8725 batch_bpb:1.1188 running_loss:2.7583 running_bpb:1.0618 doc_len:270-271
ttt_progress: batch 221/782 batch_loss:2.8329 batch_bpb:1.1369 running_loss:2.7585 running_bpb:1.0619 doc_len:266-267
ttt_progress: batch 215/782 batch_loss:2.8399 batch_bpb:1.1395 running_loss:2.7587 running_bpb:1.0621 doc_len:260-261
ttt_progress: batch 210/782 batch_loss:2.8376 batch_bpb:1.1168 running_loss:2.7588 running_bpb:1.0622 doc_len:255-256
ttt_progress: batch 205/782 batch_loss:2.8311 batch_bpb:1.1046 running_loss:2.7590 running_bpb:1.0623 doc_len:251-252
ttt_progress: batch 200/782 batch_loss:2.8369 batch_bpb:1.0903 running_loss:2.7591 running_bpb:1.0624 doc_len:247-247
ttt_progress: batch 193/782 batch_loss:2.8693 batch_bpb:1.1561 running_loss:2.7593 running_bpb:1.0625 doc_len:240-241
ttt_progress: batch 189/782 batch_loss:2.9537 batch_bpb:1.1988 running_loss:2.7597 running_bpb:1.0628 doc_len:237-237
ttt_progress: batch 182/782 batch_loss:2.8365 batch_bpb:1.1284 running_loss:2.7598 running_bpb:1.0629 doc_len:230-231
ttt_progress: batch 177/782 batch_loss:2.9073 batch_bpb:1.1408 running_loss:2.7601 running_bpb:1.0630 doc_len:226-227
ttt_progress: batch 171/782 batch_loss:2.8596 batch_bpb:1.0999 running_loss:2.7603 running_bpb:1.0631 doc_len:221-222
ttt_progress: batch 167/782 batch_loss:2.9536 batch_bpb:1.1807 running_loss:2.7606 running_bpb:1.0633 doc_len:218-218
ttt_progress: batch 159/782 batch_loss:2.9829 batch_bpb:1.1751 running_loss:2.7610 running_bpb:1.0635 doc_len:211-212
ttt_progress: batch 155/782 batch_loss:2.8665 batch_bpb:1.1266 running_loss:2.7612 running_bpb:1.0636 doc_len:207-208
ttt_progress: batch 148/782 batch_loss:2.9558 batch_bpb:1.1488 running_loss:2.7615 running_bpb:1.0637 doc_len:202-203
ttt_progress: batch 145/782 batch_loss:2.8779 batch_bpb:1.1292 running_loss:2.7617 running_bpb:1.0638 doc_len:200-200
ttt_progress: batch 137/782 batch_loss:2.9304 batch_bpb:1.1809 running_loss:2.7619 running_bpb:1.0640 doc_len:193-194
ttt_progress: batch 132/782 batch_loss:2.9395 batch_bpb:1.1312 running_loss:2.7622 running_bpb:1.0641 doc_len:189-189
ttt_progress: batch 126/782 batch_loss:2.9157 batch_bpb:1.1847 running_loss:2.7624 running_bpb:1.0642 doc_len:185-185
ttt_progress: batch 121/782 batch_loss:2.8403 batch_bpb:1.1253 running_loss:2.7625 running_bpb:1.0643 doc_len:181-181
ttt_progress: batch 113/782 batch_loss:3.0149 batch_bpb:1.1854 running_loss:2.7629 running_bpb:1.0645 doc_len:175-176
ttt_progress: batch 108/782 batch_loss:2.8464 batch_bpb:1.0932 running_loss:2.7630 running_bpb:1.0645 doc_len:171-172
ttt_progress: batch 103/782 batch_loss:2.8838 batch_bpb:1.1162 running_loss:2.7631 running_bpb:1.0646 doc_len:168-168
ttt_progress: batch 98/782 batch_loss:2.9568 batch_bpb:1.1736 running_loss:2.7634 running_bpb:1.0647 doc_len:164-164
ttt_progress: batch 91/782 batch_loss:3.0214 batch_bpb:1.2093 running_loss:2.7637 running_bpb:1.0649 doc_len:158-159
ttt_progress: batch 86/782 batch_loss:3.0369 batch_bpb:1.2640 running_loss:2.7640 running_bpb:1.0651 doc_len:154-155
ttt_progress: batch 81/782 batch_loss:2.9211 batch_bpb:1.1617 running_loss:2.7642 running_bpb:1.0652 doc_len:151-151
ttt_progress: batch 75/782 batch_loss:3.0763 batch_bpb:1.2078 running_loss:2.7646 running_bpb:1.0654 doc_len:146-147
ttt_progress: batch 68/782 batch_loss:3.0796 batch_bpb:1.1964 running_loss:2.7649 running_bpb:1.0655 doc_len:141-142
ttt_progress: batch 65/782 batch_loss:3.0273 batch_bpb:1.2155 running_loss:2.7652 running_bpb:1.0657 doc_len:139-139
ttt_progress: batch 59/782 batch_loss:3.0480 batch_bpb:1.1906 running_loss:2.7655 running_bpb:1.0658 doc_len:134-134
ttt_progress: batch 52/782 batch_loss:3.0499 batch_bpb:1.1934 running_loss:2.7658 running_bpb:1.0659 doc_len:128-129
ttt_progress: batch 48/782 batch_loss:2.9872 batch_bpb:1.1678 running_loss:2.7660 running_bpb:1.0660 doc_len:125-126
ttt_progress: batch 44/782 batch_loss:3.1202 batch_bpb:1.2159 running_loss:2.7663 running_bpb:1.0662 doc_len:122-122
ttt_progress: batch 40/782 batch_loss:2.9935 batch_bpb:1.2041 running_loss:2.7665 running_bpb:1.0663 doc_len:119-119
ttt_progress: batch 35/782 batch_loss:2.9961 batch_bpb:1.1898 running_loss:2.7667 running_bpb:1.0664 doc_len:115-115
ttt_progress: batch 29/782 batch_loss:3.0452 batch_bpb:1.2411 running_loss:2.7669 running_bpb:1.0665 doc_len:109-110
ttt_progress: batch 24/782 batch_loss:3.0425 batch_bpb:1.2037 running_loss:2.7672 running_bpb:1.0666 doc_len:105-106
ttt_progress: batch 19/782 batch_loss:3.1265 batch_bpb:1.2211 running_loss:2.7674 running_bpb:1.0668 doc_len:100-101
ttt_progress: batch 15/782 batch_loss:3.2326 batch_bpb:1.2367 running_loss:2.7678 running_bpb:1.0669 doc_len:95-97
ttt_progress: batch 9/782 batch_loss:3.1956 batch_bpb:1.2664 running_loss:2.7681 running_bpb:1.0670 doc_len:87-89
ttt_progress: batch 5/782 batch_loss:3.3107 batch_bpb:1.2913 running_loss:2.7684 running_bpb:1.0672 doc_len:80-82
quantized_ttt_lora val_loss:2.76605053 val_bpb:1.07082436 eval_time:1236056ms
