W0422 12:45:05.440000 131860 torch/distributed/run.py:851] 
W0422 12:45:05.440000 131860 torch/distributed/run.py:851] *****************************************
W0422 12:45:05.440000 131860 torch/distributed/run.py:851] Setting OMP_NUM_THREADS environment variable for each process to be 1 in default, to avoid your system being overloaded, please further tune the variable for optimal performance in your application as needed. 
W0422 12:45:05.440000 131860 torch/distributed/run.py:851] *****************************************
Hyperparameters:
  adam_eps: 1e-08
  adam_wd: 0.02
  beta1: 0.9
  beta2: 0.95
  clip_mult_early: 0.75
  clip_mult_late: 1.0
  clip_mult_loop: 1.0
  clip_mult_mid: 1.0
  compress_ans: True
  compress_brotli: False
  compress_lzma: False
  data_dir: ./data/
  datasets_dir: ./data/datasets/fineweb10B_sp8192
  distributed: True
  effective_train_seq_len: <property object at 0x14f4b5168ea0>
  ema_decay: 0.9965
  embed_bits: 8
  embed_clip_sigmas: 20.0
  embed_lr: 0.6
  embed_wd: 0.085
  embedding_dim: 512
  enable_looping_at: 0.5
  eval_seq_len: 2048
  eval_stride: 64
  force_dense_eval: False
  fused_mlp: True
  fused_rope: True
  gated_attention: True
  gptq_calibration_batches: 128
  gptq_reserve_seconds: 12.0
  grad_accum_steps: 2
  grad_clip_norm: 0.3
  head_lr: 0.008
  hessian_clip_lambda: 0.3
  is_main_process: True
  iterations: 20000
  ln_scale: True
  local_rank: 0
  logfile: logs/pgm_clipearly075.txt
  logit_softcap: 20.0
  loop_embeddings: True
  loop_end: 5
  loop_layer_bits: 0
  loop_layer_clip_sigmas: 0.0
  loop_start: 3
  matrix_bits: 6
  matrix_clip_sigmas: 14.0
  matrix_lr: 0.022
  max_wallclock_seconds: 3600.0
  min_lr: 0.0
  mixed_seq_gpu_frac: 0.375
  mixed_seq_len: 0
  mlp_mult: 4.35
  model_dim: 512
  model_path: final_model.pt
  moe_enabled: False
  moe_layers: 3,5,7,9
  moe_num_experts: 3
  moe_top_k: 2
  muon_backend_steps: 5
  muon_beta2: 0.95
  muon_momentum: 0.97
  muon_momentum_warmup_start: 0.92
  muon_momentum_warmup_steps: 1500
  muon_row_normalize: True
  muon_wd: 0.095
  num_heads: 8
  num_kv_heads: 4
  num_layers: 11
  num_loops: 2
  parallel_residual_start: 7
  qk_gain_init: 5.25
  quantized_model_path: final_model.int6.ptz
  rank: 0
  rope_base: 10000.0
  rope_dims: 32
  rope_force_base_seqlen: 0
  rope_train_seq_len: 2048
  run_id: pgm_clipearly075
  scalar_lr: 0.022
  seed: 1337
  skip_gates_enabled: True
  skip_training: False
  sliding_window_enabled: True
  slot_enabled: False
  slot_in_ttt: False
  slot_in_ttt_lr: 0.01
  slot_in_ttt_steps: 4
  slot_in_ttt_wd: 0.001
  slot_lr: 0.01
  slot_max_windows: 0
  slot_steps: 4
  slot_train_mode: context
  slot_wd: 0.01
  tie_embeddings: True
  tied_embed_init_std: 0.005
  tied_embed_lr: 0.03
  tokenizer_path: ./data/tokenizers/fineweb_8192_bpe.model
  train_batch_tokens: 786432
  train_files: ./data/datasets/fineweb10B_sp8192/fineweb_train_*.bin
  train_log_every: 500
  train_seq_len: 2048
  ttt_adapt_ema: 0.95
  ttt_adapt_max_scale: 2.0
  ttt_adapt_min_scale: 0.5
  ttt_adapt_power: 1.0
  ttt_adaptive_lr: False
  ttt_batch_size: 64
  ttt_beta1: 0.9
  ttt_beta2: 0.99
  ttt_chunk_size: 64
  ttt_enabled: True
  ttt_eval_seq_len: 2048
  ttt_fp_chunk_tokens: 32768
  ttt_fp_epochs: 3
  ttt_fp_lr: 0.001
  ttt_grad_clip: 1.0
  ttt_grad_steps: 1
  ttt_k_lora: True
  ttt_lora_lr: 0.0001
  ttt_lora_rank: 48
  ttt_max_docs: 0
  ttt_min_doc_len: 0
  ttt_mlp_lora: True
  ttt_nan_guard: True
  ttt_o_lora: True
  ttt_phase_sgd_batch: 8
  ttt_phase_sgd_epochs: 1
  ttt_phase_sgd_lr: 0.0005
  ttt_phase_sgd_momentum: 0.9
  ttt_phase_sgd_optimizer: sgd
  ttt_phase_sgd_seq_len: 1024
  ttt_phase_sgd_wd: 0.0
  ttt_phases: 3
  ttt_rope_base_seqlen: 0
  ttt_weight_decay: 0.2
  val_batch_tokens: 524288
  val_files: ./data/datasets/fineweb10B_sp8192/fineweb_val_*.bin
  val_loss_every: 4000
  varlen_attention: True
  vocab_size: 8192
  warmdown_frac: 0.85
  warmdown_wd_mult: 1.0
  warmup_steps: 20
  window_attn_layers: 
  window_attn_size: 0
  world_size: 4
  xsa_last_n: 9
train_shards: 80
val_tokens: 40540160
model_params:38153904
gptq:reserving 12s, effective=3588000ms
warmup_step: 1/20
warmup_step: 2/20
warmup_step: 3/20
warmup_step: 4/20
warmup_step: 5/20
warmup_step: 6/20
warmup_step: 10/20
warmup_step: 20/20
loop_warmup:enabled encoder:[0, 1, 2, 3, 4, 5, 3, 4] decoder:[5, 3, 4, 5, 6, 7, 8, 9, 10]
loop_warmup_step: 1/20
loop_warmup_step: 2/20
loop_warmup_step: 3/20
loop_warmup_step: 4/20
loop_warmup_step: 5/20
loop_warmup_step: 6/20
loop_warmup_step: 10/20
loop_warmup_step: 20/20
0/20000 val_loss: 9.0079 val_bpb: 3.4871
1/20000 train_loss: 9.0071 train_time: 0.0m tok/s: 1692266
2/20000 train_loss: 11.3340 train_time: 0.0m tok/s: 1688056
3/20000 train_loss: 9.9837 train_time: 0.0m tok/s: 1667050
4/20000 train_loss: 8.5437 train_time: 0.0m tok/s: 1660011
5/20000 train_loss: 7.4973 train_time: 0.0m tok/s: 1658184
500/20000 train_loss: 3.2988 train_time: 5.5m tok/s: 1190154
1000/20000 train_loss: 3.1371 train_time: 9.6m tok/s: 1365789
1500/20000 train_loss: 3.0093 train_time: 13.7m tok/s: 1437904
2000/20000 train_loss: 2.9896 train_time: 17.8m tok/s: 1476353
2500/20000 train_loss: 2.3690 train_time: 21.8m tok/s: 1500511
3000/20000 train_loss: 2.9457 train_time: 25.9m tok/s: 1517175
layer_loop:enabled step:3489 frac:0.500 encoder:[0, 1, 2, 3, 4, 5, 3, 4] decoder:[5, 3, 4, 5, 6, 7, 8, 9, 10]
3500/20000 train_loss: 3.0806 train_time: 30.0m tok/s: 1527046
4000/20000 train_loss: 2.9385 train_time: 38.1m tok/s: 1377716
4000/20000 val_loss: 2.9191 val_bpb: 1.1300
4500/20000 train_loss: 2.8686 train_time: 44.8m tok/s: 1317547
5000/20000 train_loss: 3.1770 train_time: 51.0m tok/s: 1284385
5500/20000 train_loss: 2.7075 train_time: 57.3m tok/s: 1258548
5700/20000 val_loss: 2.7562 val_bpb: 1.0669
stopping_early: wallclock_cap train_time: 3588081ms step: 5700/20000
peak memory allocated: 39349 MiB reserved: 39456 MiB
ema:applying EMA weights
pre-quantization post-ema val_loss:2.75473375 val_bpb:1.06638767 eval_time:19448ms
Serialized model: 144276071 bytes
Code size: 169321 bytes
GPTQ:collecting Hessians from calibration data...
GPTQ:collected 67 Hessians in 51.2s
Quantized weights:
  gptq (int6): blocks.attn.c_k.weight, blocks.attn.c_q.weight, blocks.attn.c_v.weight, blocks.attn.proj.weight, blocks.mlp.fc.weight, blocks.mlp.proj.weight
  gptq (int8): tok_emb.weight
  passthrough (float16): blocks.attn.gate_proj.bias, blocks.attn.gate_proj.weight, blocks.attn.q_gain, blocks.attn_scale, blocks.mlp_scale, blocks.resid_mix, loop_embs, skip_gates, skip_weights
compress:ans 16822834 bytes (14.9s)
  ans: model=16822834 total=16992155
compress:using ans (16822834 bytes)
Serialized model quantized+ans: 16822834 bytes
Total submission size quantized+ans: 16992155 bytes
sliding_perdoc: RoPE NTK seqlen override = 98304
sliding_perdoc: bin 1/1010 segs:32 tokens:0 running_loss:0.0000 running_bpb:0.0000 elapsed:0.0s
sliding_perdoc: bin 102/1010 segs:32 tokens:359616 running_loss:2.6038 running_bpb:1.0565 elapsed:12.8s
sliding_perdoc: bin 203/1010 segs:32 tokens:754944 running_loss:2.6576 running_bpb:1.0692 elapsed:25.8s
sliding_perdoc: bin 304/1010 segs:32 tokens:1148288 running_loss:2.6898 running_bpb:1.0731 elapsed:38.9s
sliding_perdoc: bin 405/1010 segs:32 tokens:1539648 running_loss:2.6985 running_bpb:1.0734 elapsed:52.0s
sliding_perdoc: bin 506/1010 segs:32 tokens:1913152 running_loss:2.6971 running_bpb:1.0749 elapsed:65.1s
sliding_perdoc: bin 607/1010 segs:32 tokens:2318400 running_loss:2.7075 running_bpb:1.0738 elapsed:78.2s
sliding_perdoc: bin 708/1010 segs:32 tokens:2699840 running_loss:2.7104 running_bpb:1.0746 elapsed:91.3s
sliding_perdoc: bin 809/1010 segs:32 tokens:3059456 running_loss:2.7131 running_bpb:1.0755 elapsed:104.4s
sliding_perdoc: bin 910/1010 segs:33 tokens:3484538 running_loss:2.7139 running_bpb:1.0728 elapsed:117.5s
sliding_perdoc: bin 1010/1010 segs:472 tokens:9990290 running_loss:2.7667 running_bpb:1.0705 elapsed:130.7s
quantized_sliding_window val_loss:2.76517909 val_bpb:1.07048700 eval_time:134600ms
ttt_lora:rope_base inherited ROPE_FORCE_BASE_SEQLEN=98304
ttt_lora:warming up compile
ttt_lora:compile warmup done (79.4s)
ttt_lora:docs:50000 rank:48 lr:0.0001 chunk:64
ttt_lora:phased_sgd enabled phases=3 boundaries=[0, 261, 521, 782] sgd_lr=0.0005 sgd_epochs=1 sgd_opt=sgd
[rank0]:W0422 13:57:17.287000 131934 .venv/lib/python3.12/site-packages/torch/_dynamo/convert_frame.py:1743] [0/8] torch._dynamo hit config.recompile_limit (8)
[rank0]:W0422 13:57:17.287000 131934 .venv/lib/python3.12/site-packages/torch/_dynamo/convert_frame.py:1743] [0/8]    function: '_fwd_ttt_inner' (/root/parameter-golf/train_gpt_improved_04_16.py:3323)
[rank0]:W0422 13:57:17.287000 131934 .venv/lib/python3.12/site-packages/torch/_dynamo/convert_frame.py:1743] [0/8]    last reason: 0/7: tensor 'input_ids' size mismatch at index 1. expected 384, actual 448
[rank0]:W0422 13:57:17.287000 131934 .venv/lib/python3.12/site-packages/torch/_dynamo/convert_frame.py:1743] [0/8] To log all recompilation reasons, use TORCH_LOGS="recompiles".
[rank0]:W0422 13:57:17.287000 131934 .venv/lib/python3.12/site-packages/torch/_dynamo/convert_frame.py:1743] [0/8] To diagnose recompilation issues, see https://docs.pytorch.org/docs/main/user_guide/torch_compiler/compile/programming_model.recompilation.html
[rank1]:W0422 13:57:19.882000 131935 .venv/lib/python3.12/site-packages/torch/_dynamo/convert_frame.py:1743] [0/8] torch._dynamo hit config.recompile_limit (8)
[rank1]:W0422 13:57:19.882000 131935 .venv/lib/python3.12/site-packages/torch/_dynamo/convert_frame.py:1743] [0/8]    function: '_fwd_ttt_inner' (/root/parameter-golf/train_gpt_improved_04_16.py:3323)
[rank1]:W0422 13:57:19.882000 131935 .venv/lib/python3.12/site-packages/torch/_dynamo/convert_frame.py:1743] [0/8]    last reason: 0/7: tensor 'input_ids' size mismatch at index 1. expected 448, actual 512
[rank1]:W0422 13:57:19.882000 131935 .venv/lib/python3.12/site-packages/torch/_dynamo/convert_frame.py:1743] [0/8] To log all recompilation reasons, use TORCH_LOGS="recompiles".
[rank1]:W0422 13:57:19.882000 131935 .venv/lib/python3.12/site-packages/torch/_dynamo/convert_frame.py:1743] [0/8] To diagnose recompilation issues, see https://docs.pytorch.org/docs/main/user_guide/torch_compiler/compile/programming_model.recompilation.html
[rank2]:W0422 13:57:25.735000 131936 .venv/lib/python3.12/site-packages/torch/_dynamo/convert_frame.py:1743] [0/8] torch._dynamo hit config.recompile_limit (8)
[rank2]:W0422 13:57:25.735000 131936 .venv/lib/python3.12/site-packages/torch/_dynamo/convert_frame.py:1743] [0/8]    function: '_fwd_ttt_inner' (/root/parameter-golf/train_gpt_improved_04_16.py:3323)
[rank2]:W0422 13:57:25.735000 131936 .venv/lib/python3.12/site-packages/torch/_dynamo/convert_frame.py:1743] [0/8]    last reason: 0/7: tensor 'input_ids' size mismatch at index 1. expected 448, actual 512
[rank2]:W0422 13:57:25.735000 131936 .venv/lib/python3.12/site-packages/torch/_dynamo/convert_frame.py:1743] [0/8] To log all recompilation reasons, use TORCH_LOGS="recompiles".
[rank2]:W0422 13:57:25.735000 131936 .venv/lib/python3.12/site-packages/torch/_dynamo/convert_frame.py:1743] [0/8] To diagnose recompilation issues, see https://docs.pytorch.org/docs/main/user_guide/torch_compiler/compile/programming_model.recompilation.html
[rank3]:W0422 13:57:31.294000 131937 .venv/lib/python3.12/site-packages/torch/_dynamo/convert_frame.py:1743] [0/8] torch._dynamo hit config.recompile_limit (8)
[rank3]:W0422 13:57:31.294000 131937 .venv/lib/python3.12/site-packages/torch/_dynamo/convert_frame.py:1743] [0/8]    function: '_fwd_ttt_inner' (/root/parameter-golf/train_gpt_improved_04_16.py:3323)
[rank3]:W0422 13:57:31.294000 131937 .venv/lib/python3.12/site-packages/torch/_dynamo/convert_frame.py:1743] [0/8]    last reason: 0/7: tensor 'input_ids' size mismatch at index 1. expected 448, actual 512
[rank3]:W0422 13:57:31.294000 131937 .venv/lib/python3.12/site-packages/torch/_dynamo/convert_frame.py:1743] [0/8] To log all recompilation reasons, use TORCH_LOGS="recompiles".
[rank3]:W0422 13:57:31.294000 131937 .venv/lib/python3.12/site-packages/torch/_dynamo/convert_frame.py:1743] [0/8] To diagnose recompilation issues, see https://docs.pytorch.org/docs/main/user_guide/torch_compiler/compile/programming_model.recompilation.html
ttt_progress: batch 782/782 batch_loss:2.5676 batch_bpb:1.0367 running_loss:2.5676 running_bpb:1.0367 doc_len:26524-79464
ttt_progress: batch 768/782 batch_loss:2.6941 batch_bpb:1.0811 running_loss:2.6035 running_bpb:1.0493 doc_len:4128-4306
ttt_progress: batch 764/782 batch_loss:2.7569 batch_bpb:1.0954 running_loss:2.6341 running_bpb:1.0586 doc_len:3639-3742
ttt_progress: batch 761/782 batch_loss:2.7404 batch_bpb:1.0601 running_loss:2.6505 running_bpb:1.0588 doc_len:3336-3430
ttt_progress: batch 757/782 batch_loss:2.6296 batch_bpb:1.0163 running_loss:2.6479 running_bpb:1.0535 doc_len:3033-3108
ttt_progress: batch 752/782 batch_loss:2.7554 batch_bpb:1.0571 running_loss:2.6587 running_bpb:1.0538 doc_len:2740-2793
ttt_progress: batch 749/782 batch_loss:2.8214 batch_bpb:1.0855 running_loss:2.6727 running_bpb:1.0566 doc_len:2580-2638
ttt_progress: batch 744/782 batch_loss:2.6437 batch_bpb:1.0532 running_loss:2.6706 running_bpb:1.0564 doc_len:2388-2419
ttt_progress: batch 741/782 batch_loss:2.7939 batch_bpb:1.0998 running_loss:2.6787 running_bpb:1.0593 doc_len:2286-2319
ttt_progress: batch 734/782 batch_loss:2.7565 batch_bpb:1.0511 running_loss:2.6831 running_bpb:1.0588 doc_len:2091-2115
ttt_progress: batch 730/782 batch_loss:2.7544 batch_bpb:1.0843 running_loss:2.6867 running_bpb:1.0601 doc_len:1995-2016
ttt_progress: batch 726/782 batch_loss:2.7907 batch_bpb:1.0620 running_loss:2.6916 running_bpb:1.0602 doc_len:1915-1936
ttt_progress: batch 723/782 batch_loss:2.7679 batch_bpb:1.0560 running_loss:2.6949 running_bpb:1.0600 doc_len:1861-1885
ttt_progress: batch 718/782 batch_loss:2.7647 batch_bpb:1.0657 running_loss:2.6977 running_bpb:1.0602 doc_len:1773-1792
ttt_progress: batch 716/782 batch_loss:2.7996 batch_bpb:1.0331 running_loss:2.7015 running_bpb:1.0591 doc_len:1739-1754
ttt_progress: batch 710/782 batch_loss:2.7457 batch_bpb:1.0645 running_loss:2.7031 running_bpb:1.0593 doc_len:1661-1673
ttt_progress: batch 706/782 batch_loss:2.7025 batch_bpb:1.0389 running_loss:2.7030 running_bpb:1.0587 doc_len:1617-1627
ttt_progress: batch 702/782 batch_loss:2.7883 batch_bpb:1.0606 running_loss:2.7057 running_bpb:1.0587 doc_len:1572-1581
ttt_progress: batch 698/782 batch_loss:2.7682 batch_bpb:1.0260 running_loss:2.7075 running_bpb:1.0577 doc_len:1534-1543
ttt_progress: batch 694/782 batch_loss:2.7515 batch_bpb:1.0620 running_loss:2.7087 running_bpb:1.0578 doc_len:1494-1504
ttt_progress: batch 690/782 batch_loss:2.8270 batch_bpb:1.0593 running_loss:2.7118 running_bpb:1.0579 doc_len:1458-1467
ttt_progress: batch 686/782 batch_loss:2.7903 batch_bpb:1.0483 running_loss:2.7137 running_bpb:1.0576 doc_len:1422-1432
ttt_progress: batch 682/782 batch_loss:2.7916 batch_bpb:1.0664 running_loss:2.7156 running_bpb:1.0578 doc_len:1393-1400
ttt_progress: batch 678/782 batch_loss:2.7683 batch_bpb:1.0421 running_loss:2.7168 running_bpb:1.0575 doc_len:1361-1368
ttt_progress: batch 674/782 batch_loss:2.7742 batch_bpb:1.0527 running_loss:2.7180 running_bpb:1.0574 doc_len:1334-1341
ttt_progress: batch 670/782 batch_loss:2.8116 batch_bpb:1.0513 running_loss:2.7200 running_bpb:1.0572 doc_len:1308-1315
ttt_progress: batch 666/782 batch_loss:2.8129 batch_bpb:1.0572 running_loss:2.7219 running_bpb:1.0572 doc_len:1282-1288
ttt_progress: batch 662/782 batch_loss:2.7969 batch_bpb:1.0673 running_loss:2.7233 running_bpb:1.0574 doc_len:1258-1263
ttt_progress: batch 658/782 batch_loss:2.7986 batch_bpb:1.0712 running_loss:2.7247 running_bpb:1.0577 doc_len:1234-1239
ttt_progress: batch 654/782 batch_loss:2.7131 batch_bpb:1.0299 running_loss:2.7245 running_bpb:1.0572 doc_len:1209-1215
ttt_progress: batch 650/782 batch_loss:2.7744 batch_bpb:1.0683 running_loss:2.7254 running_bpb:1.0574 doc_len:1188-1193
ttt_progress: batch 646/782 batch_loss:2.7595 batch_bpb:1.0685 running_loss:2.7259 running_bpb:1.0576 doc_len:1166-1171
ttt_progress: batch 642/782 batch_loss:2.7615 batch_bpb:1.0743 running_loss:2.7265 running_bpb:1.0578 doc_len:1144-1150
ttt_progress: batch 638/782 batch_loss:2.8274 batch_bpb:1.0429 running_loss:2.7281 running_bpb:1.0576 doc_len:1123-1129
ttt_progress: batch 634/782 batch_loss:2.6897 batch_bpb:1.0384 running_loss:2.7275 running_bpb:1.0573 doc_len:1105-1111
ttt_progress: batch 630/782 batch_loss:2.8138 batch_bpb:1.0537 running_loss:2.7288 running_bpb:1.0572 doc_len:1087-1092
ttt_progress: batch 624/782 batch_loss:2.7743 batch_bpb:1.0675 running_loss:2.7294 running_bpb:1.0574 doc_len:1060-1064
ttt_progress: batch 620/782 batch_loss:2.7630 batch_bpb:1.0355 running_loss:2.7299 running_bpb:1.0571 doc_len:1041-1046
ttt_progress: batch 615/782 batch_loss:2.8239 batch_bpb:1.0603 running_loss:2.7311 running_bpb:1.0571 doc_len:1020-1023
ttt_progress: batch 611/782 batch_loss:2.7457 batch_bpb:1.0629 running_loss:2.7313 running_bpb:1.0572 doc_len:1004-1007
ttt_progress: batch 607/782 batch_loss:2.6805 batch_bpb:1.0331 running_loss:2.7307 running_bpb:1.0569 doc_len:986-990
ttt_progress: batch 603/782 batch_loss:2.8179 batch_bpb:1.0794 running_loss:2.7317 running_bpb:1.0572 doc_len:971-974
ttt_progress: batch 599/782 batch_loss:2.7232 batch_bpb:1.0459 running_loss:2.7316 running_bpb:1.0570 doc_len:954-958
ttt_progress: batch 595/782 batch_loss:2.7159 batch_bpb:1.0500 running_loss:2.7314 running_bpb:1.0570 doc_len:940-943
ttt_progress: batch 591/782 batch_loss:2.6548 batch_bpb:1.0031 running_loss:2.7306 running_bpb:1.0563 doc_len:927-930
ttt_progress: batch 587/782 batch_loss:2.7634 batch_bpb:1.0552 running_loss:2.7309 running_bpb:1.0563 doc_len:914-917
ttt_progress: batch 583/782 batch_loss:2.7921 batch_bpb:1.0891 running_loss:2.7316 running_bpb:1.0567 doc_len:901-904
ttt_progress: batch 578/782 batch_loss:2.7878 batch_bpb:1.0621 running_loss:2.7322 running_bpb:1.0567 doc_len:884-887
ttt_progress: batch 573/782 batch_loss:2.9124 batch_bpb:1.0659 running_loss:2.7340 running_bpb:1.0568 doc_len:868-871
ttt_progress: batch 568/782 batch_loss:2.7823 batch_bpb:1.0495 running_loss:2.7344 running_bpb:1.0568 doc_len:852-855
ttt_progress: batch 564/782 batch_loss:2.8574 batch_bpb:1.1055 running_loss:2.7356 running_bpb:1.0572 doc_len:840-843
ttt_progress: batch 560/782 batch_loss:2.8045 batch_bpb:1.0861 running_loss:2.7362 running_bpb:1.0575 doc_len:828-831
ttt_progress: batch 556/782 batch_loss:2.8128 batch_bpb:1.0754 running_loss:2.7369 running_bpb:1.0576 doc_len:815-818
ttt_progress: batch 552/782 batch_loss:2.7838 batch_bpb:1.0374 running_loss:2.7373 running_bpb:1.0575 doc_len:804-806
ttt_progress: batch 547/782 batch_loss:2.7171 batch_bpb:1.0262 running_loss:2.7372 running_bpb:1.0572 doc_len:790-793
ttt_progress: batch 543/782 batch_loss:2.7629 batch_bpb:1.0372 running_loss:2.7374 running_bpb:1.0570 doc_len:779-782
ttt_progress: batch 538/782 batch_loss:2.6749 batch_bpb:1.0345 running_loss:2.7369 running_bpb:1.0568 doc_len:767-769
ttt_progress: batch 534/782 batch_loss:2.8015 batch_bpb:1.0657 running_loss:2.7374 running_bpb:1.0569 doc_len:757-759
ttt_progress: batch 529/782 batch_loss:2.7565 batch_bpb:1.0499 running_loss:2.7375 running_bpb:1.0568 doc_len:745-747
ttt_progress: batch 525/782 batch_loss:2.7693 batch_bpb:1.0655 running_loss:2.7378 running_bpb:1.0569 doc_len:735-737
ttt_phase_sgd[phase=1]:docs=16656 windows/rank=9013 lr=0.0005 epochs=1 bsz=8 seq_len=1024 opt=sgd
ttt_phase_sgd[phase=1]:epoch 1/1 loss=2.8088 steps=1127 t=108.0s
ttt_progress: batch 521/782 batch_loss:2.7502 batch_bpb:1.0435 running_loss:2.7379 running_bpb:1.0568 doc_len:725-727
ttt_progress: batch 514/782 batch_loss:2.8927 batch_bpb:1.0911 running_loss:2.7390 running_bpb:1.0571 doc_len:707-710
ttt_progress: batch 510/782 batch_loss:2.7394 batch_bpb:1.0132 running_loss:2.7390 running_bpb:1.0567 doc_len:698-700
ttt_progress: batch 506/782 batch_loss:2.7923 batch_bpb:1.0696 running_loss:2.7394 running_bpb:1.0568 doc_len:688-690
ttt_progress: batch 502/782 batch_loss:2.8152 batch_bpb:1.0571 running_loss:2.7399 running_bpb:1.0568 doc_len:680-682
ttt_progress: batch 496/782 batch_loss:2.8118 batch_bpb:1.0421 running_loss:2.7404 running_bpb:1.0567 doc_len:666-668
ttt_progress: batch 491/782 batch_loss:2.7231 batch_bpb:1.0260 running_loss:2.7403 running_bpb:1.0565 doc_len:655-657
ttt_progress: batch 487/782 batch_loss:2.8003 batch_bpb:1.0698 running_loss:2.7406 running_bpb:1.0566 doc_len:647-649
ttt_progress: batch 483/782 batch_loss:2.7329 batch_bpb:1.0451 running_loss:2.7406 running_bpb:1.0565 doc_len:639-641
ttt_progress: batch 479/782 batch_loss:2.6908 batch_bpb:1.0270 running_loss:2.7403 running_bpb:1.0563 doc_len:630-632
ttt_progress: batch 473/782 batch_loss:2.8209 batch_bpb:1.0733 running_loss:2.7408 running_bpb:1.0565 doc_len:618-620
ttt_progress: batch 468/782 batch_loss:2.7732 batch_bpb:1.0527 running_loss:2.7410 running_bpb:1.0564 doc_len:608-610
ttt_progress: batch 464/782 batch_loss:2.7069 batch_bpb:1.0727 running_loss:2.7408 running_bpb:1.0565 doc_len:600-602
ttt_progress: batch 460/782 batch_loss:2.7840 batch_bpb:1.0559 running_loss:2.7410 running_bpb:1.0565 doc_len:593-595
ttt_progress: batch 454/782 batch_loss:2.8164 batch_bpb:1.0664 running_loss:2.7414 running_bpb:1.0566 doc_len:582-584
ttt_progress: batch 449/782 batch_loss:2.7824 batch_bpb:1.0473 running_loss:2.7417 running_bpb:1.0565 doc_len:573-575
ttt_progress: batch 445/782 batch_loss:2.7518 batch_bpb:1.0580 running_loss:2.7417 running_bpb:1.0565 doc_len:566-568
ttt_progress: batch 441/782 batch_loss:2.6983 batch_bpb:1.0387 running_loss:2.7415 running_bpb:1.0564 doc_len:559-560
ttt_progress: batch 434/782 batch_loss:2.7147 batch_bpb:1.0374 running_loss:2.7413 running_bpb:1.0563 doc_len:545-547
ttt_progress: batch 430/782 batch_loss:2.7463 batch_bpb:1.0426 running_loss:2.7414 running_bpb:1.0563 doc_len:539-540
ttt_progress: batch 426/782 batch_loss:2.7065 batch_bpb:1.0592 running_loss:2.7412 running_bpb:1.0563 doc_len:532-533
ttt_progress: batch 422/782 batch_loss:2.7276 batch_bpb:1.0401 running_loss:2.7411 running_bpb:1.0562 doc_len:524-526
ttt_progress: batch 417/782 batch_loss:2.7962 batch_bpb:1.0485 running_loss:2.7414 running_bpb:1.0562 doc_len:516-517
ttt_progress: batch 413/782 batch_loss:2.6363 batch_bpb:0.9940 running_loss:2.7409 running_bpb:1.0559 doc_len:510-511
ttt_progress: batch 406/782 batch_loss:2.8173 batch_bpb:1.0969 running_loss:2.7413 running_bpb:1.0561 doc_len:498-500
ttt_progress: batch 402/782 batch_loss:2.7418 batch_bpb:1.0330 running_loss:2.7413 running_bpb:1.0560 doc_len:492-493
ttt_progress: batch 395/782 batch_loss:2.7158 batch_bpb:1.0370 running_loss:2.7411 running_bpb:1.0559 doc_len:481-482
ttt_progress: batch 391/782 batch_loss:2.7977 batch_bpb:1.0896 running_loss:2.7414 running_bpb:1.0560 doc_len:475-476
ttt_progress: batch 386/782 batch_loss:2.7103 batch_bpb:1.0588 running_loss:2.7413 running_bpb:1.0560 doc_len:467-468
ttt_progress: batch 380/782 batch_loss:2.8260 batch_bpb:1.0700 running_loss:2.7416 running_bpb:1.0561 doc_len:459-460
ttt_progress: batch 376/782 batch_loss:2.6975 batch_bpb:1.0359 running_loss:2.7414 running_bpb:1.0560 doc_len:453-454
ttt_progress: batch 369/782 batch_loss:2.9000 batch_bpb:1.0765 running_loss:2.7420 running_bpb:1.0561 doc_len:443-444
ttt_progress: batch 365/782 batch_loss:2.7544 batch_bpb:1.0735 running_loss:2.7421 running_bpb:1.0561 doc_len:437-439
ttt_progress: batch 358/782 batch_loss:2.7991 batch_bpb:1.0820 running_loss:2.7423 running_bpb:1.0562 doc_len:427-429
ttt_progress: batch 354/782 batch_loss:2.7849 batch_bpb:1.0805 running_loss:2.7425 running_bpb:1.0563 doc_len:422-423
ttt_progress: batch 348/782 batch_loss:2.7977 batch_bpb:1.0632 running_loss:2.7426 running_bpb:1.0564 doc_len:414-415
ttt_progress: batch 343/782 batch_loss:2.7787 batch_bpb:1.0603 running_loss:2.7428 running_bpb:1.0564 doc_len:407-408
ttt_progress: batch 337/782 batch_loss:2.8121 batch_bpb:1.0707 running_loss:2.7430 running_bpb:1.0564 doc_len:399-400
ttt_progress: batch 332/782 batch_loss:2.8087 batch_bpb:1.0906 running_loss:2.7432 running_bpb:1.0565 doc_len:393-394
ttt_progress: batch 326/782 batch_loss:2.8459 batch_bpb:1.1248 running_loss:2.7436 running_bpb:1.0568 doc_len:385-387
ttt_progress: batch 321/782 batch_loss:2.7857 batch_bpb:1.0946 running_loss:2.7437 running_bpb:1.0569 doc_len:378-380
ttt_progress: batch 314/782 batch_loss:2.7826 batch_bpb:1.0576 running_loss:2.7438 running_bpb:1.0569 doc_len:369-370
ttt_progress: batch 310/782 batch_loss:2.7653 batch_bpb:1.0713 running_loss:2.7439 running_bpb:1.0569 doc_len:364-365
ttt_progress: batch 303/782 batch_loss:2.7918 batch_bpb:1.0816 running_loss:2.7440 running_bpb:1.0570 doc_len:355-357
ttt_progress: batch 299/782 batch_loss:2.8826 batch_bpb:1.1178 running_loss:2.7444 running_bpb:1.0572 doc_len:351-352
ttt_progress: batch 292/782 batch_loss:2.7674 batch_bpb:1.0723 running_loss:2.7445 running_bpb:1.0572 doc_len:342-343
ttt_progress: batch 288/782 batch_loss:2.7944 batch_bpb:1.0971 running_loss:2.7446 running_bpb:1.0573 doc_len:337-339
ttt_progress: batch 282/782 batch_loss:2.8051 batch_bpb:1.1170 running_loss:2.7448 running_bpb:1.0575 doc_len:331-332
ttt_progress: batch 277/782 batch_loss:2.7957 batch_bpb:1.1011 running_loss:2.7450 running_bpb:1.0576 doc_len:325-326
ttt_progress: batch 272/782 batch_loss:2.8477 batch_bpb:1.1047 running_loss:2.7452 running_bpb:1.0577 doc_len:320-321
ttt_progress: batch 266/782 batch_loss:2.8280 batch_bpb:1.0875 running_loss:2.7454 running_bpb:1.0578 doc_len:313-314
ttt_progress: batch 262/782 batch_loss:2.8437 batch_bpb:1.1104 running_loss:2.7457 running_bpb:1.0579 doc_len:309-310
ttt_phase_sgd[phase=2]:docs=33296 windows/rank=13173 lr=0.0005 epochs=1 bsz=8 seq_len=1024 opt=sgd
ttt_phase_sgd[phase=2]:epoch 1/1 loss=2.8115 steps=1647 t=161.1s
ttt_progress: batch 261/782 batch_loss:2.8484 batch_bpb:1.1141 running_loss:2.7459 running_bpb:1.0581 doc_len:308-309
ttt_progress: batch 254/782 batch_loss:2.8770 batch_bpb:1.1332 running_loss:2.7463 running_bpb:1.0582 doc_len:299-300
ttt_progress: batch 250/782 batch_loss:2.8564 batch_bpb:1.1351 running_loss:2.7465 running_bpb:1.0584 doc_len:295-296
ttt_progress: batch 228/782 batch_loss:2.8491 batch_bpb:1.1274 running_loss:2.7468 running_bpb:1.0586 doc_len:273-274
ttt_progress: batch 221/782 batch_loss:2.8199 batch_bpb:1.1317 running_loss:2.7469 running_bpb:1.0587 doc_len:266-267
ttt_progress: batch 217/782 batch_loss:2.8549 batch_bpb:1.1183 running_loss:2.7471 running_bpb:1.0589 doc_len:262-263
ttt_progress: batch 210/782 batch_loss:2.8305 batch_bpb:1.1140 running_loss:2.7473 running_bpb:1.0590 doc_len:255-256
ttt_progress: batch 206/782 batch_loss:2.8633 batch_bpb:1.1083 running_loss:2.7476 running_bpb:1.0591 doc_len:252-253
ttt_progress: batch 201/782 batch_loss:2.8437 batch_bpb:1.1084 running_loss:2.7477 running_bpb:1.0592 doc_len:247-248
ttt_progress: batch 195/782 batch_loss:2.8213 batch_bpb:1.1043 running_loss:2.7479 running_bpb:1.0592 doc_len:242-243
ttt_progress: batch 191/782 batch_loss:2.9238 batch_bpb:1.1417 running_loss:2.7482 running_bpb:1.0594 doc_len:238-239
ttt_progress: batch 184/782 batch_loss:2.8831 batch_bpb:1.1448 running_loss:2.7485 running_bpb:1.0596 doc_len:232-233
ttt_progress: batch 181/782 batch_loss:2.8616 batch_bpb:1.1498 running_loss:2.7487 running_bpb:1.0597 doc_len:230-230
ttt_progress: batch 174/782 batch_loss:2.9532 batch_bpb:1.1466 running_loss:2.7491 running_bpb:1.0599 doc_len:224-224
ttt_progress: batch 169/782 batch_loss:2.8887 batch_bpb:1.1542 running_loss:2.7493 running_bpb:1.0600 doc_len:219-220
ttt_progress: batch 162/782 batch_loss:2.9415 batch_bpb:1.1413 running_loss:2.7496 running_bpb:1.0602 doc_len:213-214
ttt_progress: batch 158/782 batch_loss:2.8701 batch_bpb:1.1362 running_loss:2.7498 running_bpb:1.0603 doc_len:210-211
ttt_progress: batch 152/782 batch_loss:2.8647 batch_bpb:1.1177 running_loss:2.7500 running_bpb:1.0604 doc_len:205-206
ttt_progress: batch 147/782 batch_loss:2.9042 batch_bpb:1.1490 running_loss:2.7503 running_bpb:1.0605 doc_len:201-202
ttt_progress: batch 142/782 batch_loss:2.9508 batch_bpb:1.1568 running_loss:2.7506 running_bpb:1.0607 doc_len:197-198
ttt_progress: batch 136/782 batch_loss:2.9469 batch_bpb:1.1757 running_loss:2.7509 running_bpb:1.0608 doc_len:192-193
ttt_progress: batch 132/782 batch_loss:2.9288 batch_bpb:1.1272 running_loss:2.7511 running_bpb:1.0609 doc_len:189-189
ttt_progress: batch 125/782 batch_loss:2.9887 batch_bpb:1.1844 running_loss:2.7515 running_bpb:1.0611 doc_len:184-185
ttt_progress: batch 121/782 batch_loss:2.8255 batch_bpb:1.1194 running_loss:2.7516 running_bpb:1.0612 doc_len:181-181
ttt_progress: batch 115/782 batch_loss:2.8518 batch_bpb:1.1508 running_loss:2.7517 running_bpb:1.0613 doc_len:176-177
ttt_progress: batch 110/782 batch_loss:2.9927 batch_bpb:1.1620 running_loss:2.7520 running_bpb:1.0614 doc_len:173-173
ttt_progress: batch 105/782 batch_loss:3.0400 batch_bpb:1.2178 running_loss:2.7524 running_bpb:1.0616 doc_len:169-170
ttt_progress: batch 97/782 batch_loss:2.9860 batch_bpb:1.1665 running_loss:2.7527 running_bpb:1.0618 doc_len:163-164
ttt_progress: batch 94/782 batch_loss:2.9611 batch_bpb:1.1678 running_loss:2.7530 running_bpb:1.0619 doc_len:160-161
ttt_progress: batch 87/782 batch_loss:3.0057 batch_bpb:1.2014 running_loss:2.7533 running_bpb:1.0621 doc_len:155-156
ttt_progress: batch 83/782 batch_loss:3.0076 batch_bpb:1.2018 running_loss:2.7536 running_bpb:1.0622 doc_len:152-153
ttt_progress: batch 77/782 batch_loss:3.0176 batch_bpb:1.1660 running_loss:2.7539 running_bpb:1.0623 doc_len:148-148
ttt_progress: batch 71/782 batch_loss:2.9318 batch_bpb:1.1439 running_loss:2.7541 running_bpb:1.0624 doc_len:143-144
ttt_progress: batch 64/782 batch_loss:2.9798 batch_bpb:1.2351 running_loss:2.7543 running_bpb:1.0626 doc_len:138-139
ttt_progress: batch 61/782 batch_loss:2.9057 batch_bpb:1.1360 running_loss:2.7545 running_bpb:1.0627 doc_len:135-136
ttt_progress: batch 55/782 batch_loss:3.0740 batch_bpb:1.2346 running_loss:2.7548 running_bpb:1.0628 doc_len:130-131
ttt_progress: batch 50/782 batch_loss:2.9660 batch_bpb:1.2175 running_loss:2.7550 running_bpb:1.0630 doc_len:126-127
ttt_progress: batch 45/782 batch_loss:3.0832 batch_bpb:1.2334 running_loss:2.7553 running_bpb:1.0631 doc_len:122-123
ttt_progress: batch 39/782 batch_loss:3.1242 batch_bpb:1.2347 running_loss:2.7557 running_bpb:1.0633 doc_len:118-119
ttt_progress: batch 34/782 batch_loss:3.0642 batch_bpb:1.2405 running_loss:2.7559 running_bpb:1.0634 doc_len:114-115
ttt_progress: batch 31/782 batch_loss:3.1800 batch_bpb:1.2602 running_loss:2.7563 running_bpb:1.0636 doc_len:111-112
ttt_progress: batch 26/782 batch_loss:3.0478 batch_bpb:1.2426 running_loss:2.7565 running_bpb:1.0637 doc_len:107-107
ttt_progress: batch 20/782 batch_loss:3.1211 batch_bpb:1.2623 running_loss:2.7568 running_bpb:1.0639 doc_len:101-102
ttt_progress: batch 16/782 batch_loss:3.0429 batch_bpb:1.2132 running_loss:2.7570 running_bpb:1.0640 doc_len:97-98
ttt_progress: batch 11/782 batch_loss:3.2274 batch_bpb:1.2612 running_loss:2.7573 running_bpb:1.0641 doc_len:90-92
ttt_progress: batch 5/782 batch_loss:3.2997 batch_bpb:1.2871 running_loss:2.7577 running_bpb:1.0643 doc_len:80-82
ttt_progress: batch 1/782 batch_loss:3.3200 batch_bpb:1.2321 running_loss:2.7580 running_bpb:1.0644 doc_len:45-70
quantized_ttt_lora val_loss:2.75975942 val_bpb:1.06838888 eval_time:1250239ms
