[size] === size_lateloop05_mlp4 === 2026-04-23T16:37:14+00:00
W0423 16:37:15.878000 294592 torch/distributed/run.py:851] 
W0423 16:37:15.878000 294592 torch/distributed/run.py:851] *****************************************
W0423 16:37:15.878000 294592 torch/distributed/run.py:851] Setting OMP_NUM_THREADS environment variable for each process to be 1 in default, to avoid your system being overloaded, please further tune the variable for optimal performance in your application as needed. 
W0423 16:37:15.878000 294592 torch/distributed/run.py:851] *****************************************
Hyperparameters:
  adam_eps: 1e-08
  adam_wd: 0.02
  beta1: 0.9
  beta2: 0.95
  clip_mult_early: 1.0
  clip_mult_late: 0.5
  clip_mult_loop: 0.5
  clip_mult_mid: 1.0
  compress_ans: True
  compress_brotli: True
  compress_lzma: True
  data_dir: ./data/
  datasets_dir: ./data/datasets/fineweb10B_sp8192
  distributed: True
  effective_train_seq_len: <property object at 0x1505830d0220>
  ema_decay: 0.9965
  embed_bits: 8
  embed_clip_sigmas: 20.0
  embed_lr: 0.6
  embed_wd: 0.085
  embedding_dim: 512
  enable_looping_at: 0.5
  eval_seq_len: 2048
  eval_stride: 64
  force_dense_eval: False
  fused_mlp: True
  fused_rope: True
  gated_attention: True
  gptq_calibration_batches: 128
  gptq_reserve_seconds: 12.0
  grad_accum_steps: 2
  grad_clip_norm: 0.3
  head_lr: 0.008
  hessian_clip_lambda: 0.3
  is_main_process: True
  iterations: 20000
  ln_scale: True
  local_rank: 0
  logfile: logs/size_lateloop05_mlp4.txt
  logit_softcap: 20.0
  loop_embeddings: True
  loop_end: 5
  loop_layer_bits: 0
  loop_layer_clip_sigmas: 0.0
  loop_start: 3
  matrix_bits: 6
  matrix_clip_sigmas: 14.0
  matrix_lr: 0.022
  max_wallclock_seconds: 3000.0
  min_lr: 0.0
  mixed_seq_gpu_frac: 0.375
  mixed_seq_len: 0
  mlp_mult: 4.0
  model_dim: 512
  model_path: final_model.pt
  moe_enabled: False
  moe_layers: 3,5,7,9
  moe_num_experts: 3
  moe_top_k: 2
  muon_backend_steps: 5
  muon_beta2: 0.95
  muon_momentum: 0.97
  muon_momentum_warmup_start: 0.92
  muon_momentum_warmup_steps: 1500
  muon_row_normalize: True
  muon_wd: 0.095
  num_heads: 8
  num_kv_heads: 4
  num_layers: 11
  num_loops: 2
  parallel_residual_start: 7
  qk_gain_init: 5.25
  quantized_model_path: final_model.int6.ptz
  rank: 0
  rope_base: 10000.0
  rope_dims: 32
  rope_force_base_seqlen: 0
  rope_train_seq_len: 2048
  run_id: size_lateloop05_mlp4
  scalar_lr: 0.022
  seed: 1337
  skip_gates_enabled: True
  skip_training: False
  sliding_window_enabled: True
  slot_enabled: False
  slot_in_ttt: False
  slot_in_ttt_lr: 0.01
  slot_in_ttt_steps: 4
  slot_in_ttt_wd: 0.001
  slot_lr: 0.01
  slot_max_windows: 0
  slot_steps: 4
  slot_train_mode: context
  slot_wd: 0.01
  tie_embeddings: True
  tied_embed_init_std: 0.005
  tied_embed_lr: 0.03
  tokenizer_path: ./data/tokenizers/fineweb_8192_bpe.model
  train_batch_tokens: 786432
  train_files: ./data/datasets/fineweb10B_sp8192/fineweb_train_*.bin
  train_log_every: 500
  train_seq_len: 2048
  ttt_adapt_ema: 0.95
  ttt_adapt_max_scale: 2.0
  ttt_adapt_min_scale: 0.5
  ttt_adapt_power: 1.0
  ttt_adaptive_lr: False
  ttt_batch_size: 64
  ttt_beta1: 0.9
  ttt_beta2: 0.99
  ttt_chunk_size: 64
  ttt_enabled: False
  ttt_eval_seq_len: 2048
  ttt_fp_chunk_tokens: 32768
  ttt_fp_epochs: 3
  ttt_fp_lr: 0.001
  ttt_grad_clip: 1.0
  ttt_grad_steps: 1
  ttt_k_lora: True
  ttt_lora_lr: 0.0001
  ttt_lora_rank: 48
  ttt_max_docs: 0
  ttt_min_doc_len: 0
  ttt_mlp_lora: True
  ttt_nan_guard: True
  ttt_o_lora: True
  ttt_phase_sgd_batch: 8
  ttt_phase_sgd_epochs: 1
  ttt_phase_sgd_lr: 0.0005
  ttt_phase_sgd_momentum: 0.9
  ttt_phase_sgd_optimizer: sgd
  ttt_phase_sgd_seq_len: 1024
  ttt_phase_sgd_wd: 0.0
  ttt_phases: 3
  ttt_rope_base_seqlen: 0
  ttt_weight_decay: 0.2
  val_batch_tokens: 524288
  val_files: ./data/datasets/fineweb10B_sp8192/fineweb_val_*.bin
  val_loss_every: 4000
  varlen_attention: True
  vocab_size: 8192
  warmdown_frac: 0.85
  warmdown_wd_mult: 1.0
  warmup_steps: 20
  window_attn_layers: 
  window_attn_size: 0
  world_size: 4
  xsa_last_n: 9
train_shards: 80
val_tokens: 40540160
model_params:35991216
gptq:reserving 12s, effective=2988000ms
warmup_step: 1/20
warmup_step: 2/20
warmup_step: 3/20
warmup_step: 4/20
warmup_step: 5/20
warmup_step: 6/20
warmup_step: 10/20
warmup_step: 20/20
loop_warmup:enabled encoder:[0, 1, 2, 3, 4, 5, 3, 4] decoder:[5, 3, 4, 5, 6, 7, 8, 9, 10]
loop_warmup_step: 1/20
loop_warmup_step: 2/20
loop_warmup_step: 3/20
loop_warmup_step: 4/20
loop_warmup_step: 5/20
loop_warmup_step: 6/20
loop_warmup_step: 10/20
loop_warmup_step: 20/20
0/20000 val_loss: 9.0099 val_bpb: 3.4878
1/20000 train_loss: 9.0085 train_time: 0.0m tok/s: 1749415
2/20000 train_loss: 11.2724 train_time: 0.0m tok/s: 1732165
3/20000 train_loss: 9.9607 train_time: 0.0m tok/s: 1714325
4/20000 train_loss: 8.5427 train_time: 0.0m tok/s: 1708851
5/20000 train_loss: 7.5075 train_time: 0.0m tok/s: 1704934
500/20000 train_loss: 3.2969 train_time: 6.6m tok/s: 996203
1000/20000 train_loss: 3.1406 train_time: 10.5m tok/s: 1242747
1500/20000 train_loss: 3.0100 train_time: 14.5m tok/s: 1355163
2000/20000 train_loss: 2.9890 train_time: 18.5m tok/s: 1419599
2500/20000 train_loss: 2.3623 train_time: 22.4m tok/s: 1460853
layer_loop:enabled step:2812 frac:0.500 encoder:[0, 1, 2, 3, 4, 5, 3, 4] decoder:[5, 3, 4, 5, 6, 7, 8, 9, 10]
3000/20000 train_loss: 2.9102 train_time: 28.0m tok/s: 1405566
3500/20000 train_loss: 2.9094 train_time: 35.6m tok/s: 1287081
4000/20000 train_loss: 2.8761 train_time: 42.5m tok/s: 1232447
4000/20000 val_loss: 2.8506 val_bpb: 1.1035
4500/20000 train_loss: 2.7826 train_time: 49.4m tok/s: 1193044
4530/20000 val_loss: 2.7879 val_bpb: 1.0792
stopping_early: wallclock_cap train_time: 2988077ms step: 4530/20000
peak memory allocated: 38050 MiB reserved: 38216 MiB
ema:applying EMA weights
pre-quantization post-ema val_loss:2.78785343 val_bpb:1.07920866 eval_time:18848ms
Serialized model: 135625319 bytes
Code size: 42697 bytes
GPTQ:collecting Hessians from calibration data...
GPTQ:collected 67 Hessians in 46.7s
Quantized weights:
  gptq (int6): blocks.attn.c_k.weight, blocks.attn.c_q.weight, blocks.attn.c_v.weight, blocks.attn.proj.weight, blocks.mlp.fc.weight, blocks.mlp.proj.weight
  gptq (int8): tok_emb.weight
  passthrough (float16): blocks.attn.gate_proj.bias, blocks.attn.gate_proj.weight, blocks.attn.q_gain, blocks.attn_scale, blocks.mlp_scale, blocks.resid_mix, loop_embs, skip_gates, skip_weights
compress:brotli 17742199 bytes (54.8s)
compress:ans 17624573 bytes (14.6s)
compress:lzma 18637304 bytes (17.4s)
  ans: model=17624573 total=17667270
  brotli: model=17742199 total=17784896
  lzma: model=18637304 total=18680001
compress:using ans (17624573 bytes)
Serialized model quantized+ans: 17624573 bytes
Total submission size quantized+ans: 17667270 bytes
sliding_perdoc: RoPE NTK seqlen override = 98304
sliding_perdoc: bin 1/1010 segs:32 tokens:0 running_loss:0.0000 running_bpb:0.0000 elapsed:0.0s
sliding_perdoc: bin 102/1010 segs:32 tokens:359616 running_loss:2.6226 running_bpb:1.0641 elapsed:12.4s
sliding_perdoc: bin 203/1010 segs:32 tokens:754944 running_loss:2.6774 running_bpb:1.0772 elapsed:25.0s
sliding_perdoc: bin 304/1010 segs:32 tokens:1148288 running_loss:2.7097 running_bpb:1.0810 elapsed:37.6s
sliding_perdoc: bin 405/1010 segs:32 tokens:1539648 running_loss:2.7185 running_bpb:1.0813 elapsed:50.3s
sliding_perdoc: bin 506/1010 segs:32 tokens:1913152 running_loss:2.7164 running_bpb:1.0826 elapsed:63.1s
sliding_perdoc: bin 607/1010 segs:32 tokens:2318400 running_loss:2.7273 running_bpb:1.0816 elapsed:75.8s
sliding_perdoc: bin 708/1010 segs:32 tokens:2699840 running_loss:2.7296 running_bpb:1.0822 elapsed:88.6s
sliding_perdoc: bin 809/1010 segs:32 tokens:3059456 running_loss:2.7324 running_bpb:1.0831 elapsed:101.4s
sliding_perdoc: bin 910/1010 segs:33 tokens:3484538 running_loss:2.7333 running_bpb:1.0805 elapsed:114.3s
sliding_perdoc: bin 1010/1010 segs:472 tokens:9990290 running_loss:2.7873 running_bpb:1.0784 elapsed:127.6s
quantized_sliding_window val_loss:2.78591246 val_bpb:1.07851353 eval_time:131183ms
[size] size_lateloop05_mlp4 exit=0 at 2026-04-23T17:37:47+00:00
compress:brotli 17742199 bytes (54.8s)
compress:ans 17624573 bytes (14.6s)
compress:lzma 18637304 bytes (17.4s)
compress:using ans (17624573 bytes)
Total submission size quantized+ans: 17667270 bytes
quantized_sliding_window val_loss:2.78591246 val_bpb:1.07851353 eval_time:131183ms
