[p4] waiting for previous sweeps to finish...
[p4] previous sweeps done. Starting phase-4.
-rw-r--r-- 1 root root 16349285 Apr 18 02:22 final_model.int6.ptz
[p4] === pg12_ttt_r48_lr5e5 ===
[p4] pg12_ttt_r48_lr5e5 exit=0
quantized_ttt_lora val_loss:2.76975865 val_bpb:1.07225989 eval_time:1110112ms
[p4] === pg12_ttt_r48_lr7e5 ===
[p4] pg12_ttt_r48_lr7e5 exit=0
quantized_ttt_lora val_loss:2.76915932 val_bpb:1.07202787 eval_time:984769ms
[p4] === pg12_ttt_r48_chunk96 ===
[p4] pg12_ttt_r48_chunk96 exit=0
quantized_ttt_lora val_loss:2.76925453 val_bpb:1.07206473 eval_time:869985ms
[p4] === pg12_ttt_r48_chunk128 ===
[p4] pg12_ttt_r48_chunk128 exit=0
quantized_ttt_lora val_loss:2.76961035 val_bpb:1.07220248 eval_time:719610ms
[p4] === pg12_ttt_r48_lr5e5_chunk96 ===
[p4] pg12_ttt_r48_lr5e5_chunk96 exit=0
quantized_ttt_lora val_loss:2.77033896 val_bpb:1.07248454 eval_time:790809ms
[p4] === pg12_ttt_r48_lr7e5_chunk96 ===
[p4] pg12_ttt_r48_lr7e5_chunk96 exit=0
quantized_ttt_lora val_loss:2.76974733 val_bpb:1.07225551 eval_time:704650ms
[p4] === pg12_ttt_r48_lr5e5_chunk128 ===
[p4] pg12_ttt_r48_lr5e5_chunk128 exit=0
quantized_ttt_lora val_loss:2.77073764 val_bpb:1.07263889 eval_time:566437ms
[p4] === pg12_ttt_r32_lr5e5 ===
[p4] pg12_ttt_r32_lr5e5 exit=0
quantized_ttt_lora val_loss:2.77049984 val_bpb:1.07254683 eval_time:1083544ms
[p4] === pg12_ttt_r48_phased2 ===
[p4] pg12_ttt_r48_phased2 exit=0
quantized_ttt_lora val_loss:2.76865099 val_bpb:1.07183108 eval_time:1175093ms
[p4] === pg12_ttt_r48_lr5e5_phased2 ===
[p4] pg12_ttt_r48_lr5e5_phased2 exit=0
quantized_ttt_lora val_loss:2.76964188 val_bpb:1.07221468 eval_time:1123010ms
[p4] all phase-4 variants complete
[p4] === FULL LEADERBOARD ===
pg12_ttt_r48_phased2                       1.07183108
pg12_ttt_rank48                            1.07187186
pg12_ttt_lr5e5                             1.07194483
pg12_ttt_lr7e5                             1.07201942
pg12_ttt_rank32                            1.07202442
pg12_ttt_r48_lr7e5                         1.07202787
pg12_ttt_r48_chunk96                       1.07206473
pg12_ttt_r48_chunk128                      1.07220248
pg12_ttt_r48_lr5e5_phased2                 1.07221468
pg12_ttt_r48_lr7e5_chunk96                 1.07225551
pg12_ttt_r48_lr5e5                         1.07225989
pg12_ttt_chunk128                          1.07229076
pg12_ttt_phased3                           1.07229554
pg12_ttt_chunk96                           1.07232541
pg12_ttt_phased2                           1.07239714
pg12_eval_verify                           1.07243389
pg12_ttt_phased2_adaptive                  1.07244879
pg12_ttt_r48_lr5e5_chunk96                 1.07248454
pg12_ttt_adaptive                          1.07248513
pg12_ttt_r32_lr5e5                         1.07254683
pg12_ttt_r48_lr5e5_chunk128                1.07263889
pg12_ttt_chunk32                           1.07282040
pg12_ttt_chunk32_adaptive                  1.07290274
pg12_ttt_phased3_r192                      1.07576906
pg12_ttt_rank192                           1.07589266
pg12_ttt_r192_adaptive                     1.07607326
pg12_ttt_steps2                            1.07654957
pg12_ttt_phased2_lr3e4                     1.07846603
pg12_ttt_lr3e4                             1.07849933
pg12_ttt_chunk32_steps2                    1.07909511
pg12_ttt_r192_lr2e4_adaptive               1.08446554
pg12_ttt_r192_lr3e4                        1.09353876
pg12_ttt_r192_chunk32_steps2               1.09455080
