[p6] === pg12_r48_phased2_minlen512 ===
[p6] pg12_r48_phased2_minlen512 exit=0
quantized_ttt_lora val_loss:2.76894327 val_bpb:1.07194423 eval_time:1122555ms
[p6] === pg12_r48_phased2_minlen256 ===
[p6] pg12_r48_phased2_minlen256 exit=0
quantized_ttt_lora val_loss:2.76871717 val_bpb:1.07185670 eval_time:1116391ms
[p6] === pg12_r48_phased2_adapt_tight ===
[p6] pg12_r48_phased2_adapt_tight exit=0
quantized_ttt_lora val_loss:2.76867973 val_bpb:1.07184221 eval_time:1118242ms
[p6] === pg12_r48_phased2_ema99 ===
[p6] pg12_r48_phased2_ema99 exit=0
quantized_ttt_lora val_loss:2.76870654 val_bpb:1.07185258 eval_time:1115086ms
[p6] === pg12_r48_phased2_chunk80 ===
[p6] pg12_r48_phased2_chunk80 exit=0
quantized_ttt_lora val_loss:2.76891964 val_bpb:1.07193508 eval_time:1109721ms
[p6] === pg12_r48_phased3 ===
[p6] pg12_r48_phased3 exit=0
quantized_ttt_lora val_loss:2.76838934 val_bpb:1.07172979 eval_time:1230873ms
[p6] === pg12_r48_phased2_sgd_ep2 ===
[p6] pg12_r48_phased2_sgd_ep2 exit=0
quantized_ttt_lora val_loss:2.76858377 val_bpb:1.07180506 eval_time:1245113ms
[p6] === pg12_r48_phased2_sgd_lr1e3 ===
[p6] pg12_r48_phased2_sgd_lr1e3 exit=0
quantized_ttt_lora val_loss:2.76860695 val_bpb:1.07181403 eval_time:1114644ms
[p6] === pg12_r32_phased2 ===
[p6] pg12_r32_phased2 exit=0
quantized_ttt_lora val_loss:2.76905043 val_bpb:1.07198571 eval_time:1160911ms
[p6] === pg12_r64_phased2 ===
[p6] pg12_r64_phased2 exit=0
quantized_ttt_lora val_loss:2.76879330 val_bpb:1.07188617 eval_time:1381223ms
[p6] all phase-6 variants complete
[p6] === FULL TTT LEADERBOARD ===
pg12_r48_phased3                             1.07172979
pg12_r48_phased2_sgd_ep2                     1.07180506
pg12_r48_phased2_sgd_lr1e3                   1.07181403
pg12_ttt_r48_phased2                         1.07183108
pg12_r48_phased2_adapt_tight                 1.07184221
pg12_r48_phased2_ema99                       1.07185258
pg12_r48_phased2_minlen256                   1.07185670
pg12_ttt_rank48                              1.07187186
pg12_adapt_ema80                             1.07187620
pg12_adapt_pow05                             1.07187772
pg12_adapt_tight                             1.07188003
pg12_adapt_wide                              1.07188082
pg12_r64_phased2                             1.07188617
pg12_adapt_pow15                             1.07188627
pg12_adapt_ema99                             1.07189540
pg12_r48_phased2_chunk80                     1.07193508
pg12_r48_phased2_minlen512                   1.07194423
pg12_ttt_lr5e5                               1.07194483
pg12_ttt_minlen512                           1.07198294
pg12_r32_phased2                             1.07198571
pg12_ttt_lr7e5                               1.07201942
pg12_ttt_rank32                              1.07202442
pg12_ttt_r48_lr7e5                           1.07202787
pg12_ttt_r48_chunk96                         1.07206473
pg12_ttt_minlen1024                          1.07216318
pg12_ttt_r48_chunk128                        1.07220248
pg12_ttt_r48_lr5e5_phased2                   1.07221468
pg12_ttt_r48_lr7e5_chunk96                   1.07225551
pg12_ttt_r48_lr5e5                           1.07225989
pg12_ttt_chunk128                            1.07229076
pg12_ttt_phased3                             1.07229554
pg12_ttt_chunk96                             1.07232541
pg12_ttt_minlen2048                          1.07236090
pg12_ttt_phased2                             1.07239714
pg12_eval_verify                             1.07243389
pg12_ttt_phased2_adaptive                    1.07244879
pg12_ttt_r48_lr5e5_chunk96                   1.07248454
pg12_ttt_adaptive                            1.07248513
pg12_ttt_r32_lr5e5                           1.07254683
pg12_ttt_minlen4096                          1.07257924
pg12_ttt_r48_lr5e5_chunk128                  1.07263889
pg12_ttt_chunk32                             1.07282040
pg12_ttt_chunk32_adaptive                    1.07290274
pg12_ttt_phased3_r192                        1.07576906
pg12_ttt_rank192                             1.07589266
pg12_ttt_r192_adaptive                       1.07607326
pg12_ttt_steps2                              1.07654957
pg12_ttt_phased2_lr3e4                       1.07846603
pg12_ttt_lr3e4                               1.07849933
pg12_ttt_chunk32_steps2                      1.07909511
pg12_ttt_r192_lr2e4_adaptive                 1.08446554
pg12_ttt_r192_lr3e4                          1.09353876
pg12_ttt_r192_chunk32_steps2                 1.09455080
