W0418 22:54:01.804000 234711 torch/distributed/run.py:851] 
W0418 22:54:01.804000 234711 torch/distributed/run.py:851] *****************************************
W0418 22:54:01.804000 234711 torch/distributed/run.py:851] Setting OMP_NUM_THREADS environment variable for each process to be 1 in default, to avoid your system being overloaded, please further tune the variable for optimal performance in your application as needed. 
W0418 22:54:01.804000 234711 torch/distributed/run.py:851] *****************************************
Hyperparameters:
  adam_eps: 1e-08
  adam_wd: 0.02
  beta1: 0.9
  beta2: 0.95
  clip_mult_early: 1.0
  clip_mult_late: 1.0
  clip_mult_loop: 1.0
  clip_mult_mid: 1.0
  compress_ans: True
  compress_brotli: False
  compress_lzma: False
  data_dir: ./data/
  datasets_dir: ./data/datasets/fineweb10B_sp8192
  distributed: True
  effective_train_seq_len: <property object at 0x1523b6c807c0>
  ema_decay: 0.9965
  embed_bits: 8
  embed_clip_sigmas: 20.0
  embed_lr: 0.6
  embed_wd: 0.085
  embedding_dim: 512
  enable_looping_at: 0.35
  eval_seq_len: 2048
  eval_stride: 64
  force_dense_eval: False
  fused_mlp: True
  fused_rope: True
  gated_attention: True
  gptq_calibration_batches: 128
  gptq_reserve_seconds: 12.0
  grad_accum_steps: 2
  grad_clip_norm: 0.3
  head_lr: 0.008
  hessian_clip_lambda: 0.3
  is_main_process: True
  iterations: 20000
  ln_scale: True
  local_rank: 0
  logfile: logs/pg12_slot_steps2.txt
  logit_softcap: 20.0
  loop_embeddings: False
  loop_end: 5
  loop_layer_bits: 0
  loop_layer_clip_sigmas: 0.0
  loop_start: 3
  matrix_bits: 6
  matrix_clip_sigmas: 14.0
  matrix_lr: 0.022
  max_wallclock_seconds: 3600.0
  min_lr: 0.0
  mixed_seq_gpu_frac: 0.375
  mixed_seq_len: 0
  mlp_mult: 4.35
  model_dim: 512
  model_path: final_model.pt
  moe_enabled: False
  moe_layers: 3,5,7,9
  moe_num_experts: 3
  moe_top_k: 2
  muon_backend_steps: 5
  muon_beta2: 0.95
  muon_momentum: 0.97
  muon_momentum_warmup_start: 0.92
  muon_momentum_warmup_steps: 1500
  muon_row_normalize: True
  muon_wd: 0.095
  num_heads: 8
  num_kv_heads: 4
  num_layers: 11
  num_loops: 2
  parallel_residual_start: 7
  qk_gain_init: 5.25
  quantized_model_path: final_model.int6.ptz
  rank: 0
  rope_base: 10000.0
  rope_dims: 32
  rope_force_base_seqlen: 0
  rope_train_seq_len: 2048
  run_id: pg12_slot_steps2
  run_sw_only: True
  run_ttt_only: False
  scalar_lr: 0.022
  seed: 1337
  skip_gates_enabled: True
  skip_training: True
  sliding_window_enabled: True
  slot_enabled: True
  slot_lr: 0.01
  slot_max_windows: 0
  slot_steps: 2
  slot_train_mode: context
  slot_wd: 0.01
  tie_embeddings: True
  tied_embed_init_std: 0.005
  tied_embed_lr: 0.03
  tokenizer_path: ./data/tokenizers/fineweb_8192_bpe.model
  train_batch_tokens: 786432
  train_files: ./data/datasets/fineweb10B_sp8192/fineweb_train_*.bin
  train_log_every: 500
  train_seq_len: 2048
  ttt_adapt_ema: 0.95
  ttt_adapt_max_scale: 2.0
  ttt_adapt_min_scale: 0.5
  ttt_adapt_power: 1.0
  ttt_adaptive_lr: False
  ttt_batch_size: 64
  ttt_beta1: 0.9
  ttt_beta2: 0.99
  ttt_chunk_size: 64
  ttt_enabled: False
  ttt_eval_seq_len: 2048
  ttt_fp_chunk_tokens: 32768
  ttt_fp_epochs: 3
  ttt_fp_lr: 0.001
  ttt_grad_clip: 1.0
  ttt_grad_steps: 1
  ttt_k_lora: True
  ttt_lora_lr: 0.0001
  ttt_lora_rank: 48
  ttt_max_docs: 0
  ttt_min_doc_len: 0
  ttt_mlp_lora: True
  ttt_nan_guard: True
  ttt_o_lora: True
  ttt_phase_sgd_batch: 8
  ttt_phase_sgd_epochs: 1
  ttt_phase_sgd_lr: 0.0005
  ttt_phase_sgd_momentum: 0.9
  ttt_phase_sgd_optimizer: sgd
  ttt_phase_sgd_seq_len: 1024
  ttt_phase_sgd_wd: 0.0
  ttt_phases: 1
  ttt_rope_base_seqlen: 0
  ttt_weight_decay: 0.2
  val_batch_tokens: 524288
  val_files: ./data/datasets/fineweb10B_sp8192/fineweb_val_*.bin
  val_loss_every: 4000
  varlen_attention: True
  vocab_size: 8192
  warmdown_frac: 0.85
  warmdown_wd_mult: 1.0
  warmup_steps: 20
  window_attn_layers: 
  window_attn_size: 0
  world_size: 4
  xsa_last_n: 11
train_shards: 80
val_tokens: 40540160
SKIP_TRAINING=1 — reusing existing final_model.int6.ptz
slot:enabled steps=2 lr=0.01 wd=0.01 train_mode=context windows/rank=158352
slot_progress: batch 1/4949 tokens:0 running_loss:0.0000 running_bpb:0.0000 elapsed:0.0s
slot_progress: batch 101/4949 tokens:206784 running_loss:2.7471 running_bpb:1.0657 elapsed:16.8s
slot_progress: batch 201/4949 tokens:411584 running_loss:2.7408 running_bpb:1.0768 elapsed:33.1s
slot_progress: batch 301/4949 tokens:616384 running_loss:2.7443 running_bpb:1.0746 elapsed:49.4s
slot_progress: batch 401/4949 tokens:821184 running_loss:2.7614 running_bpb:1.0803 elapsed:65.8s
slot_progress: batch 501/4949 tokens:1025984 running_loss:2.7436 running_bpb:1.0776 elapsed:82.2s
slot_progress: batch 601/4949 tokens:1230784 running_loss:2.7642 running_bpb:1.0866 elapsed:98.7s
slot_progress: batch 701/4949 tokens:1435584 running_loss:2.7538 running_bpb:1.0826 elapsed:115.1s
slot_progress: batch 801/4949 tokens:1640384 running_loss:2.7445 running_bpb:1.0815 elapsed:131.5s
slot_progress: batch 901/4949 tokens:1845184 running_loss:2.7296 running_bpb:1.0781 elapsed:148.0s
slot_progress: batch 1001/4949 tokens:2049984 running_loss:2.7295 running_bpb:1.0768 elapsed:164.4s
slot_progress: batch 1101/4949 tokens:2254784 running_loss:2.7335 running_bpb:1.0788 elapsed:180.7s
slot_progress: batch 1201/4949 tokens:2459584 running_loss:2.7228 running_bpb:1.0747 elapsed:197.1s
slot_progress: batch 1301/4949 tokens:2664384 running_loss:2.7258 running_bpb:1.0754 elapsed:213.4s
slot_progress: batch 1401/4949 tokens:2869184 running_loss:2.7267 running_bpb:1.0742 elapsed:229.7s
slot_progress: batch 1501/4949 tokens:3073984 running_loss:2.7246 running_bpb:1.0732 elapsed:246.0s
slot_progress: batch 1601/4949 tokens:3278784 running_loss:2.7259 running_bpb:1.0736 elapsed:262.4s
slot_progress: batch 1701/4949 tokens:3483584 running_loss:2.7250 running_bpb:1.0742 elapsed:278.7s
slot_progress: batch 1801/4949 tokens:3688384 running_loss:2.7316 running_bpb:1.0764 elapsed:295.1s
slot_progress: batch 1901/4949 tokens:3893184 running_loss:2.7312 running_bpb:1.0764 elapsed:311.4s
slot_progress: batch 2001/4949 tokens:4097984 running_loss:2.7348 running_bpb:1.0793 elapsed:327.8s
slot_progress: batch 2101/4949 tokens:4302784 running_loss:2.7337 running_bpb:1.0787 elapsed:344.1s
slot_progress: batch 2201/4949 tokens:4507584 running_loss:2.7314 running_bpb:1.0771 elapsed:360.4s
slot_progress: batch 2301/4949 tokens:4712384 running_loss:2.7335 running_bpb:1.0778 elapsed:376.7s
slot_progress: batch 2401/4949 tokens:4917184 running_loss:2.7316 running_bpb:1.0777 elapsed:393.0s
slot_progress: batch 2501/4949 tokens:5121984 running_loss:2.7316 running_bpb:1.0782 elapsed:409.4s
slot_progress: batch 2601/4949 tokens:5326784 running_loss:2.7297 running_bpb:1.0778 elapsed:425.8s
slot_progress: batch 2701/4949 tokens:5531584 running_loss:2.7311 running_bpb:1.0782 elapsed:442.0s
slot_progress: batch 2801/4949 tokens:5736384 running_loss:2.7274 running_bpb:1.0760 elapsed:458.5s
slot_progress: batch 2901/4949 tokens:5941184 running_loss:2.7295 running_bpb:1.0772 elapsed:474.8s
slot_progress: batch 3001/4949 tokens:6145984 running_loss:2.7330 running_bpb:1.0779 elapsed:491.1s
slot_progress: batch 3101/4949 tokens:6350784 running_loss:2.7343 running_bpb:1.0773 elapsed:507.4s
slot_progress: batch 3201/4949 tokens:6555584 running_loss:2.7374 running_bpb:1.0779 elapsed:523.7s
slot_progress: batch 3301/4949 tokens:6760384 running_loss:2.7402 running_bpb:1.0787 elapsed:540.0s
slot_progress: batch 3401/4949 tokens:6965184 running_loss:2.7416 running_bpb:1.0791 elapsed:556.4s
slot_progress: batch 3501/4949 tokens:7169984 running_loss:2.7416 running_bpb:1.0784 elapsed:572.7s
slot_progress: batch 3601/4949 tokens:7374784 running_loss:2.7439 running_bpb:1.0784 elapsed:588.9s
slot_progress: batch 3701/4949 tokens:7579584 running_loss:2.7471 running_bpb:1.0791 elapsed:605.2s
slot_progress: batch 3801/4949 tokens:7784384 running_loss:2.7445 running_bpb:1.0795 elapsed:621.7s
slot_progress: batch 3901/4949 tokens:7989184 running_loss:2.7468 running_bpb:1.0796 elapsed:638.0s
slot_progress: batch 4001/4949 tokens:8193984 running_loss:2.7481 running_bpb:1.0795 elapsed:654.4s
slot_progress: batch 4101/4949 tokens:8398784 running_loss:2.7517 running_bpb:1.0801 elapsed:670.6s
slot_progress: batch 4201/4949 tokens:8603584 running_loss:2.7529 running_bpb:1.0800 elapsed:686.9s
slot_progress: batch 4301/4949 tokens:8808384 running_loss:2.7524 running_bpb:1.0789 elapsed:703.2s
slot_progress: batch 4401/4949 tokens:9013184 running_loss:2.7537 running_bpb:1.0790 elapsed:719.5s
slot_progress: batch 4501/4949 tokens:9217984 running_loss:2.7562 running_bpb:1.0795 elapsed:735.8s
slot_progress: batch 4601/4949 tokens:9422784 running_loss:2.7570 running_bpb:1.0792 elapsed:752.1s
slot_progress: batch 4701/4949 tokens:9627584 running_loss:2.7592 running_bpb:1.0792 elapsed:768.4s
slot_progress: batch 4801/4949 tokens:9832384 running_loss:2.7605 running_bpb:1.0787 elapsed:784.6s
slot_progress: batch 4901/4949 tokens:10037184 running_loss:2.7636 running_bpb:1.0792 elapsed:801.0s
slot_progress: batch 4949/4949 tokens:10135488 running_loss:2.7632 running_bpb:1.0786 elapsed:808.8s
quantized_slot val_loss:2.77328568 val_bpb:1.07362531 eval_time:817718ms
