W0418 21:08:51.365000 230931 torch/distributed/run.py:851] 
W0418 21:08:51.365000 230931 torch/distributed/run.py:851] *****************************************
W0418 21:08:51.365000 230931 torch/distributed/run.py:851] Setting OMP_NUM_THREADS environment variable for each process to be 1 in default, to avoid your system being overloaded, please further tune the variable for optimal performance in your application as needed. 
W0418 21:08:51.365000 230931 torch/distributed/run.py:851] *****************************************
Hyperparameters:
  adam_eps: 1e-08
  adam_wd: 0.02
  beta1: 0.9
  beta2: 0.95
  clip_mult_early: 1.0
  clip_mult_late: 1.0
  clip_mult_loop: 1.0
  clip_mult_mid: 1.0
  compress_ans: True
  compress_brotli: False
  compress_lzma: False
  data_dir: ./data/
  datasets_dir: ./data/datasets/fineweb10B_sp8192
  distributed: True
  effective_train_seq_len: <property object at 0x151558b7c630>
  ema_decay: 0.9965
  embed_bits: 8
  embed_clip_sigmas: 20.0
  embed_lr: 0.6
  embed_wd: 0.085
  embedding_dim: 512
  enable_looping_at: 0.35
  eval_seq_len: 2048
  eval_stride: 64
  force_dense_eval: False
  fused_mlp: True
  fused_rope: True
  gated_attention: True
  gptq_calibration_batches: 128
  gptq_reserve_seconds: 12.0
  grad_accum_steps: 2
  grad_clip_norm: 0.3
  head_lr: 0.008
  hessian_clip_lambda: 0.3
  is_main_process: True
  iterations: 20000
  ln_scale: True
  local_rank: 0
  logfile: logs/pg12_adapt_ema99.txt
  logit_softcap: 20.0
  loop_embeddings: False
  loop_end: 5
  loop_layer_bits: 0
  loop_layer_clip_sigmas: 0.0
  loop_start: 3
  matrix_bits: 6
  matrix_clip_sigmas: 14.0
  matrix_lr: 0.022
  max_wallclock_seconds: 3600.0
  min_lr: 0.0
  mixed_seq_gpu_frac: 0.375
  mixed_seq_len: 0
  mlp_mult: 4.35
  model_dim: 512
  model_path: final_model.pt
  moe_enabled: False
  moe_layers: 3,5,7,9
  moe_num_experts: 3
  moe_top_k: 2
  muon_backend_steps: 5
  muon_beta2: 0.95
  muon_momentum: 0.97
  muon_momentum_warmup_start: 0.92
  muon_momentum_warmup_steps: 1500
  muon_row_normalize: True
  muon_wd: 0.095
  num_heads: 8
  num_kv_heads: 4
  num_layers: 11
  num_loops: 2
  parallel_residual_start: 7
  qk_gain_init: 5.25
  quantized_model_path: final_model.int6.ptz
  rank: 0
  rope_base: 10000.0
  rope_dims: 32
  rope_force_base_seqlen: 0
  rope_train_seq_len: 2048
  run_id: pg12_adapt_ema99
  run_sw_only: False
  run_ttt_only: True
  scalar_lr: 0.022
  seed: 1337
  skip_gates_enabled: True
  skip_training: True
  sliding_window_enabled: True
  slot_enabled: False
  slot_lr: 0.01
  slot_max_windows: 0
  slot_steps: 4
  slot_train_mode: context
  slot_wd: 0.01
  tie_embeddings: True
  tied_embed_init_std: 0.005
  tied_embed_lr: 0.03
  tokenizer_path: ./data/tokenizers/fineweb_8192_bpe.model
  train_batch_tokens: 786432
  train_files: ./data/datasets/fineweb10B_sp8192/fineweb_train_*.bin
  train_log_every: 500
  train_seq_len: 2048
  ttt_adapt_ema: 0.99
  ttt_adapt_max_scale: 2.0
  ttt_adapt_min_scale: 0.5
  ttt_adapt_power: 1.0
  ttt_adaptive_lr: True
  ttt_batch_size: 64
  ttt_beta1: 0.9
  ttt_beta2: 0.99
  ttt_chunk_size: 64
  ttt_enabled: True
  ttt_eval_seq_len: 2048
  ttt_fp_chunk_tokens: 32768
  ttt_fp_epochs: 3
  ttt_fp_lr: 0.001
  ttt_grad_clip: 1.0
  ttt_grad_steps: 1
  ttt_k_lora: True
  ttt_lora_lr: 0.0001
  ttt_lora_rank: 48
  ttt_max_docs: 0
  ttt_min_doc_len: 0
  ttt_mlp_lora: True
  ttt_nan_guard: True
  ttt_o_lora: True
  ttt_phase_sgd_batch: 8
  ttt_phase_sgd_epochs: 1
  ttt_phase_sgd_lr: 0.0005
  ttt_phase_sgd_momentum: 0.9
  ttt_phase_sgd_optimizer: sgd
  ttt_phase_sgd_seq_len: 1024
  ttt_phase_sgd_wd: 0.0
  ttt_phases: 1
  ttt_rope_base_seqlen: 0
  ttt_weight_decay: 0.2
  val_batch_tokens: 524288
  val_files: ./data/datasets/fineweb10B_sp8192/fineweb_val_*.bin
  val_loss_every: 4000
  varlen_attention: True
  vocab_size: 8192
  warmdown_frac: 0.85
  warmdown_wd_mult: 1.0
  warmup_steps: 20
  window_attn_layers: 
  window_attn_size: 0
  world_size: 4
  xsa_last_n: 11
train_shards: 80
val_tokens: 40540160
SKIP_TRAINING=1 — reusing existing final_model.int6.ptz
ttt_lora:rope_base inherited ROPE_FORCE_BASE_SEQLEN=98304
ttt_lora:warming up compile
ttt_lora:compile warmup done (82.8s)
ttt_lora:docs:50000 rank:48 lr:0.0001 chunk:64
ttt_lora:adaptive_lr enabled ema=0.99 scale_range=[0.5,2.0] power=1.0
[rank2]:W0418 21:13:36.691000 231001 .venv/lib/python3.12/site-packages/torch/_dynamo/convert_frame.py:1743] [0/8] torch._dynamo hit config.recompile_limit (8)
[rank2]:W0418 21:13:36.691000 231001 .venv/lib/python3.12/site-packages/torch/_dynamo/convert_frame.py:1743] [0/8]    function: '_fwd_ttt_inner' (/root/parameter-golf/train_gpt_improved_04_16.py:3358)
[rank2]:W0418 21:13:36.691000 231001 .venv/lib/python3.12/site-packages/torch/_dynamo/convert_frame.py:1743] [0/8]    last reason: 0/7: tensor 'input_ids' size mismatch at index 1. expected 384, actual 448
[rank2]:W0418 21:13:36.691000 231001 .venv/lib/python3.12/site-packages/torch/_dynamo/convert_frame.py:1743] [0/8] To log all recompilation reasons, use TORCH_LOGS="recompiles".
[rank2]:W0418 21:13:36.691000 231001 .venv/lib/python3.12/site-packages/torch/_dynamo/convert_frame.py:1743] [0/8] To diagnose recompilation issues, see https://docs.pytorch.org/docs/main/user_guide/torch_compiler/compile/programming_model.recompilation.html
[rank3]:W0418 21:13:36.909000 231002 .venv/lib/python3.12/site-packages/torch/_dynamo/convert_frame.py:1743] [0/8] torch._dynamo hit config.recompile_limit (8)
[rank3]:W0418 21:13:36.909000 231002 .venv/lib/python3.12/site-packages/torch/_dynamo/convert_frame.py:1743] [0/8]    function: '_fwd_ttt_inner' (/root/parameter-golf/train_gpt_improved_04_16.py:3358)
[rank3]:W0418 21:13:36.909000 231002 .venv/lib/python3.12/site-packages/torch/_dynamo/convert_frame.py:1743] [0/8]    last reason: 0/7: tensor 'input_ids' size mismatch at index 1. expected 448, actual 512
[rank3]:W0418 21:13:36.909000 231002 .venv/lib/python3.12/site-packages/torch/_dynamo/convert_frame.py:1743] [0/8] To log all recompilation reasons, use TORCH_LOGS="recompiles".
[rank3]:W0418 21:13:36.909000 231002 .venv/lib/python3.12/site-packages/torch/_dynamo/convert_frame.py:1743] [0/8] To diagnose recompilation issues, see https://docs.pytorch.org/docs/main/user_guide/torch_compiler/compile/programming_model.recompilation.html
[rank0]:W0418 21:13:38.272000 230999 .venv/lib/python3.12/site-packages/torch/_dynamo/convert_frame.py:1743] [0/8] torch._dynamo hit config.recompile_limit (8)
[rank0]:W0418 21:13:38.272000 230999 .venv/lib/python3.12/site-packages/torch/_dynamo/convert_frame.py:1743] [0/8]    function: '_fwd_ttt_inner' (/root/parameter-golf/train_gpt_improved_04_16.py:3358)
[rank0]:W0418 21:13:38.272000 230999 .venv/lib/python3.12/site-packages/torch/_dynamo/convert_frame.py:1743] [0/8]    last reason: 0/7: tensor 'input_ids' size mismatch at index 1. expected 448, actual 512
[rank0]:W0418 21:13:38.272000 230999 .venv/lib/python3.12/site-packages/torch/_dynamo/convert_frame.py:1743] [0/8] To log all recompilation reasons, use TORCH_LOGS="recompiles".
[rank0]:W0418 21:13:38.272000 230999 .venv/lib/python3.12/site-packages/torch/_dynamo/convert_frame.py:1743] [0/8] To diagnose recompilation issues, see https://docs.pytorch.org/docs/main/user_guide/torch_compiler/compile/programming_model.recompilation.html
[rank1]:W0418 21:13:40.139000 231000 .venv/lib/python3.12/site-packages/torch/_dynamo/convert_frame.py:1743] [0/8] torch._dynamo hit config.recompile_limit (8)
[rank1]:W0418 21:13:40.139000 231000 .venv/lib/python3.12/site-packages/torch/_dynamo/convert_frame.py:1743] [0/8]    function: '_fwd_ttt_inner' (/root/parameter-golf/train_gpt_improved_04_16.py:3358)
[rank1]:W0418 21:13:40.139000 231000 .venv/lib/python3.12/site-packages/torch/_dynamo/convert_frame.py:1743] [0/8]    last reason: 0/7: tensor 'input_ids' size mismatch at index 1. expected 448, actual 512
[rank1]:W0418 21:13:40.139000 231000 .venv/lib/python3.12/site-packages/torch/_dynamo/convert_frame.py:1743] [0/8] To log all recompilation reasons, use TORCH_LOGS="recompiles".
[rank1]:W0418 21:13:40.139000 231000 .venv/lib/python3.12/site-packages/torch/_dynamo/convert_frame.py:1743] [0/8] To diagnose recompilation issues, see https://docs.pytorch.org/docs/main/user_guide/torch_compiler/compile/programming_model.recompilation.html
ttt_progress: batch 781/782 batch_loss:2.5731 batch_bpb:1.0622 running_loss:2.5731 running_bpb:1.0622 doc_len:14510-25988
ttt_progress: batch 774/782 batch_loss:2.7296 batch_bpb:1.0780 running_loss:2.6095 running_bpb:1.0660 doc_len:5552-5852
ttt_progress: batch 771/782 batch_loss:2.7608 batch_bpb:1.0795 running_loss:2.6344 running_bpb:1.0683 doc_len:4701-4937
ttt_progress: batch 767/782 batch_loss:2.7579 batch_bpb:1.1011 running_loss:2.6494 running_bpb:1.0723 doc_len:3963-4123
ttt_progress: batch 763/782 batch_loss:2.7927 batch_bpb:1.1020 running_loss:2.6633 running_bpb:1.0753 doc_len:3536-3637
ttt_progress: batch 760/782 batch_loss:2.8415 batch_bpb:1.1159 running_loss:2.6779 running_bpb:1.0787 doc_len:3255-3334
ttt_progress: batch 755/782 batch_loss:2.6876 batch_bpb:1.0413 running_loss:2.6785 running_bpb:1.0761 doc_len:2899-2972
ttt_progress: batch 752/782 batch_loss:2.7630 batch_bpb:1.0601 running_loss:2.6836 running_bpb:1.0751 doc_len:2740-2793
ttt_progress: batch 748/782 batch_loss:2.8018 batch_bpb:1.0729 running_loss:2.6899 running_bpb:1.0749 doc_len:2539-2578
ttt_progress: batch 744/782 batch_loss:2.6538 batch_bpb:1.0572 running_loss:2.6882 running_bpb:1.0741 doc_len:2388-2419
ttt_progress: batch 739/782 batch_loss:2.8233 batch_bpb:1.0720 running_loss:2.6939 running_bpb:1.0740 doc_len:2227-2253
ttt_progress: batch 736/782 batch_loss:2.6745 batch_bpb:1.0425 running_loss:2.6931 running_bpb:1.0728 doc_len:2140-2165
ttt_progress: batch 732/782 batch_loss:2.8196 batch_bpb:1.0974 running_loss:2.6976 running_bpb:1.0737 doc_len:2041-2062
ttt_progress: batch 726/782 batch_loss:2.7974 batch_bpb:1.0646 running_loss:2.7009 running_bpb:1.0733 doc_len:1915-1936
ttt_progress: batch 723/782 batch_loss:2.7782 batch_bpb:1.0599 running_loss:2.7032 running_bpb:1.0729 doc_len:1861-1885
ttt_progress: batch 718/782 batch_loss:2.7732 batch_bpb:1.0690 running_loss:2.7052 running_bpb:1.0728 doc_len:1773-1792
ttt_progress: batch 716/782 batch_loss:2.8059 batch_bpb:1.0354 running_loss:2.7079 running_bpb:1.0717 doc_len:1739-1754
ttt_progress: batch 711/782 batch_loss:2.7712 batch_bpb:1.0435 running_loss:2.7095 running_bpb:1.0710 doc_len:1673-1683
ttt_progress: batch 707/782 batch_loss:2.7626 batch_bpb:1.0799 running_loss:2.7108 running_bpb:1.0712 doc_len:1627-1638
ttt_progress: batch 704/782 batch_loss:2.7416 batch_bpb:1.0225 running_loss:2.7115 running_bpb:1.0700 doc_len:1595-1606
ttt_progress: batch 698/782 batch_loss:2.7757 batch_bpb:1.0288 running_loss:2.7129 running_bpb:1.0691 doc_len:1534-1543
ttt_progress: batch 694/782 batch_loss:2.7618 batch_bpb:1.0659 running_loss:2.7139 running_bpb:1.0690 doc_len:1494-1504
ttt_progress: batch 690/782 batch_loss:2.8344 batch_bpb:1.0621 running_loss:2.7163 running_bpb:1.0688 doc_len:1458-1467
ttt_progress: batch 688/782 batch_loss:2.7422 batch_bpb:1.0461 running_loss:2.7168 running_bpb:1.0684 doc_len:1441-1450
ttt_progress: batch 684/782 batch_loss:2.7937 batch_bpb:1.0740 running_loss:2.7182 running_bpb:1.0685 doc_len:1407-1414
ttt_progress: batch 679/782 batch_loss:2.8451 batch_bpb:1.0839 running_loss:2.7204 running_bpb:1.0688 doc_len:1368-1374
ttt_progress: batch 675/782 batch_loss:2.8365 batch_bpb:1.0648 running_loss:2.7224 running_bpb:1.0687 doc_len:1341-1347
ttt_progress: batch 670/782 batch_loss:2.8209 batch_bpb:1.0547 running_loss:2.7240 running_bpb:1.0685 doc_len:1308-1315
ttt_progress: batch 666/782 batch_loss:2.8200 batch_bpb:1.0599 running_loss:2.7255 running_bpb:1.0683 doc_len:1282-1288
ttt_progress: batch 662/782 batch_loss:2.8056 batch_bpb:1.0705 running_loss:2.7267 running_bpb:1.0684 doc_len:1258-1263
ttt_progress: batch 658/782 batch_loss:2.8066 batch_bpb:1.0743 running_loss:2.7279 running_bpb:1.0685 doc_len:1234-1239
ttt_progress: batch 654/782 batch_loss:2.7254 batch_bpb:1.0346 running_loss:2.7278 running_bpb:1.0680 doc_len:1209-1215
ttt_progress: batch 652/782 batch_loss:2.7948 batch_bpb:1.0708 running_loss:2.7287 running_bpb:1.0680 doc_len:1198-1203
ttt_progress: batch 648/782 batch_loss:2.7426 batch_bpb:1.0396 running_loss:2.7289 running_bpb:1.0676 doc_len:1177-1182
ttt_progress: batch 644/782 batch_loss:2.7301 batch_bpb:1.0301 running_loss:2.7289 running_bpb:1.0671 doc_len:1155-1160
ttt_progress: batch 640/782 batch_loss:2.7773 batch_bpb:1.0809 running_loss:2.7295 running_bpb:1.0673 doc_len:1134-1140
ttt_progress: batch 636/782 batch_loss:2.7529 batch_bpb:1.0679 running_loss:2.7298 running_bpb:1.0673 doc_len:1116-1120
ttt_progress: batch 632/782 batch_loss:2.7283 batch_bpb:1.0248 running_loss:2.7298 running_bpb:1.0668 doc_len:1096-1101
ttt_progress: batch 628/782 batch_loss:2.7660 batch_bpb:1.0460 running_loss:2.7302 running_bpb:1.0665 doc_len:1078-1082
ttt_progress: batch 625/782 batch_loss:2.6600 batch_bpb:0.9994 running_loss:2.7294 running_bpb:1.0657 doc_len:1064-1068
ttt_progress: batch 621/782 batch_loss:2.8298 batch_bpb:1.0838 running_loss:2.7305 running_bpb:1.0659 doc_len:1046-1050
ttt_progress: batch 617/782 batch_loss:2.7396 batch_bpb:1.0369 running_loss:2.7306 running_bpb:1.0656 doc_len:1027-1031
ttt_progress: batch 613/782 batch_loss:2.8191 batch_bpb:1.0611 running_loss:2.7315 running_bpb:1.0656 doc_len:1012-1016
ttt_progress: batch 609/782 batch_loss:2.7819 batch_bpb:1.0560 running_loss:2.7321 running_bpb:1.0655 doc_len:994-999
ttt_progress: batch 605/782 batch_loss:2.7357 batch_bpb:1.0553 running_loss:2.7321 running_bpb:1.0654 doc_len:978-982
ttt_progress: batch 601/782 batch_loss:2.7545 batch_bpb:1.0586 running_loss:2.7323 running_bpb:1.0653 doc_len:963-966
ttt_progress: batch 596/782 batch_loss:2.7731 batch_bpb:1.0621 running_loss:2.7327 running_bpb:1.0653 doc_len:943-947
ttt_progress: batch 592/782 batch_loss:2.7743 batch_bpb:1.0445 running_loss:2.7331 running_bpb:1.0651 doc_len:930-933
ttt_progress: batch 588/782 batch_loss:2.7307 batch_bpb:1.0418 running_loss:2.7330 running_bpb:1.0649 doc_len:917-921
ttt_progress: batch 584/782 batch_loss:2.7602 batch_bpb:1.0370 running_loss:2.7333 running_bpb:1.0646 doc_len:904-907
ttt_progress: batch 580/782 batch_loss:2.7219 batch_bpb:1.0342 running_loss:2.7332 running_bpb:1.0644 doc_len:891-894
ttt_progress: batch 578/782 batch_loss:2.7993 batch_bpb:1.0665 running_loss:2.7337 running_bpb:1.0644 doc_len:884-887
ttt_progress: batch 574/782 batch_loss:2.7770 batch_bpb:1.0373 running_loss:2.7341 running_bpb:1.0642 doc_len:871-874
ttt_progress: batch 570/782 batch_loss:2.7763 batch_bpb:1.0805 running_loss:2.7344 running_bpb:1.0643 doc_len:858-862
ttt_progress: batch 566/782 batch_loss:2.7096 batch_bpb:1.0297 running_loss:2.7342 running_bpb:1.0640 doc_len:846-849
ttt_progress: batch 562/782 batch_loss:2.6968 batch_bpb:1.0193 running_loss:2.7339 running_bpb:1.0637 doc_len:834-837
ttt_progress: batch 558/782 batch_loss:2.6895 batch_bpb:1.0186 running_loss:2.7336 running_bpb:1.0633 doc_len:821-824
ttt_progress: batch 554/782 batch_loss:2.7288 batch_bpb:1.0272 running_loss:2.7336 running_bpb:1.0630 doc_len:809-812
ttt_progress: batch 550/782 batch_loss:2.8014 batch_bpb:1.0749 running_loss:2.7341 running_bpb:1.0631 doc_len:798-801
ttt_progress: batch 547/782 batch_loss:2.7253 batch_bpb:1.0292 running_loss:2.7340 running_bpb:1.0629 doc_len:790-793
ttt_progress: batch 543/782 batch_loss:2.7752 batch_bpb:1.0418 running_loss:2.7343 running_bpb:1.0627 doc_len:779-782
ttt_progress: batch 539/782 batch_loss:2.7158 batch_bpb:1.0398 running_loss:2.7341 running_bpb:1.0626 doc_len:769-771
ttt_progress: batch 534/782 batch_loss:2.8115 batch_bpb:1.0695 running_loss:2.7347 running_bpb:1.0626 doc_len:757-759
ttt_progress: batch 530/782 batch_loss:2.8012 batch_bpb:1.0369 running_loss:2.7351 running_bpb:1.0625 doc_len:747-750
ttt_progress: batch 526/782 batch_loss:2.7605 batch_bpb:1.0541 running_loss:2.7352 running_bpb:1.0624 doc_len:737-739
ttt_progress: batch 522/782 batch_loss:2.8166 batch_bpb:1.0827 running_loss:2.7357 running_bpb:1.0625 doc_len:727-730
ttt_progress: batch 519/782 batch_loss:2.7286 batch_bpb:1.0347 running_loss:2.7357 running_bpb:1.0624 doc_len:720-723
ttt_progress: batch 515/782 batch_loss:2.7838 batch_bpb:1.0730 running_loss:2.7360 running_bpb:1.0624 doc_len:710-713
ttt_progress: batch 511/782 batch_loss:2.7674 batch_bpb:1.0452 running_loss:2.7362 running_bpb:1.0623 doc_len:700-703
ttt_progress: batch 507/782 batch_loss:2.7498 batch_bpb:1.0381 running_loss:2.7363 running_bpb:1.0622 doc_len:690-693
ttt_progress: batch 503/782 batch_loss:2.8170 batch_bpb:1.0727 running_loss:2.7367 running_bpb:1.0622 doc_len:683-685
ttt_progress: batch 499/782 batch_loss:2.7770 batch_bpb:1.0480 running_loss:2.7369 running_bpb:1.0621 doc_len:673-675
ttt_progress: batch 496/782 batch_loss:2.8309 batch_bpb:1.0492 running_loss:2.7374 running_bpb:1.0621 doc_len:666-668
ttt_progress: batch 492/782 batch_loss:2.8007 batch_bpb:1.0533 running_loss:2.7378 running_bpb:1.0620 doc_len:657-659
ttt_progress: batch 488/782 batch_loss:2.8158 batch_bpb:1.0494 running_loss:2.7382 running_bpb:1.0620 doc_len:649-651
ttt_progress: batch 484/782 batch_loss:2.7916 batch_bpb:1.0654 running_loss:2.7385 running_bpb:1.0620 doc_len:641-643
ttt_progress: batch 480/782 batch_loss:2.7826 batch_bpb:1.0505 running_loss:2.7387 running_bpb:1.0619 doc_len:632-635
ttt_progress: batch 477/782 batch_loss:2.7643 batch_bpb:1.0502 running_loss:2.7388 running_bpb:1.0619 doc_len:626-628
ttt_progress: batch 473/782 batch_loss:2.8296 batch_bpb:1.0766 running_loss:2.7393 running_bpb:1.0619 doc_len:618-620
ttt_progress: batch 469/782 batch_loss:2.7855 batch_bpb:1.1076 running_loss:2.7395 running_bpb:1.0621 doc_len:610-611
ttt_progress: batch 465/782 batch_loss:2.8092 batch_bpb:1.0597 running_loss:2.7398 running_bpb:1.0621 doc_len:602-604
ttt_progress: batch 461/782 batch_loss:2.7648 batch_bpb:1.0544 running_loss:2.7399 running_bpb:1.0621 doc_len:595-597
ttt_progress: batch 458/782 batch_loss:2.8080 batch_bpb:1.0644 running_loss:2.7402 running_bpb:1.0621 doc_len:589-591
ttt_progress: batch 454/782 batch_loss:2.8243 batch_bpb:1.0694 running_loss:2.7406 running_bpb:1.0621 doc_len:582-584
ttt_progress: batch 450/782 batch_loss:2.7560 batch_bpb:1.0286 running_loss:2.7407 running_bpb:1.0620 doc_len:575-576
ttt_progress: batch 447/782 batch_loss:2.8206 batch_bpb:1.0846 running_loss:2.7410 running_bpb:1.0621 doc_len:569-571
ttt_progress: batch 444/782 batch_loss:2.6669 batch_bpb:1.0104 running_loss:2.7407 running_bpb:1.0619 doc_len:564-566
ttt_progress: batch 440/782 batch_loss:2.8595 batch_bpb:1.0917 running_loss:2.7412 running_bpb:1.0620 doc_len:556-559
ttt_progress: batch 436/782 batch_loss:2.8411 batch_bpb:1.0659 running_loss:2.7416 running_bpb:1.0620 doc_len:549-551
ttt_progress: batch 433/782 batch_loss:2.7662 batch_bpb:1.0617 running_loss:2.7417 running_bpb:1.0620 doc_len:544-545
ttt_progress: batch 429/782 batch_loss:2.7440 batch_bpb:1.0768 running_loss:2.7417 running_bpb:1.0621 doc_len:537-539
ttt_progress: batch 425/782 batch_loss:2.7495 batch_bpb:1.0460 running_loss:2.7418 running_bpb:1.0620 doc_len:530-532
ttt_progress: batch 421/782 batch_loss:2.7844 batch_bpb:1.0503 running_loss:2.7419 running_bpb:1.0619 doc_len:523-524
ttt_progress: batch 418/782 batch_loss:2.8037 batch_bpb:1.0694 running_loss:2.7422 running_bpb:1.0620 doc_len:517-519
ttt_progress: batch 414/782 batch_loss:2.8151 batch_bpb:1.0852 running_loss:2.7425 running_bpb:1.0621 doc_len:511-513
ttt_progress: batch 410/782 batch_loss:2.7675 batch_bpb:1.0508 running_loss:2.7425 running_bpb:1.0620 doc_len:505-507
ttt_progress: batch 407/782 batch_loss:2.7668 batch_bpb:1.0533 running_loss:2.7426 running_bpb:1.0620 doc_len:500-501
ttt_progress: batch 403/782 batch_loss:2.8043 batch_bpb:1.0479 running_loss:2.7429 running_bpb:1.0619 doc_len:493-495
ttt_progress: batch 399/782 batch_loss:2.7314 batch_bpb:1.0346 running_loss:2.7428 running_bpb:1.0618 doc_len:487-489
ttt_progress: batch 395/782 batch_loss:2.7282 batch_bpb:1.0417 running_loss:2.7428 running_bpb:1.0618 doc_len:481-482
ttt_progress: batch 392/782 batch_loss:2.7911 batch_bpb:1.0778 running_loss:2.7429 running_bpb:1.0618 doc_len:476-478
ttt_progress: batch 388/782 batch_loss:2.7690 batch_bpb:1.0625 running_loss:2.7430 running_bpb:1.0618 doc_len:470-471
ttt_progress: batch 384/782 batch_loss:2.8417 batch_bpb:1.0902 running_loss:2.7433 running_bpb:1.0619 doc_len:464-466
ttt_progress: batch 381/782 batch_loss:2.8890 batch_bpb:1.0848 running_loss:2.7438 running_bpb:1.0620 doc_len:460-461
ttt_progress: batch 377/782 batch_loss:2.7955 batch_bpb:1.0839 running_loss:2.7440 running_bpb:1.0621 doc_len:454-455
ttt_progress: batch 373/782 batch_loss:2.7606 batch_bpb:1.0775 running_loss:2.7440 running_bpb:1.0621 doc_len:449-450
ttt_progress: batch 369/782 batch_loss:2.9176 batch_bpb:1.0830 running_loss:2.7446 running_bpb:1.0622 doc_len:443-444
ttt_progress: batch 365/782 batch_loss:2.7733 batch_bpb:1.0808 running_loss:2.7447 running_bpb:1.0622 doc_len:437-439
ttt_progress: batch 361/782 batch_loss:2.7947 batch_bpb:1.0685 running_loss:2.7448 running_bpb:1.0623 doc_len:432-433
ttt_progress: batch 358/782 batch_loss:2.8025 batch_bpb:1.0833 running_loss:2.7450 running_bpb:1.0623 doc_len:427-429
ttt_progress: batch 354/782 batch_loss:2.7946 batch_bpb:1.0842 running_loss:2.7452 running_bpb:1.0624 doc_len:422-423
ttt_progress: batch 350/782 batch_loss:2.7223 batch_bpb:1.0559 running_loss:2.7451 running_bpb:1.0624 doc_len:417-418
ttt_progress: batch 347/782 batch_loss:2.8468 batch_bpb:1.0851 running_loss:2.7454 running_bpb:1.0624 doc_len:413-414
ttt_progress: batch 343/782 batch_loss:2.7945 batch_bpb:1.0663 running_loss:2.7455 running_bpb:1.0624 doc_len:407-408
ttt_progress: batch 339/782 batch_loss:2.8196 batch_bpb:1.0707 running_loss:2.7457 running_bpb:1.0625 doc_len:402-403
ttt_progress: batch 336/782 batch_loss:2.9362 batch_bpb:1.1603 running_loss:2.7462 running_bpb:1.0627 doc_len:398-399
ttt_progress: batch 332/782 batch_loss:2.8160 batch_bpb:1.0935 running_loss:2.7464 running_bpb:1.0628 doc_len:393-394
ttt_progress: batch 328/782 batch_loss:2.7838 batch_bpb:1.0794 running_loss:2.7465 running_bpb:1.0629 doc_len:388-389
ttt_progress: batch 325/782 batch_loss:2.8286 batch_bpb:1.0866 running_loss:2.7468 running_bpb:1.0629 doc_len:384-385
ttt_progress: batch 321/782 batch_loss:2.7949 batch_bpb:1.0983 running_loss:2.7469 running_bpb:1.0630 doc_len:378-380
ttt_progress: batch 318/782 batch_loss:2.8082 batch_bpb:1.0652 running_loss:2.7470 running_bpb:1.0630 doc_len:374-376
ttt_progress: batch 314/782 batch_loss:2.7922 batch_bpb:1.0613 running_loss:2.7471 running_bpb:1.0630 doc_len:369-370
ttt_progress: batch 310/782 batch_loss:2.7813 batch_bpb:1.0775 running_loss:2.7472 running_bpb:1.0631 doc_len:364-365
ttt_progress: batch 307/782 batch_loss:2.8885 batch_bpb:1.1042 running_loss:2.7476 running_bpb:1.0632 doc_len:361-362
ttt_progress: batch 303/782 batch_loss:2.8038 batch_bpb:1.0862 running_loss:2.7477 running_bpb:1.0632 doc_len:355-357
ttt_progress: batch 299/782 batch_loss:2.9022 batch_bpb:1.1254 running_loss:2.7481 running_bpb:1.0634 doc_len:351-352
ttt_progress: batch 296/782 batch_loss:2.8031 batch_bpb:1.0841 running_loss:2.7482 running_bpb:1.0634 doc_len:347-348
ttt_progress: batch 292/782 batch_loss:2.7810 batch_bpb:1.0776 running_loss:2.7483 running_bpb:1.0634 doc_len:342-343
ttt_progress: batch 288/782 batch_loss:2.8131 batch_bpb:1.1045 running_loss:2.7484 running_bpb:1.0635 doc_len:337-339
ttt_progress: batch 285/782 batch_loss:2.8805 batch_bpb:1.1273 running_loss:2.7487 running_bpb:1.0637 doc_len:334-335
ttt_progress: batch 281/782 batch_loss:2.9084 batch_bpb:1.1467 running_loss:2.7491 running_bpb:1.0638 doc_len:329-330
ttt_progress: batch 278/782 batch_loss:2.8870 batch_bpb:1.1383 running_loss:2.7494 running_bpb:1.0640 doc_len:326-327
ttt_progress: batch 275/782 batch_loss:2.7436 batch_bpb:1.0611 running_loss:2.7494 running_bpb:1.0640 doc_len:323-324
ttt_progress: batch 271/782 batch_loss:2.7737 batch_bpb:1.0690 running_loss:2.7494 running_bpb:1.0640 doc_len:319-320
ttt_progress: batch 267/782 batch_loss:2.8475 batch_bpb:1.0918 running_loss:2.7496 running_bpb:1.0641 doc_len:314-315
ttt_progress: batch 264/782 batch_loss:2.8922 batch_bpb:1.1447 running_loss:2.7499 running_bpb:1.0642 doc_len:311-312
ttt_progress: batch 260/782 batch_loss:2.8120 batch_bpb:1.0969 running_loss:2.7500 running_bpb:1.0643 doc_len:306-307
ttt_progress: batch 256/782 batch_loss:2.8835 batch_bpb:1.1303 running_loss:2.7503 running_bpb:1.0644 doc_len:301-302
ttt_progress: batch 253/782 batch_loss:2.7439 batch_bpb:1.0776 running_loss:2.7503 running_bpb:1.0644 doc_len:298-299
ttt_progress: batch 249/782 batch_loss:2.8796 batch_bpb:1.1470 running_loss:2.7505 running_bpb:1.0646 doc_len:294-295
ttt_progress: batch 246/782 batch_loss:2.8866 batch_bpb:1.1306 running_loss:2.7508 running_bpb:1.0647 doc_len:291-292
ttt_progress: batch 242/782 batch_loss:2.8901 batch_bpb:1.1050 running_loss:2.7510 running_bpb:1.0648 doc_len:287-288
ttt_progress: batch 238/782 batch_loss:2.8813 batch_bpb:1.1429 running_loss:2.7513 running_bpb:1.0649 doc_len:283-284
ttt_progress: batch 235/782 batch_loss:2.9115 batch_bpb:1.1067 running_loss:2.7516 running_bpb:1.0650 doc_len:280-281
ttt_progress: batch 231/782 batch_loss:2.8183 batch_bpb:1.0992 running_loss:2.7517 running_bpb:1.0651 doc_len:276-277
ttt_progress: batch 227/782 batch_loss:2.8032 batch_bpb:1.0871 running_loss:2.7518 running_bpb:1.0651 doc_len:272-273
ttt_progress: batch 224/782 batch_loss:2.8192 batch_bpb:1.1074 running_loss:2.7519 running_bpb:1.0652 doc_len:269-270
ttt_progress: batch 220/782 batch_loss:2.8480 batch_bpb:1.1022 running_loss:2.7521 running_bpb:1.0653 doc_len:265-266
ttt_progress: batch 216/782 batch_loss:2.9152 batch_bpb:1.1093 running_loss:2.7523 running_bpb:1.0653 doc_len:261-262
ttt_progress: batch 213/782 batch_loss:2.9947 batch_bpb:1.1685 running_loss:2.7527 running_bpb:1.0655 doc_len:258-259
ttt_progress: batch 207/782 batch_loss:2.8263 batch_bpb:1.1118 running_loss:2.7529 running_bpb:1.0656 doc_len:253-254
ttt_progress: batch 204/782 batch_loss:2.8996 batch_bpb:1.1279 running_loss:2.7531 running_bpb:1.0657 doc_len:250-251
ttt_progress: batch 202/782 batch_loss:2.8593 batch_bpb:1.1303 running_loss:2.7533 running_bpb:1.0658 doc_len:248-249
ttt_progress: batch 198/782 batch_loss:2.9664 batch_bpb:1.1472 running_loss:2.7536 running_bpb:1.0659 doc_len:245-246
ttt_progress: batch 194/782 batch_loss:2.8987 batch_bpb:1.1001 running_loss:2.7538 running_bpb:1.0660 doc_len:241-242
ttt_progress: batch 191/782 batch_loss:2.9353 batch_bpb:1.1462 running_loss:2.7541 running_bpb:1.0661 doc_len:238-239
ttt_progress: batch 187/782 batch_loss:2.8990 batch_bpb:1.1178 running_loss:2.7543 running_bpb:1.0662 doc_len:235-236
ttt_progress: batch 184/782 batch_loss:2.8986 batch_bpb:1.1510 running_loss:2.7545 running_bpb:1.0663 doc_len:232-233
ttt_progress: batch 181/782 batch_loss:2.8649 batch_bpb:1.1512 running_loss:2.7547 running_bpb:1.0664 doc_len:230-230
ttt_progress: batch 176/782 batch_loss:2.8083 batch_bpb:1.1017 running_loss:2.7548 running_bpb:1.0664 doc_len:225-226
ttt_progress: batch 174/782 batch_loss:2.9603 batch_bpb:1.1493 running_loss:2.7550 running_bpb:1.0666 doc_len:224-224
ttt_progress: batch 169/782 batch_loss:2.8976 batch_bpb:1.1578 running_loss:2.7552 running_bpb:1.0667 doc_len:219-220
ttt_progress: batch 165/782 batch_loss:2.9234 batch_bpb:1.1568 running_loss:2.7555 running_bpb:1.0668 doc_len:216-217
ttt_progress: batch 162/782 batch_loss:2.9483 batch_bpb:1.1440 running_loss:2.7557 running_bpb:1.0669 doc_len:213-214
ttt_progress: batch 158/782 batch_loss:2.8789 batch_bpb:1.1397 running_loss:2.7559 running_bpb:1.0670 doc_len:210-211
ttt_progress: batch 153/782 batch_loss:3.0073 batch_bpb:1.1601 running_loss:2.7562 running_bpb:1.0671 doc_len:206-207
ttt_progress: batch 151/782 batch_loss:2.7911 batch_bpb:1.1000 running_loss:2.7563 running_bpb:1.0672 doc_len:204-205
ttt_progress: batch 147/782 batch_loss:2.9140 batch_bpb:1.1529 running_loss:2.7565 running_bpb:1.0673 doc_len:201-202
ttt_progress: batch 143/782 batch_loss:3.0166 batch_bpb:1.1949 running_loss:2.7568 running_bpb:1.0674 doc_len:198-199
ttt_progress: batch 140/782 batch_loss:2.9652 batch_bpb:1.1708 running_loss:2.7570 running_bpb:1.0675 doc_len:195-196
ttt_progress: batch 136/782 batch_loss:2.9554 batch_bpb:1.1790 running_loss:2.7573 running_bpb:1.0677 doc_len:192-193
ttt_progress: batch 133/782 batch_loss:3.0144 batch_bpb:1.1908 running_loss:2.7576 running_bpb:1.0678 doc_len:189-190
ttt_progress: batch 128/782 batch_loss:2.8347 batch_bpb:1.0883 running_loss:2.7577 running_bpb:1.0678 doc_len:186-187
ttt_progress: batch 125/782 batch_loss:3.0014 batch_bpb:1.1894 running_loss:2.7579 running_bpb:1.0680 doc_len:184-185
ttt_progress: batch 122/782 batch_loss:2.8784 batch_bpb:1.1516 running_loss:2.7581 running_bpb:1.0681 doc_len:181-182
ttt_progress: batch 118/782 batch_loss:2.9280 batch_bpb:1.1440 running_loss:2.7583 running_bpb:1.0681 doc_len:178-179
ttt_progress: batch 115/782 batch_loss:2.8631 batch_bpb:1.1553 running_loss:2.7584 running_bpb:1.0682 doc_len:176-177
ttt_progress: batch 111/782 batch_loss:2.9607 batch_bpb:1.1813 running_loss:2.7586 running_bpb:1.0684 doc_len:173-174
ttt_progress: batch 106/782 batch_loss:2.9395 batch_bpb:1.1873 running_loss:2.7588 running_bpb:1.0685 doc_len:170-171
ttt_progress: batch 104/782 batch_loss:2.9836 batch_bpb:1.1610 running_loss:2.7590 running_bpb:1.0686 doc_len:168-169
ttt_progress: batch 100/782 batch_loss:2.9272 batch_bpb:1.1491 running_loss:2.7592 running_bpb:1.0687 doc_len:165-166
ttt_progress: batch 96/782 batch_loss:2.9265 batch_bpb:1.1438 running_loss:2.7594 running_bpb:1.0687 doc_len:162-163
ttt_progress: batch 92/782 batch_loss:2.8738 batch_bpb:1.1623 running_loss:2.7595 running_bpb:1.0688 doc_len:159-160
ttt_progress: batch 90/782 batch_loss:3.0020 batch_bpb:1.1841 running_loss:2.7597 running_bpb:1.0689 doc_len:158-158
ttt_progress: batch 85/782 batch_loss:2.9867 batch_bpb:1.1991 running_loss:2.7599 running_bpb:1.0690 doc_len:154-154
ttt_progress: batch 80/782 batch_loss:2.8981 batch_bpb:1.1871 running_loss:2.7600 running_bpb:1.0691 doc_len:150-151
ttt_progress: batch 76/782 batch_loss:3.0398 batch_bpb:1.2196 running_loss:2.7603 running_bpb:1.0693 doc_len:147-148
ttt_progress: batch 74/782 batch_loss:3.1151 batch_bpb:1.2733 running_loss:2.7606 running_bpb:1.0694 doc_len:145-146
ttt_progress: batch 70/782 batch_loss:3.0505 batch_bpb:1.1592 running_loss:2.7609 running_bpb:1.0695 doc_len:142-143
ttt_progress: batch 66/782 batch_loss:3.0929 batch_bpb:1.2669 running_loss:2.7611 running_bpb:1.0697 doc_len:139-140
ttt_progress: batch 63/782 batch_loss:2.9973 batch_bpb:1.2088 running_loss:2.7613 running_bpb:1.0698 doc_len:137-138
ttt_progress: batch 60/782 batch_loss:3.0454 batch_bpb:1.2222 running_loss:2.7616 running_bpb:1.0699 doc_len:134-135
ttt_progress: batch 56/782 batch_loss:3.0473 batch_bpb:1.2010 running_loss:2.7618 running_bpb:1.0700 doc_len:131-132
ttt_progress: batch 54/782 batch_loss:3.0837 batch_bpb:1.2627 running_loss:2.7621 running_bpb:1.0702 doc_len:130-130
ttt_progress: batch 47/782 batch_loss:2.9413 batch_bpb:1.1754 running_loss:2.7622 running_bpb:1.0702 doc_len:124-125
ttt_progress: batch 43/782 batch_loss:2.9919 batch_bpb:1.1898 running_loss:2.7624 running_bpb:1.0703 doc_len:121-122
ttt_progress: batch 39/782 batch_loss:3.1282 batch_bpb:1.2362 running_loss:2.7626 running_bpb:1.0704 doc_len:118-119
ttt_progress: batch 36/782 batch_loss:2.9702 batch_bpb:1.2147 running_loss:2.7628 running_bpb:1.0705 doc_len:115-116
ttt_progress: batch 32/782 batch_loss:3.0098 batch_bpb:1.2032 running_loss:2.7629 running_bpb:1.0706 doc_len:112-113
ttt_progress: batch 29/782 batch_loss:3.0585 batch_bpb:1.2465 running_loss:2.7631 running_bpb:1.0707 doc_len:109-110
ttt_progress: batch 26/782 batch_loss:3.0594 batch_bpb:1.2473 running_loss:2.7633 running_bpb:1.0708 doc_len:107-107
ttt_progress: batch 21/782 batch_loss:3.1892 batch_bpb:1.2401 running_loss:2.7636 running_bpb:1.0709 doc_len:102-103
ttt_progress: batch 17/782 batch_loss:3.1271 batch_bpb:1.2395 running_loss:2.7638 running_bpb:1.0710 doc_len:98-99
ttt_progress: batch 14/782 batch_loss:3.1368 batch_bpb:1.2337 running_loss:2.7640 running_bpb:1.0711 doc_len:94-95
ttt_progress: batch 10/782 batch_loss:3.1166 batch_bpb:1.2315 running_loss:2.7642 running_bpb:1.0712 doc_len:89-90
ttt_progress: batch 6/782 batch_loss:3.2686 batch_bpb:1.2752 running_loss:2.7644 running_bpb:1.0713 doc_len:82-84
ttt_progress: batch 2/782 batch_loss:3.1391 batch_bpb:1.1643 running_loss:2.7646 running_bpb:1.0714 doc_len:70-75
quantized_ttt_lora val_loss:2.76881714 val_bpb:1.07189540 eval_time:967901ms
