W0418 12:32:31.550000 144728 torch/distributed/run.py:851] 
W0418 12:32:31.550000 144728 torch/distributed/run.py:851] *****************************************
W0418 12:32:31.550000 144728 torch/distributed/run.py:851] Setting OMP_NUM_THREADS environment variable for each process to be 1 in default, to avoid your system being overloaded, please further tune the variable for optimal performance in your application as needed. 
W0418 12:32:31.550000 144728 torch/distributed/run.py:851] *****************************************
Hyperparameters:
  adam_eps: 1e-08
  adam_wd: 0.02
  beta1: 0.9
  beta2: 0.95
  clip_mult_early: 1.0
  clip_mult_late: 1.0
  clip_mult_loop: 1.0
  clip_mult_mid: 1.0
  compress_ans: True
  compress_brotli: False
  compress_lzma: False
  data_dir: ./data/
  datasets_dir: ./data/datasets/fineweb10B_sp8192
  distributed: True
  effective_train_seq_len: <property object at 0x14c86c2706d0>
  ema_decay: 0.9965
  embed_bits: 8
  embed_clip_sigmas: 20.0
  embed_lr: 0.6
  embed_wd: 0.085
  embedding_dim: 512
  enable_looping_at: 0.35
  eval_seq_len: 2048
  eval_stride: 64
  force_dense_eval: False
  fused_mlp: True
  fused_rope: True
  gated_attention: True
  gptq_calibration_batches: 128
  gptq_reserve_seconds: 12.0
  grad_accum_steps: 2
  grad_clip_norm: 0.3
  head_lr: 0.008
  hessian_clip_lambda: 0.3
  is_main_process: True
  iterations: 20000
  ln_scale: True
  local_rank: 0
  logfile: logs/pg12_ttt_lr5e5.txt
  logit_softcap: 20.0
  loop_embeddings: False
  loop_end: 5
  loop_layer_bits: 0
  loop_layer_clip_sigmas: 0.0
  loop_start: 3
  matrix_bits: 6
  matrix_clip_sigmas: 14.0
  matrix_lr: 0.022
  max_wallclock_seconds: 3600.0
  min_lr: 0.0
  mixed_seq_gpu_frac: 0.375
  mixed_seq_len: 0
  mlp_mult: 4.35
  model_dim: 512
  model_path: final_model.pt
  moe_enabled: False
  moe_layers: 3,5,7,9
  moe_num_experts: 3
  moe_top_k: 2
  muon_backend_steps: 5
  muon_beta2: 0.95
  muon_momentum: 0.97
  muon_momentum_warmup_start: 0.92
  muon_momentum_warmup_steps: 1500
  muon_row_normalize: True
  muon_wd: 0.095
  num_heads: 8
  num_kv_heads: 4
  num_layers: 11
  num_loops: 2
  parallel_residual_start: 7
  qk_gain_init: 5.25
  quantized_model_path: final_model.int6.ptz
  rank: 0
  rope_base: 10000.0
  rope_dims: 32
  rope_force_base_seqlen: 0
  rope_train_seq_len: 2048
  run_id: pg12_ttt_lr5e5
  run_sw_only: False
  run_ttt_only: True
  scalar_lr: 0.022
  seed: 1337
  skip_gates_enabled: True
  skip_training: True
  sliding_window_enabled: True
  slot_enabled: False
  slot_lr: 0.01
  slot_max_windows: 0
  slot_steps: 4
  slot_train_mode: context
  slot_wd: 0.01
  tie_embeddings: True
  tied_embed_init_std: 0.005
  tied_embed_lr: 0.03
  tokenizer_path: ./data/tokenizers/fineweb_8192_bpe.model
  train_batch_tokens: 786432
  train_files: ./data/datasets/fineweb10B_sp8192/fineweb_train_*.bin
  train_log_every: 500
  train_seq_len: 2048
  ttt_adapt_ema: 0.95
  ttt_adapt_max_scale: 2.0
  ttt_adapt_min_scale: 0.5
  ttt_adapt_power: 1.0
  ttt_adaptive_lr: False
  ttt_batch_size: 64
  ttt_beta1: 0.9
  ttt_beta2: 0.99
  ttt_chunk_size: 64
  ttt_enabled: True
  ttt_eval_seq_len: 2048
  ttt_fp_chunk_tokens: 32768
  ttt_fp_epochs: 3
  ttt_fp_lr: 0.001
  ttt_grad_clip: 1.0
  ttt_grad_steps: 1
  ttt_k_lora: True
  ttt_lora_lr: 5e-05
  ttt_lora_rank: 96
  ttt_max_docs: 0
  ttt_mlp_lora: True
  ttt_nan_guard: True
  ttt_o_lora: True
  ttt_phase_sgd_batch: 8
  ttt_phase_sgd_epochs: 1
  ttt_phase_sgd_lr: 0.0005
  ttt_phase_sgd_momentum: 0.9
  ttt_phase_sgd_optimizer: sgd
  ttt_phase_sgd_seq_len: 1024
  ttt_phase_sgd_wd: 0.0
  ttt_phases: 1
  ttt_rope_base_seqlen: 0
  ttt_weight_decay: 0.2
  val_batch_tokens: 524288
  val_files: ./data/datasets/fineweb10B_sp8192/fineweb_val_*.bin
  val_loss_every: 4000
  varlen_attention: True
  vocab_size: 8192
  warmdown_frac: 0.85
  warmdown_wd_mult: 1.0
  warmup_steps: 20
  window_attn_layers: 
  window_attn_size: 0
  world_size: 4
  xsa_last_n: 11
train_shards: 80
val_tokens: 40540160
SKIP_TRAINING=1 — reusing existing final_model.int6.ptz
ttt_lora:rope_base inherited ROPE_FORCE_BASE_SEQLEN=98304
ttt_lora:warming up compile
ttt_lora:compile warmup done (88.6s)
ttt_lora:docs:50000 rank:96 lr:5e-05 chunk:64
[rank3]:W0418 12:37:36.954000 144805 .venv/lib/python3.12/site-packages/torch/_dynamo/convert_frame.py:1743] [0/8] torch._dynamo hit config.recompile_limit (8)
[rank3]:W0418 12:37:36.954000 144805 .venv/lib/python3.12/site-packages/torch/_dynamo/convert_frame.py:1743] [0/8]    function: '_fwd_ttt_inner' (/root/parameter-golf/train_gpt_improved_04_16.py:3347)
[rank3]:W0418 12:37:36.954000 144805 .venv/lib/python3.12/site-packages/torch/_dynamo/convert_frame.py:1743] [0/8]    last reason: 0/7: tensor 'input_ids' size mismatch at index 1. expected 448, actual 512
[rank3]:W0418 12:37:36.954000 144805 .venv/lib/python3.12/site-packages/torch/_dynamo/convert_frame.py:1743] [0/8] To log all recompilation reasons, use TORCH_LOGS="recompiles".
[rank3]:W0418 12:37:36.954000 144805 .venv/lib/python3.12/site-packages/torch/_dynamo/convert_frame.py:1743] [0/8] To diagnose recompilation issues, see https://docs.pytorch.org/docs/main/user_guide/torch_compiler/compile/programming_model.recompilation.html
[rank2]:W0418 12:37:38.910000 144804 .venv/lib/python3.12/site-packages/torch/_dynamo/convert_frame.py:1743] [0/8] torch._dynamo hit config.recompile_limit (8)
[rank2]:W0418 12:37:38.910000 144804 .venv/lib/python3.12/site-packages/torch/_dynamo/convert_frame.py:1743] [0/8]    function: '_fwd_ttt_inner' (/root/parameter-golf/train_gpt_improved_04_16.py:3347)
[rank2]:W0418 12:37:38.910000 144804 .venv/lib/python3.12/site-packages/torch/_dynamo/convert_frame.py:1743] [0/8]    last reason: 0/7: tensor 'input_ids' size mismatch at index 1. expected 448, actual 512
[rank2]:W0418 12:37:38.910000 144804 .venv/lib/python3.12/site-packages/torch/_dynamo/convert_frame.py:1743] [0/8] To log all recompilation reasons, use TORCH_LOGS="recompiles".
[rank2]:W0418 12:37:38.910000 144804 .venv/lib/python3.12/site-packages/torch/_dynamo/convert_frame.py:1743] [0/8] To diagnose recompilation issues, see https://docs.pytorch.org/docs/main/user_guide/torch_compiler/compile/programming_model.recompilation.html
[rank0]:W0418 12:37:40.918000 144802 .venv/lib/python3.12/site-packages/torch/_dynamo/convert_frame.py:1743] [0/8] torch._dynamo hit config.recompile_limit (8)
[rank0]:W0418 12:37:40.918000 144802 .venv/lib/python3.12/site-packages/torch/_dynamo/convert_frame.py:1743] [0/8]    function: '_fwd_ttt_inner' (/root/parameter-golf/train_gpt_improved_04_16.py:3347)
[rank0]:W0418 12:37:40.918000 144802 .venv/lib/python3.12/site-packages/torch/_dynamo/convert_frame.py:1743] [0/8]    last reason: 0/7: tensor 'input_ids' size mismatch at index 1. expected 448, actual 512
[rank0]:W0418 12:37:40.918000 144802 .venv/lib/python3.12/site-packages/torch/_dynamo/convert_frame.py:1743] [0/8] To log all recompilation reasons, use TORCH_LOGS="recompiles".
[rank0]:W0418 12:37:40.918000 144802 .venv/lib/python3.12/site-packages/torch/_dynamo/convert_frame.py:1743] [0/8] To diagnose recompilation issues, see https://docs.pytorch.org/docs/main/user_guide/torch_compiler/compile/programming_model.recompilation.html
ttt_progress: batch 780/782 batch_loss:2.6243 batch_bpb:1.0767 running_loss:2.6243 running_bpb:1.0767 doc_len:11071-14414
[rank1]:W0418 12:39:46.996000 144803 .venv/lib/python3.12/site-packages/torch/_dynamo/convert_frame.py:1743] [0/8] torch._dynamo hit config.recompile_limit (8)
[rank1]:W0418 12:39:46.996000 144803 .venv/lib/python3.12/site-packages/torch/_dynamo/convert_frame.py:1743] [0/8]    function: '_fwd_ttt_inner' (/root/parameter-golf/train_gpt_improved_04_16.py:3347)
[rank1]:W0418 12:39:46.996000 144803 .venv/lib/python3.12/site-packages/torch/_dynamo/convert_frame.py:1743] [0/8]    last reason: 0/7: tensor 'input_ids' size mismatch at index 1. expected 384, actual 448
[rank1]:W0418 12:39:46.996000 144803 .venv/lib/python3.12/site-packages/torch/_dynamo/convert_frame.py:1743] [0/8] To log all recompilation reasons, use TORCH_LOGS="recompiles".
[rank1]:W0418 12:39:46.996000 144803 .venv/lib/python3.12/site-packages/torch/_dynamo/convert_frame.py:1743] [0/8] To diagnose recompilation issues, see https://docs.pytorch.org/docs/main/user_guide/torch_compiler/compile/programming_model.recompilation.html
ttt_progress: batch 777/782 batch_loss:2.7284 batch_bpb:1.0913 running_loss:2.6634 running_bpb:1.0823 doc_len:7190-7938
ttt_progress: batch 775/782 batch_loss:2.6899 batch_bpb:1.0649 running_loss:2.6696 running_bpb:1.0781 doc_len:5853-6355
ttt_progress: batch 772/782 batch_loss:2.7678 batch_bpb:1.1070 running_loss:2.6855 running_bpb:1.0829 doc_len:4937-5193
ttt_progress: batch 769/782 batch_loss:2.7714 batch_bpb:1.0968 running_loss:2.6961 running_bpb:1.0846 doc_len:4307-4479
ttt_progress: batch 766/782 batch_loss:2.5563 batch_bpb:1.0008 running_loss:2.6824 running_bpb:1.0761 doc_len:3846-3962
ttt_progress: batch 763/782 batch_loss:2.7931 batch_bpb:1.1021 running_loss:2.6916 running_bpb:1.0783 doc_len:3536-3637
ttt_progress: batch 760/782 batch_loss:2.8418 batch_bpb:1.1161 running_loss:2.7022 running_bpb:1.0811 doc_len:3255-3334
ttt_progress: batch 757/782 batch_loss:2.6388 batch_bpb:1.0198 running_loss:2.6983 running_bpb:1.0771 doc_len:3033-3108
ttt_progress: batch 754/782 batch_loss:2.6864 batch_bpb:1.0541 running_loss:2.6976 running_bpb:1.0759 doc_len:2839-2899
ttt_progress: batch 750/782 batch_loss:2.8287 batch_bpb:1.0672 running_loss:2.7040 running_bpb:1.0754 doc_len:2638-2688
ttt_progress: batch 748/782 batch_loss:2.8021 batch_bpb:1.0730 running_loss:2.7084 running_bpb:1.0753 doc_len:2539-2578
ttt_progress: batch 742/782 batch_loss:2.7817 batch_bpb:1.0655 running_loss:2.7112 running_bpb:1.0749 doc_len:2319-2353
ttt_progress: batch 740/782 batch_loss:2.7320 batch_bpb:1.0314 running_loss:2.7120 running_bpb:1.0732 doc_len:2254-2285
ttt_progress: batch 736/782 batch_loss:2.6747 batch_bpb:1.0426 running_loss:2.7107 running_bpb:1.0722 doc_len:2140-2165
ttt_progress: batch 732/782 batch_loss:2.8195 batch_bpb:1.0973 running_loss:2.7141 running_bpb:1.0730 doc_len:2041-2062
ttt_progress: batch 727/782 batch_loss:2.7681 batch_bpb:1.0538 running_loss:2.7156 running_bpb:1.0724 doc_len:1936-1960
ttt_progress: batch 723/782 batch_loss:2.7780 batch_bpb:1.0598 running_loss:2.7173 running_bpb:1.0721 doc_len:1861-1885
ttt_progress: batch 719/782 batch_loss:2.6805 batch_bpb:1.0279 running_loss:2.7164 running_bpb:1.0709 doc_len:1793-1816
ttt_progress: batch 714/782 batch_loss:2.8051 batch_bpb:1.0677 running_loss:2.7184 running_bpb:1.0709 doc_len:1711-1725
ttt_progress: batch 712/782 batch_loss:2.8309 batch_bpb:1.0778 running_loss:2.7210 running_bpb:1.0710 doc_len:1684-1697
ttt_progress: batch 708/782 batch_loss:2.7149 batch_bpb:1.0433 running_loss:2.7208 running_bpb:1.0704 doc_len:1639-1649
ttt_progress: batch 704/782 batch_loss:2.7416 batch_bpb:1.0225 running_loss:2.7212 running_bpb:1.0694 doc_len:1595-1606
ttt_progress: batch 699/782 batch_loss:2.8152 batch_bpb:1.0418 running_loss:2.7231 running_bpb:1.0688 doc_len:1543-1552
ttt_progress: batch 695/782 batch_loss:2.7798 batch_bpb:1.0777 running_loss:2.7241 running_bpb:1.0690 doc_len:1504-1513
ttt_progress: batch 691/782 batch_loss:2.6978 batch_bpb:1.0417 running_loss:2.7236 running_bpb:1.0685 doc_len:1467-1476
ttt_progress: batch 686/782 batch_loss:2.8011 batch_bpb:1.0524 running_loss:2.7250 running_bpb:1.0682 doc_len:1422-1432
ttt_progress: batch 682/782 batch_loss:2.7995 batch_bpb:1.0694 running_loss:2.7262 running_bpb:1.0682 doc_len:1393-1400
ttt_progress: batch 680/782 batch_loss:2.7999 batch_bpb:1.0533 running_loss:2.7273 running_bpb:1.0680 doc_len:1375-1383
ttt_progress: batch 676/782 batch_loss:2.7872 batch_bpb:1.0649 running_loss:2.7282 running_bpb:1.0679 doc_len:1347-1353
ttt_progress: batch 671/782 batch_loss:2.8729 batch_bpb:1.1134 running_loss:2.7304 running_bpb:1.0686 doc_len:1316-1321
ttt_progress: batch 667/782 batch_loss:2.8135 batch_bpb:1.1022 running_loss:2.7315 running_bpb:1.0691 doc_len:1288-1295
ttt_progress: batch 663/782 batch_loss:2.7887 batch_bpb:1.0584 running_loss:2.7323 running_bpb:1.0689 doc_len:1264-1269
ttt_progress: batch 659/782 batch_loss:2.7053 batch_bpb:1.0187 running_loss:2.7320 running_bpb:1.0682 doc_len:1239-1245
ttt_progress: batch 655/782 batch_loss:2.6797 batch_bpb:1.0193 running_loss:2.7313 running_bpb:1.0676 doc_len:1215-1220
ttt_progress: batch 652/782 batch_loss:2.7947 batch_bpb:1.0708 running_loss:2.7321 running_bpb:1.0676 doc_len:1198-1203
ttt_progress: batch 648/782 batch_loss:2.7427 batch_bpb:1.0397 running_loss:2.7322 running_bpb:1.0673 doc_len:1177-1182
ttt_progress: batch 643/782 batch_loss:2.7910 batch_bpb:1.0641 running_loss:2.7329 running_bpb:1.0673 doc_len:1150-1155
ttt_progress: batch 639/782 batch_loss:2.8455 batch_bpb:1.0779 running_loss:2.7342 running_bpb:1.0674 doc_len:1129-1134
ttt_progress: batch 635/782 batch_loss:2.7332 batch_bpb:1.0580 running_loss:2.7342 running_bpb:1.0673 doc_len:1111-1116
ttt_progress: batch 631/782 batch_loss:2.7594 batch_bpb:1.0595 running_loss:2.7344 running_bpb:1.0672 doc_len:1092-1096
ttt_progress: batch 627/782 batch_loss:2.7279 batch_bpb:1.0326 running_loss:2.7344 running_bpb:1.0668 doc_len:1073-1077
ttt_progress: batch 622/782 batch_loss:2.8405 batch_bpb:1.0749 running_loss:2.7354 running_bpb:1.0669 doc_len:1050-1055
ttt_progress: batch 619/782 batch_loss:2.7883 batch_bpb:1.0563 running_loss:2.7360 running_bpb:1.0668 doc_len:1037-1041
ttt_progress: batch 616/782 batch_loss:2.8413 batch_bpb:1.0835 running_loss:2.7370 running_bpb:1.0670 doc_len:1024-1027
ttt_progress: batch 612/782 batch_loss:2.8191 batch_bpb:1.0413 running_loss:2.7377 running_bpb:1.0667 doc_len:1007-1012
ttt_progress: batch 608/782 batch_loss:2.7258 batch_bpb:1.0288 running_loss:2.7376 running_bpb:1.0663 doc_len:990-994
ttt_progress: batch 603/782 batch_loss:2.8264 batch_bpb:1.0826 running_loss:2.7384 running_bpb:1.0665 doc_len:971-974
ttt_progress: batch 599/782 batch_loss:2.7338 batch_bpb:1.0500 running_loss:2.7384 running_bpb:1.0663 doc_len:954-958
ttt_progress: batch 597/782 batch_loss:2.7665 batch_bpb:1.0387 running_loss:2.7386 running_bpb:1.0661 doc_len:947-950
ttt_progress: batch 593/782 batch_loss:2.7872 batch_bpb:1.0423 running_loss:2.7390 running_bpb:1.0659 doc_len:933-937
ttt_progress: batch 589/782 batch_loss:2.7434 batch_bpb:1.0502 running_loss:2.7391 running_bpb:1.0658 doc_len:921-924
ttt_progress: batch 585/782 batch_loss:2.7568 batch_bpb:1.0629 running_loss:2.7392 running_bpb:1.0657 doc_len:908-911
ttt_progress: batch 581/782 batch_loss:2.7231 batch_bpb:1.0158 running_loss:2.7391 running_bpb:1.0653 doc_len:894-897
ttt_progress: batch 578/782 batch_loss:2.7991 batch_bpb:1.0664 running_loss:2.7395 running_bpb:1.0653 doc_len:884-887
ttt_progress: batch 574/782 batch_loss:2.7772 batch_bpb:1.0374 running_loss:2.7398 running_bpb:1.0651 doc_len:871-874
ttt_progress: batch 570/782 batch_loss:2.7762 batch_bpb:1.0804 running_loss:2.7401 running_bpb:1.0652 doc_len:858-862
ttt_progress: batch 566/782 batch_loss:2.7097 batch_bpb:1.0298 running_loss:2.7399 running_bpb:1.0650 doc_len:846-849
ttt_progress: batch 562/782 batch_loss:2.6970 batch_bpb:1.0194 running_loss:2.7396 running_bpb:1.0647 doc_len:834-837
ttt_progress: batch 558/782 batch_loss:2.6898 batch_bpb:1.0187 running_loss:2.7392 running_bpb:1.0643 doc_len:821-824
ttt_progress: batch 554/782 batch_loss:2.7287 batch_bpb:1.0271 running_loss:2.7392 running_bpb:1.0641 doc_len:809-812
ttt_progress: batch 550/782 batch_loss:2.8014 batch_bpb:1.0749 running_loss:2.7396 running_bpb:1.0641 doc_len:798-801
ttt_progress: batch 546/782 batch_loss:2.8232 batch_bpb:1.0719 running_loss:2.7401 running_bpb:1.0642 doc_len:788-790
ttt_progress: batch 543/782 batch_loss:2.7751 batch_bpb:1.0418 running_loss:2.7403 running_bpb:1.0640 doc_len:779-782
ttt_progress: batch 539/782 batch_loss:2.7156 batch_bpb:1.0398 running_loss:2.7402 running_bpb:1.0639 doc_len:769-771
ttt_progress: batch 533/782 batch_loss:2.7642 batch_bpb:1.0325 running_loss:2.7403 running_bpb:1.0637 doc_len:754-757
ttt_progress: batch 530/782 batch_loss:2.8013 batch_bpb:1.0369 running_loss:2.7407 running_bpb:1.0635 doc_len:747-750
ttt_progress: batch 527/782 batch_loss:2.7266 batch_bpb:1.0361 running_loss:2.7406 running_bpb:1.0634 doc_len:739-742
ttt_progress: batch 523/782 batch_loss:2.8099 batch_bpb:1.0552 running_loss:2.7410 running_bpb:1.0633 doc_len:730-732
ttt_progress: batch 519/782 batch_loss:2.7284 batch_bpb:1.0347 running_loss:2.7409 running_bpb:1.0632 doc_len:720-723
ttt_progress: batch 515/782 batch_loss:2.7839 batch_bpb:1.0730 running_loss:2.7412 running_bpb:1.0632 doc_len:710-713
ttt_progress: batch 512/782 batch_loss:2.7728 batch_bpb:1.0526 running_loss:2.7413 running_bpb:1.0631 doc_len:703-705
ttt_progress: batch 508/782 batch_loss:2.7573 batch_bpb:1.0304 running_loss:2.7414 running_bpb:1.0630 doc_len:693-695
ttt_progress: batch 504/782 batch_loss:2.8673 batch_bpb:1.0986 running_loss:2.7421 running_bpb:1.0632 doc_len:685-686
ttt_progress: batch 500/782 batch_loss:2.8283 batch_bpb:1.0804 running_loss:2.7425 running_bpb:1.0632 doc_len:675-677
ttt_progress: batch 496/782 batch_loss:2.8304 batch_bpb:1.0490 running_loss:2.7430 running_bpb:1.0632 doc_len:666-668
ttt_progress: batch 492/782 batch_loss:2.8005 batch_bpb:1.0532 running_loss:2.7433 running_bpb:1.0631 doc_len:657-659
ttt_progress: batch 489/782 batch_loss:2.7917 batch_bpb:1.0795 running_loss:2.7435 running_bpb:1.0632 doc_len:651-653
ttt_progress: batch 485/782 batch_loss:2.7820 batch_bpb:1.0470 running_loss:2.7437 running_bpb:1.0631 doc_len:643-645
ttt_progress: batch 480/782 batch_loss:2.7826 batch_bpb:1.0505 running_loss:2.7439 running_bpb:1.0631 doc_len:632-635
ttt_progress: batch 475/782 batch_loss:2.7205 batch_bpb:1.0199 running_loss:2.7438 running_bpb:1.0629 doc_len:622-623
ttt_progress: batch 471/782 batch_loss:2.8334 batch_bpb:1.0676 running_loss:2.7442 running_bpb:1.0629 doc_len:614-616
ttt_progress: batch 468/782 batch_loss:2.7857 batch_bpb:1.0574 running_loss:2.7444 running_bpb:1.0628 doc_len:608-610
ttt_progress: batch 466/782 batch_loss:2.7974 batch_bpb:1.0635 running_loss:2.7446 running_bpb:1.0629 doc_len:604-606
ttt_progress: batch 462/782 batch_loss:2.8583 batch_bpb:1.0649 running_loss:2.7451 running_bpb:1.0629 doc_len:597-599
ttt_progress: batch 457/782 batch_loss:2.7620 batch_bpb:1.0488 running_loss:2.7452 running_bpb:1.0628 doc_len:587-589
ttt_progress: batch 453/782 batch_loss:2.7538 batch_bpb:1.0567 running_loss:2.7452 running_bpb:1.0628 doc_len:580-582
ttt_progress: batch 449/782 batch_loss:2.7924 batch_bpb:1.0511 running_loss:2.7454 running_bpb:1.0627 doc_len:573-575
ttt_progress: batch 446/782 batch_loss:2.8142 batch_bpb:1.0862 running_loss:2.7457 running_bpb:1.0628 doc_len:568-569
ttt_progress: batch 442/782 batch_loss:2.8018 batch_bpb:1.0523 running_loss:2.7459 running_bpb:1.0628 doc_len:560-562
ttt_progress: batch 438/782 batch_loss:2.7113 batch_bpb:1.0549 running_loss:2.7458 running_bpb:1.0627 doc_len:553-555
ttt_progress: batch 435/782 batch_loss:2.7214 batch_bpb:1.0479 running_loss:2.7457 running_bpb:1.0627 doc_len:547-549
ttt_progress: batch 431/782 batch_loss:2.7451 batch_bpb:1.0597 running_loss:2.7457 running_bpb:1.0627 doc_len:540-542
ttt_progress: batch 427/782 batch_loss:2.7473 batch_bpb:1.0615 running_loss:2.7457 running_bpb:1.0627 doc_len:533-535
ttt_progress: batch 423/782 batch_loss:2.7328 batch_bpb:1.0264 running_loss:2.7456 running_bpb:1.0625 doc_len:526-528
ttt_progress: batch 419/782 batch_loss:2.7896 batch_bpb:1.0367 running_loss:2.7458 running_bpb:1.0624 doc_len:519-521
ttt_progress: batch 416/782 batch_loss:2.7548 batch_bpb:1.0340 running_loss:2.7458 running_bpb:1.0623 doc_len:514-516
ttt_progress: batch 412/782 batch_loss:2.6988 batch_bpb:1.0481 running_loss:2.7456 running_bpb:1.0623 doc_len:508-510
ttt_progress: batch 408/782 batch_loss:2.8275 batch_bpb:1.0815 running_loss:2.7459 running_bpb:1.0623 doc_len:501-503
ttt_progress: batch 404/782 batch_loss:2.7795 batch_bpb:1.0666 running_loss:2.7460 running_bpb:1.0624 doc_len:495-497
ttt_progress: batch 401/782 batch_loss:2.7329 batch_bpb:1.0579 running_loss:2.7460 running_bpb:1.0623 doc_len:490-492
ttt_progress: batch 397/782 batch_loss:2.8770 batch_bpb:1.0930 running_loss:2.7464 running_bpb:1.0625 doc_len:484-486
ttt_progress: batch 393/782 batch_loss:2.8444 batch_bpb:1.0833 running_loss:2.7468 running_bpb:1.0625 doc_len:478-479
ttt_progress: batch 389/782 batch_loss:2.7816 batch_bpb:1.0595 running_loss:2.7469 running_bpb:1.0625 doc_len:471-473
ttt_progress: batch 386/782 batch_loss:2.7183 batch_bpb:1.0620 running_loss:2.7468 running_bpb:1.0625 doc_len:467-468
ttt_progress: batch 382/782 batch_loss:2.9066 batch_bpb:1.1315 running_loss:2.7473 running_bpb:1.0627 doc_len:461-463
ttt_progress: batch 378/782 batch_loss:2.8082 batch_bpb:1.0926 running_loss:2.7475 running_bpb:1.0628 doc_len:456-457
ttt_progress: batch 375/782 batch_loss:2.8005 batch_bpb:1.1036 running_loss:2.7476 running_bpb:1.0629 doc_len:452-453
ttt_progress: batch 371/782 batch_loss:2.7994 batch_bpb:1.0700 running_loss:2.7478 running_bpb:1.0630 doc_len:446-447
ttt_progress: batch 367/782 batch_loss:2.8310 batch_bpb:1.0633 running_loss:2.7480 running_bpb:1.0630 doc_len:440-441
ttt_progress: batch 364/782 batch_loss:2.7282 batch_bpb:1.0642 running_loss:2.7480 running_bpb:1.0630 doc_len:436-437
ttt_progress: batch 360/782 batch_loss:2.8206 batch_bpb:1.0756 running_loss:2.7482 running_bpb:1.0630 doc_len:430-432
ttt_progress: batch 356/782 batch_loss:2.6852 batch_bpb:1.0433 running_loss:2.7480 running_bpb:1.0629 doc_len:424-426
ttt_progress: batch 352/782 batch_loss:2.7490 batch_bpb:1.0928 running_loss:2.7480 running_bpb:1.0630 doc_len:419-420
ttt_progress: batch 349/782 batch_loss:2.9134 batch_bpb:1.1070 running_loss:2.7484 running_bpb:1.0631 doc_len:415-417
ttt_progress: batch 345/782 batch_loss:2.8587 batch_bpb:1.1086 running_loss:2.7487 running_bpb:1.0633 doc_len:410-412
ttt_progress: batch 341/782 batch_loss:2.8622 batch_bpb:1.0958 running_loss:2.7490 running_bpb:1.0634 doc_len:404-406
ttt_progress: batch 338/782 batch_loss:2.8470 batch_bpb:1.1105 running_loss:2.7493 running_bpb:1.0635 doc_len:400-402
ttt_progress: batch 334/782 batch_loss:2.8593 batch_bpb:1.1003 running_loss:2.7496 running_bpb:1.0636 doc_len:395-396
ttt_progress: batch 330/782 batch_loss:2.8590 batch_bpb:1.0900 running_loss:2.7499 running_bpb:1.0636 doc_len:390-392
ttt_progress: batch 327/782 batch_loss:2.7740 batch_bpb:1.0769 running_loss:2.7499 running_bpb:1.0637 doc_len:387-388
ttt_progress: batch 323/782 batch_loss:2.8126 batch_bpb:1.0462 running_loss:2.7501 running_bpb:1.0636 doc_len:381-382
ttt_progress: batch 319/782 batch_loss:2.8191 batch_bpb:1.1059 running_loss:2.7502 running_bpb:1.0637 doc_len:376-377
ttt_progress: batch 316/782 batch_loss:2.7696 batch_bpb:1.0892 running_loss:2.7503 running_bpb:1.0638 doc_len:371-373
ttt_progress: batch 312/782 batch_loss:2.7338 batch_bpb:1.0672 running_loss:2.7502 running_bpb:1.0638 doc_len:367-368
ttt_progress: batch 308/782 batch_loss:2.7879 batch_bpb:1.0831 running_loss:2.7503 running_bpb:1.0638 doc_len:362-363
ttt_progress: batch 304/782 batch_loss:2.8938 batch_bpb:1.1270 running_loss:2.7507 running_bpb:1.0640 doc_len:357-358
ttt_progress: batch 301/782 batch_loss:2.7823 batch_bpb:1.0819 running_loss:2.7507 running_bpb:1.0640 doc_len:353-354
ttt_progress: batch 297/782 batch_loss:2.7967 batch_bpb:1.0596 running_loss:2.7508 running_bpb:1.0640 doc_len:348-349
ttt_progress: batch 294/782 batch_loss:2.8394 batch_bpb:1.0980 running_loss:2.7510 running_bpb:1.0641 doc_len:345-345
ttt_progress: batch 290/782 batch_loss:2.8534 batch_bpb:1.0811 running_loss:2.7512 running_bpb:1.0641 doc_len:340-341
ttt_progress: batch 286/782 batch_loss:2.8789 batch_bpb:1.0936 running_loss:2.7515 running_bpb:1.0642 doc_len:335-336
ttt_progress: batch 282/782 batch_loss:2.8187 batch_bpb:1.1225 running_loss:2.7517 running_bpb:1.0643 doc_len:331-332
ttt_progress: batch 280/782 batch_loss:2.8195 batch_bpb:1.0943 running_loss:2.7518 running_bpb:1.0644 doc_len:329-329
ttt_progress: batch 275/782 batch_loss:2.7437 batch_bpb:1.0612 running_loss:2.7518 running_bpb:1.0644 doc_len:323-324
ttt_progress: batch 271/782 batch_loss:2.7736 batch_bpb:1.0689 running_loss:2.7518 running_bpb:1.0644 doc_len:319-320
ttt_progress: batch 268/782 batch_loss:2.8528 batch_bpb:1.0968 running_loss:2.7520 running_bpb:1.0644 doc_len:315-316
ttt_progress: batch 264/782 batch_loss:2.8927 batch_bpb:1.1449 running_loss:2.7523 running_bpb:1.0646 doc_len:311-312
ttt_progress: batch 260/782 batch_loss:2.8119 batch_bpb:1.0968 running_loss:2.7524 running_bpb:1.0646 doc_len:306-307
ttt_progress: batch 256/782 batch_loss:2.8831 batch_bpb:1.1302 running_loss:2.7527 running_bpb:1.0648 doc_len:301-302
ttt_progress: batch 253/782 batch_loss:2.7439 batch_bpb:1.0776 running_loss:2.7526 running_bpb:1.0648 doc_len:298-299
ttt_progress: batch 249/782 batch_loss:2.8798 batch_bpb:1.1470 running_loss:2.7529 running_bpb:1.0649 doc_len:294-295
ttt_progress: batch 245/782 batch_loss:2.8673 batch_bpb:1.1010 running_loss:2.7531 running_bpb:1.0650 doc_len:290-291
ttt_progress: batch 242/782 batch_loss:2.8902 batch_bpb:1.1050 running_loss:2.7533 running_bpb:1.0651 doc_len:287-288
ttt_progress: batch 238/782 batch_loss:2.8813 batch_bpb:1.1429 running_loss:2.7535 running_bpb:1.0652 doc_len:283-284
ttt_progress: batch 234/782 batch_loss:2.9140 batch_bpb:1.1551 running_loss:2.7538 running_bpb:1.0654 doc_len:279-280
ttt_progress: batch 230/782 batch_loss:2.8987 batch_bpb:1.1092 running_loss:2.7541 running_bpb:1.0654 doc_len:275-276
ttt_progress: batch 227/782 batch_loss:2.8035 batch_bpb:1.0872 running_loss:2.7541 running_bpb:1.0655 doc_len:272-273
ttt_progress: batch 223/782 batch_loss:2.8222 batch_bpb:1.0865 running_loss:2.7542 running_bpb:1.0655 doc_len:268-269
ttt_progress: batch 219/782 batch_loss:2.8947 batch_bpb:1.1294 running_loss:2.7545 running_bpb:1.0656 doc_len:264-265
ttt_progress: batch 216/782 batch_loss:2.9152 batch_bpb:1.1093 running_loss:2.7547 running_bpb:1.0657 doc_len:261-262
ttt_progress: batch 212/782 batch_loss:2.9219 batch_bpb:1.1436 running_loss:2.7550 running_bpb:1.0658 doc_len:257-258
ttt_progress: batch 207/782 batch_loss:2.8262 batch_bpb:1.1118 running_loss:2.7551 running_bpb:1.0659 doc_len:253-254
ttt_progress: batch 204/782 batch_loss:2.8998 batch_bpb:1.1280 running_loss:2.7553 running_bpb:1.0660 doc_len:250-251
ttt_progress: batch 201/782 batch_loss:2.8749 batch_bpb:1.1205 running_loss:2.7555 running_bpb:1.0660 doc_len:247-248
ttt_progress: batch 197/782 batch_loss:2.8424 batch_bpb:1.1209 running_loss:2.7556 running_bpb:1.0661 doc_len:244-245
ttt_progress: batch 193/782 batch_loss:2.8686 batch_bpb:1.1558 running_loss:2.7558 running_bpb:1.0662 doc_len:240-241
ttt_progress: batch 188/782 batch_loss:2.8998 batch_bpb:1.1487 running_loss:2.7560 running_bpb:1.0664 doc_len:236-237
ttt_progress: batch 186/782 batch_loss:2.9333 batch_bpb:1.1720 running_loss:2.7562 running_bpb:1.0665 doc_len:234-235
ttt_progress: batch 182/782 batch_loss:2.8384 batch_bpb:1.1291 running_loss:2.7564 running_bpb:1.0666 doc_len:230-231
ttt_progress: batch 178/782 batch_loss:2.8493 batch_bpb:1.1364 running_loss:2.7565 running_bpb:1.0667 doc_len:227-228
ttt_progress: batch 175/782 batch_loss:2.8361 batch_bpb:1.1118 running_loss:2.7566 running_bpb:1.0667 doc_len:225-225
ttt_progress: batch 171/782 batch_loss:2.8778 batch_bpb:1.1069 running_loss:2.7568 running_bpb:1.0668 doc_len:221-222
ttt_progress: batch 166/782 batch_loss:2.9606 batch_bpb:1.1414 running_loss:2.7570 running_bpb:1.0669 doc_len:217-218
ttt_progress: batch 164/782 batch_loss:2.9651 batch_bpb:1.1466 running_loss:2.7573 running_bpb:1.0670 doc_len:215-216
ttt_progress: batch 159/782 batch_loss:2.9935 batch_bpb:1.1793 running_loss:2.7576 running_bpb:1.0671 doc_len:211-212
ttt_progress: batch 156/782 batch_loss:2.8793 batch_bpb:1.1041 running_loss:2.7577 running_bpb:1.0672 doc_len:208-209
ttt_progress: batch 152/782 batch_loss:2.8772 batch_bpb:1.1226 running_loss:2.7579 running_bpb:1.0672 doc_len:205-206
ttt_progress: batch 150/782 batch_loss:2.9359 batch_bpb:1.1541 running_loss:2.7581 running_bpb:1.0673 doc_len:204-204
ttt_progress: batch 144/782 batch_loss:2.8231 batch_bpb:1.1229 running_loss:2.7582 running_bpb:1.0674 doc_len:199-200
ttt_progress: batch 141/782 batch_loss:2.8974 batch_bpb:1.1423 running_loss:2.7583 running_bpb:1.0675 doc_len:196-197
ttt_progress: batch 139/782 batch_loss:2.9767 batch_bpb:1.1520 running_loss:2.7586 running_bpb:1.0676 doc_len:195-195
ttt_progress: batch 134/782 batch_loss:3.0265 batch_bpb:1.2105 running_loss:2.7589 running_bpb:1.0677 doc_len:190-191
ttt_progress: batch 130/782 batch_loss:3.1162 batch_bpb:1.2249 running_loss:2.7593 running_bpb:1.0679 doc_len:187-188
ttt_progress: batch 127/782 batch_loss:2.8953 batch_bpb:1.1445 running_loss:2.7594 running_bpb:1.0680 doc_len:185-186
ttt_progress: batch 123/782 batch_loss:2.9392 batch_bpb:1.1743 running_loss:2.7596 running_bpb:1.0681 doc_len:182-183
ttt_progress: batch 119/782 batch_loss:2.8040 batch_bpb:1.0858 running_loss:2.7597 running_bpb:1.0681 doc_len:179-180
ttt_progress: batch 115/782 batch_loss:2.8631 batch_bpb:1.1553 running_loss:2.7598 running_bpb:1.0682 doc_len:176-177
ttt_progress: batch 112/782 batch_loss:2.9831 batch_bpb:1.1538 running_loss:2.7600 running_bpb:1.0683 doc_len:174-175
ttt_progress: batch 108/782 batch_loss:2.8541 batch_bpb:1.0961 running_loss:2.7601 running_bpb:1.0683 doc_len:171-172
ttt_progress: batch 104/782 batch_loss:2.9835 batch_bpb:1.1610 running_loss:2.7603 running_bpb:1.0684 doc_len:168-169
ttt_progress: batch 101/782 batch_loss:2.9679 batch_bpb:1.1649 running_loss:2.7605 running_bpb:1.0685 doc_len:166-167
ttt_progress: batch 98/782 batch_loss:2.9803 batch_bpb:1.1829 running_loss:2.7607 running_bpb:1.0686 doc_len:164-164
ttt_progress: batch 92/782 batch_loss:2.8739 batch_bpb:1.1624 running_loss:2.7608 running_bpb:1.0687 doc_len:159-160
ttt_progress: batch 89/782 batch_loss:3.0120 batch_bpb:1.2012 running_loss:2.7611 running_bpb:1.0688 doc_len:157-158
ttt_progress: batch 86/782 batch_loss:3.0214 batch_bpb:1.2575 running_loss:2.7613 running_bpb:1.0690 doc_len:154-155
ttt_progress: batch 82/782 batch_loss:2.9535 batch_bpb:1.1889 running_loss:2.7615 running_bpb:1.0691 doc_len:151-152
ttt_progress: batch 78/782 batch_loss:2.9022 batch_bpb:1.1260 running_loss:2.7616 running_bpb:1.0691 doc_len:148-149
ttt_progress: batch 75/782 batch_loss:3.0668 batch_bpb:1.2041 running_loss:2.7618 running_bpb:1.0692 doc_len:146-147
ttt_progress: batch 72/782 batch_loss:2.9275 batch_bpb:1.1897 running_loss:2.7620 running_bpb:1.0693 doc_len:144-144
ttt_progress: batch 67/782 batch_loss:3.0496 batch_bpb:1.2326 running_loss:2.7622 running_bpb:1.0695 doc_len:140-141
ttt_progress: batch 65/782 batch_loss:3.0357 batch_bpb:1.2189 running_loss:2.7624 running_bpb:1.0696 doc_len:139-139
ttt_progress: batch 60/782 batch_loss:3.0457 batch_bpb:1.2223 running_loss:2.7627 running_bpb:1.0697 doc_len:134-135
ttt_progress: batch 56/782 batch_loss:3.0474 batch_bpb:1.2010 running_loss:2.7629 running_bpb:1.0698 doc_len:131-132
ttt_progress: batch 52/782 batch_loss:3.0483 batch_bpb:1.1928 running_loss:2.7631 running_bpb:1.0699 doc_len:128-129
ttt_progress: batch 50/782 batch_loss:2.9619 batch_bpb:1.2158 running_loss:2.7632 running_bpb:1.0700 doc_len:126-127
ttt_progress: batch 47/782 batch_loss:2.9415 batch_bpb:1.1755 running_loss:2.7634 running_bpb:1.0701 doc_len:124-125
ttt_progress: batch 44/782 batch_loss:3.1177 batch_bpb:1.2149 running_loss:2.7636 running_bpb:1.0702 doc_len:122-122
ttt_progress: batch 40/782 batch_loss:2.9823 batch_bpb:1.1996 running_loss:2.7638 running_bpb:1.0702 doc_len:119-119
ttt_progress: batch 34/782 batch_loss:3.0607 batch_bpb:1.2390 running_loss:2.7640 running_bpb:1.0704 doc_len:114-115
ttt_progress: batch 32/782 batch_loss:3.0098 batch_bpb:1.2032 running_loss:2.7641 running_bpb:1.0704 doc_len:112-113
ttt_progress: batch 28/782 batch_loss:3.0079 batch_bpb:1.2112 running_loss:2.7643 running_bpb:1.0705 doc_len:108-109
ttt_progress: batch 24/782 batch_loss:3.0378 batch_bpb:1.2018 running_loss:2.7644 running_bpb:1.0706 doc_len:105-106
ttt_progress: batch 20/782 batch_loss:3.1241 batch_bpb:1.2635 running_loss:2.7646 running_bpb:1.0707 doc_len:101-102
ttt_progress: batch 17/782 batch_loss:3.1268 batch_bpb:1.2394 running_loss:2.7648 running_bpb:1.0708 doc_len:98-99
ttt_progress: batch 13/782 batch_loss:3.1409 batch_bpb:1.2642 running_loss:2.7650 running_bpb:1.0709 doc_len:93-94
ttt_progress: batch 9/782 batch_loss:3.1919 batch_bpb:1.2649 running_loss:2.7653 running_bpb:1.0710 doc_len:87-89
ttt_progress: batch 5/782 batch_loss:3.3017 batch_bpb:1.2879 running_loss:2.7655 running_bpb:1.0711 doc_len:80-82
ttt_progress: batch 1/782 batch_loss:3.3419 batch_bpb:1.2403 running_loss:2.7657 running_bpb:1.0712 doc_len:45-70
quantized_ttt_lora val_loss:2.76894482 val_bpb:1.07194483 eval_time:1050385ms
