W0418 05:14:59.234000 77815 torch/distributed/run.py:851] 
W0418 05:14:59.234000 77815 torch/distributed/run.py:851] *****************************************
W0418 05:14:59.234000 77815 torch/distributed/run.py:851] Setting OMP_NUM_THREADS environment variable for each process to be 1 in default, to avoid your system being overloaded, please further tune the variable for optimal performance in your application as needed. 
W0418 05:14:59.234000 77815 torch/distributed/run.py:851] *****************************************
Hyperparameters:
  adam_eps: 1e-08
  adam_wd: 0.02
  beta1: 0.9
  beta2: 0.95
  clip_mult_early: 1.0
  clip_mult_late: 1.0
  clip_mult_loop: 1.0
  clip_mult_mid: 1.0
  compress_ans: True
  compress_brotli: False
  compress_lzma: False
  data_dir: ./data/
  datasets_dir: ./data/datasets/fineweb10B_sp8192
  distributed: True
  effective_train_seq_len: <property object at 0x14995c7d4ef0>
  ema_decay: 0.9965
  embed_bits: 8
  embed_clip_sigmas: 20.0
  embed_lr: 0.6
  embed_wd: 0.085
  embedding_dim: 512
  enable_looping_at: 0.35
  eval_seq_len: 2048
  eval_stride: 64
  force_dense_eval: False
  fused_mlp: True
  fused_rope: True
  gated_attention: True
  gptq_calibration_batches: 128
  gptq_reserve_seconds: 12.0
  grad_accum_steps: 2
  grad_clip_norm: 0.3
  head_lr: 0.008
  hessian_clip_lambda: 0.3
  is_main_process: True
  iterations: 20000
  ln_scale: True
  local_rank: 0
  logfile: logs/pg12_ttt_chunk32.txt
  logit_softcap: 20.0
  loop_embeddings: False
  loop_end: 5
  loop_layer_bits: 0
  loop_layer_clip_sigmas: 0.0
  loop_start: 3
  matrix_bits: 6
  matrix_clip_sigmas: 14.0
  matrix_lr: 0.022
  max_wallclock_seconds: 3600.0
  min_lr: 0.0
  mixed_seq_gpu_frac: 0.375
  mixed_seq_len: 0
  mlp_mult: 4.35
  model_dim: 512
  model_path: final_model.pt
  moe_enabled: False
  moe_layers: 3,5,7,9
  moe_num_experts: 3
  moe_top_k: 2
  muon_backend_steps: 5
  muon_beta2: 0.95
  muon_momentum: 0.97
  muon_momentum_warmup_start: 0.92
  muon_momentum_warmup_steps: 1500
  muon_row_normalize: True
  muon_wd: 0.095
  num_heads: 8
  num_kv_heads: 4
  num_layers: 11
  num_loops: 2
  parallel_residual_start: 7
  qk_gain_init: 5.25
  quantized_model_path: final_model.int6.ptz
  rank: 0
  rope_base: 10000.0
  rope_dims: 32
  rope_force_base_seqlen: 0
  rope_train_seq_len: 2048
  run_id: pg12_ttt_chunk32
  run_sw_only: False
  run_ttt_only: True
  scalar_lr: 0.022
  seed: 1337
  skip_gates_enabled: True
  skip_training: True
  sliding_window_enabled: True
  slot_enabled: False
  slot_lr: 0.01
  slot_max_windows: 0
  slot_steps: 4
  slot_train_mode: context
  slot_wd: 0.01
  tie_embeddings: True
  tied_embed_init_std: 0.005
  tied_embed_lr: 0.03
  tokenizer_path: ./data/tokenizers/fineweb_8192_bpe.model
  train_batch_tokens: 786432
  train_files: ./data/datasets/fineweb10B_sp8192/fineweb_train_*.bin
  train_log_every: 500
  train_seq_len: 2048
  ttt_adapt_ema: 0.95
  ttt_adapt_max_scale: 2.0
  ttt_adapt_min_scale: 0.5
  ttt_adapt_power: 1.0
  ttt_adaptive_lr: False
  ttt_batch_size: 64
  ttt_beta1: 0.9
  ttt_beta2: 0.99
  ttt_chunk_size: 32
  ttt_enabled: True
  ttt_eval_seq_len: 2048
  ttt_fp_chunk_tokens: 32768
  ttt_fp_epochs: 3
  ttt_fp_lr: 0.001
  ttt_grad_clip: 1.0
  ttt_grad_steps: 1
  ttt_k_lora: True
  ttt_lora_lr: 0.0001
  ttt_lora_rank: 96
  ttt_max_docs: 0
  ttt_mlp_lora: True
  ttt_nan_guard: True
  ttt_o_lora: True
  ttt_phase_sgd_batch: 8
  ttt_phase_sgd_epochs: 1
  ttt_phase_sgd_lr: 0.0005
  ttt_phase_sgd_momentum: 0.9
  ttt_phase_sgd_optimizer: sgd
  ttt_phase_sgd_seq_len: 1024
  ttt_phase_sgd_wd: 0.0
  ttt_phases: 1
  ttt_rope_base_seqlen: 0
  ttt_weight_decay: 0.2
  val_batch_tokens: 524288
  val_files: ./data/datasets/fineweb10B_sp8192/fineweb_val_*.bin
  val_loss_every: 4000
  varlen_attention: True
  vocab_size: 8192
  warmdown_frac: 0.85
  warmdown_wd_mult: 1.0
  warmup_steps: 20
  window_attn_layers: 
  window_attn_size: 0
  world_size: 4
  xsa_last_n: 11
train_shards: 80
val_tokens: 40540160
SKIP_TRAINING=1 — reusing existing final_model.int6.ptz
ttt_lora:rope_base inherited ROPE_FORCE_BASE_SEQLEN=98304
ttt_lora:warming up compile
ttt_lora:compile warmup done (139.5s)
ttt_lora:docs:50000 rank:96 lr:0.0001 chunk:32
[rank2]:W0418 05:23:09.440000 77893 .venv/lib/python3.12/site-packages/torch/_dynamo/convert_frame.py:1743] [0/8] torch._dynamo hit config.recompile_limit (8)
[rank2]:W0418 05:23:09.440000 77893 .venv/lib/python3.12/site-packages/torch/_dynamo/convert_frame.py:1743] [0/8]    function: '_fwd_ttt_inner' (/root/parameter-golf/train_gpt_improved_04_16.py:3347)
[rank2]:W0418 05:23:09.440000 77893 .venv/lib/python3.12/site-packages/torch/_dynamo/convert_frame.py:1743] [0/8]    last reason: 0/7: tensor 'input_ids' size mismatch at index 1. expected 192, actual 224
[rank2]:W0418 05:23:09.440000 77893 .venv/lib/python3.12/site-packages/torch/_dynamo/convert_frame.py:1743] [0/8] To log all recompilation reasons, use TORCH_LOGS="recompiles".
[rank2]:W0418 05:23:09.440000 77893 .venv/lib/python3.12/site-packages/torch/_dynamo/convert_frame.py:1743] [0/8] To diagnose recompilation issues, see https://docs.pytorch.org/docs/main/user_guide/torch_compiler/compile/programming_model.recompilation.html
[rank1]:W0418 05:23:42.674000 77892 .venv/lib/python3.12/site-packages/torch/_dynamo/convert_frame.py:1743] [0/8] torch._dynamo hit config.recompile_limit (8)
[rank1]:W0418 05:23:42.674000 77892 .venv/lib/python3.12/site-packages/torch/_dynamo/convert_frame.py:1743] [0/8]    function: '_fwd_ttt_inner' (/root/parameter-golf/train_gpt_improved_04_16.py:3347)
[rank1]:W0418 05:23:42.674000 77892 .venv/lib/python3.12/site-packages/torch/_dynamo/convert_frame.py:1743] [0/8]    last reason: 0/7: tensor 'input_ids' size mismatch at index 1. expected 224, actual 256
[rank1]:W0418 05:23:42.674000 77892 .venv/lib/python3.12/site-packages/torch/_dynamo/convert_frame.py:1743] [0/8] To log all recompilation reasons, use TORCH_LOGS="recompiles".
[rank1]:W0418 05:23:42.674000 77892 .venv/lib/python3.12/site-packages/torch/_dynamo/convert_frame.py:1743] [0/8] To diagnose recompilation issues, see https://docs.pytorch.org/docs/main/user_guide/torch_compiler/compile/programming_model.recompilation.html
[rank0]:W0418 05:23:51.133000 77891 .venv/lib/python3.12/site-packages/torch/_dynamo/convert_frame.py:1743] [0/8] torch._dynamo hit config.recompile_limit (8)
[rank0]:W0418 05:23:51.133000 77891 .venv/lib/python3.12/site-packages/torch/_dynamo/convert_frame.py:1743] [0/8]    function: '_fwd_ttt_inner' (/root/parameter-golf/train_gpt_improved_04_16.py:3347)
[rank0]:W0418 05:23:51.133000 77891 .venv/lib/python3.12/site-packages/torch/_dynamo/convert_frame.py:1743] [0/8]    last reason: 0/7: tensor 'input_ids' size mismatch at index 1. expected 224, actual 256
[rank0]:W0418 05:23:51.133000 77891 .venv/lib/python3.12/site-packages/torch/_dynamo/convert_frame.py:1743] [0/8] To log all recompilation reasons, use TORCH_LOGS="recompiles".
[rank0]:W0418 05:23:51.133000 77891 .venv/lib/python3.12/site-packages/torch/_dynamo/convert_frame.py:1743] [0/8] To diagnose recompilation issues, see https://docs.pytorch.org/docs/main/user_guide/torch_compiler/compile/programming_model.recompilation.html
[rank3]:W0418 05:23:52.347000 77894 .venv/lib/python3.12/site-packages/torch/_dynamo/convert_frame.py:1743] [0/8] torch._dynamo hit config.recompile_limit (8)
[rank3]:W0418 05:23:52.347000 77894 .venv/lib/python3.12/site-packages/torch/_dynamo/convert_frame.py:1743] [0/8]    function: '_fwd_ttt_inner' (/root/parameter-golf/train_gpt_improved_04_16.py:3347)
[rank3]:W0418 05:23:52.347000 77894 .venv/lib/python3.12/site-packages/torch/_dynamo/convert_frame.py:1743] [0/8]    last reason: 0/7: tensor 'input_ids' size mismatch at index 1. expected 224, actual 256
[rank3]:W0418 05:23:52.347000 77894 .venv/lib/python3.12/site-packages/torch/_dynamo/convert_frame.py:1743] [0/8] To log all recompilation reasons, use TORCH_LOGS="recompiles".
[rank3]:W0418 05:23:52.347000 77894 .venv/lib/python3.12/site-packages/torch/_dynamo/convert_frame.py:1743] [0/8] To diagnose recompilation issues, see https://docs.pytorch.org/docs/main/user_guide/torch_compiler/compile/programming_model.recompilation.html
ttt_progress: batch 780/782 batch_loss:2.6178 batch_bpb:1.0741 running_loss:2.6178 running_bpb:1.0741 doc_len:11071-14414
ttt_progress: batch 777/782 batch_loss:2.7250 batch_bpb:1.0899 running_loss:2.6581 running_bpb:1.0801 doc_len:7190-7938
ttt_progress: batch 775/782 batch_loss:2.6875 batch_bpb:1.0639 running_loss:2.6650 running_bpb:1.0763 doc_len:5853-6355
ttt_progress: batch 772/782 batch_loss:2.7659 batch_bpb:1.1063 running_loss:2.6813 running_bpb:1.0812 doc_len:4937-5193
ttt_progress: batch 768/782 batch_loss:2.7046 batch_bpb:1.0853 running_loss:2.6841 running_bpb:1.0817 doc_len:4128-4306
ttt_progress: batch 764/782 batch_loss:2.7688 batch_bpb:1.1001 running_loss:2.6921 running_bpb:1.0834 doc_len:3639-3742
ttt_progress: batch 760/782 batch_loss:2.8429 batch_bpb:1.1165 running_loss:2.7038 running_bpb:1.0861 doc_len:3255-3334
ttt_progress: batch 756/782 batch_loss:2.7850 batch_bpb:1.0794 running_loss:2.7092 running_bpb:1.0856 doc_len:2973-3032
ttt_progress: batch 754/782 batch_loss:2.6886 batch_bpb:1.0550 running_loss:2.7079 running_bpb:1.0838 doc_len:2839-2899
ttt_progress: batch 750/782 batch_loss:2.8322 batch_bpb:1.0685 running_loss:2.7144 running_bpb:1.0829 doc_len:2638-2688
ttt_progress: batch 745/782 batch_loss:2.7864 batch_bpb:1.0892 running_loss:2.7177 running_bpb:1.0832 doc_len:2421-2458
ttt_progress: batch 742/782 batch_loss:2.7856 batch_bpb:1.0670 running_loss:2.7206 running_bpb:1.0825 doc_len:2319-2353
ttt_progress: batch 737/782 batch_loss:2.7974 batch_bpb:1.0667 running_loss:2.7235 running_bpb:1.0819 doc_len:2165-2193
ttt_progress: batch 734/782 batch_loss:2.7696 batch_bpb:1.0561 running_loss:2.7251 running_bpb:1.0809 doc_len:2091-2115
ttt_progress: batch 729/782 batch_loss:2.7291 batch_bpb:1.0400 running_loss:2.7252 running_bpb:1.0796 doc_len:1978-1994
ttt_progress: batch 725/782 batch_loss:2.7614 batch_bpb:1.0703 running_loss:2.7263 running_bpb:1.0793 doc_len:1900-1915
ttt_progress: batch 722/782 batch_loss:2.7752 batch_bpb:1.0611 running_loss:2.7277 running_bpb:1.0788 doc_len:1846-1861
ttt_progress: batch 718/782 batch_loss:2.7779 batch_bpb:1.0708 running_loss:2.7290 running_bpb:1.0785 doc_len:1773-1792
ttt_progress: batch 713/782 batch_loss:2.8385 batch_bpb:1.0472 running_loss:2.7317 running_bpb:1.0777 doc_len:1697-1711
ttt_progress: batch 710/782 batch_loss:2.7567 batch_bpb:1.0688 running_loss:2.7323 running_bpb:1.0775 doc_len:1661-1673
ttt_progress: batch 705/782 batch_loss:2.7853 batch_bpb:1.0729 running_loss:2.7335 running_bpb:1.0774 doc_len:1606-1617
ttt_progress: batch 702/782 batch_loss:2.8053 batch_bpb:1.0671 running_loss:2.7350 running_bpb:1.0772 doc_len:1572-1581
ttt_progress: batch 698/782 batch_loss:2.7814 batch_bpb:1.0309 running_loss:2.7359 running_bpb:1.0762 doc_len:1534-1543
ttt_progress: batch 693/782 batch_loss:2.8173 batch_bpb:1.1052 running_loss:2.7375 running_bpb:1.0767 doc_len:1485-1494
ttt_progress: batch 690/782 batch_loss:2.8406 batch_bpb:1.0644 running_loss:2.7394 running_bpb:1.0765 doc_len:1458-1467
ttt_progress: batch 687/782 batch_loss:2.7179 batch_bpb:1.0496 running_loss:2.7390 running_bpb:1.0760 doc_len:1432-1441
ttt_progress: batch 683/782 batch_loss:2.7755 batch_bpb:1.0686 running_loss:2.7397 running_bpb:1.0759 doc_len:1400-1406
ttt_progress: batch 679/782 batch_loss:2.8513 batch_bpb:1.0863 running_loss:2.7415 running_bpb:1.0761 doc_len:1368-1374
ttt_progress: batch 675/782 batch_loss:2.8422 batch_bpb:1.0669 running_loss:2.7431 running_bpb:1.0759 doc_len:1341-1347
ttt_progress: batch 670/782 batch_loss:2.8264 batch_bpb:1.0568 running_loss:2.7444 running_bpb:1.0756 doc_len:1308-1315
ttt_progress: batch 666/782 batch_loss:2.8260 batch_bpb:1.0621 running_loss:2.7456 running_bpb:1.0754 doc_len:1282-1288
ttt_progress: batch 662/782 batch_loss:2.8117 batch_bpb:1.0729 running_loss:2.7465 running_bpb:1.0754 doc_len:1258-1263
ttt_progress: batch 658/782 batch_loss:2.8120 batch_bpb:1.0763 running_loss:2.7475 running_bpb:1.0754 doc_len:1234-1239
ttt_progress: batch 654/782 batch_loss:2.7331 batch_bpb:1.0375 running_loss:2.7473 running_bpb:1.0748 doc_len:1209-1215
ttt_progress: batch 651/782 batch_loss:2.7204 batch_bpb:1.0448 running_loss:2.7469 running_bpb:1.0744 doc_len:1193-1198
ttt_progress: batch 647/782 batch_loss:2.7538 batch_bpb:1.0483 running_loss:2.7470 running_bpb:1.0741 doc_len:1171-1177
ttt_progress: batch 643/782 batch_loss:2.7967 batch_bpb:1.0662 running_loss:2.7476 running_bpb:1.0740 doc_len:1150-1155
ttt_progress: batch 638/782 batch_loss:2.8416 batch_bpb:1.0481 running_loss:2.7487 running_bpb:1.0737 doc_len:1123-1129
ttt_progress: batch 634/782 batch_loss:2.7030 batch_bpb:1.0435 running_loss:2.7482 running_bpb:1.0733 doc_len:1105-1111
ttt_progress: batch 630/782 batch_loss:2.8342 batch_bpb:1.0613 running_loss:2.7492 running_bpb:1.0732 doc_len:1087-1092
ttt_progress: batch 626/782 batch_loss:2.8138 batch_bpb:1.0455 running_loss:2.7499 running_bpb:1.0729 doc_len:1068-1073
ttt_progress: batch 622/782 batch_loss:2.8468 batch_bpb:1.0772 running_loss:2.7509 running_bpb:1.0729 doc_len:1050-1055
ttt_progress: batch 619/782 batch_loss:2.7940 batch_bpb:1.0585 running_loss:2.7513 running_bpb:1.0728 doc_len:1037-1041
ttt_progress: batch 615/782 batch_loss:2.8405 batch_bpb:1.0665 running_loss:2.7522 running_bpb:1.0727 doc_len:1020-1023
ttt_progress: batch 610/782 batch_loss:2.8309 batch_bpb:1.0628 running_loss:2.7530 running_bpb:1.0726 doc_len:999-1004
ttt_progress: batch 606/782 batch_loss:2.8200 batch_bpb:1.0850 running_loss:2.7536 running_bpb:1.0727 doc_len:982-986
ttt_progress: batch 602/782 batch_loss:2.7812 batch_bpb:1.0403 running_loss:2.7539 running_bpb:1.0724 doc_len:966-971
ttt_progress: batch 598/782 batch_loss:2.7963 batch_bpb:1.0651 running_loss:2.7543 running_bpb:1.0723 doc_len:950-954
ttt_progress: batch 594/782 batch_loss:2.8971 batch_bpb:1.1003 running_loss:2.7555 running_bpb:1.0726 doc_len:937-940
ttt_progress: batch 590/782 batch_loss:2.7328 batch_bpb:1.0285 running_loss:2.7553 running_bpb:1.0722 doc_len:924-927
ttt_progress: batch 587/782 batch_loss:2.7817 batch_bpb:1.0622 running_loss:2.7556 running_bpb:1.0721 doc_len:914-917
ttt_progress: batch 583/782 batch_loss:2.8037 batch_bpb:1.0936 running_loss:2.7560 running_bpb:1.0723 doc_len:901-904
ttt_progress: batch 579/782 batch_loss:2.6397 batch_bpb:1.0060 running_loss:2.7550 running_bpb:1.0717 doc_len:888-891
ttt_progress: batch 575/782 batch_loss:2.7967 batch_bpb:1.0530 running_loss:2.7553 running_bpb:1.0716 doc_len:874-877
ttt_progress: batch 571/782 batch_loss:2.7117 batch_bpb:1.0344 running_loss:2.7550 running_bpb:1.0713 doc_len:862-865
ttt_progress: batch 567/782 batch_loss:2.6771 batch_bpb:1.0311 running_loss:2.7544 running_bpb:1.0710 doc_len:849-852
ttt_progress: batch 563/782 batch_loss:2.8013 batch_bpb:1.0627 running_loss:2.7548 running_bpb:1.0709 doc_len:837-840
ttt_progress: batch 560/782 batch_loss:2.8163 batch_bpb:1.0907 running_loss:2.7552 running_bpb:1.0711 doc_len:828-831
ttt_progress: batch 556/782 batch_loss:2.8260 batch_bpb:1.0804 running_loss:2.7557 running_bpb:1.0711 doc_len:815-818
ttt_progress: batch 552/782 batch_loss:2.7999 batch_bpb:1.0435 running_loss:2.7560 running_bpb:1.0709 doc_len:804-806
ttt_progress: batch 548/782 batch_loss:2.7593 batch_bpb:1.0463 running_loss:2.7560 running_bpb:1.0708 doc_len:793-795
ttt_progress: batch 544/782 batch_loss:2.7462 batch_bpb:1.0400 running_loss:2.7560 running_bpb:1.0706 doc_len:782-785
ttt_progress: batch 540/782 batch_loss:2.6950 batch_bpb:1.0168 running_loss:2.7556 running_bpb:1.0702 doc_len:771-774
ttt_progress: batch 536/782 batch_loss:2.7823 batch_bpb:1.0732 running_loss:2.7557 running_bpb:1.0702 doc_len:762-764
ttt_progress: batch 532/782 batch_loss:2.8100 batch_bpb:1.0551 running_loss:2.7561 running_bpb:1.0701 doc_len:752-754
ttt_progress: batch 528/782 batch_loss:2.7565 batch_bpb:1.0326 running_loss:2.7561 running_bpb:1.0699 doc_len:742-745
ttt_progress: batch 524/782 batch_loss:2.8139 batch_bpb:1.0516 running_loss:2.7564 running_bpb:1.0698 doc_len:732-735
ttt_progress: batch 520/782 batch_loss:2.7877 batch_bpb:1.0565 running_loss:2.7566 running_bpb:1.0697 doc_len:723-725
ttt_progress: batch 516/782 batch_loss:2.8535 batch_bpb:1.0743 running_loss:2.7572 running_bpb:1.0697 doc_len:713-715
ttt_progress: batch 512/782 batch_loss:2.7789 batch_bpb:1.0550 running_loss:2.7573 running_bpb:1.0696 doc_len:703-705
ttt_progress: batch 507/782 batch_loss:2.7545 batch_bpb:1.0399 running_loss:2.7573 running_bpb:1.0695 doc_len:690-693
ttt_progress: batch 503/782 batch_loss:2.8221 batch_bpb:1.0747 running_loss:2.7577 running_bpb:1.0695 doc_len:683-685
ttt_progress: batch 499/782 batch_loss:2.7816 batch_bpb:1.0497 running_loss:2.7578 running_bpb:1.0694 doc_len:673-675
ttt_progress: batch 495/782 batch_loss:2.7666 batch_bpb:1.0564 running_loss:2.7578 running_bpb:1.0693 doc_len:664-666
ttt_progress: batch 491/782 batch_loss:2.7400 batch_bpb:1.0324 running_loss:2.7577 running_bpb:1.0691 doc_len:655-657
ttt_progress: batch 487/782 batch_loss:2.8134 batch_bpb:1.0748 running_loss:2.7580 running_bpb:1.0691 doc_len:647-649
ttt_progress: batch 484/782 batch_loss:2.7965 batch_bpb:1.0673 running_loss:2.7582 running_bpb:1.0691 doc_len:641-643
ttt_progress: batch 479/782 batch_loss:2.7046 batch_bpb:1.0323 running_loss:2.7580 running_bpb:1.0689 doc_len:630-632
ttt_progress: batch 476/782 batch_loss:2.7525 batch_bpb:1.0512 running_loss:2.7579 running_bpb:1.0689 doc_len:624-626
ttt_progress: batch 472/782 batch_loss:2.7986 batch_bpb:1.0698 running_loss:2.7581 running_bpb:1.0689 doc_len:616-618
ttt_progress: batch 468/782 batch_loss:2.7895 batch_bpb:1.0589 running_loss:2.7583 running_bpb:1.0688 doc_len:608-610
ttt_progress: batch 464/782 batch_loss:2.7181 batch_bpb:1.0772 running_loss:2.7581 running_bpb:1.0689 doc_len:600-602
ttt_progress: batch 460/782 batch_loss:2.7886 batch_bpb:1.0577 running_loss:2.7582 running_bpb:1.0688 doc_len:593-595
ttt_progress: batch 456/782 batch_loss:2.8155 batch_bpb:1.0693 running_loss:2.7585 running_bpb:1.0688 doc_len:586-587
ttt_progress: batch 452/782 batch_loss:2.7470 batch_bpb:1.0597 running_loss:2.7584 running_bpb:1.0688 doc_len:579-580
ttt_progress: batch 448/782 batch_loss:2.7178 batch_bpb:1.0325 running_loss:2.7582 running_bpb:1.0686 doc_len:571-573
ttt_progress: batch 444/782 batch_loss:2.6709 batch_bpb:1.0120 running_loss:2.7579 running_bpb:1.0684 doc_len:564-566
ttt_progress: batch 440/782 batch_loss:2.8635 batch_bpb:1.0933 running_loss:2.7583 running_bpb:1.0685 doc_len:556-559
ttt_progress: batch 436/782 batch_loss:2.8448 batch_bpb:1.0673 running_loss:2.7587 running_bpb:1.0685 doc_len:549-551
ttt_progress: batch 432/782 batch_loss:2.7571 batch_bpb:1.0489 running_loss:2.7587 running_bpb:1.0684 doc_len:542-544
ttt_progress: batch 429/782 batch_loss:2.7481 batch_bpb:1.0784 running_loss:2.7586 running_bpb:1.0684 doc_len:537-539
ttt_progress: batch 425/782 batch_loss:2.7528 batch_bpb:1.0473 running_loss:2.7586 running_bpb:1.0683 doc_len:530-532
ttt_progress: batch 421/782 batch_loss:2.7865 batch_bpb:1.0511 running_loss:2.7587 running_bpb:1.0683 doc_len:523-524
ttt_progress: batch 417/782 batch_loss:2.8115 batch_bpb:1.0543 running_loss:2.7589 running_bpb:1.0682 doc_len:516-517
ttt_progress: batch 413/782 batch_loss:2.6438 batch_bpb:0.9969 running_loss:2.7585 running_bpb:1.0679 doc_len:510-511
ttt_progress: batch 409/782 batch_loss:2.7025 batch_bpb:1.0441 running_loss:2.7583 running_bpb:1.0679 doc_len:503-505
ttt_progress: batch 405/782 batch_loss:2.8244 batch_bpb:1.0675 running_loss:2.7585 running_bpb:1.0679 doc_len:497-498
ttt_progress: batch 401/782 batch_loss:2.7353 batch_bpb:1.0588 running_loss:2.7584 running_bpb:1.0678 doc_len:490-492
ttt_progress: batch 397/782 batch_loss:2.8819 batch_bpb:1.0948 running_loss:2.7589 running_bpb:1.0679 doc_len:484-486
ttt_progress: batch 394/782 batch_loss:2.8790 batch_bpb:1.1103 running_loss:2.7593 running_bpb:1.0681 doc_len:479-481
ttt_progress: batch 390/782 batch_loss:2.8080 batch_bpb:1.0892 running_loss:2.7594 running_bpb:1.0681 doc_len:473-475
ttt_progress: batch 386/782 batch_loss:2.7220 batch_bpb:1.0634 running_loss:2.7593 running_bpb:1.0681 doc_len:467-468
ttt_progress: batch 382/782 batch_loss:2.9106 batch_bpb:1.1330 running_loss:2.7598 running_bpb:1.0683 doc_len:461-463
ttt_progress: batch 378/782 batch_loss:2.8109 batch_bpb:1.0936 running_loss:2.7600 running_bpb:1.0684 doc_len:456-457
ttt_progress: batch 374/782 batch_loss:2.7485 batch_bpb:1.0680 running_loss:2.7599 running_bpb:1.0684 doc_len:450-452
ttt_progress: batch 370/782 batch_loss:2.6799 batch_bpb:1.0426 running_loss:2.7597 running_bpb:1.0683 doc_len:444-446
ttt_progress: batch 366/782 batch_loss:2.8734 batch_bpb:1.1249 running_loss:2.7600 running_bpb:1.0685 doc_len:439-440
ttt_progress: batch 362/782 batch_loss:2.8102 batch_bpb:1.0626 running_loss:2.7602 running_bpb:1.0685 doc_len:433-434
ttt_progress: batch 359/782 batch_loss:2.7867 batch_bpb:1.0770 running_loss:2.7602 running_bpb:1.0685 doc_len:429-430
ttt_progress: batch 355/782 batch_loss:2.7081 batch_bpb:1.0671 running_loss:2.7601 running_bpb:1.0685 doc_len:423-424
ttt_progress: batch 351/782 batch_loss:2.8352 batch_bpb:1.0912 running_loss:2.7603 running_bpb:1.0686 doc_len:418-419
ttt_progress: batch 347/782 batch_loss:2.8499 batch_bpb:1.0863 running_loss:2.7606 running_bpb:1.0686 doc_len:413-414
ttt_progress: batch 343/782 batch_loss:2.7971 batch_bpb:1.0673 running_loss:2.7607 running_bpb:1.0686 doc_len:407-408
ttt_progress: batch 339/782 batch_loss:2.8225 batch_bpb:1.0718 running_loss:2.7608 running_bpb:1.0686 doc_len:402-403
ttt_progress: batch 336/782 batch_loss:2.9396 batch_bpb:1.1617 running_loss:2.7613 running_bpb:1.0689 doc_len:398-399
ttt_progress: batch 333/782 batch_loss:2.8953 batch_bpb:1.1276 running_loss:2.7617 running_bpb:1.0690 doc_len:394-395
ttt_progress: batch 330/782 batch_loss:2.8595 batch_bpb:1.0902 running_loss:2.7619 running_bpb:1.0691 doc_len:390-392
ttt_progress: batch 326/782 batch_loss:2.8488 batch_bpb:1.1259 running_loss:2.7622 running_bpb:1.0692 doc_len:385-387
ttt_progress: batch 321/782 batch_loss:2.7968 batch_bpb:1.0990 running_loss:2.7622 running_bpb:1.0693 doc_len:378-380
ttt_progress: batch 317/782 batch_loss:2.8698 batch_bpb:1.1094 running_loss:2.7625 running_bpb:1.0694 doc_len:373-374
ttt_progress: batch 313/782 batch_loss:2.8259 batch_bpb:1.0883 running_loss:2.7627 running_bpb:1.0694 doc_len:368-369
ttt_progress: batch 310/782 batch_loss:2.7845 batch_bpb:1.0787 running_loss:2.7627 running_bpb:1.0695 doc_len:364-365
ttt_progress: batch 306/782 batch_loss:2.8691 batch_bpb:1.1351 running_loss:2.7630 running_bpb:1.0696 doc_len:359-361
ttt_progress: batch 302/782 batch_loss:2.8269 batch_bpb:1.0964 running_loss:2.7631 running_bpb:1.0697 doc_len:354-355
ttt_progress: batch 298/782 batch_loss:2.8401 batch_bpb:1.0993 running_loss:2.7633 running_bpb:1.0698 doc_len:349-351
ttt_progress: batch 293/782 batch_loss:2.7588 batch_bpb:1.0658 running_loss:2.7633 running_bpb:1.0697 doc_len:343-345
ttt_progress: batch 290/782 batch_loss:2.8559 batch_bpb:1.0820 running_loss:2.7635 running_bpb:1.0698 doc_len:340-341
ttt_progress: batch 287/782 batch_loss:2.8569 batch_bpb:1.1144 running_loss:2.7637 running_bpb:1.0699 doc_len:336-337
ttt_progress: batch 283/782 batch_loss:2.7846 batch_bpb:1.0682 running_loss:2.7638 running_bpb:1.0699 doc_len:332-333
ttt_progress: batch 280/782 batch_loss:2.8204 batch_bpb:1.0946 running_loss:2.7639 running_bpb:1.0699 doc_len:329-329
ttt_progress: batch 275/782 batch_loss:2.7450 batch_bpb:1.0616 running_loss:2.7638 running_bpb:1.0699 doc_len:323-324
ttt_progress: batch 271/782 batch_loss:2.7749 batch_bpb:1.0694 running_loss:2.7639 running_bpb:1.0699 doc_len:319-320
ttt_progress: batch 268/782 batch_loss:2.8542 batch_bpb:1.0974 running_loss:2.7640 running_bpb:1.0700 doc_len:315-316
ttt_progress: batch 264/782 batch_loss:2.8937 batch_bpb:1.1453 running_loss:2.7643 running_bpb:1.0701 doc_len:311-312
ttt_progress: batch 260/782 batch_loss:2.8135 batch_bpb:1.0974 running_loss:2.7644 running_bpb:1.0702 doc_len:306-307
ttt_progress: batch 256/782 batch_loss:2.8854 batch_bpb:1.1311 running_loss:2.7646 running_bpb:1.0703 doc_len:301-302
ttt_progress: batch 253/782 batch_loss:2.7435 batch_bpb:1.0774 running_loss:2.7646 running_bpb:1.0703 doc_len:298-299
ttt_progress: batch 249/782 batch_loss:2.8814 batch_bpb:1.1477 running_loss:2.7648 running_bpb:1.0704 doc_len:294-295
ttt_progress: batch 245/782 batch_loss:2.8684 batch_bpb:1.1014 running_loss:2.7650 running_bpb:1.0705 doc_len:290-291
ttt_progress: batch 241/782 batch_loss:2.8959 batch_bpb:1.1218 running_loss:2.7653 running_bpb:1.0706 doc_len:286-287
ttt_progress: batch 238/782 batch_loss:2.8833 batch_bpb:1.1437 running_loss:2.7655 running_bpb:1.0707 doc_len:283-284
ttt_progress: batch 234/782 batch_loss:2.9135 batch_bpb:1.1549 running_loss:2.7657 running_bpb:1.0709 doc_len:279-280
ttt_progress: batch 230/782 batch_loss:2.8999 batch_bpb:1.1097 running_loss:2.7660 running_bpb:1.0709 doc_len:275-276
ttt_progress: batch 226/782 batch_loss:2.9282 batch_bpb:1.1391 running_loss:2.7663 running_bpb:1.0711 doc_len:271-272
ttt_progress: batch 223/782 batch_loss:2.8222 batch_bpb:1.0865 running_loss:2.7663 running_bpb:1.0711 doc_len:268-269
ttt_progress: batch 219/782 batch_loss:2.8948 batch_bpb:1.1295 running_loss:2.7666 running_bpb:1.0712 doc_len:264-265
ttt_progress: batch 215/782 batch_loss:2.8379 batch_bpb:1.1387 running_loss:2.7667 running_bpb:1.0713 doc_len:260-261
ttt_progress: batch 211/782 batch_loss:2.8763 batch_bpb:1.1459 running_loss:2.7669 running_bpb:1.0714 doc_len:256-257
ttt_progress: batch 210/782 batch_loss:2.8364 batch_bpb:1.1163 running_loss:2.7670 running_bpb:1.0715 doc_len:255-256
ttt_progress: batch 206/782 batch_loss:2.8793 batch_bpb:1.1145 running_loss:2.7672 running_bpb:1.0715 doc_len:252-253
ttt_progress: batch 202/782 batch_loss:2.8594 batch_bpb:1.1303 running_loss:2.7673 running_bpb:1.0716 doc_len:248-249
ttt_progress: batch 200/782 batch_loss:2.8438 batch_bpb:1.0930 running_loss:2.7674 running_bpb:1.0717 doc_len:247-247
ttt_progress: batch 195/782 batch_loss:2.8338 batch_bpb:1.1091 running_loss:2.7675 running_bpb:1.0717 doc_len:242-243
ttt_progress: batch 191/782 batch_loss:2.9354 batch_bpb:1.1463 running_loss:2.7678 running_bpb:1.0718 doc_len:238-239
ttt_progress: batch 187/782 batch_loss:2.8981 batch_bpb:1.1175 running_loss:2.7680 running_bpb:1.0719 doc_len:235-236
ttt_progress: batch 184/782 batch_loss:2.8975 batch_bpb:1.1505 running_loss:2.7681 running_bpb:1.0720 doc_len:232-233
ttt_progress: batch 181/782 batch_loss:2.8636 batch_bpb:1.1506 running_loss:2.7683 running_bpb:1.0721 doc_len:230-230
ttt_progress: batch 176/782 batch_loss:2.8068 batch_bpb:1.1012 running_loss:2.7683 running_bpb:1.0722 doc_len:225-226
ttt_progress: batch 171/782 batch_loss:2.8767 batch_bpb:1.1065 running_loss:2.7685 running_bpb:1.0722 doc_len:221-222
ttt_progress: batch 166/782 batch_loss:2.9604 batch_bpb:1.1413 running_loss:2.7687 running_bpb:1.0723 doc_len:217-218
ttt_progress: batch 163/782 batch_loss:2.8884 batch_bpb:1.1337 running_loss:2.7689 running_bpb:1.0724 doc_len:214-215
ttt_progress: batch 159/782 batch_loss:2.9934 batch_bpb:1.1793 running_loss:2.7692 running_bpb:1.0725 doc_len:211-212
ttt_progress: batch 156/782 batch_loss:2.8768 batch_bpb:1.1031 running_loss:2.7693 running_bpb:1.0726 doc_len:208-209
ttt_progress: batch 152/782 batch_loss:2.8763 batch_bpb:1.1223 running_loss:2.7695 running_bpb:1.0726 doc_len:205-206
ttt_progress: batch 150/782 batch_loss:2.9358 batch_bpb:1.1540 running_loss:2.7697 running_bpb:1.0727 doc_len:204-204
ttt_progress: batch 144/782 batch_loss:2.8232 batch_bpb:1.1230 running_loss:2.7697 running_bpb:1.0728 doc_len:199-200
ttt_progress: batch 141/782 batch_loss:2.8983 batch_bpb:1.1426 running_loss:2.7699 running_bpb:1.0729 doc_len:196-197
ttt_progress: batch 139/782 batch_loss:2.9752 batch_bpb:1.1515 running_loss:2.7701 running_bpb:1.0730 doc_len:195-195
ttt_progress: batch 135/782 batch_loss:2.9222 batch_bpb:1.1384 running_loss:2.7703 running_bpb:1.0730 doc_len:191-192
ttt_progress: batch 132/782 batch_loss:2.9467 batch_bpb:1.1340 running_loss:2.7705 running_bpb:1.0731 doc_len:189-189
ttt_progress: batch 129/782 batch_loss:2.9249 batch_bpb:1.1742 running_loss:2.7707 running_bpb:1.0732 doc_len:187-187
ttt_progress: batch 124/782 batch_loss:2.8696 batch_bpb:1.1479 running_loss:2.7708 running_bpb:1.0733 doc_len:183-184
ttt_progress: batch 121/782 batch_loss:2.8407 batch_bpb:1.1254 running_loss:2.7709 running_bpb:1.0734 doc_len:181-181
ttt_progress: batch 116/782 batch_loss:2.9831 batch_bpb:1.1797 running_loss:2.7711 running_bpb:1.0735 doc_len:177-178
ttt_progress: batch 114/782 batch_loss:2.9926 batch_bpb:1.1847 running_loss:2.7714 running_bpb:1.0736 doc_len:176-176
ttt_progress: batch 110/782 batch_loss:3.0011 batch_bpb:1.1652 running_loss:2.7716 running_bpb:1.0737 doc_len:173-173
ttt_progress: batch 107/782 batch_loss:2.8923 batch_bpb:1.1354 running_loss:2.7717 running_bpb:1.0737 doc_len:171-171
ttt_progress: batch 103/782 batch_loss:2.8722 batch_bpb:1.1117 running_loss:2.7718 running_bpb:1.0738 doc_len:168-168
ttt_progress: batch 97/782 batch_loss:2.9948 batch_bpb:1.1699 running_loss:2.7720 running_bpb:1.0739 doc_len:163-164
ttt_progress: batch 95/782 batch_loss:2.9826 batch_bpb:1.2145 running_loss:2.7723 running_bpb:1.0740 doc_len:161-162
ttt_progress: batch 89/782 batch_loss:3.0117 batch_bpb:1.2011 running_loss:2.7725 running_bpb:1.0741 doc_len:157-158
ttt_progress: batch 86/782 batch_loss:3.0211 batch_bpb:1.2574 running_loss:2.7727 running_bpb:1.0743 doc_len:154-155
ttt_progress: batch 82/782 batch_loss:2.9516 batch_bpb:1.1881 running_loss:2.7729 running_bpb:1.0744 doc_len:151-152
ttt_progress: batch 79/782 batch_loss:3.0233 batch_bpb:1.2003 running_loss:2.7731 running_bpb:1.0745 doc_len:149-150
ttt_progress: batch 75/782 batch_loss:3.0668 batch_bpb:1.2041 running_loss:2.7734 running_bpb:1.0746 doc_len:146-147
ttt_progress: batch 72/782 batch_loss:2.9259 batch_bpb:1.1890 running_loss:2.7735 running_bpb:1.0747 doc_len:144-144
ttt_progress: batch 69/782 batch_loss:3.0893 batch_bpb:1.2257 running_loss:2.7738 running_bpb:1.0748 doc_len:142-142
ttt_progress: batch 65/782 batch_loss:3.0348 batch_bpb:1.2185 running_loss:2.7740 running_bpb:1.0749 doc_len:139-139
ttt_progress: batch 60/782 batch_loss:3.0444 batch_bpb:1.2217 running_loss:2.7742 running_bpb:1.0751 doc_len:134-135
ttt_progress: batch 59/782 batch_loss:3.0363 batch_bpb:1.1860 running_loss:2.7744 running_bpb:1.0751 doc_len:134-134
ttt_progress: batch 53/782 batch_loss:3.1201 batch_bpb:1.2301 running_loss:2.7747 running_bpb:1.0753 doc_len:129-130
ttt_progress: batch 50/782 batch_loss:2.9600 batch_bpb:1.2150 running_loss:2.7748 running_bpb:1.0754 doc_len:126-127
ttt_progress: batch 47/782 batch_loss:2.9395 batch_bpb:1.1748 running_loss:2.7749 running_bpb:1.0754 doc_len:124-125
ttt_progress: batch 44/782 batch_loss:3.1164 batch_bpb:1.2144 running_loss:2.7752 running_bpb:1.0755 doc_len:122-122
ttt_progress: batch 40/782 batch_loss:2.9820 batch_bpb:1.1995 running_loss:2.7753 running_bpb:1.0756 doc_len:119-119
ttt_progress: batch 36/782 batch_loss:2.9668 batch_bpb:1.2133 running_loss:2.7755 running_bpb:1.0757 doc_len:115-116
ttt_progress: batch 32/782 batch_loss:3.0076 batch_bpb:1.2023 running_loss:2.7756 running_bpb:1.0758 doc_len:112-113
ttt_progress: batch 28/782 batch_loss:3.0043 batch_bpb:1.2097 running_loss:2.7758 running_bpb:1.0759 doc_len:108-109
ttt_progress: batch 26/782 batch_loss:3.0585 batch_bpb:1.2470 running_loss:2.7760 running_bpb:1.0760 doc_len:107-107
ttt_progress: batch 21/782 batch_loss:3.1864 batch_bpb:1.2390 running_loss:2.7762 running_bpb:1.0761 doc_len:102-103
ttt_progress: batch 17/782 batch_loss:3.1249 batch_bpb:1.2386 running_loss:2.7764 running_bpb:1.0762 doc_len:98-99
ttt_progress: batch 14/782 batch_loss:3.1368 batch_bpb:1.2337 running_loss:2.7766 running_bpb:1.0763 doc_len:94-95
ttt_progress: batch 10/782 batch_loss:3.1163 batch_bpb:1.2314 running_loss:2.7768 running_bpb:1.0763 doc_len:89-90
ttt_progress: batch 6/782 batch_loss:3.2674 batch_bpb:1.2748 running_loss:2.7770 running_bpb:1.0764 doc_len:82-84
ttt_progress: batch 3/782 batch_loss:3.3203 batch_bpb:1.2592 running_loss:2.7773 running_bpb:1.0765 doc_len:75-78
quantized_ttt_lora val_loss:2.77120652 val_bpb:1.07282040 eval_time:2045713ms
