
*****************************************
Setting OMP_NUM_THREADS environment variable for each process to be 1 in default, to avoid your system being overloaded, please further tune the variable for optimal performance in your application as needed. 
*****************************************
Hyperparameters:
  adam_eps: 1e-08
  adam_wd: 0.02
  beta1: 0.9
  beta2: 0.95
  compressor: brotli
  data_dir: /home/dex/parameter-golf-with-cc/data
  datasets_dir: /home/dex/parameter-golf-with-cc/data/datasets/fineweb10B_sp8192
  distributed: True
  ema_decay: 0.997
  embed_bits: 8
  embed_clip_sigmas: 20.0
  embed_lr: 0.6
  embed_wd: 0.085
  embedding_dim: 512
  enable_looping_at: 0.5
  eval_seq_len: 2048
  eval_stride: 64
  gptq_calibration_batches: 64
  gptq_reserve_seconds: 12.0
  grad_accum_steps: 1
  grad_clip_norm: 0.3
  head_lr: 0.008
  is_main_process: True
  iterations: 20000
  ln_scale: True
  local_rank: 0
  logfile: logs/5a3c4c25-21e2-4a37-8414-1ee490ed6f25.txt
  logit_softcap: 30.0
  loop_end: 5
  loop_start: 4
  matrix_bits: 6
  matrix_clip_sigmas: 12.85
  matrix_lr: 0.02
  max_wallclock_seconds: 600.0
  min_lr: 0.0
  mlp_mult: 4.0
  model_dim: 512
  model_path: final_model.pt
  muon_backend_steps: 5
  muon_beta2: 0.95
  muon_momentum: 0.99
  muon_momentum_warmup_start: 0.92
  muon_momentum_warmup_steps: 1500
  muon_row_normalize: True
  muon_wd: 0.085
  num_heads: 8
  num_kv_heads: 4
  num_layers: 11
  num_loops: 2
  qk_gain_init: 5.0
  quantized_model_path: final_model.int6.ptz
  rank: 0
  rope_base: 10000.0
  rope_dims: 16
  rope_train_seq_len: 2048
  run_id: 5a3c4c25-21e2-4a37-8414-1ee490ed6f25
  scalar_lr: 0.02
  seed: 42
  skip_gates_enabled: True
  sliding_window_enabled: True
  tie_embeddings: True
  tied_embed_init_std: 0.005
  tied_embed_lr: 0.03
  tokenizer_path: /home/dex/parameter-golf-with-cc/data/tokenizers/fineweb_8192_bpe.model
  train_batch_tokens: 786432
  train_files: /home/dex/parameter-golf-with-cc/data/datasets/fineweb10B_sp8192/fineweb_train_*.bin
  train_log_every: 500
  train_seq_len: 2048
  ttt_batch_seqs: 32
  ttt_chunk_tokens: 32768
  ttt_enabled: True
  ttt_epochs: 3
  ttt_freeze_blocks: 0
  ttt_grad_clip: 1.0
  ttt_lr: 0.005
  ttt_momentum: 0.9
  val_batch_tokens: 524288
  val_files: /home/dex/parameter-golf-with-cc/data/datasets/fineweb10B_sp8192/fineweb_val_*.bin
  val_loss_every: 4000
  vocab_size: 8192
  warmdown_frac: 0.667
  warmup_steps: 20
  world_size: 8
  xsa_last_n: 11
train_shards: 80
val_tokens: 40540160
model_params:35943512
gptq:reserving 12s, effective=588000ms
warmup_step: 1/20
warmup_step: 2/20
warmup_step: 3/20
warmup_step: 4/20
warmup_step: 5/20
warmup_step: 6/20
warmup_step: 10/20
warmup_step: 20/20
loop_warmup:enabled encoder:[0, 1, 2, 3, 4, 5, 4] decoder:[5, 4, 5, 6, 7, 8, 9, 10]
loop_warmup_step: 1/20
loop_warmup_step: 2/20
loop_warmup_step: 3/20
loop_warmup_step: 4/20
loop_warmup_step: 5/20
loop_warmup_step: 6/20
loop_warmup_step: 10/20
loop_warmup_step: 20/20
0/20000 val_loss: 9.0090 val_bpb: 3.4877
1/20000 train_loss: 9.0104 train_time: 0.0m tok/s: 8217402
2/20000 train_loss: 12.3693 train_time: 0.0m tok/s: 8109456
3/20000 train_loss: 11.0291 train_time: 0.0m tok/s: 8004965
4/20000 train_loss: 9.4820 train_time: 0.0m tok/s: 7955365
5/20000 train_loss: 8.3562 train_time: 0.0m tok/s: 7933691
500/20000 train_loss: 3.3792 train_time: 0.8m tok/s: 7715491
1000/20000 train_loss: 3.2776 train_time: 1.7m tok/s: 7718217
1500/20000 train_loss: 3.1770 train_time: 2.5m tok/s: 7719079
2000/20000 train_loss: 3.0740 train_time: 3.4m tok/s: 7718667
2500/20000 train_loss: 3.1534 train_time: 4.2m tok/s: 7717891
layer_loop:enabled step:2885 frac:0.500 encoder:[0, 1, 2, 3, 4, 5, 4] decoder:[5, 4, 5, 6, 7, 8, 9, 10]
3000/20000 train_loss: 2.9498 train_time: 5.2m tok/s: 7626156
3500/20000 train_loss: 2.9776 train_time: 6.3m tok/s: 7317950
4000/20000 train_loss: 2.8716 train_time: 7.4m tok/s: 7102503
4000/20000 val_loss: 2.9239 val_bpb: 1.1319
4500/20000 train_loss: 2.8981 train_time: 8.5m tok/s: 6934675
5000/20000 train_loss: 2.8521 train_time: 9.6m tok/s: 6814024
5082/20000 val_loss: 2.8167 val_bpb: 1.0904
stopping_early: wallclock_cap train_time: 588015ms step: 5082/20000
peak memory allocated: 35373 MiB reserved: 35500 MiB
ema:applying EMA weights
pre-quantization post-ema val_loss:2.81434292 val_bpb:1.08951985 eval_time:5547ms
Serialized model: 135426937 bytes
Code size: 16719 bytes
GPTQ:collecting Hessians from calibration data...
GPTQ:collected 67 Hessians in 11.3s
Quantized weights:
  gptq (int6): blocks.attn.c_k.weight, blocks.attn.c_q.weight, blocks.attn.c_v.weight, blocks.attn.proj.weight, blocks.mlp.fc.weight, blocks.mlp.proj.weight
  gptq (int8): tok_emb.weight
  passthrough (float16): blocks.attn.q_gain, blocks.attn_scale, blocks.mlp_scale, blocks.resid_mix, skip_gates, skip_weights
Serialized model quantized+brotli: 15975827 bytes
Total submission size quantized+brotli: 15992546 bytes
quantized val_loss:2.84465307 val_bpb:1.10125385 eval_time:7770ms
quantized_sliding_window val_loss:2.80189582 val_bpb:1.08470119 eval_time:83569ms
ttt_sliding:start chunks=1238 chunk_tokens=32768 total_windows=633409 stride=64 ttt_lr=0.005 ttt_epochs=3 freeze_blocks=0
ttt_sliding:params unfrozen=35943512 frozen=0
  ttt_chunk [1/1238] bpb=1.117714 time=3.7s
  ttt_chunk [11/1238] bpb=1.071361 time=8.1s
  ttt_chunk [21/1238] bpb=1.110396 time=10.4s
  ttt_chunk [31/1238] bpb=1.104583 time=12.7s
  ttt_chunk [41/1238] bpb=1.097817 time=15.0s
  ttt_chunk [51/1238] bpb=1.090932 time=17.2s
  ttt_chunk [61/1238] bpb=1.082531 time=19.5s
  ttt_chunk [71/1238] bpb=1.089547 time=21.8s
  ttt_chunk [81/1238] bpb=1.082892 time=24.1s
  ttt_chunk [91/1238] bpb=1.079551 time=26.4s
  ttt_chunk [101/1238] bpb=1.079251 time=28.7s
  ttt_chunk [111/1238] bpb=1.077466 time=31.0s
  ttt_chunk [121/1238] bpb=1.080524 time=33.3s
  ttt_chunk [131/1238] bpb=1.084342 time=35.6s
  ttt_chunk [141/1238] bpb=1.084980 time=37.9s
  ttt_chunk [151/1238] bpb=1.084806 time=40.2s
  ttt_chunk [161/1238] bpb=1.085237 time=42.5s
  ttt_chunk [171/1238] bpb=1.085121 time=44.8s
  ttt_chunk [181/1238] bpb=1.083538 time=47.1s
  ttt_chunk [191/1238] bpb=1.083294 time=49.3s
  ttt_chunk [201/1238] bpb=1.080861 time=51.6s
  ttt_chunk [211/1238] bpb=1.085274 time=53.9s
  ttt_chunk [221/1238] bpb=1.085604 time=56.2s
  ttt_chunk [231/1238] bpb=1.087252 time=58.5s
  ttt_chunk [241/1238] bpb=1.085553 time=60.8s
  ttt_chunk [251/1238] bpb=1.085575 time=63.1s
  ttt_chunk [261/1238] bpb=1.086647 time=65.4s
  ttt_chunk [271/1238] bpb=1.087117 time=67.7s
  ttt_chunk [281/1238] bpb=1.086451 time=70.0s
  ttt_chunk [291/1238] bpb=1.087650 time=72.3s
  ttt_chunk [301/1238] bpb=1.087836 time=74.6s
  ttt_chunk [311/1238] bpb=1.086789 time=76.9s
  ttt_chunk [321/1238] bpb=1.086657 time=79.2s
  ttt_chunk [331/1238] bpb=1.086910 time=81.6s
  ttt_chunk [341/1238] bpb=1.086011 time=83.9s
  ttt_chunk [351/1238] bpb=1.086746 time=86.2s
  ttt_chunk [361/1238] bpb=1.085705 time=88.5s
  ttt_chunk [371/1238] bpb=1.084152 time=90.8s
  ttt_chunk [381/1238] bpb=1.084549 time=93.1s
  ttt_chunk [391/1238] bpb=1.084210 time=95.4s
  ttt_chunk [401/1238] bpb=1.084299 time=97.7s
  ttt_chunk [411/1238] bpb=1.084845 time=100.0s
  ttt_chunk [421/1238] bpb=1.084328 time=102.3s
  ttt_chunk [431/1238] bpb=1.084487 time=104.5s
  ttt_chunk [441/1238] bpb=1.084514 time=106.9s
  ttt_chunk [451/1238] bpb=1.085665 time=109.1s
  ttt_chunk [461/1238] bpb=1.083911 time=111.4s
  ttt_chunk [471/1238] bpb=1.083937 time=113.7s
  ttt_chunk [481/1238] bpb=1.084038 time=116.0s
  ttt_chunk [491/1238] bpb=1.084523 time=118.2s
  ttt_chunk [501/1238] bpb=1.084131 time=120.5s
  ttt_chunk [511/1238] bpb=1.083784 time=122.8s
  ttt_chunk [521/1238] bpb=1.083315 time=125.1s
  ttt_chunk [531/1238] bpb=1.083299 time=127.4s
  ttt_chunk [541/1238] bpb=1.083406 time=129.8s
  ttt_chunk [551/1238] bpb=1.082957 time=132.1s
  ttt_chunk [561/1238] bpb=1.082316 time=134.4s
  ttt_chunk [571/1238] bpb=1.081761 time=136.7s
  ttt_chunk [581/1238] bpb=1.082103 time=139.0s
  ttt_chunk [591/1238] bpb=1.082337 time=141.3s
  ttt_chunk [601/1238] bpb=1.082275 time=143.6s
  ttt_chunk [611/1238] bpb=1.082871 time=145.9s
  ttt_chunk [621/1238] bpb=1.083733 time=148.2s
  ttt_chunk [631/1238] bpb=1.083832 time=150.5s
  ttt_chunk [641/1238] bpb=1.084296 time=152.8s
  ttt_chunk [651/1238] bpb=1.084629 time=155.1s
  ttt_chunk [661/1238] bpb=1.083965 time=157.4s
  ttt_chunk [671/1238] bpb=1.083738 time=159.6s
  ttt_chunk [681/1238] bpb=1.085048 time=161.9s
  ttt_chunk [691/1238] bpb=1.085248 time=164.2s
  ttt_chunk [701/1238] bpb=1.085072 time=166.5s
  ttt_chunk [711/1238] bpb=1.085801 time=168.8s
  ttt_chunk [721/1238] bpb=1.086112 time=171.2s
  ttt_chunk [731/1238] bpb=1.085477 time=173.4s
  ttt_chunk [741/1238] bpb=1.085169 time=175.7s
  ttt_chunk [751/1238] bpb=1.084254 time=177.9s
  ttt_chunk [761/1238] bpb=1.083648 time=180.2s
  ttt_chunk [771/1238] bpb=1.082658 time=182.4s
  ttt_chunk [781/1238] bpb=1.082626 time=184.7s
  ttt_chunk [791/1238] bpb=1.082988 time=186.9s
  ttt_chunk [801/1238] bpb=1.083308 time=189.1s
  ttt_chunk [811/1238] bpb=1.082808 time=191.4s
  ttt_chunk [821/1238] bpb=1.081634 time=193.6s
  ttt_chunk [831/1238] bpb=1.081330 time=195.9s
  ttt_chunk [841/1238] bpb=1.080857 time=198.1s
  ttt_chunk [851/1238] bpb=1.080545 time=200.4s
  ttt_chunk [861/1238] bpb=1.080184 time=202.6s
  ttt_chunk [871/1238] bpb=1.080077 time=204.9s
  ttt_chunk [881/1238] bpb=1.079626 time=207.2s
  ttt_chunk [891/1238] bpb=1.079088 time=210.0s
  ttt_chunk [901/1238] bpb=1.079461 time=212.6s
  ttt_chunk [911/1238] bpb=1.079174 time=214.8s
  ttt_chunk [921/1238] bpb=1.079451 time=217.1s
  ttt_chunk [931/1238] bpb=1.080134 time=219.3s
  ttt_chunk [941/1238] bpb=1.080508 time=221.5s
  ttt_chunk [951/1238] bpb=1.080457 time=223.8s
  ttt_chunk [961/1238] bpb=1.081294 time=226.0s
  ttt_chunk [971/1238] bpb=1.081710 time=228.3s
  ttt_chunk [981/1238] bpb=1.082082 time=230.5s
  ttt_chunk [991/1238] bpb=1.081875 time=232.8s
  ttt_chunk [1001/1238] bpb=1.081942 time=235.0s
  ttt_chunk [1011/1238] bpb=1.082289 time=237.2s
  ttt_chunk [1021/1238] bpb=1.083001 time=239.5s
  ttt_chunk [1031/1238] bpb=1.083487 time=241.8s
  ttt_chunk [1041/1238] bpb=1.083946 time=244.0s
  ttt_chunk [1051/1238] bpb=1.083872 time=246.2s
  ttt_chunk [1061/1238] bpb=1.083862 time=248.5s
  ttt_chunk [1071/1238] bpb=1.084010 time=250.7s
  ttt_chunk [1081/1238] bpb=1.083917 time=252.9s
  ttt_chunk [1091/1238] bpb=1.084099 time=255.2s
  ttt_chunk [1101/1238] bpb=1.084639 time=257.5s
  ttt_chunk [1111/1238] bpb=1.084931 time=259.7s
  ttt_chunk [1121/1238] bpb=1.085107 time=261.9s
  ttt_chunk [1131/1238] bpb=1.084766 time=264.2s
  ttt_chunk [1141/1238] bpb=1.084432 time=266.4s
  ttt_chunk [1151/1238] bpb=1.084465 time=268.7s
  ttt_chunk [1161/1238] bpb=1.084603 time=270.9s
  ttt_chunk [1171/1238] bpb=1.084386 time=273.2s
  ttt_chunk [1181/1238] bpb=1.083950 time=275.4s
  ttt_chunk [1191/1238] bpb=1.084100 time=277.7s
  ttt_chunk [1201/1238] bpb=1.084134 time=279.9s
  ttt_chunk [1211/1238] bpb=1.083824 time=282.1s
  ttt_chunk [1221/1238] bpb=1.083375 time=284.4s
  ttt_chunk [1231/1238] bpb=1.082997 time=286.6s
  ttt_chunk [1238/1238] bpb=1.082999 time=289.7s
ttt_sliding:done val_loss=2.797884 val_bpb=1.083148 elapsed=289.8s
legal_ttt_exact val_loss:2.79788378 val_bpb:1.08314800 eval_time:289945ms
