
*****************************************
Setting OMP_NUM_THREADS environment variable for each process to be 1 in default, to avoid your system being overloaded, please further tune the variable for optimal performance in your application as needed. 
*****************************************
Hyperparameters:
  adam_eps: 1e-08
  adam_wd: 0.02
  beta1: 0.9
  beta2: 0.95
  compressor: brotli
  data_dir: /home/dex/parameter-golf-with-cc/data
  datasets_dir: /home/dex/parameter-golf-with-cc/data/datasets/fineweb10B_sp8192
  distributed: True
  ema_decay: 0.997
  embed_bits: 8
  embed_clip_sigmas: 20.0
  embed_lr: 0.6
  embed_wd: 0.085
  embedding_dim: 512
  enable_looping_at: 0.5
  eval_seq_len: 2048
  eval_stride: 64
  gptq_calibration_batches: 64
  gptq_reserve_seconds: 12.0
  grad_accum_steps: 1
  grad_clip_norm: 0.3
  head_lr: 0.008
  is_main_process: True
  iterations: 20000
  ln_scale: True
  local_rank: 0
  logfile: logs/3181fe30-b3dc-4cf1-8320-fe7ff39e0f0e.txt
  logit_softcap: 30.0
  loop_end: 5
  loop_start: 4
  matrix_bits: 6
  matrix_clip_sigmas: 12.85
  matrix_lr: 0.02
  max_wallclock_seconds: 600.0
  min_lr: 0.0
  mlp_mult: 4.0
  model_dim: 512
  model_path: final_model.pt
  muon_backend_steps: 5
  muon_beta2: 0.95
  muon_momentum: 0.99
  muon_momentum_warmup_start: 0.92
  muon_momentum_warmup_steps: 1500
  muon_row_normalize: True
  muon_wd: 0.085
  num_heads: 8
  num_kv_heads: 4
  num_layers: 11
  num_loops: 2
  qk_gain_init: 5.0
  quantized_model_path: final_model.int6.ptz
  rank: 0
  rope_base: 10000.0
  rope_dims: 16
  rope_train_seq_len: 2048
  run_id: 3181fe30-b3dc-4cf1-8320-fe7ff39e0f0e
  scalar_lr: 0.02
  seed: 1234
  skip_gates_enabled: True
  sliding_window_enabled: True
  tie_embeddings: True
  tied_embed_init_std: 0.005
  tied_embed_lr: 0.03
  tokenizer_path: /home/dex/parameter-golf-with-cc/data/tokenizers/fineweb_8192_bpe.model
  train_batch_tokens: 786432
  train_files: /home/dex/parameter-golf-with-cc/data/datasets/fineweb10B_sp8192/fineweb_train_*.bin
  train_log_every: 500
  train_seq_len: 2048
  ttt_batch_seqs: 32
  ttt_chunk_tokens: 32768
  ttt_enabled: True
  ttt_epochs: 3
  ttt_freeze_blocks: 0
  ttt_grad_clip: 1.0
  ttt_lr: 0.005
  ttt_momentum: 0.9
  val_batch_tokens: 524288
  val_files: /home/dex/parameter-golf-with-cc/data/datasets/fineweb10B_sp8192/fineweb_val_*.bin
  val_loss_every: 4000
  vocab_size: 8192
  warmdown_frac: 0.667
  warmup_steps: 20
  world_size: 8
  xsa_last_n: 11
train_shards: 80
val_tokens: 40540160
model_params:35943512
gptq:reserving 12s, effective=588000ms
warmup_step: 1/20
warmup_step: 2/20
warmup_step: 3/20
warmup_step: 4/20
warmup_step: 5/20
warmup_step: 6/20
warmup_step: 10/20
warmup_step: 20/20
loop_warmup:enabled encoder:[0, 1, 2, 3, 4, 5, 4] decoder:[5, 4, 5, 6, 7, 8, 9, 10]
loop_warmup_step: 1/20
loop_warmup_step: 2/20
loop_warmup_step: 3/20
loop_warmup_step: 4/20
loop_warmup_step: 5/20
loop_warmup_step: 6/20
loop_warmup_step: 10/20
loop_warmup_step: 20/20
0/20000 val_loss: 9.0072 val_bpb: 3.4870
1/20000 train_loss: 9.0086 train_time: 0.0m tok/s: 8202498
2/20000 train_loss: 12.2954 train_time: 0.0m tok/s: 8130943
3/20000 train_loss: 10.9535 train_time: 0.0m tok/s: 8008128
4/20000 train_loss: 9.4466 train_time: 0.0m tok/s: 7973234
5/20000 train_loss: 8.3315 train_time: 0.0m tok/s: 7944037
500/20000 train_loss: 3.3789 train_time: 0.8m tok/s: 7720350
1000/20000 train_loss: 3.2761 train_time: 1.7m tok/s: 7722098
1500/20000 train_loss: 3.1809 train_time: 2.5m tok/s: 7723213
2000/20000 train_loss: 3.0699 train_time: 3.4m tok/s: 7722248
2500/20000 train_loss: 3.1532 train_time: 4.2m tok/s: 7721915
layer_loop:enabled step:2887 frac:0.500 encoder:[0, 1, 2, 3, 4, 5, 4] decoder:[5, 4, 5, 6, 7, 8, 9, 10]
3000/20000 train_loss: 2.9509 train_time: 5.2m tok/s: 7632731
3500/20000 train_loss: 2.9774 train_time: 6.3m tok/s: 7324076
4000/20000 train_loss: 2.8708 train_time: 7.4m tok/s: 7108854
4000/20000 val_loss: 2.9242 val_bpb: 1.1320
4500/20000 train_loss: 2.8987 train_time: 8.5m tok/s: 6935204
5000/20000 train_loss: 2.8478 train_time: 9.6m tok/s: 6814894
5083/20000 val_loss: 2.8167 val_bpb: 1.0904
stopping_early: wallclock_cap train_time: 588071ms step: 5083/20000
peak memory allocated: 35373 MiB reserved: 35500 MiB
ema:applying EMA weights
pre-quantization post-ema val_loss:2.81437859 val_bpb:1.08953366 eval_time:5625ms
Serialized model: 135426937 bytes
Code size: 16719 bytes
GPTQ:collecting Hessians from calibration data...
GPTQ:collected 67 Hessians in 11.3s
Quantized weights:
  gptq (int6): blocks.attn.c_k.weight, blocks.attn.c_q.weight, blocks.attn.c_v.weight, blocks.attn.proj.weight, blocks.mlp.fc.weight, blocks.mlp.proj.weight
  gptq (int8): tok_emb.weight
  passthrough (float16): blocks.attn.q_gain, blocks.attn_scale, blocks.mlp_scale, blocks.resid_mix, skip_gates, skip_weights
Serialized model quantized+brotli: 15972339 bytes
Total submission size quantized+brotli: 15989058 bytes
quantized val_loss:2.84853108 val_bpb:1.10275515 eval_time:7798ms
quantized_sliding_window val_loss:2.80498685 val_bpb:1.08589782 eval_time:83540ms
ttt_sliding:start chunks=1238 chunk_tokens=32768 total_windows=633409 stride=64 ttt_lr=0.005 ttt_epochs=3 freeze_blocks=0
ttt_sliding:params unfrozen=35943512 frozen=0
  ttt_chunk [1/1238] bpb=1.116304 time=3.8s
  ttt_chunk [11/1238] bpb=1.073239 time=8.2s
  ttt_chunk [21/1238] bpb=1.111539 time=10.5s
  ttt_chunk [31/1238] bpb=1.105606 time=12.8s
  ttt_chunk [41/1238] bpb=1.098840 time=15.1s
  ttt_chunk [51/1238] bpb=1.092309 time=17.4s
  ttt_chunk [61/1238] bpb=1.084157 time=19.7s
  ttt_chunk [71/1238] bpb=1.091342 time=22.0s
  ttt_chunk [81/1238] bpb=1.084683 time=24.3s
  ttt_chunk [91/1238] bpb=1.081070 time=26.6s
  ttt_chunk [101/1238] bpb=1.080623 time=28.9s
  ttt_chunk [111/1238] bpb=1.078878 time=31.2s
  ttt_chunk [121/1238] bpb=1.081657 time=33.5s
  ttt_chunk [131/1238] bpb=1.085416 time=35.9s
  ttt_chunk [141/1238] bpb=1.085822 time=38.2s
  ttt_chunk [151/1238] bpb=1.085606 time=40.5s
  ttt_chunk [161/1238] bpb=1.086116 time=42.8s
  ttt_chunk [171/1238] bpb=1.085987 time=45.1s
  ttt_chunk [181/1238] bpb=1.084462 time=47.5s
  ttt_chunk [191/1238] bpb=1.084371 time=49.8s
  ttt_chunk [201/1238] bpb=1.081877 time=52.1s
  ttt_chunk [211/1238] bpb=1.086200 time=54.4s
  ttt_chunk [221/1238] bpb=1.086491 time=56.7s
  ttt_chunk [231/1238] bpb=1.088165 time=59.1s
  ttt_chunk [241/1238] bpb=1.086371 time=61.4s
  ttt_chunk [251/1238] bpb=1.086318 time=63.7s
  ttt_chunk [261/1238] bpb=1.087307 time=66.0s
  ttt_chunk [271/1238] bpb=1.087787 time=68.3s
  ttt_chunk [281/1238] bpb=1.087097 time=70.6s
  ttt_chunk [291/1238] bpb=1.088250 time=72.9s
  ttt_chunk [301/1238] bpb=1.088446 time=75.2s
  ttt_chunk [311/1238] bpb=1.087312 time=77.6s
  ttt_chunk [321/1238] bpb=1.087187 time=79.9s
  ttt_chunk [331/1238] bpb=1.087420 time=82.2s
  ttt_chunk [341/1238] bpb=1.086474 time=84.5s
  ttt_chunk [351/1238] bpb=1.087197 time=86.8s
  ttt_chunk [361/1238] bpb=1.086053 time=89.1s
  ttt_chunk [371/1238] bpb=1.084504 time=91.4s
  ttt_chunk [381/1238] bpb=1.084889 time=93.8s
  ttt_chunk [391/1238] bpb=1.084557 time=96.1s
  ttt_chunk [401/1238] bpb=1.084609 time=98.4s
  ttt_chunk [411/1238] bpb=1.085187 time=100.7s
  ttt_chunk [421/1238] bpb=1.084679 time=103.0s
  ttt_chunk [431/1238] bpb=1.084865 time=105.3s
  ttt_chunk [441/1238] bpb=1.084887 time=107.6s
  ttt_chunk [451/1238] bpb=1.086097 time=109.9s
  ttt_chunk [461/1238] bpb=1.084334 time=112.2s
  ttt_chunk [471/1238] bpb=1.084335 time=114.5s
  ttt_chunk [481/1238] bpb=1.084499 time=116.8s
  ttt_chunk [491/1238] bpb=1.084887 time=119.2s
  ttt_chunk [501/1238] bpb=1.084511 time=121.5s
  ttt_chunk [511/1238] bpb=1.084202 time=123.8s
  ttt_chunk [521/1238] bpb=1.083756 time=126.1s
  ttt_chunk [531/1238] bpb=1.083715 time=128.4s
  ttt_chunk [541/1238] bpb=1.083796 time=130.7s
  ttt_chunk [551/1238] bpb=1.083308 time=133.0s
  ttt_chunk [561/1238] bpb=1.082614 time=135.3s
  ttt_chunk [571/1238] bpb=1.082090 time=137.7s
  ttt_chunk [581/1238] bpb=1.082436 time=140.0s
  ttt_chunk [591/1238] bpb=1.082655 time=142.3s
  ttt_chunk [601/1238] bpb=1.082559 time=144.6s
  ttt_chunk [611/1238] bpb=1.083144 time=146.9s
  ttt_chunk [621/1238] bpb=1.083986 time=149.2s
  ttt_chunk [631/1238] bpb=1.084051 time=151.6s
  ttt_chunk [641/1238] bpb=1.084475 time=153.9s
  ttt_chunk [651/1238] bpb=1.084838 time=156.2s
  ttt_chunk [661/1238] bpb=1.084158 time=158.5s
  ttt_chunk [671/1238] bpb=1.083950 time=160.8s
  ttt_chunk [681/1238] bpb=1.085282 time=163.1s
  ttt_chunk [691/1238] bpb=1.085469 time=165.5s
  ttt_chunk [701/1238] bpb=1.085253 time=167.8s
  ttt_chunk [711/1238] bpb=1.085930 time=170.1s
  ttt_chunk [721/1238] bpb=1.086214 time=172.4s
  ttt_chunk [731/1238] bpb=1.085552 time=174.7s
  ttt_chunk [741/1238] bpb=1.085234 time=177.0s
  ttt_chunk [751/1238] bpb=1.084313 time=179.3s
  ttt_chunk [761/1238] bpb=1.083679 time=181.6s
  ttt_chunk [771/1238] bpb=1.082644 time=183.9s
  ttt_chunk [781/1238] bpb=1.082623 time=186.3s
  ttt_chunk [791/1238] bpb=1.082972 time=188.6s
  ttt_chunk [801/1238] bpb=1.083261 time=190.9s
  ttt_chunk [811/1238] bpb=1.082773 time=193.2s
  ttt_chunk [821/1238] bpb=1.081598 time=195.5s
  ttt_chunk [831/1238] bpb=1.081280 time=197.9s
  ttt_chunk [841/1238] bpb=1.080828 time=200.2s
  ttt_chunk [851/1238] bpb=1.080527 time=202.8s
  ttt_chunk [861/1238] bpb=1.080181 time=205.1s
  ttt_chunk [871/1238] bpb=1.080046 time=207.4s
  ttt_chunk [881/1238] bpb=1.079615 time=209.7s
  ttt_chunk [891/1238] bpb=1.079100 time=212.6s
  ttt_chunk [901/1238] bpb=1.079507 time=215.2s
  ttt_chunk [911/1238] bpb=1.079204 time=217.6s
  ttt_chunk [921/1238] bpb=1.079501 time=219.9s
  ttt_chunk [931/1238] bpb=1.080178 time=222.2s
  ttt_chunk [941/1238] bpb=1.080586 time=224.5s
  ttt_chunk [951/1238] bpb=1.080517 time=226.8s
  ttt_chunk [961/1238] bpb=1.081355 time=229.1s
  ttt_chunk [971/1238] bpb=1.081766 time=231.5s
  ttt_chunk [981/1238] bpb=1.082117 time=233.8s
  ttt_chunk [991/1238] bpb=1.081916 time=236.1s
  ttt_chunk [1001/1238] bpb=1.081968 time=238.4s
  ttt_chunk [1011/1238] bpb=1.082317 time=240.7s
  ttt_chunk [1021/1238] bpb=1.083028 time=243.1s
  ttt_chunk [1031/1238] bpb=1.083499 time=245.4s
  ttt_chunk [1041/1238] bpb=1.083971 time=247.7s
  ttt_chunk [1051/1238] bpb=1.083890 time=250.0s
  ttt_chunk [1061/1238] bpb=1.083914 time=252.3s
  ttt_chunk [1071/1238] bpb=1.084059 time=254.7s
  ttt_chunk [1081/1238] bpb=1.083966 time=257.0s
  ttt_chunk [1091/1238] bpb=1.084147 time=259.3s
  ttt_chunk [1101/1238] bpb=1.084689 time=261.6s
  ttt_chunk [1111/1238] bpb=1.084985 time=264.0s
  ttt_chunk [1121/1238] bpb=1.085164 time=266.3s
  ttt_chunk [1131/1238] bpb=1.084834 time=268.6s
  ttt_chunk [1141/1238] bpb=1.084492 time=271.0s
  ttt_chunk [1151/1238] bpb=1.084552 time=273.3s
  ttt_chunk [1161/1238] bpb=1.084675 time=275.6s
  ttt_chunk [1171/1238] bpb=1.084449 time=278.0s
  ttt_chunk [1181/1238] bpb=1.083989 time=280.3s
  ttt_chunk [1191/1238] bpb=1.084134 time=282.6s
  ttt_chunk [1201/1238] bpb=1.084195 time=285.0s
  ttt_chunk [1211/1238] bpb=1.083884 time=287.3s
  ttt_chunk [1221/1238] bpb=1.083434 time=289.6s
  ttt_chunk [1231/1238] bpb=1.083068 time=292.0s
  ttt_chunk [1238/1238] bpb=1.083081 time=295.1s
ttt_sliding:done val_loss=2.797852 val_bpb=1.083136 elapsed=295.2s
legal_ttt_exact val_loss:2.79785185 val_bpb:1.08313564 eval_time:295337ms
