
*****************************************
Setting OMP_NUM_THREADS environment variable for each process to be 1 in default, to avoid your system being overloaded, please further tune the variable for optimal performance in your application as needed. 
*****************************************
Hyperparameters:
  adam_eps: 1e-08
  adam_wd: 0.02
  beta1: 0.9
  beta2: 0.95
  compressor: brotli
  data_dir: /home/dex/parameter-golf-with-cc/data
  datasets_dir: /home/dex/parameter-golf-with-cc/data/datasets/fineweb10B_sp8192
  distributed: True
  ema_decay: 0.997
  embed_bits: 8
  embed_clip_sigmas: 20.0
  embed_lr: 0.6
  embed_wd: 0.085
  embedding_dim: 512
  enable_looping_at: 0.5
  eval_seq_len: 2048
  eval_stride: 64
  gptq_calibration_batches: 64
  gptq_reserve_seconds: 12.0
  grad_accum_steps: 1
  grad_clip_norm: 0.3
  head_lr: 0.008
  is_main_process: True
  iterations: 20000
  ln_scale: True
  local_rank: 0
  logfile: logs/e04741cc-bb9a-46fd-b0e4-0cb2b6525c51.txt
  logit_softcap: 30.0
  loop_end: 5
  loop_start: 4
  matrix_bits: 6
  matrix_clip_sigmas: 12.85
  matrix_lr: 0.02
  max_wallclock_seconds: 600.0
  min_lr: 0.0
  mlp_mult: 4.0
  model_dim: 512
  model_path: final_model.pt
  muon_backend_steps: 5
  muon_beta2: 0.95
  muon_momentum: 0.99
  muon_momentum_warmup_start: 0.92
  muon_momentum_warmup_steps: 1500
  muon_row_normalize: True
  muon_wd: 0.085
  num_heads: 8
  num_kv_heads: 4
  num_layers: 11
  num_loops: 2
  qk_gain_init: 5.0
  quantized_model_path: final_model.int6.ptz
  rank: 0
  rope_base: 10000.0
  rope_dims: 16
  rope_train_seq_len: 2048
  run_id: e04741cc-bb9a-46fd-b0e4-0cb2b6525c51
  scalar_lr: 0.02
  seed: 0
  skip_gates_enabled: True
  sliding_window_enabled: True
  tie_embeddings: True
  tied_embed_init_std: 0.005
  tied_embed_lr: 0.03
  tokenizer_path: /home/dex/parameter-golf-with-cc/data/tokenizers/fineweb_8192_bpe.model
  train_batch_tokens: 786432
  train_files: /home/dex/parameter-golf-with-cc/data/datasets/fineweb10B_sp8192/fineweb_train_*.bin
  train_log_every: 500
  train_seq_len: 2048
  ttt_batch_seqs: 32
  ttt_chunk_tokens: 32768
  ttt_enabled: True
  ttt_epochs: 3
  ttt_freeze_blocks: 0
  ttt_grad_clip: 1.0
  ttt_lr: 0.005
  ttt_momentum: 0.9
  val_batch_tokens: 524288
  val_files: /home/dex/parameter-golf-with-cc/data/datasets/fineweb10B_sp8192/fineweb_val_*.bin
  val_loss_every: 4000
  vocab_size: 8192
  warmdown_frac: 0.667
  warmup_steps: 20
  world_size: 8
  xsa_last_n: 11
train_shards: 80
val_tokens: 40540160
model_params:35943512
gptq:reserving 12s, effective=588000ms
warmup_step: 1/20
warmup_step: 2/20
warmup_step: 3/20
warmup_step: 4/20
warmup_step: 5/20
warmup_step: 6/20
warmup_step: 10/20
warmup_step: 20/20
loop_warmup:enabled encoder:[0, 1, 2, 3, 4, 5, 4] decoder:[5, 4, 5, 6, 7, 8, 9, 10]
loop_warmup_step: 1/20
loop_warmup_step: 2/20
loop_warmup_step: 3/20
loop_warmup_step: 4/20
loop_warmup_step: 5/20
loop_warmup_step: 6/20
loop_warmup_step: 10/20
loop_warmup_step: 20/20
0/20000 val_loss: 9.0072 val_bpb: 3.4870
1/20000 train_loss: 9.0086 train_time: 0.0m tok/s: 8269811
2/20000 train_loss: 12.3329 train_time: 0.0m tok/s: 8125544
3/20000 train_loss: 11.0323 train_time: 0.0m tok/s: 8017836
4/20000 train_loss: 9.5370 train_time: 0.0m tok/s: 7964783
5/20000 train_loss: 8.4309 train_time: 0.0m tok/s: 7944007
500/20000 train_loss: 3.3813 train_time: 0.8m tok/s: 7712665
1000/20000 train_loss: 3.2717 train_time: 1.7m tok/s: 7716958
1500/20000 train_loss: 3.1760 train_time: 2.5m tok/s: 7719316
2000/20000 train_loss: 3.0687 train_time: 3.4m tok/s: 7719927
2500/20000 train_loss: 3.1530 train_time: 4.2m tok/s: 7719534
layer_loop:enabled step:2886 frac:0.500 encoder:[0, 1, 2, 3, 4, 5, 4] decoder:[5, 4, 5, 6, 7, 8, 9, 10]
3000/20000 train_loss: 2.9456 train_time: 5.2m tok/s: 7629660
3500/20000 train_loss: 2.9798 train_time: 6.3m tok/s: 7321641
4000/20000 train_loss: 2.8671 train_time: 7.4m tok/s: 7106388
4000/20000 val_loss: 2.9214 val_bpb: 1.1310
4500/20000 train_loss: 2.8951 train_time: 8.5m tok/s: 6933607
5000/20000 train_loss: 2.8488 train_time: 9.6m tok/s: 6813644
5082/20000 val_loss: 2.8142 val_bpb: 1.0895
stopping_early: wallclock_cap train_time: 588035ms step: 5082/20000
peak memory allocated: 35373 MiB reserved: 35500 MiB
ema:applying EMA weights
pre-quantization post-ema val_loss:2.81173824 val_bpb:1.08851149 eval_time:5580ms
Serialized model: 135426937 bytes
Code size: 16719 bytes
GPTQ:collecting Hessians from calibration data...
GPTQ:collected 67 Hessians in 11.3s
Quantized weights:
  gptq (int6): blocks.attn.c_k.weight, blocks.attn.c_q.weight, blocks.attn.c_v.weight, blocks.attn.proj.weight, blocks.mlp.fc.weight, blocks.mlp.proj.weight
  gptq (int8): tok_emb.weight
  passthrough (float16): blocks.attn.q_gain, blocks.attn_scale, blocks.mlp_scale, blocks.resid_mix, skip_gates, skip_weights
Serialized model quantized+brotli: 15974299 bytes
Total submission size quantized+brotli: 15991018 bytes
quantized val_loss:2.84312340 val_bpb:1.10066167 eval_time:7815ms
quantized_sliding_window val_loss:2.80001078 val_bpb:1.08397143 eval_time:83620ms
ttt_sliding:start chunks=1238 chunk_tokens=32768 total_windows=633409 stride=64 ttt_lr=0.005 ttt_epochs=3 freeze_blocks=0
ttt_sliding:params unfrozen=35943512 frozen=0
  ttt_chunk [1/1238] bpb=1.120040 time=3.8s
  ttt_chunk [11/1238] bpb=1.072268 time=8.1s
  ttt_chunk [21/1238] bpb=1.110078 time=10.4s
  ttt_chunk [31/1238] bpb=1.103600 time=12.8s
  ttt_chunk [41/1238] bpb=1.096961 time=15.1s
  ttt_chunk [51/1238] bpb=1.090939 time=17.3s
  ttt_chunk [61/1238] bpb=1.082698 time=19.6s
  ttt_chunk [71/1238] bpb=1.089613 time=22.0s
  ttt_chunk [81/1238] bpb=1.082734 time=24.3s
  ttt_chunk [91/1238] bpb=1.079248 time=26.6s
  ttt_chunk [101/1238] bpb=1.079048 time=28.9s
  ttt_chunk [111/1238] bpb=1.077227 time=31.2s
  ttt_chunk [121/1238] bpb=1.080073 time=33.4s
  ttt_chunk [131/1238] bpb=1.083752 time=35.8s
  ttt_chunk [141/1238] bpb=1.084193 time=38.1s
  ttt_chunk [151/1238] bpb=1.084037 time=40.4s
  ttt_chunk [161/1238] bpb=1.084439 time=42.7s
  ttt_chunk [171/1238] bpb=1.084358 time=45.0s
  ttt_chunk [181/1238] bpb=1.082896 time=47.3s
  ttt_chunk [191/1238] bpb=1.082625 time=49.6s
  ttt_chunk [201/1238] bpb=1.080168 time=51.9s
  ttt_chunk [211/1238] bpb=1.084685 time=54.2s
  ttt_chunk [221/1238] bpb=1.085104 time=56.5s
  ttt_chunk [231/1238] bpb=1.086777 time=58.8s
  ttt_chunk [241/1238] bpb=1.084938 time=61.1s
  ttt_chunk [251/1238] bpb=1.084931 time=63.4s
  ttt_chunk [261/1238] bpb=1.085963 time=65.7s
  ttt_chunk [271/1238] bpb=1.086381 time=68.0s
  ttt_chunk [281/1238] bpb=1.085638 time=70.3s
  ttt_chunk [291/1238] bpb=1.086912 time=72.7s
  ttt_chunk [301/1238] bpb=1.087126 time=75.0s
  ttt_chunk [311/1238] bpb=1.085948 time=77.3s
  ttt_chunk [321/1238] bpb=1.085792 time=79.6s
  ttt_chunk [331/1238] bpb=1.086055 time=81.9s
  ttt_chunk [341/1238] bpb=1.085166 time=84.2s
  ttt_chunk [351/1238] bpb=1.085904 time=86.5s
  ttt_chunk [361/1238] bpb=1.084823 time=88.8s
  ttt_chunk [371/1238] bpb=1.083371 time=91.1s
  ttt_chunk [381/1238] bpb=1.083788 time=93.4s
  ttt_chunk [391/1238] bpb=1.083481 time=95.7s
  ttt_chunk [401/1238] bpb=1.083541 time=98.0s
  ttt_chunk [411/1238] bpb=1.084160 time=100.3s
  ttt_chunk [421/1238] bpb=1.083631 time=102.6s
  ttt_chunk [431/1238] bpb=1.083780 time=104.9s
  ttt_chunk [441/1238] bpb=1.083843 time=107.2s
  ttt_chunk [451/1238] bpb=1.085031 time=109.5s
  ttt_chunk [461/1238] bpb=1.083233 time=111.8s
  ttt_chunk [471/1238] bpb=1.083244 time=114.1s
  ttt_chunk [481/1238] bpb=1.083422 time=116.4s
  ttt_chunk [491/1238] bpb=1.083820 time=118.7s
  ttt_chunk [501/1238] bpb=1.083452 time=121.1s
  ttt_chunk [511/1238] bpb=1.083108 time=123.4s
  ttt_chunk [521/1238] bpb=1.082650 time=125.7s
  ttt_chunk [531/1238] bpb=1.082650 time=128.0s
  ttt_chunk [541/1238] bpb=1.082770 time=130.3s
  ttt_chunk [551/1238] bpb=1.082293 time=132.5s
  ttt_chunk [561/1238] bpb=1.081600 time=134.9s
  ttt_chunk [571/1238] bpb=1.081065 time=137.2s
  ttt_chunk [581/1238] bpb=1.081448 time=139.5s
  ttt_chunk [591/1238] bpb=1.081663 time=141.8s
  ttt_chunk [601/1238] bpb=1.081583 time=144.1s
  ttt_chunk [611/1238] bpb=1.082135 time=146.4s
  ttt_chunk [621/1238] bpb=1.082973 time=148.7s
  ttt_chunk [631/1238] bpb=1.083031 time=151.0s
  ttt_chunk [641/1238] bpb=1.083518 time=153.3s
  ttt_chunk [651/1238] bpb=1.083846 time=155.6s
  ttt_chunk [661/1238] bpb=1.083171 time=157.9s
  ttt_chunk [671/1238] bpb=1.082911 time=160.2s
  ttt_chunk [681/1238] bpb=1.084250 time=162.5s
  ttt_chunk [691/1238] bpb=1.084429 time=164.8s
  ttt_chunk [701/1238] bpb=1.084227 time=167.1s
  ttt_chunk [711/1238] bpb=1.084916 time=169.4s
  ttt_chunk [721/1238] bpb=1.085202 time=171.7s
  ttt_chunk [731/1238] bpb=1.084554 time=174.0s
  ttt_chunk [741/1238] bpb=1.084240 time=176.3s
  ttt_chunk [751/1238] bpb=1.083333 time=178.6s
  ttt_chunk [761/1238] bpb=1.082715 time=180.9s
  ttt_chunk [771/1238] bpb=1.081694 time=183.2s
  ttt_chunk [781/1238] bpb=1.081651 time=185.5s
  ttt_chunk [791/1238] bpb=1.081996 time=187.8s
  ttt_chunk [801/1238] bpb=1.082286 time=190.1s
  ttt_chunk [811/1238] bpb=1.081807 time=192.4s
  ttt_chunk [821/1238] bpb=1.080640 time=194.7s
  ttt_chunk [831/1238] bpb=1.080331 time=197.0s
  ttt_chunk [841/1238] bpb=1.079848 time=199.3s
  ttt_chunk [851/1238] bpb=1.079573 time=201.7s
  ttt_chunk [861/1238] bpb=1.079242 time=204.0s
  ttt_chunk [871/1238] bpb=1.079125 time=206.3s
  ttt_chunk [881/1238] bpb=1.078663 time=208.6s
  ttt_chunk [891/1238] bpb=1.078156 time=211.5s
  ttt_chunk [901/1238] bpb=1.078523 time=214.0s
  ttt_chunk [911/1238] bpb=1.078231 time=216.3s
  ttt_chunk [921/1238] bpb=1.078527 time=218.6s
  ttt_chunk [931/1238] bpb=1.079222 time=220.9s
  ttt_chunk [941/1238] bpb=1.079634 time=223.2s
  ttt_chunk [951/1238] bpb=1.079559 time=225.5s
  ttt_chunk [961/1238] bpb=1.080395 time=227.8s
  ttt_chunk [971/1238] bpb=1.080787 time=230.1s
  ttt_chunk [981/1238] bpb=1.081159 time=232.4s
  ttt_chunk [991/1238] bpb=1.080937 time=234.7s
  ttt_chunk [1001/1238] bpb=1.080987 time=237.0s
  ttt_chunk [1011/1238] bpb=1.081328 time=239.3s
  ttt_chunk [1021/1238] bpb=1.082052 time=241.6s
  ttt_chunk [1031/1238] bpb=1.082544 time=243.9s
  ttt_chunk [1041/1238] bpb=1.083013 time=246.2s
  ttt_chunk [1051/1238] bpb=1.082945 time=248.5s
  ttt_chunk [1061/1238] bpb=1.082958 time=250.8s
  ttt_chunk [1071/1238] bpb=1.083111 time=253.2s
  ttt_chunk [1081/1238] bpb=1.082995 time=255.5s
  ttt_chunk [1091/1238] bpb=1.083191 time=257.8s
  ttt_chunk [1101/1238] bpb=1.083719 time=260.1s
  ttt_chunk [1111/1238] bpb=1.083996 time=262.4s
  ttt_chunk [1121/1238] bpb=1.084180 time=264.7s
  ttt_chunk [1131/1238] bpb=1.083829 time=267.0s
  ttt_chunk [1141/1238] bpb=1.083505 time=269.3s
  ttt_chunk [1151/1238] bpb=1.083537 time=271.6s
  ttt_chunk [1161/1238] bpb=1.083675 time=274.0s
  ttt_chunk [1171/1238] bpb=1.083449 time=276.3s
  ttt_chunk [1181/1238] bpb=1.082977 time=278.6s
  ttt_chunk [1191/1238] bpb=1.083127 time=280.8s
  ttt_chunk [1201/1238] bpb=1.083207 time=283.2s
  ttt_chunk [1211/1238] bpb=1.082897 time=285.4s
  ttt_chunk [1221/1238] bpb=1.082444 time=287.7s
  ttt_chunk [1231/1238] bpb=1.082074 time=290.1s
  ttt_chunk [1238/1238] bpb=1.082078 time=293.2s
ttt_sliding:done val_loss=2.795171 val_bpb=1.082098 elapsed=293.2s
legal_ttt_exact val_loss:2.79517119 val_bpb:1.08209788 eval_time:293430ms
