W0423 06:49:35.439000 198802 torch/distributed/run.py:803] 
W0423 06:49:35.439000 198802 torch/distributed/run.py:803] *****************************************
W0423 06:49:35.439000 198802 torch/distributed/run.py:803] Setting OMP_NUM_THREADS environment variable for each process to be 1 in default, to avoid your system being overloaded, please further tune the variable for optimal performance in your application as needed. 
W0423 06:49:35.439000 198802 torch/distributed/run.py:803] *****************************************
Hyperparameters:
  adam_eps: 1e-08
  adam_wd: 0.02
  artifact_dir: /workspace/draft7_runs/seed_1234
  attn_clip_sigmas: 13.0
  attn_out_gate_enabled: False
  attn_out_gate_src: proj
  beta1: 0.9
  beta2: 0.95
  caseops_enabled: True
  compressor: brotli
  data_dir: /workspace/src/parameter-golf/data
  datasets_dir: /workspace/src/parameter-golf/data/datasets/fineweb10B_sp8192_caseops/datasets/datasets/fineweb10B_sp8192_lossless_caps_caseops_v1_reserved
  distributed: True
  ema_decay: 0.9965
  embed_bits: 7
  embed_clip_sigmas: 15.0
  embed_lr: 0.6
  embed_wd: 0.085
  enable_looping_at: 0.35
  eval_seq_len: 2048
  eval_stride: 64
  fused_ce_enabled: True
  gate_window: 12
  gated_attn_enabled: False
  gated_attn_init_std: 0.01
  gated_attn_quant_gate: True
  global_ttt_batch_seqs: 32
  global_ttt_chunk_tokens: 32768
  global_ttt_epochs: 1
  global_ttt_grad_clip: 1.0
  global_ttt_lr: 0.001
  global_ttt_momentum: 0.9
  global_ttt_respect_doc_boundaries: True
  global_ttt_warmup_chunks: 0
  global_ttt_warmup_start_lr: 0.0
  gptq_calibration_batches: 16
  gptq_reserve_seconds: 0.5
  grad_accum_steps: 1
  grad_clip_norm: 0.3
  is_main_process: True
  iterations: 20000
  ln_scale: True
  local_rank: 0
  logfile: /workspace/draft7_runs/seed_1234/96da137d-1dd6-4fb9-9a36-6d50ef1f0de8.txt
  logit_softcap: 30.0
  loop_end: 5
  loop_start: 3
  matrix_bits: 6
  matrix_clip_sigmas: 12.85
  matrix_lr: 0.026
  max_wallclock_seconds: 600.0
  min_lr: 0.1
  mlp_clip_sigmas: 12.0
  mlp_mult: 4.0
  model_dim: 512
  model_path: /workspace/draft7_runs/seed_1234/final_model.pt
  muon_backend_steps: 5
  muon_momentum: 0.97
  muon_momentum_warmup_start: 0.92
  muon_momentum_warmup_steps: 1500
  muon_row_normalize: True
  muon_wd: 0.095
  num_heads: 8
  num_kv_heads: 4
  num_layers: 11
  num_loops: 2
  parallel_final_lane: mean
  parallel_start_layer: 8
  phased_ttt_num_phases: 3
  phased_ttt_prefix_docs: 2000
  qk_gain_init: 5.0
  quantized_model_path: /workspace/draft7_runs/seed_1234/final_model.int6.ptz
  rank: 0
  rope_base: 10000.0
  rope_dims: 16
  rope_train_seq_len: 2048
  rope_yarn: False
  run_id: 96da137d-1dd6-4fb9-9a36-6d50ef1f0de8
  scalar_lr: 0.02
  seed: 1234
  skip_gates_enabled: True
  smear_gate_enabled: False
  sparse_attn_gate_enabled: True
  sparse_attn_gate_init_std: 0.0
  sparse_attn_gate_scale: 1.0
  tie_embeddings: True
  tied_embed_init_std: 0.005
  tied_embed_lr: 0.03
  tokenizer_path: /workspace/src/parameter-golf/data/datasets/fineweb10B_sp8192_caseops/datasets/tokenizers/fineweb_8192_bpe_lossless_caps_caseops_v1_reserved.model
  train_batch_tokens: 786432
  train_files: /workspace/src/parameter-golf/data/datasets/fineweb10B_sp8192_caseops/datasets/datasets/fineweb10B_sp8192_lossless_caps_caseops_v1_reserved/fineweb_train_*.bin
  train_log_every: 500
  train_seq_len: 2048
  ttt_batch_size: 64
  ttt_beta1: 0.0
  ttt_beta2: 0.999
  ttt_chunk_size: 48
  ttt_enabled: True
  ttt_eval_batches: 
  ttt_eval_seq_len: 2048
  ttt_grad_steps: 1
  ttt_k_lora: True
  ttt_lora_lr: 0.0001
  ttt_lora_rank: 96
  ttt_mlp_lora: True
  ttt_o_lora: True
  ttt_optimizer: adam
  ttt_weight_decay: 0.5
  val_batch_tokens: 524288
  val_bytes_files: /workspace/src/parameter-golf/data/datasets/fineweb10B_sp8192_caseops/datasets/datasets/fineweb10B_sp8192_lossless_caps_caseops_v1_reserved/fineweb_val_bytes_*.bin
  val_doc_fraction: 1.0
  val_files: /workspace/src/parameter-golf/data/datasets/fineweb10B_sp8192_caseops/datasets/datasets/fineweb10B_sp8192_lossless_caps_caseops_v1_reserved/fineweb_val_*.bin
  val_loss_every: 0
  vocab_size: 8192
  warmdown_frac: 0.75
  warmup_steps: 20
  world_size: 8
  xsa_last_n: 11
train_shards: 80
val_tokens: 47851520
model_params:35945658
gptq:reserving 0s, effective=599500ms
warmup_cu_buckets:64,128,192,256 iters_each:3
warmup_step: 1/20
warmup_step: 2/20
warmup_step: 3/20
warmup_step: 4/20
warmup_step: 5/20
warmup_step: 6/20
warmup_step: 10/20
warmup_step: 20/20
loop_warmup:enabled encoder:[0, 1, 2, 3, 4, 5, 3, 4] decoder:[5, 3, 4, 5, 6, 7, 8, 9, 10]
loop_warmup_step: 1/20
loop_warmup_step: 2/20
loop_warmup_step: 3/20
loop_warmup_step: 4/20
loop_warmup_step: 5/20
loop_warmup_step: 6/20
loop_warmup_step: 10/20
loop_warmup_step: 20/20
1/20000 train_loss: 9.0077 train_time: 0.0m tok/s: 10883704
2/20000 train_loss: 12.8932 train_time: 0.0m tok/s: 7541502
3/20000 train_loss: 10.2693 train_time: 0.0m tok/s: 7806181
4/20000 train_loss: 8.8252 train_time: 0.0m tok/s: 7985695
5/20000 train_loss: 8.0787 train_time: 0.0m tok/s: 8078898
500/20000 train_loss: 2.5712 train_time: 0.8m tok/s: 8257004
1000/20000 train_loss: 2.8042 train_time: 1.6m tok/s: 8225253
1500/20000 train_loss: 2.6403 train_time: 2.4m tok/s: 8215480
2000/20000 train_loss: 2.6685 train_time: 3.2m tok/s: 8213401
layer_loop:enabled step:2190 frac:0.350 encoder:[0, 1, 2, 3, 4, 5, 3, 4] decoder:[5, 3, 4, 5, 6, 7, 8, 9, 10]
2500/20000 train_loss: 2.5541 train_time: 4.2m tok/s: 7760054
3000/20000 train_loss: 2.5717 train_time: 5.4m tok/s: 7288180
3500/20000 train_loss: 2.5700 train_time: 6.6m tok/s: 6986803
4000/20000 train_loss: 2.4181 train_time: 7.7m tok/s: 6777145
4500/20000 train_loss: 2.2894 train_time: 8.9m tok/s: 6622488
4964/20000 val_loss: 2.3569 val_bpb: 1.0769
stopping_early: wallclock_cap train_time: 599568ms step: 4964/20000
peak memory allocated: 41610 MiB reserved: 46918 MiB
ema:applying EMA weights
diagnostic pre-quantization post-ema val_loss:2.33437231 val_bpb:1.06664778 eval_time:7395ms
Serialized model: 135416891 bytes
Code size (uncompressed): 146673 bytes
Code size (compressed): 30305 bytes
GPTQ:collecting Hessians from calibration data...
GPTQ:collected 67 Hessians in 3.5s
Quantized weights:
  gate_int8_row: blocks.attn.attn_gate_w
  gptq (int6): blocks.attn.c_k.weight, blocks.attn.c_q.weight, blocks.attn.c_v.weight, blocks.attn.proj.weight, blocks.mlp.fc.weight, blocks.mlp.proj.weight
  gptq (int7): tok_emb.weight
  passthrough (float16): blocks.attn.q_gain, blocks.attn_scale, blocks.mlp_scale, blocks.resid_mix, parallel_post_lambdas, parallel_resid_lambdas, skip_gates, skip_weights
Serialized model quantized+brotli: 15909613 bytes
Total submission size quantized+brotli: 15939918 bytes
diagnostic quantized val_loss:2.35472037 val_bpb:1.07594545 eval_time:11329ms
ttt_lora:warming up compile (random tokens, no val data)
ttt_lora:compile warmup done (98.3s)

beginning TTT eval timer
ttt_phased: total_docs:50000 prefix_docs:2000 suffix_docs:48000 num_phases:3 boundaries:[666, 1333, 2000]
ttp: b775/782 bl:2.2823 bb:1.0610 rl:2.2823 rb:1.0610 dl:6892-7524 gd:0
ttp: b774/782 bl:2.2957 bb:1.0689 rl:2.2888 rb:1.0648 dl:6447-6872 gd:0
ttp: b769/782 bl:2.3353 bb:1.0872 rl:2.3015 rb:1.0709 dl:5097-5309 gd:0
ttpp: phase:1/3 pd:1104 gd:666 t:172.5s
tttg: c1/111 lr:0.001000 t:0.4s
tttg: c2/111 lr:0.001000 t:0.5s
tttg: c3/111 lr:0.000999 t:0.5s
tttg: c4/111 lr:0.000998 t:0.6s
tttg: c5/111 lr:0.000997 t:0.7s
tttg: c6/111 lr:0.000995 t:0.8s
tttg: c7/111 lr:0.000993 t:0.8s
tttg: c8/111 lr:0.000990 t:0.9s
tttg: c9/111 lr:0.000987 t:1.0s
tttg: c10/111 lr:0.000984 t:1.1s
tttg: c11/111 lr:0.000980 t:1.2s
tttg: c12/111 lr:0.000976 t:1.2s
tttg: c13/111 lr:0.000971 t:1.3s
tttg: c14/111 lr:0.000966 t:1.4s
tttg: c15/111 lr:0.000961 t:1.5s
tttg: c16/111 lr:0.000955 t:1.6s
tttg: c17/111 lr:0.000949 t:1.6s
tttg: c18/111 lr:0.000942 t:1.7s
tttg: c19/111 lr:0.000935 t:1.8s
tttg: c20/111 lr:0.000928 t:1.9s
tttg: c21/111 lr:0.000921 t:1.9s
tttg: c22/111 lr:0.000913 t:2.0s
tttg: c23/111 lr:0.000905 t:2.1s
tttg: c24/111 lr:0.000896 t:2.2s
tttg: c25/111 lr:0.000887 t:2.3s
tttg: c26/111 lr:0.000878 t:2.3s
tttg: c27/111 lr:0.000868 t:2.4s
tttg: c28/111 lr:0.000859 t:2.5s
tttg: c29/111 lr:0.000848 t:2.6s
tttg: c30/111 lr:0.000838 t:2.6s
tttg: c31/111 lr:0.000827 t:2.7s
tttg: c32/111 lr:0.000817 t:2.8s
tttg: c33/111 lr:0.000805 t:2.9s
tttg: c34/111 lr:0.000794 t:2.9s
tttg: c35/111 lr:0.000782 t:3.0s
tttg: c36/111 lr:0.000770 t:3.1s
tttg: c37/111 lr:0.000758 t:3.2s
tttg: c38/111 lr:0.000746 t:3.3s
tttg: c39/111 lr:0.000733 t:3.3s
tttg: c40/111 lr:0.000721 t:3.4s
tttg: c41/111 lr:0.000708 t:3.5s
tttg: c42/111 lr:0.000695 t:3.6s
tttg: c43/111 lr:0.000681 t:3.7s
tttg: c44/111 lr:0.000668 t:3.7s
tttg: c45/111 lr:0.000655 t:3.8s
tttg: c46/111 lr:0.000641 t:3.9s
tttg: c47/111 lr:0.000627 t:4.0s
tttg: c48/111 lr:0.000613 t:4.0s
tttg: c49/111 lr:0.000599 t:4.1s
tttg: c50/111 lr:0.000585 t:4.2s
tttg: c51/111 lr:0.000571 t:4.3s
tttg: c52/111 lr:0.000557 t:4.3s
tttg: c53/111 lr:0.000543 t:4.4s
tttg: c54/111 lr:0.000529 t:4.5s
tttg: c55/111 lr:0.000514 t:4.6s
tttg: c56/111 lr:0.000500 t:4.6s
tttg: c57/111 lr:0.000486 t:4.7s
tttg: c58/111 lr:0.000471 t:4.8s
tttg: c59/111 lr:0.000457 t:4.9s
tttg: c60/111 lr:0.000443 t:5.0s
tttg: c61/111 lr:0.000429 t:5.0s
tttg: c62/111 lr:0.000415 t:5.1s
tttg: c63/111 lr:0.000401 t:5.2s
tttg: c64/111 lr:0.000387 t:5.3s
tttg: c65/111 lr:0.000373 t:5.3s
tttg: c66/111 lr:0.000359 t:5.4s
tttg: c67/111 lr:0.000345 t:5.5s
tttg: c68/111 lr:0.000332 t:5.6s
tttg: c69/111 lr:0.000319 t:5.6s
tttg: c70/111 lr:0.000305 t:5.7s
tttg: c71/111 lr:0.000292 t:5.8s
tttg: c72/111 lr:0.000279 t:5.9s
tttg: c73/111 lr:0.000267 t:5.9s
tttg: c74/111 lr:0.000254 t:6.0s
tttg: c75/111 lr:0.000242 t:6.1s
tttg: c76/111 lr:0.000230 t:6.2s
tttg: c77/111 lr:0.000218 t:6.2s
tttg: c78/111 lr:0.000206 t:6.3s
tttg: c79/111 lr:0.000195 t:6.4s
tttg: c80/111 lr:0.000183 t:6.5s
tttg: c81/111 lr:0.000173 t:6.6s
tttg: c82/111 lr:0.000162 t:6.6s
tttg: c83/111 lr:0.000152 t:6.7s
tttg: c84/111 lr:0.000141 t:6.8s
tttg: c85/111 lr:0.000132 t:6.9s
tttg: c86/111 lr:0.000122 t:6.9s
tttg: c87/111 lr:0.000113 t:7.0s
tttg: c88/111 lr:0.000104 t:7.1s
tttg: c89/111 lr:0.000095 t:7.2s
tttg: c90/111 lr:0.000087 t:7.3s
tttg: c91/111 lr:0.000079 t:7.3s
tttg: c92/111 lr:0.000072 t:7.4s
tttg: c93/111 lr:0.000065 t:7.5s
tttg: c94/111 lr:0.000058 t:7.6s
tttg: c95/111 lr:0.000051 t:7.6s
tttg: c96/111 lr:0.000045 t:7.7s
tttg: c97/111 lr:0.000039 t:7.8s
tttg: c98/111 lr:0.000034 t:7.9s
tttg: c99/111 lr:0.000029 t:7.9s
tttg: c100/111 lr:0.000024 t:8.0s
tttg: c101/111 lr:0.000020 t:8.1s
tttg: c102/111 lr:0.000016 t:8.2s
tttg: c103/111 lr:0.000013 t:8.2s
tttg: c104/111 lr:0.000010 t:8.3s
tttg: c105/111 lr:0.000007 t:8.4s
tttg: c106/111 lr:0.000005 t:8.5s
tttg: c107/111 lr:0.000003 t:8.6s
tttg: c108/111 lr:0.000002 t:8.6s
tttg: c109/111 lr:0.000001 t:8.7s
tttg: c110/111 lr:0.000000 t:8.8s
ttpr: phase:1/3 t:183.4s
ttp: b759/782 bl:2.3782 bb:1.0829 rl:2.3142 rb:1.0729 dl:3741-3817 gd:0
ttp: b754/782 bl:2.2909 bb:1.0597 rl:2.3112 rb:1.0712 dl:3345-3397 gd:0
ttpp: phase:2/3 pd:1808 gd:1333 t:251.8s
tttg: c1/185 lr:0.001000 t:0.1s
tttg: c2/185 lr:0.001000 t:0.2s
tttg: c3/185 lr:0.001000 t:0.2s
tttg: c4/185 lr:0.000999 t:0.3s
tttg: c5/185 lr:0.000999 t:0.4s
tttg: c6/185 lr:0.000998 t:0.5s
tttg: c7/185 lr:0.000997 t:0.5s
tttg: c8/185 lr:0.000996 t:0.6s
tttg: c9/185 lr:0.000995 t:0.7s
tttg: c10/185 lr:0.000994 t:0.8s
tttg: c11/185 lr:0.000993 t:0.8s
tttg: c12/185 lr:0.000991 t:0.9s
tttg: c13/185 lr:0.000990 t:1.0s
tttg: c14/185 lr:0.000988 t:1.1s
tttg: c15/185 lr:0.000986 t:1.2s
tttg: c16/185 lr:0.000984 t:1.2s
tttg: c17/185 lr:0.000981 t:1.3s
tttg: c18/185 lr:0.000979 t:1.4s
tttg: c19/185 lr:0.000977 t:1.5s
tttg: c20/185 lr:0.000974 t:1.6s
tttg: c21/185 lr:0.000971 t:1.6s
tttg: c22/185 lr:0.000968 t:1.7s
tttg: c23/185 lr:0.000965 t:1.8s
tttg: c24/185 lr:0.000962 t:1.9s
tttg: c25/185 lr:0.000959 t:1.9s
tttg: c26/185 lr:0.000955 t:2.0s
tttg: c27/185 lr:0.000952 t:2.1s
tttg: c28/185 lr:0.000948 t:2.2s
tttg: c29/185 lr:0.000944 t:2.3s
tttg: c30/185 lr:0.000940 t:2.3s
tttg: c31/185 lr:0.000936 t:2.4s
tttg: c32/185 lr:0.000932 t:2.5s
tttg: c33/185 lr:0.000927 t:2.6s
tttg: c34/185 lr:0.000923 t:2.7s
tttg: c35/185 lr:0.000918 t:2.7s
tttg: c36/185 lr:0.000913 t:2.8s
tttg: c37/185 lr:0.000908 t:2.9s
tttg: c38/185 lr:0.000904 t:3.0s
tttg: c39/185 lr:0.000898 t:3.0s
tttg: c40/185 lr:0.000893 t:3.1s
tttg: c41/185 lr:0.000888 t:3.2s
tttg: c42/185 lr:0.000882 t:3.3s
tttg: c43/185 lr:0.000877 t:3.4s
tttg: c44/185 lr:0.000871 t:3.4s
tttg: c45/185 lr:0.000865 t:3.5s
tttg: c46/185 lr:0.000860 t:3.6s
tttg: c47/185 lr:0.000854 t:3.7s
tttg: c48/185 lr:0.000847 t:3.7s
tttg: c49/185 lr:0.000841 t:3.8s
tttg: c50/185 lr:0.000835 t:3.9s
tttg: c51/185 lr:0.000829 t:4.0s
tttg: c52/185 lr:0.000822 t:4.0s
tttg: c53/185 lr:0.000816 t:4.1s
tttg: c54/185 lr:0.000809 t:4.2s
tttg: c55/185 lr:0.000802 t:4.3s
tttg: c56/185 lr:0.000795 t:4.4s
tttg: c57/185 lr:0.000788 t:4.4s
tttg: c58/185 lr:0.000781 t:4.5s
tttg: c59/185 lr:0.000774 t:4.6s
tttg: c60/185 lr:0.000767 t:4.7s
tttg: c61/185 lr:0.000760 t:4.7s
tttg: c62/185 lr:0.000752 t:4.8s
tttg: c63/185 lr:0.000745 t:4.9s
tttg: c64/185 lr:0.000738 t:5.0s
tttg: c65/185 lr:0.000730 t:5.0s
tttg: c66/185 lr:0.000722 t:5.1s
tttg: c67/185 lr:0.000715 t:5.2s
tttg: c68/185 lr:0.000707 t:5.3s
tttg: c69/185 lr:0.000699 t:5.4s
tttg: c70/185 lr:0.000691 t:5.4s
tttg: c71/185 lr:0.000683 t:5.5s
tttg: c72/185 lr:0.000675 t:5.6s
tttg: c73/185 lr:0.000667 t:5.7s
tttg: c74/185 lr:0.000659 t:5.8s
tttg: c75/185 lr:0.000651 t:5.8s
tttg: c76/185 lr:0.000643 t:5.9s
tttg: c77/185 lr:0.000635 t:6.0s
tttg: c78/185 lr:0.000627 t:6.1s
tttg: c79/185 lr:0.000618 t:6.2s
tttg: c80/185 lr:0.000610 t:6.2s
tttg: c81/185 lr:0.000602 t:6.3s
tttg: c82/185 lr:0.000593 t:6.4s
tttg: c83/185 lr:0.000585 t:6.5s
tttg: c84/185 lr:0.000577 t:6.6s
tttg: c85/185 lr:0.000568 t:6.6s
tttg: c86/185 lr:0.000560 t:6.7s
tttg: c87/185 lr:0.000551 t:6.8s
tttg: c88/185 lr:0.000543 t:6.9s
tttg: c89/185 lr:0.000534 t:6.9s
tttg: c90/185 lr:0.000526 t:7.0s
tttg: c91/185 lr:0.000517 t:7.1s
tttg: c92/185 lr:0.000509 t:7.2s
tttg: c93/185 lr:0.000500 t:7.2s
tttg: c94/185 lr:0.000491 t:7.3s
tttg: c95/185 lr:0.000483 t:7.4s
tttg: c96/185 lr:0.000474 t:7.5s
tttg: c97/185 lr:0.000466 t:7.5s
tttg: c98/185 lr:0.000457 t:7.6s
tttg: c99/185 lr:0.000449 t:7.7s
tttg: c100/185 lr:0.000440 t:7.8s
tttg: c101/185 lr:0.000432 t:7.8s
tttg: c102/185 lr:0.000423 t:7.9s
tttg: c103/185 lr:0.000415 t:8.0s
tttg: c104/185 lr:0.000407 t:8.1s
tttg: c105/185 lr:0.000398 t:8.2s
tttg: c106/185 lr:0.000390 t:8.2s
tttg: c107/185 lr:0.000382 t:8.3s
tttg: c108/185 lr:0.000373 t:8.4s
tttg: c109/185 lr:0.000365 t:8.5s
tttg: c110/185 lr:0.000357 t:8.5s
tttg: c111/185 lr:0.000349 t:8.6s
tttg: c112/185 lr:0.000341 t:8.7s
tttg: c113/185 lr:0.000333 t:8.8s
tttg: c114/185 lr:0.000325 t:8.9s
tttg: c115/185 lr:0.000317 t:8.9s
tttg: c116/185 lr:0.000309 t:9.0s
tttg: c117/185 lr:0.000301 t:9.1s
tttg: c118/185 lr:0.000293 t:9.2s
tttg: c119/185 lr:0.000285 t:9.2s
tttg: c120/185 lr:0.000278 t:9.3s
tttg: c121/185 lr:0.000270 t:9.4s
tttg: c122/185 lr:0.000262 t:9.5s
tttg: c123/185 lr:0.000255 t:9.5s
tttg: c124/185 lr:0.000248 t:9.6s
tttg: c125/185 lr:0.000240 t:9.7s
tttg: c126/185 lr:0.000233 t:9.8s
tttg: c127/185 lr:0.000226 t:9.8s
tttg: c128/185 lr:0.000219 t:9.9s
tttg: c129/185 lr:0.000212 t:10.0s
tttg: c130/185 lr:0.000205 t:10.1s
tttg: c131/185 lr:0.000198 t:10.1s
tttg: c132/185 lr:0.000191 t:10.2s
tttg: c133/185 lr:0.000184 t:10.3s
tttg: c134/185 lr:0.000178 t:10.4s
tttg: c135/185 lr:0.000171 t:10.5s
tttg: c136/185 lr:0.000165 t:10.5s
tttg: c137/185 lr:0.000159 t:10.6s
tttg: c138/185 lr:0.000153 t:10.7s
tttg: c139/185 lr:0.000146 t:10.8s
tttg: c140/185 lr:0.000140 t:10.9s
tttg: c141/185 lr:0.000135 t:10.9s
tttg: c142/185 lr:0.000129 t:11.0s
tttg: c143/185 lr:0.000123 t:11.1s
tttg: c144/185 lr:0.000118 t:11.2s
tttg: c145/185 lr:0.000112 t:11.2s
tttg: c146/185 lr:0.000107 t:11.3s
tttg: c147/185 lr:0.000102 t:11.4s
tttg: c148/185 lr:0.000096 t:11.5s
tttg: c149/185 lr:0.000092 t:11.6s
tttg: c150/185 lr:0.000087 t:11.6s
tttg: c151/185 lr:0.000082 t:11.7s
tttg: c152/185 lr:0.000077 t:11.8s
tttg: c153/185 lr:0.000073 t:11.9s
tttg: c154/185 lr:0.000068 t:11.9s
tttg: c155/185 lr:0.000064 t:12.0s
tttg: c156/185 lr:0.000060 t:12.1s
tttg: c157/185 lr:0.000056 t:12.2s
tttg: c158/185 lr:0.000052 t:12.2s
tttg: c159/185 lr:0.000048 t:12.3s
tttg: c160/185 lr:0.000045 t:12.4s
tttg: c161/185 lr:0.000041 t:12.5s
tttg: c162/185 lr:0.000038 t:12.6s
tttg: c163/185 lr:0.000035 t:12.7s
tttg: c164/185 lr:0.000032 t:12.7s
tttg: c165/185 lr:0.000029 t:12.8s
tttg: c166/185 lr:0.000026 t:12.9s
tttg: c167/185 lr:0.000023 t:13.0s
tttg: c168/185 lr:0.000021 t:13.0s
tttg: c169/185 lr:0.000019 t:13.1s
tttg: c170/185 lr:0.000016 t:13.2s
tttg: c171/185 lr:0.000014 t:13.3s
tttg: c172/185 lr:0.000012 t:13.4s
tttg: c173/185 lr:0.000010 t:13.5s
tttg: c174/185 lr:0.000009 t:13.5s
tttg: c175/185 lr:0.000007 t:13.6s
tttg: c176/185 lr:0.000006 t:13.7s
tttg: c177/185 lr:0.000005 t:13.8s
tttg: c178/185 lr:0.000004 t:13.9s
tttg: c179/185 lr:0.000003 t:13.9s
tttg: c180/185 lr:0.000002 t:14.0s
tttg: c181/185 lr:0.000001 t:14.1s
tttg: c182/185 lr:0.000001 t:14.2s
tttg: c183/185 lr:0.000000 t:14.3s
tttg: c184/185 lr:0.000000 t:14.3s
ttpr: phase:2/3 t:268.2s
ttp: b751/782 bl:2.3180 bb:1.0376 rl:2.3119 rb:1.0675 dl:3150-3221 gd:0
ttpp: phase:3/3 pd:2448 gd:2000 t:285.0s
tttg: c1/250 lr:0.001000 t:0.1s
tttg: c2/250 lr:0.001000 t:0.2s
tttg: c3/250 lr:0.001000 t:0.2s
tttg: c4/250 lr:0.001000 t:0.3s
tttg: c5/250 lr:0.000999 t:0.4s
tttg: c6/250 lr:0.000999 t:0.5s
tttg: c7/250 lr:0.000999 t:0.5s
tttg: c8/250 lr:0.000998 t:0.6s
tttg: c9/250 lr:0.000997 t:0.7s
tttg: c10/250 lr:0.000997 t:0.8s
tttg: c11/250 lr:0.000996 t:0.8s
tttg: c12/250 lr:0.000995 t:0.9s
tttg: c13/250 lr:0.000994 t:1.0s
tttg: c14/250 lr:0.000993 t:1.1s
tttg: c15/250 lr:0.000992 t:1.1s
tttg: c16/250 lr:0.000991 t:1.2s
tttg: c17/250 lr:0.000990 t:1.3s
tttg: c18/250 lr:0.000989 t:1.4s
tttg: c19/250 lr:0.000987 t:1.5s
tttg: c20/250 lr:0.000986 t:1.5s
tttg: c21/250 lr:0.000984 t:1.6s
tttg: c22/250 lr:0.000983 t:1.7s
tttg: c23/250 lr:0.000981 t:1.8s
tttg: c24/250 lr:0.000979 t:1.8s
tttg: c25/250 lr:0.000977 t:1.9s
tttg: c26/250 lr:0.000975 t:2.0s
tttg: c27/250 lr:0.000973 t:2.1s
tttg: c28/250 lr:0.000971 t:2.1s
tttg: c29/250 lr:0.000969 t:2.2s
tttg: c30/250 lr:0.000967 t:2.3s
tttg: c31/250 lr:0.000965 t:2.4s
tttg: c32/250 lr:0.000962 t:2.5s
tttg: c33/250 lr:0.000960 t:2.5s
tttg: c34/250 lr:0.000957 t:2.6s
tttg: c35/250 lr:0.000955 t:2.7s
tttg: c36/250 lr:0.000952 t:2.8s
tttg: c37/250 lr:0.000949 t:2.9s
tttg: c38/250 lr:0.000947 t:2.9s
tttg: c39/250 lr:0.000944 t:3.0s
tttg: c40/250 lr:0.000941 t:3.1s
tttg: c41/250 lr:0.000938 t:3.2s
tttg: c42/250 lr:0.000935 t:3.2s
tttg: c43/250 lr:0.000931 t:3.3s
tttg: c44/250 lr:0.000928 t:3.4s
tttg: c45/250 lr:0.000925 t:3.5s
tttg: c46/250 lr:0.000922 t:3.5s
tttg: c47/250 lr:0.000918 t:3.6s
tttg: c48/250 lr:0.000915 t:3.7s
tttg: c49/250 lr:0.000911 t:3.8s
tttg: c50/250 lr:0.000907 t:3.9s
tttg: c51/250 lr:0.000904 t:3.9s
tttg: c52/250 lr:0.000900 t:4.0s
tttg: c53/250 lr:0.000896 t:4.1s
tttg: c54/250 lr:0.000892 t:4.2s
tttg: c55/250 lr:0.000888 t:4.2s
tttg: c56/250 lr:0.000884 t:4.3s
tttg: c57/250 lr:0.000880 t:4.4s
tttg: c58/250 lr:0.000876 t:4.5s
tttg: c59/250 lr:0.000872 t:4.6s
tttg: c60/250 lr:0.000868 t:4.6s
tttg: c61/250 lr:0.000863 t:4.7s
tttg: c62/250 lr:0.000859 t:4.8s
tttg: c63/250 lr:0.000855 t:4.9s
tttg: c64/250 lr:0.000850 t:4.9s
tttg: c65/250 lr:0.000846 t:5.0s
tttg: c66/250 lr:0.000841 t:5.1s
tttg: c67/250 lr:0.000836 t:5.2s
tttg: c68/250 lr:0.000832 t:5.2s
tttg: c69/250 lr:0.000827 t:5.3s
tttg: c70/250 lr:0.000822 t:5.4s
tttg: c71/250 lr:0.000817 t:5.5s
tttg: c72/250 lr:0.000812 t:5.5s
tttg: c73/250 lr:0.000807 t:5.6s
tttg: c74/250 lr:0.000803 t:5.7s
tttg: c75/250 lr:0.000797 t:5.8s
tttg: c76/250 lr:0.000792 t:5.8s
tttg: c77/250 lr:0.000787 t:5.9s
tttg: c78/250 lr:0.000782 t:6.0s
tttg: c79/250 lr:0.000777 t:6.1s
tttg: c80/250 lr:0.000772 t:6.2s
tttg: c81/250 lr:0.000766 t:6.2s
tttg: c82/250 lr:0.000761 t:6.3s
tttg: c83/250 lr:0.000755 t:6.4s
tttg: c84/250 lr:0.000750 t:6.5s
tttg: c85/250 lr:0.000745 t:6.6s
tttg: c86/250 lr:0.000739 t:6.6s
tttg: c87/250 lr:0.000733 t:6.7s
tttg: c88/250 lr:0.000728 t:6.8s
tttg: c89/250 lr:0.000722 t:6.9s
tttg: c90/250 lr:0.000717 t:6.9s
tttg: c91/250 lr:0.000711 t:7.0s
tttg: c92/250 lr:0.000705 t:7.1s
tttg: c93/250 lr:0.000699 t:7.2s
tttg: c94/250 lr:0.000694 t:7.2s
tttg: c95/250 lr:0.000688 t:7.3s
tttg: c96/250 lr:0.000682 t:7.4s
tttg: c97/250 lr:0.000676 t:7.5s
tttg: c98/250 lr:0.000670 t:7.6s
tttg: c99/250 lr:0.000664 t:7.6s
tttg: c100/250 lr:0.000658 t:7.7s
tttg: c101/250 lr:0.000652 t:7.8s
tttg: c102/250 lr:0.000646 t:7.9s
tttg: c103/250 lr:0.000640 t:7.9s
tttg: c104/250 lr:0.000634 t:8.0s
tttg: c105/250 lr:0.000628 t:8.1s
tttg: c106/250 lr:0.000622 t:8.2s
tttg: c107/250 lr:0.000616 t:8.3s
tttg: c108/250 lr:0.000610 t:8.3s
tttg: c109/250 lr:0.000603 t:8.4s
tttg: c110/250 lr:0.000597 t:8.5s
tttg: c111/250 lr:0.000591 t:8.6s
tttg: c112/250 lr:0.000585 t:8.7s
tttg: c113/250 lr:0.000579 t:8.7s
tttg: c114/250 lr:0.000572 t:8.8s
tttg: c115/250 lr:0.000566 t:8.9s
tttg: c116/250 lr:0.000560 t:9.0s
tttg: c117/250 lr:0.000554 t:9.0s
tttg: c118/250 lr:0.000547 t:9.1s
tttg: c119/250 lr:0.000541 t:9.2s
tttg: c120/250 lr:0.000535 t:9.3s
tttg: c121/250 lr:0.000528 t:9.4s
tttg: c122/250 lr:0.000522 t:9.4s
tttg: c123/250 lr:0.000516 t:9.5s
tttg: c124/250 lr:0.000509 t:9.6s
tttg: c125/250 lr:0.000503 t:9.7s
tttg: c126/250 lr:0.000497 t:9.7s
tttg: c127/250 lr:0.000491 t:9.8s
tttg: c128/250 lr:0.000484 t:9.9s
tttg: c129/250 lr:0.000478 t:10.0s
tttg: c130/250 lr:0.000472 t:10.1s
tttg: c131/250 lr:0.000465 t:10.1s
tttg: c132/250 lr:0.000459 t:10.2s
tttg: c133/250 lr:0.000453 t:10.3s
tttg: c134/250 lr:0.000446 t:10.4s
tttg: c135/250 lr:0.000440 t:10.5s
tttg: c136/250 lr:0.000434 t:10.5s
tttg: c137/250 lr:0.000428 t:10.6s
tttg: c138/250 lr:0.000421 t:10.7s
tttg: c139/250 lr:0.000415 t:10.8s
tttg: c140/250 lr:0.000409 t:10.8s
tttg: c141/250 lr:0.000403 t:10.9s
tttg: c142/250 lr:0.000397 t:11.0s
tttg: c143/250 lr:0.000390 t:11.1s
tttg: c144/250 lr:0.000384 t:11.1s
tttg: c145/250 lr:0.000378 t:11.2s
tttg: c146/250 lr:0.000372 t:11.3s
tttg: c147/250 lr:0.000366 t:11.4s
tttg: c148/250 lr:0.000360 t:11.4s
tttg: c149/250 lr:0.000354 t:11.5s
tttg: c150/250 lr:0.000348 t:11.6s
tttg: c151/250 lr:0.000342 t:11.7s
tttg: c152/250 lr:0.000336 t:11.8s
tttg: c153/250 lr:0.000330 t:11.8s
tttg: c154/250 lr:0.000324 t:11.9s
tttg: c155/250 lr:0.000318 t:12.0s
tttg: c156/250 lr:0.000312 t:12.1s
tttg: c157/250 lr:0.000306 t:12.2s
tttg: c158/250 lr:0.000301 t:12.2s
tttg: c159/250 lr:0.000295 t:12.3s
tttg: c160/250 lr:0.000289 t:12.4s
tttg: c161/250 lr:0.000283 t:12.5s
tttg: c162/250 lr:0.000278 t:12.5s
tttg: c163/250 lr:0.000272 t:12.6s
tttg: c164/250 lr:0.000267 t:12.7s
tttg: c165/250 lr:0.000261 t:12.8s
tttg: c166/250 lr:0.000255 t:12.8s
tttg: c167/250 lr:0.000250 t:12.9s
tttg: c168/250 lr:0.000245 t:13.0s
tttg: c169/250 lr:0.000239 t:13.1s
tttg: c170/250 lr:0.000234 t:13.2s
tttg: c171/250 lr:0.000228 t:13.2s
tttg: c172/250 lr:0.000223 t:13.3s
tttg: c173/250 lr:0.000218 t:13.4s
tttg: c174/250 lr:0.000213 t:13.5s
tttg: c175/250 lr:0.000208 t:13.5s
tttg: c176/250 lr:0.000203 t:13.6s
tttg: c177/250 lr:0.000197 t:13.7s
tttg: c178/250 lr:0.000193 t:13.8s
tttg: c179/250 lr:0.000188 t:13.9s
tttg: c180/250 lr:0.000183 t:13.9s
tttg: c181/250 lr:0.000178 t:14.0s
tttg: c182/250 lr:0.000173 t:14.1s
tttg: c183/250 lr:0.000168 t:14.2s
tttg: c184/250 lr:0.000164 t:14.3s
tttg: c185/250 lr:0.000159 t:14.3s
tttg: c186/250 lr:0.000154 t:14.4s
tttg: c187/250 lr:0.000150 t:14.5s
tttg: c188/250 lr:0.000145 t:14.6s
tttg: c189/250 lr:0.000141 t:14.6s
tttg: c190/250 lr:0.000137 t:14.7s
tttg: c191/250 lr:0.000132 t:14.8s
tttg: c192/250 lr:0.000128 t:14.9s
tttg: c193/250 lr:0.000124 t:15.0s
tttg: c194/250 lr:0.000120 t:15.0s
tttg: c195/250 lr:0.000116 t:15.1s
tttg: c196/250 lr:0.000112 t:15.2s
tttg: c197/250 lr:0.000108 t:15.3s
tttg: c198/250 lr:0.000104 t:15.3s
tttg: c199/250 lr:0.000100 t:15.4s
tttg: c200/250 lr:0.000096 t:15.5s
tttg: c201/250 lr:0.000093 t:15.6s
tttg: c202/250 lr:0.000089 t:15.6s
tttg: c203/250 lr:0.000085 t:15.7s
tttg: c204/250 lr:0.000082 t:15.8s
tttg: c205/250 lr:0.000078 t:15.9s
tttg: c206/250 lr:0.000075 t:15.9s
tttg: c207/250 lr:0.000072 t:16.0s
tttg: c208/250 lr:0.000069 t:16.1s
tttg: c209/250 lr:0.000065 t:16.2s
tttg: c210/250 lr:0.000062 t:16.2s
tttg: c211/250 lr:0.000059 t:16.3s
tttg: c212/250 lr:0.000056 t:16.4s
tttg: c213/250 lr:0.000053 t:16.5s
tttg: c214/250 lr:0.000051 t:16.6s
tttg: c215/250 lr:0.000048 t:16.6s
tttg: c216/250 lr:0.000045 t:16.7s
tttg: c217/250 lr:0.000043 t:16.8s
tttg: c218/250 lr:0.000040 t:16.9s
tttg: c219/250 lr:0.000038 t:17.0s
tttg: c220/250 lr:0.000035 t:17.0s
tttg: c221/250 lr:0.000033 t:17.1s
tttg: c222/250 lr:0.000031 t:17.2s
tttg: c223/250 lr:0.000029 t:17.3s
tttg: c224/250 lr:0.000027 t:17.4s
tttg: c225/250 lr:0.000025 t:17.4s
tttg: c226/250 lr:0.000023 t:17.5s
tttg: c227/250 lr:0.000021 t:17.6s
tttg: c228/250 lr:0.000019 t:17.7s
tttg: c229/250 lr:0.000017 t:17.7s
tttg: c230/250 lr:0.000016 t:17.8s
tttg: c231/250 lr:0.000014 t:17.9s
tttg: c232/250 lr:0.000013 t:18.0s
tttg: c233/250 lr:0.000011 t:18.0s
tttg: c234/250 lr:0.000010 t:18.1s
tttg: c235/250 lr:0.000009 t:18.2s
tttg: c236/250 lr:0.000008 t:18.3s
tttg: c237/250 lr:0.000007 t:18.4s
tttg: c238/250 lr:0.000006 t:18.4s
tttg: c239/250 lr:0.000005 t:18.5s
tttg: c240/250 lr:0.000004 t:18.6s
tttg: c241/250 lr:0.000003 t:18.7s
tttg: c242/250 lr:0.000003 t:18.7s
tttg: c243/250 lr:0.000002 t:18.8s
tttg: c244/250 lr:0.000001 t:18.9s
tttg: c245/250 lr:0.000001 t:19.0s
tttg: c246/250 lr:0.000001 t:19.1s
tttg: c247/250 lr:0.000000 t:19.2s
tttg: c248/250 lr:0.000000 t:19.2s
tttg: c249/250 lr:0.000000 t:19.3s
ttpr: phase:3/3 t:306.4s
ttp: b736/782 bl:2.2498 bb:1.0600 rl:2.3070 rb:1.0669 dl:2526-2550 gd:1
ttp: b734/782 bl:2.2672 bb:1.0314 rl:2.3041 rb:1.0643 dl:2469-2495 gd:1
ttp: b727/782 bl:2.2685 bb:1.0454 rl:2.3019 rb:1.0631 dl:2277-2305 gd:1
ttp: b714/782 bl:2.3119 bb:1.0240 rl:2.3024 rb:1.0610 dl:2018-2035 gd:1
ttp: b708/782 bl:2.3150 bb:1.0355 rl:2.3030 rb:1.0597 dl:1924-1937 gd:1
ttp: b697/782 bl:2.3334 bb:1.0353 rl:2.3043 rb:1.0587 dl:1790-1803 gd:1
ttp: b692/782 bl:2.2975 bb:1.0314 rl:2.3040 rb:1.0576 dl:1737-1746 gd:1
ttp: b682/782 bl:2.3516 bb:1.0612 rl:2.3057 rb:1.0577 dl:1638-1646 gd:1
ttp: b676/782 bl:2.3397 bb:1.0524 rl:2.3069 rb:1.0575 dl:1586-1595 gd:1
ttp: b665/782 bl:2.3382 bb:1.0504 rl:2.3078 rb:1.0573 dl:1500-1507 gd:1
ttp: b658/782 bl:2.2637 bb:1.0248 rl:2.3066 rb:1.0563 dl:1452-1459 gd:1
ttp: b651/782 bl:2.3940 bb:1.0462 rl:2.3089 rb:1.0560 dl:1406-1411 gd:1
ttp: b642/782 bl:2.3265 bb:1.0417 rl:2.3094 rb:1.0557 dl:1349-1356 gd:1
ttp: b633/782 bl:2.2842 bb:1.0263 rl:2.3088 rb:1.0550 dl:1297-1302 gd:1
ttp: b624/782 bl:2.3613 bb:1.0689 rl:2.3100 rb:1.0553 dl:1249-1255 gd:1
ttp: b616/782 bl:2.4070 bb:1.0441 rl:2.3120 rb:1.0550 dl:1205-1211 gd:1
ttp: b608/782 bl:2.3546 bb:1.0818 rl:2.3129 rb:1.0556 dl:1168-1172 gd:1
ttp: b601/782 bl:2.3352 bb:1.0223 rl:2.3133 rb:1.0549 dl:1137-1141 gd:1
ttp: b597/782 bl:2.3692 bb:1.0535 rl:2.3143 rb:1.0549 dl:1119-1124 gd:1
ttp: b590/782 bl:2.3149 bb:1.0607 rl:2.3144 rb:1.0550 dl:1089-1093 gd:1
ttp: b583/782 bl:2.3304 bb:1.0355 rl:2.3146 rb:1.0546 dl:1060-1064 gd:1
ttp: b571/782 bl:2.3040 bb:1.0079 rl:2.3145 rb:1.0539 dl:1014-1017 gd:1
ttp: b563/782 bl:2.2674 bb:1.0189 rl:2.3137 rb:1.0533 dl:987-990 gd:1
ttp: b555/782 bl:2.3233 bb:1.0252 rl:2.3139 rb:1.0529 dl:959-961 gd:1
ttp: b552/782 bl:2.2764 bb:1.0198 rl:2.3133 rb:1.0524 dl:949-952 gd:1
ttp: b544/782 bl:2.3522 bb:1.0719 rl:2.3139 rb:1.0527 dl:924-927 gd:1
ttp: b523/782 bl:2.3192 bb:1.0202 rl:2.3139 rb:1.0522 dl:860-863 gd:1
ttp: b516/782 bl:2.3605 bb:1.0474 rl:2.3145 rb:1.0522 dl:841-843 gd:1
ttp: b508/782 bl:2.3982 bb:1.0544 rl:2.3155 rb:1.0522 dl:817-820 gd:1
ttp: b500/782 bl:2.3344 bb:1.0684 rl:2.3157 rb:1.0524 dl:796-799 gd:1
ttp: b492/782 bl:2.2832 bb:1.0369 rl:2.3154 rb:1.0522 dl:776-778 gd:1
ttp: b484/782 bl:2.3761 bb:1.0529 rl:2.3160 rb:1.0522 dl:756-759 gd:1
ttp: b476/782 bl:2.2869 bb:1.0364 rl:2.3157 rb:1.0521 dl:738-740 gd:1
ttp: b468/782 bl:2.3637 bb:1.0639 rl:2.3162 rb:1.0522 dl:719-721 gd:1
ttp: b460/782 bl:2.2568 bb:1.0558 rl:2.3156 rb:1.0522 dl:701-703 gd:1
ttp: b452/782 bl:2.2660 bb:1.0141 rl:2.3151 rb:1.0519 dl:685-687 gd:1
ttp: b444/782 bl:2.3171 bb:1.0676 rl:2.3152 rb:1.0520 dl:668-670 gd:1
ttp: b436/782 bl:2.2862 bb:1.0560 rl:2.3149 rb:1.0520 dl:651-653 gd:1
ttp: b428/782 bl:2.3131 bb:1.0540 rl:2.3149 rb:1.0521 dl:636-638 gd:1
ttp: b420/782 bl:2.3619 bb:1.0544 rl:2.3153 rb:1.0521 dl:620-622 gd:1
ttp: b412/782 bl:2.3328 bb:1.0460 rl:2.3154 rb:1.0520 dl:605-607 gd:1
ttp: b404/782 bl:2.3734 bb:1.0628 rl:2.3159 rb:1.0521 dl:590-592 gd:1
ttp: b396/782 bl:2.2918 bb:1.0780 rl:2.3157 rb:1.0523 dl:575-577 gd:1
ttp: b388/782 bl:2.3158 bb:1.0444 rl:2.3157 rb:1.0522 dl:561-562 gd:1
ttp: b380/782 bl:2.3674 bb:1.0917 rl:2.3160 rb:1.0525 dl:547-549 gd:1
ttp: b372/782 bl:2.3442 bb:1.0529 rl:2.3162 rb:1.0525 dl:533-535 gd:1
ttp: b364/782 bl:2.3498 bb:1.0625 rl:2.3164 rb:1.0526 dl:521-522 gd:1
ttp: b356/782 bl:2.3456 bb:1.0562 rl:2.3166 rb:1.0526 dl:506-508 gd:1
ttp: b348/782 bl:2.3742 bb:1.0649 rl:2.3170 rb:1.0527 dl:494-495 gd:1
ttp: b340/782 bl:2.4608 bb:1.0818 rl:2.3178 rb:1.0528 dl:482-483 gd:1
ttp: b332/782 bl:2.3105 bb:1.0459 rl:2.3177 rb:1.0528 dl:469-471 gd:1
ttp: b324/782 bl:2.3219 bb:1.0856 rl:2.3178 rb:1.0530 dl:458-459 gd:1
ttp: b316/782 bl:2.3762 bb:1.0840 rl:2.3181 rb:1.0531 dl:445-446 gd:1
ttp: b308/782 bl:2.4080 bb:1.0922 rl:2.3185 rb:1.0533 dl:433-435 gd:1
ttp: b300/782 bl:2.3456 bb:1.0595 rl:2.3187 rb:1.0534 dl:421-422 gd:1
ttp: b292/782 bl:2.3428 bb:1.1092 rl:2.3188 rb:1.0536 dl:409-410 gd:1
ttp: b284/782 bl:2.4552 bb:1.1432 rl:2.3194 rb:1.0540 dl:398-399 gd:1
ttp: b276/782 bl:2.3944 bb:1.1067 rl:2.3198 rb:1.0543 dl:387-388 gd:1
ttp: b268/782 bl:2.3640 bb:1.0800 rl:2.3199 rb:1.0544 dl:376-378 gd:1
ttp: b260/782 bl:2.3839 bb:1.0861 rl:2.3202 rb:1.0545 dl:366-367 gd:1
ttp: b252/782 bl:2.3897 bb:1.0711 rl:2.3205 rb:1.0546 dl:356-357 gd:1
ttp: b244/782 bl:2.3409 bb:1.1139 rl:2.3206 rb:1.0548 dl:346-347 gd:1
ttp: b236/782 bl:2.3354 bb:1.0748 rl:2.3206 rb:1.0549 dl:336-337 gd:1
ttp: b228/782 bl:2.3434 bb:1.0910 rl:2.3207 rb:1.0550 dl:327-328 gd:1
ttp: b220/782 bl:2.4093 bb:1.1400 rl:2.3210 rb:1.0553 dl:317-318 gd:1
ttp: b212/782 bl:2.3761 bb:1.0847 rl:2.3212 rb:1.0554 dl:308-309 gd:1
ttp: b204/782 bl:2.4641 bb:1.1562 rl:2.3217 rb:1.0557 dl:300-301 gd:1
ttp: b196/782 bl:2.4565 bb:1.1210 rl:2.3221 rb:1.0559 dl:291-292 gd:1
ttp: b188/782 bl:2.3489 bb:1.1030 rl:2.3222 rb:1.0561 dl:282-283 gd:1
ttp: b180/782 bl:2.4362 bb:1.1162 rl:2.3226 rb:1.0563 dl:274-275 gd:1
ttp: b173/782 bl:2.4788 bb:1.1349 rl:2.3230 rb:1.0565 dl:267-268 gd:1
ttp: b164/782 bl:2.4391 bb:1.1538 rl:2.3234 rb:1.0567 dl:259-260 gd:1
ttp: b157/782 bl:2.3707 bb:1.1354 rl:2.3235 rb:1.0570 dl:252-253 gd:1
ttp: b149/782 bl:2.3791 bb:1.1589 rl:2.3236 rb:1.0572 dl:244-245 gd:1
ttp: b141/782 bl:2.4713 bb:1.1278 rl:2.3240 rb:1.0574 dl:236-237 gd:1
ttp: b133/782 bl:2.3732 bb:1.1383 rl:2.3241 rb:1.0576 dl:229-230 gd:1
ttp: b126/782 bl:2.3970 bb:1.1419 rl:2.3243 rb:1.0578 dl:222-223 gd:1
ttp: b119/782 bl:2.3817 bb:1.1596 rl:2.3245 rb:1.0580 dl:216-217 gd:1
ttp: b112/782 bl:2.4860 bb:1.1865 rl:2.3248 rb:1.0583 dl:210-210 gd:1
ttp: b102/782 bl:2.5859 bb:1.1986 rl:2.3254 rb:1.0586 dl:201-202 gd:1
ttp: b95/782 bl:2.3376 bb:1.1428 rl:2.3254 rb:1.0587 dl:194-195 gd:1
ttp: b84/782 bl:2.5267 bb:1.2015 rl:2.3258 rb:1.0590 dl:184-185 gd:1
ttp: b76/782 bl:2.4971 bb:1.1728 rl:2.3261 rb:1.0592 dl:177-178 gd:1
ttp: b68/782 bl:2.5140 bb:1.1733 rl:2.3265 rb:1.0594 dl:170-171 gd:1
ttp: b61/782 bl:2.4592 bb:1.2173 rl:2.3267 rb:1.0597 dl:164-165 gd:1
ttp: b53/782 bl:2.5249 bb:1.2031 rl:2.3270 rb:1.0599 dl:156-157 gd:1
ttp: b45/782 bl:2.4622 bb:1.1782 rl:2.3272 rb:1.0601 dl:148-149 gd:1
ttp: b37/782 bl:2.5829 bb:1.2174 rl:2.3276 rb:1.0603 dl:140-141 gd:1
ttp: b29/782 bl:2.6438 bb:1.2230 rl:2.3281 rb:1.0605 dl:132-133 gd:1
ttp: b20/782 bl:2.6069 bb:1.2483 rl:2.3284 rb:1.0608 dl:122-123 gd:1
ttp: b12/782 bl:2.5698 bb:1.1886 rl:2.3287 rb:1.0609 dl:110-112 gd:1
ttp: b4/782 bl:2.7524 bb:1.2333 rl:2.3291 rb:1.0611 dl:93-96 gd:1
quantized_ttt_phased val_loss:2.32703433 val_bpb:1.06336388 eval_time:412798ms
total_eval_time:412.8s
