W0423 06:25:54.738000 177630 torch/distributed/run.py:803] 
W0423 06:25:54.738000 177630 torch/distributed/run.py:803] *****************************************
W0423 06:25:54.738000 177630 torch/distributed/run.py:803] Setting OMP_NUM_THREADS environment variable for each process to be 1 in default, to avoid your system being overloaded, please further tune the variable for optimal performance in your application as needed. 
W0423 06:25:54.738000 177630 torch/distributed/run.py:803] *****************************************
Hyperparameters:
  adam_eps: 1e-08
  adam_wd: 0.02
  artifact_dir: /workspace/draft7_runs/seed_0
  attn_clip_sigmas: 13.0
  attn_out_gate_enabled: False
  attn_out_gate_src: proj
  beta1: 0.9
  beta2: 0.95
  caseops_enabled: True
  compressor: brotli
  data_dir: /workspace/src/parameter-golf/data
  datasets_dir: /workspace/src/parameter-golf/data/datasets/fineweb10B_sp8192_caseops/datasets/datasets/fineweb10B_sp8192_lossless_caps_caseops_v1_reserved
  distributed: True
  ema_decay: 0.9965
  embed_bits: 7
  embed_clip_sigmas: 15.0
  embed_lr: 0.6
  embed_wd: 0.085
  enable_looping_at: 0.35
  eval_seq_len: 2048
  eval_stride: 64
  fused_ce_enabled: True
  gate_window: 12
  gated_attn_enabled: False
  gated_attn_init_std: 0.01
  gated_attn_quant_gate: True
  global_ttt_batch_seqs: 32
  global_ttt_chunk_tokens: 32768
  global_ttt_epochs: 1
  global_ttt_grad_clip: 1.0
  global_ttt_lr: 0.001
  global_ttt_momentum: 0.9
  global_ttt_respect_doc_boundaries: True
  global_ttt_warmup_chunks: 0
  global_ttt_warmup_start_lr: 0.0
  gptq_calibration_batches: 16
  gptq_reserve_seconds: 0.5
  grad_accum_steps: 1
  grad_clip_norm: 0.3
  is_main_process: True
  iterations: 20000
  ln_scale: True
  local_rank: 0
  logfile: /workspace/draft7_runs/seed_0/30c5c7a3-f476-4314-822c-43b390f77388.txt
  logit_softcap: 30.0
  loop_end: 5
  loop_start: 3
  matrix_bits: 6
  matrix_clip_sigmas: 12.85
  matrix_lr: 0.026
  max_wallclock_seconds: 600.0
  min_lr: 0.1
  mlp_clip_sigmas: 12.0
  mlp_mult: 4.0
  model_dim: 512
  model_path: /workspace/draft7_runs/seed_0/final_model.pt
  muon_backend_steps: 5
  muon_momentum: 0.97
  muon_momentum_warmup_start: 0.92
  muon_momentum_warmup_steps: 1500
  muon_row_normalize: True
  muon_wd: 0.095
  num_heads: 8
  num_kv_heads: 4
  num_layers: 11
  num_loops: 2
  parallel_final_lane: mean
  parallel_start_layer: 8
  phased_ttt_num_phases: 3
  phased_ttt_prefix_docs: 2000
  qk_gain_init: 5.0
  quantized_model_path: /workspace/draft7_runs/seed_0/final_model.int6.ptz
  rank: 0
  rope_base: 10000.0
  rope_dims: 16
  rope_train_seq_len: 2048
  rope_yarn: False
  run_id: 30c5c7a3-f476-4314-822c-43b390f77388
  scalar_lr: 0.02
  seed: 0
  skip_gates_enabled: True
  smear_gate_enabled: False
  sparse_attn_gate_enabled: True
  sparse_attn_gate_init_std: 0.0
  sparse_attn_gate_scale: 1.0
  tie_embeddings: True
  tied_embed_init_std: 0.005
  tied_embed_lr: 0.03
  tokenizer_path: /workspace/src/parameter-golf/data/datasets/fineweb10B_sp8192_caseops/datasets/tokenizers/fineweb_8192_bpe_lossless_caps_caseops_v1_reserved.model
  train_batch_tokens: 786432
  train_files: /workspace/src/parameter-golf/data/datasets/fineweb10B_sp8192_caseops/datasets/datasets/fineweb10B_sp8192_lossless_caps_caseops_v1_reserved/fineweb_train_*.bin
  train_log_every: 500
  train_seq_len: 2048
  ttt_batch_size: 64
  ttt_beta1: 0.0
  ttt_beta2: 0.999
  ttt_chunk_size: 48
  ttt_enabled: True
  ttt_eval_batches: 
  ttt_eval_seq_len: 2048
  ttt_grad_steps: 1
  ttt_k_lora: True
  ttt_lora_lr: 0.0001
  ttt_lora_rank: 96
  ttt_mlp_lora: True
  ttt_o_lora: True
  ttt_optimizer: adam
  ttt_weight_decay: 0.5
  val_batch_tokens: 524288
  val_bytes_files: /workspace/src/parameter-golf/data/datasets/fineweb10B_sp8192_caseops/datasets/datasets/fineweb10B_sp8192_lossless_caps_caseops_v1_reserved/fineweb_val_bytes_*.bin
  val_doc_fraction: 1.0
  val_files: /workspace/src/parameter-golf/data/datasets/fineweb10B_sp8192_caseops/datasets/datasets/fineweb10B_sp8192_lossless_caps_caseops_v1_reserved/fineweb_val_*.bin
  val_loss_every: 0
  vocab_size: 8192
  warmdown_frac: 0.75
  warmup_steps: 20
  world_size: 8
  xsa_last_n: 11
train_shards: 80
val_tokens: 47851520
model_params:35945658
gptq:reserving 0s, effective=599500ms
warmup_cu_buckets:64,128,192,256 iters_each:3
warmup_step: 1/20
warmup_step: 2/20
warmup_step: 3/20
warmup_step: 4/20
warmup_step: 5/20
warmup_step: 6/20
warmup_step: 10/20
warmup_step: 20/20
loop_warmup:enabled encoder:[0, 1, 2, 3, 4, 5, 3, 4] decoder:[5, 3, 4, 5, 6, 7, 8, 9, 10]
loop_warmup_step: 1/20
loop_warmup_step: 2/20
loop_warmup_step: 3/20
loop_warmup_step: 4/20
loop_warmup_step: 5/20
loop_warmup_step: 6/20
loop_warmup_step: 10/20
loop_warmup_step: 20/20
1/20000 train_loss: 9.0086 train_time: 0.0m tok/s: 12866999
2/20000 train_loss: 12.8201 train_time: 0.0m tok/s: 8377901
3/20000 train_loss: 10.2220 train_time: 0.0m tok/s: 8485384
4/20000 train_loss: 8.7229 train_time: 0.0m tok/s: 8496560
5/20000 train_loss: 7.9399 train_time: 0.0m tok/s: 8486086
500/20000 train_loss: 2.5807 train_time: 0.8m tok/s: 8265349
1000/20000 train_loss: 2.8102 train_time: 1.6m tok/s: 8229320
1500/20000 train_loss: 2.6386 train_time: 2.4m tok/s: 8213200
2000/20000 train_loss: 2.6738 train_time: 3.2m tok/s: 8209502
layer_loop:enabled step:2189 frac:0.350 encoder:[0, 1, 2, 3, 4, 5, 3, 4] decoder:[5, 3, 4, 5, 6, 7, 8, 9, 10]
2500/20000 train_loss: 2.5608 train_time: 4.2m tok/s: 7756532
3000/20000 train_loss: 2.5719 train_time: 5.4m tok/s: 7288093
3500/20000 train_loss: 2.5707 train_time: 6.6m tok/s: 6987868
4000/20000 train_loss: 2.4192 train_time: 7.8m tok/s: 6761850
4500/20000 train_loss: 2.2876 train_time: 8.9m tok/s: 6610554
4957/20000 val_loss: 2.3571 val_bpb: 1.0771
stopping_early: wallclock_cap train_time: 599556ms step: 4957/20000
peak memory allocated: 41610 MiB reserved: 46918 MiB
ema:applying EMA weights
diagnostic pre-quantization post-ema val_loss:2.33442311 val_bpb:1.06667100 eval_time:7222ms
Serialized model: 135416891 bytes
Code size (uncompressed): 146673 bytes
Code size (compressed): 30305 bytes
GPTQ:collecting Hessians from calibration data...
GPTQ:collected 67 Hessians in 3.5s
Quantized weights:
  gate_int8_row: blocks.attn.attn_gate_w
  gptq (int6): blocks.attn.c_k.weight, blocks.attn.c_q.weight, blocks.attn.c_v.weight, blocks.attn.proj.weight, blocks.mlp.fc.weight, blocks.mlp.proj.weight
  gptq (int7): tok_emb.weight
  passthrough (float16): blocks.attn.q_gain, blocks.attn_scale, blocks.mlp_scale, blocks.resid_mix, parallel_post_lambdas, parallel_resid_lambdas, skip_gates, skip_weights
Serialized model quantized+brotli: 15909203 bytes
Total submission size quantized+brotli: 15939508 bytes
diagnostic quantized val_loss:2.35491149 val_bpb:1.07603278 eval_time:10989ms
ttt_lora:warming up compile (random tokens, no val data)
ttt_lora:compile warmup done (104.6s)

beginning TTT eval timer
ttt_phased: total_docs:50000 prefix_docs:2000 suffix_docs:48000 num_phases:3 boundaries:[666, 1333, 2000]
ttp: b777/782 bl:2.3192 bb:1.0868 rl:2.3192 rb:1.0868 dl:8452-9229 gd:0
ttpp: phase:1/3 pd:1104 gd:666 t:207.1s
tttg: c1/111 lr:0.001000 t:0.5s
tttg: c2/111 lr:0.001000 t:0.6s
tttg: c3/111 lr:0.000999 t:0.7s
tttg: c4/111 lr:0.000998 t:0.8s
tttg: c5/111 lr:0.000997 t:0.8s
tttg: c6/111 lr:0.000995 t:0.9s
tttg: c7/111 lr:0.000993 t:1.0s
tttg: c8/111 lr:0.000990 t:1.1s
tttg: c9/111 lr:0.000987 t:1.2s
tttg: c10/111 lr:0.000984 t:1.2s
tttg: c11/111 lr:0.000980 t:1.3s
tttg: c12/111 lr:0.000976 t:1.4s
tttg: c13/111 lr:0.000971 t:1.5s
tttg: c14/111 lr:0.000966 t:1.5s
tttg: c15/111 lr:0.000961 t:1.6s
tttg: c16/111 lr:0.000955 t:1.7s
tttg: c17/111 lr:0.000949 t:1.8s
tttg: c18/111 lr:0.000942 t:1.8s
tttg: c19/111 lr:0.000935 t:1.9s
tttg: c20/111 lr:0.000928 t:2.0s
tttg: c21/111 lr:0.000921 t:2.1s
tttg: c22/111 lr:0.000913 t:2.1s
tttg: c23/111 lr:0.000905 t:3.3s
tttg: c24/111 lr:0.000896 t:3.3s
tttg: c25/111 lr:0.000887 t:3.4s
tttg: c26/111 lr:0.000878 t:3.5s
tttg: c27/111 lr:0.000868 t:3.6s
tttg: c28/111 lr:0.000859 t:3.6s
tttg: c29/111 lr:0.000848 t:3.7s
tttg: c30/111 lr:0.000838 t:3.8s
tttg: c31/111 lr:0.000827 t:3.9s
tttg: c32/111 lr:0.000817 t:3.9s
tttg: c33/111 lr:0.000805 t:4.0s
tttg: c34/111 lr:0.000794 t:4.1s
tttg: c35/111 lr:0.000782 t:4.2s
tttg: c36/111 lr:0.000770 t:4.2s
tttg: c37/111 lr:0.000758 t:4.3s
tttg: c38/111 lr:0.000746 t:4.4s
tttg: c39/111 lr:0.000733 t:4.5s
tttg: c40/111 lr:0.000721 t:4.6s
tttg: c41/111 lr:0.000708 t:4.6s
tttg: c42/111 lr:0.000695 t:4.7s
tttg: c43/111 lr:0.000681 t:4.8s
tttg: c44/111 lr:0.000668 t:4.9s
tttg: c45/111 lr:0.000655 t:4.9s
tttg: c46/111 lr:0.000641 t:5.0s
tttg: c47/111 lr:0.000627 t:5.1s
tttg: c48/111 lr:0.000613 t:5.2s
tttg: c49/111 lr:0.000599 t:5.2s
tttg: c50/111 lr:0.000585 t:5.3s
tttg: c51/111 lr:0.000571 t:5.4s
tttg: c52/111 lr:0.000557 t:5.5s
tttg: c53/111 lr:0.000543 t:5.5s
tttg: c54/111 lr:0.000529 t:5.6s
tttg: c55/111 lr:0.000514 t:5.7s
tttg: c56/111 lr:0.000500 t:5.8s
tttg: c57/111 lr:0.000486 t:5.8s
tttg: c58/111 lr:0.000471 t:5.9s
tttg: c59/111 lr:0.000457 t:6.0s
tttg: c60/111 lr:0.000443 t:6.1s
tttg: c61/111 lr:0.000429 t:6.2s
tttg: c62/111 lr:0.000415 t:6.2s
tttg: c63/111 lr:0.000401 t:6.3s
tttg: c64/111 lr:0.000387 t:6.4s
tttg: c65/111 lr:0.000373 t:6.5s
tttg: c66/111 lr:0.000359 t:6.5s
tttg: c67/111 lr:0.000345 t:6.6s
tttg: c68/111 lr:0.000332 t:6.7s
tttg: c69/111 lr:0.000319 t:6.8s
tttg: c70/111 lr:0.000305 t:6.8s
tttg: c71/111 lr:0.000292 t:6.9s
tttg: c72/111 lr:0.000279 t:7.0s
tttg: c73/111 lr:0.000267 t:7.1s
tttg: c74/111 lr:0.000254 t:7.2s
tttg: c75/111 lr:0.000242 t:7.2s
tttg: c76/111 lr:0.000230 t:7.3s
tttg: c77/111 lr:0.000218 t:7.4s
tttg: c78/111 lr:0.000206 t:7.5s
tttg: c79/111 lr:0.000195 t:7.5s
tttg: c80/111 lr:0.000183 t:7.6s
tttg: c81/111 lr:0.000173 t:7.7s
tttg: c82/111 lr:0.000162 t:7.8s
tttg: c83/111 lr:0.000152 t:7.8s
tttg: c84/111 lr:0.000141 t:7.9s
tttg: c85/111 lr:0.000132 t:8.0s
tttg: c86/111 lr:0.000122 t:8.1s
tttg: c87/111 lr:0.000113 t:8.1s
tttg: c88/111 lr:0.000104 t:8.2s
tttg: c89/111 lr:0.000095 t:8.3s
tttg: c90/111 lr:0.000087 t:8.4s
tttg: c91/111 lr:0.000079 t:8.5s
tttg: c92/111 lr:0.000072 t:8.5s
tttg: c93/111 lr:0.000065 t:8.6s
tttg: c94/111 lr:0.000058 t:8.7s
tttg: c95/111 lr:0.000051 t:8.8s
tttg: c96/111 lr:0.000045 t:8.8s
tttg: c97/111 lr:0.000039 t:8.9s
tttg: c98/111 lr:0.000034 t:9.0s
tttg: c99/111 lr:0.000029 t:9.1s
tttg: c100/111 lr:0.000024 t:9.1s
tttg: c101/111 lr:0.000020 t:9.2s
tttg: c102/111 lr:0.000016 t:9.3s
tttg: c103/111 lr:0.000013 t:9.4s
tttg: c104/111 lr:0.000010 t:9.4s
tttg: c105/111 lr:0.000007 t:9.5s
tttg: c106/111 lr:0.000005 t:9.6s
tttg: c107/111 lr:0.000003 t:9.7s
tttg: c108/111 lr:0.000002 t:9.8s
tttg: c109/111 lr:0.000001 t:9.8s
tttg: c110/111 lr:0.000000 t:9.9s
ttpr: phase:1/3 t:219.1s
ttp: b757/782 bl:2.2855 bb:1.0639 rl:2.3094 rb:1.0802 dl:3550-3633 gd:0
ttpp: phase:2/3 pd:1808 gd:1333 t:288.3s
tttg: c1/185 lr:0.001000 t:0.1s
tttg: c2/185 lr:0.001000 t:0.2s
tttg: c3/185 lr:0.001000 t:0.2s
tttg: c4/185 lr:0.000999 t:0.3s
tttg: c5/185 lr:0.000999 t:0.4s
tttg: c6/185 lr:0.000998 t:0.5s
tttg: c7/185 lr:0.000997 t:0.5s
tttg: c8/185 lr:0.000996 t:0.6s
tttg: c9/185 lr:0.000995 t:0.7s
tttg: c10/185 lr:0.000994 t:0.8s
tttg: c11/185 lr:0.000993 t:0.8s
tttg: c12/185 lr:0.000991 t:0.9s
tttg: c13/185 lr:0.000990 t:1.0s
tttg: c14/185 lr:0.000988 t:1.1s
tttg: c15/185 lr:0.000986 t:1.2s
tttg: c16/185 lr:0.000984 t:1.2s
tttg: c17/185 lr:0.000981 t:1.3s
tttg: c18/185 lr:0.000979 t:1.4s
tttg: c19/185 lr:0.000977 t:1.5s
tttg: c20/185 lr:0.000974 t:1.5s
tttg: c21/185 lr:0.000971 t:1.6s
tttg: c22/185 lr:0.000968 t:1.7s
tttg: c23/185 lr:0.000965 t:1.8s
tttg: c24/185 lr:0.000962 t:1.9s
tttg: c25/185 lr:0.000959 t:1.9s
tttg: c26/185 lr:0.000955 t:2.0s
tttg: c27/185 lr:0.000952 t:2.1s
tttg: c28/185 lr:0.000948 t:2.2s
tttg: c29/185 lr:0.000944 t:2.3s
tttg: c30/185 lr:0.000940 t:2.3s
tttg: c31/185 lr:0.000936 t:2.4s
tttg: c32/185 lr:0.000932 t:2.5s
tttg: c33/185 lr:0.000927 t:2.6s
tttg: c34/185 lr:0.000923 t:2.6s
tttg: c35/185 lr:0.000918 t:2.7s
tttg: c36/185 lr:0.000913 t:2.8s
tttg: c37/185 lr:0.000908 t:2.9s
tttg: c38/185 lr:0.000904 t:3.0s
tttg: c39/185 lr:0.000898 t:3.0s
tttg: c40/185 lr:0.000893 t:3.1s
tttg: c41/185 lr:0.000888 t:3.2s
tttg: c42/185 lr:0.000882 t:3.3s
tttg: c43/185 lr:0.000877 t:3.3s
tttg: c44/185 lr:0.000871 t:3.4s
tttg: c45/185 lr:0.000865 t:3.5s
tttg: c46/185 lr:0.000860 t:3.6s
tttg: c47/185 lr:0.000854 t:3.7s
tttg: c48/185 lr:0.000847 t:3.7s
tttg: c49/185 lr:0.000841 t:3.8s
tttg: c50/185 lr:0.000835 t:3.9s
tttg: c51/185 lr:0.000829 t:4.0s
tttg: c52/185 lr:0.000822 t:4.1s
tttg: c53/185 lr:0.000816 t:4.2s
tttg: c54/185 lr:0.000809 t:4.2s
tttg: c55/185 lr:0.000802 t:4.3s
tttg: c56/185 lr:0.000795 t:4.4s
tttg: c57/185 lr:0.000788 t:4.4s
tttg: c58/185 lr:0.000781 t:4.5s
tttg: c59/185 lr:0.000774 t:4.6s
tttg: c60/185 lr:0.000767 t:4.7s
tttg: c61/185 lr:0.000760 t:4.8s
tttg: c62/185 lr:0.000752 t:4.8s
tttg: c63/185 lr:0.000745 t:4.9s
tttg: c64/185 lr:0.000738 t:5.0s
tttg: c65/185 lr:0.000730 t:5.1s
tttg: c66/185 lr:0.000722 t:5.1s
tttg: c67/185 lr:0.000715 t:5.2s
tttg: c68/185 lr:0.000707 t:5.3s
tttg: c69/185 lr:0.000699 t:5.4s
tttg: c70/185 lr:0.000691 t:5.4s
tttg: c71/185 lr:0.000683 t:5.5s
tttg: c72/185 lr:0.000675 t:5.6s
tttg: c73/185 lr:0.000667 t:5.7s
tttg: c74/185 lr:0.000659 t:5.7s
tttg: c75/185 lr:0.000651 t:5.8s
tttg: c76/185 lr:0.000643 t:5.9s
tttg: c77/185 lr:0.000635 t:6.0s
tttg: c78/185 lr:0.000627 t:6.1s
tttg: c79/185 lr:0.000618 t:6.2s
tttg: c80/185 lr:0.000610 t:6.2s
tttg: c81/185 lr:0.000602 t:6.3s
tttg: c82/185 lr:0.000593 t:6.4s
tttg: c83/185 lr:0.000585 t:6.5s
tttg: c84/185 lr:0.000577 t:6.5s
tttg: c85/185 lr:0.000568 t:6.6s
tttg: c86/185 lr:0.000560 t:6.7s
tttg: c87/185 lr:0.000551 t:6.8s
tttg: c88/185 lr:0.000543 t:6.8s
tttg: c89/185 lr:0.000534 t:6.9s
tttg: c90/185 lr:0.000526 t:7.0s
tttg: c91/185 lr:0.000517 t:7.1s
tttg: c92/185 lr:0.000509 t:7.1s
tttg: c93/185 lr:0.000500 t:7.2s
tttg: c94/185 lr:0.000491 t:7.3s
tttg: c95/185 lr:0.000483 t:7.4s
tttg: c96/185 lr:0.000474 t:7.4s
tttg: c97/185 lr:0.000466 t:7.5s
tttg: c98/185 lr:0.000457 t:7.6s
tttg: c99/185 lr:0.000449 t:7.7s
tttg: c100/185 lr:0.000440 t:7.7s
tttg: c101/185 lr:0.000432 t:7.8s
tttg: c102/185 lr:0.000423 t:7.9s
tttg: c103/185 lr:0.000415 t:8.0s
tttg: c104/185 lr:0.000407 t:8.1s
tttg: c105/185 lr:0.000398 t:8.1s
tttg: c106/185 lr:0.000390 t:8.2s
tttg: c107/185 lr:0.000382 t:8.3s
tttg: c108/185 lr:0.000373 t:8.4s
tttg: c109/185 lr:0.000365 t:8.4s
tttg: c110/185 lr:0.000357 t:8.5s
tttg: c111/185 lr:0.000349 t:8.6s
tttg: c112/185 lr:0.000341 t:8.7s
tttg: c113/185 lr:0.000333 t:8.7s
tttg: c114/185 lr:0.000325 t:8.8s
tttg: c115/185 lr:0.000317 t:8.9s
tttg: c116/185 lr:0.000309 t:9.0s
tttg: c117/185 lr:0.000301 t:9.1s
tttg: c118/185 lr:0.000293 t:9.1s
tttg: c119/185 lr:0.000285 t:9.2s
tttg: c120/185 lr:0.000278 t:9.3s
tttg: c121/185 lr:0.000270 t:9.4s
tttg: c122/185 lr:0.000262 t:9.4s
tttg: c123/185 lr:0.000255 t:9.5s
tttg: c124/185 lr:0.000248 t:9.6s
tttg: c125/185 lr:0.000240 t:9.7s
tttg: c126/185 lr:0.000233 t:9.8s
tttg: c127/185 lr:0.000226 t:9.8s
tttg: c128/185 lr:0.000219 t:9.9s
tttg: c129/185 lr:0.000212 t:10.0s
tttg: c130/185 lr:0.000205 t:10.1s
tttg: c131/185 lr:0.000198 t:10.2s
tttg: c132/185 lr:0.000191 t:10.2s
tttg: c133/185 lr:0.000184 t:10.3s
tttg: c134/185 lr:0.000178 t:10.4s
tttg: c135/185 lr:0.000171 t:10.5s
tttg: c136/185 lr:0.000165 t:10.5s
tttg: c137/185 lr:0.000159 t:10.6s
tttg: c138/185 lr:0.000153 t:10.7s
tttg: c139/185 lr:0.000146 t:10.8s
tttg: c140/185 lr:0.000140 t:10.8s
tttg: c141/185 lr:0.000135 t:10.9s
tttg: c142/185 lr:0.000129 t:11.0s
tttg: c143/185 lr:0.000123 t:11.1s
tttg: c144/185 lr:0.000118 t:11.1s
tttg: c145/185 lr:0.000112 t:11.2s
tttg: c146/185 lr:0.000107 t:11.3s
tttg: c147/185 lr:0.000102 t:11.4s
tttg: c148/185 lr:0.000096 t:11.5s
tttg: c149/185 lr:0.000092 t:11.5s
tttg: c150/185 lr:0.000087 t:11.6s
tttg: c151/185 lr:0.000082 t:11.7s
tttg: c152/185 lr:0.000077 t:11.8s
tttg: c153/185 lr:0.000073 t:11.8s
tttg: c154/185 lr:0.000068 t:11.9s
tttg: c155/185 lr:0.000064 t:12.0s
tttg: c156/185 lr:0.000060 t:12.1s
tttg: c157/185 lr:0.000056 t:12.1s
tttg: c158/185 lr:0.000052 t:12.2s
tttg: c159/185 lr:0.000048 t:12.3s
tttg: c160/185 lr:0.000045 t:12.4s
tttg: c161/185 lr:0.000041 t:12.5s
tttg: c162/185 lr:0.000038 t:12.5s
tttg: c163/185 lr:0.000035 t:12.6s
tttg: c164/185 lr:0.000032 t:12.7s
tttg: c165/185 lr:0.000029 t:12.8s
tttg: c166/185 lr:0.000026 t:12.8s
tttg: c167/185 lr:0.000023 t:12.9s
tttg: c168/185 lr:0.000021 t:13.0s
tttg: c169/185 lr:0.000019 t:13.1s
tttg: c170/185 lr:0.000016 t:13.1s
tttg: c171/185 lr:0.000014 t:13.2s
tttg: c172/185 lr:0.000012 t:13.3s
tttg: c173/185 lr:0.000010 t:13.4s
tttg: c174/185 lr:0.000009 t:13.5s
tttg: c175/185 lr:0.000007 t:13.5s
tttg: c176/185 lr:0.000006 t:13.6s
tttg: c177/185 lr:0.000005 t:13.7s
tttg: c178/185 lr:0.000004 t:13.8s
tttg: c179/185 lr:0.000003 t:13.8s
tttg: c180/185 lr:0.000002 t:13.9s
tttg: c181/185 lr:0.000001 t:14.0s
tttg: c182/185 lr:0.000001 t:14.1s
tttg: c183/185 lr:0.000000 t:14.2s
tttg: c184/185 lr:0.000000 t:14.2s
ttpr: phase:2/3 t:304.7s
ttp: b747/782 bl:2.3057 bb:1.0538 rl:2.3087 rb:1.0750 dl:2944-2991 gd:0
ttp: b744/782 bl:2.4063 bb:1.0825 rl:2.3238 rb:1.0762 dl:2806-2842 gd:0
ttpp: phase:3/3 pd:2448 gd:2000 t:321.5s
tttg: c1/250 lr:0.001000 t:0.1s
tttg: c2/250 lr:0.001000 t:0.2s
tttg: c3/250 lr:0.001000 t:0.2s
tttg: c4/250 lr:0.001000 t:0.3s
tttg: c5/250 lr:0.000999 t:0.4s
tttg: c6/250 lr:0.000999 t:0.5s
tttg: c7/250 lr:0.000999 t:0.5s
tttg: c8/250 lr:0.000998 t:0.6s
tttg: c9/250 lr:0.000997 t:0.7s
tttg: c10/250 lr:0.000997 t:0.8s
tttg: c11/250 lr:0.000996 t:0.8s
tttg: c12/250 lr:0.000995 t:0.9s
tttg: c13/250 lr:0.000994 t:1.0s
tttg: c14/250 lr:0.000993 t:1.1s
tttg: c15/250 lr:0.000992 t:1.1s
tttg: c16/250 lr:0.000991 t:1.2s
tttg: c17/250 lr:0.000990 t:1.3s
tttg: c18/250 lr:0.000989 t:1.4s
tttg: c19/250 lr:0.000987 t:1.5s
tttg: c20/250 lr:0.000986 t:1.5s
tttg: c21/250 lr:0.000984 t:1.6s
tttg: c22/250 lr:0.000983 t:1.7s
tttg: c23/250 lr:0.000981 t:1.8s
tttg: c24/250 lr:0.000979 t:1.8s
tttg: c25/250 lr:0.000977 t:1.9s
tttg: c26/250 lr:0.000975 t:2.0s
tttg: c27/250 lr:0.000973 t:2.1s
tttg: c28/250 lr:0.000971 t:2.1s
tttg: c29/250 lr:0.000969 t:2.2s
tttg: c30/250 lr:0.000967 t:2.3s
tttg: c31/250 lr:0.000965 t:2.4s
tttg: c32/250 lr:0.000962 t:2.5s
tttg: c33/250 lr:0.000960 t:2.5s
tttg: c34/250 lr:0.000957 t:2.6s
tttg: c35/250 lr:0.000955 t:2.7s
tttg: c36/250 lr:0.000952 t:2.8s
tttg: c37/250 lr:0.000949 t:2.8s
tttg: c38/250 lr:0.000947 t:2.9s
tttg: c39/250 lr:0.000944 t:3.0s
tttg: c40/250 lr:0.000941 t:3.1s
tttg: c41/250 lr:0.000938 t:3.2s
tttg: c42/250 lr:0.000935 t:3.2s
tttg: c43/250 lr:0.000931 t:3.3s
tttg: c44/250 lr:0.000928 t:3.4s
tttg: c45/250 lr:0.000925 t:3.5s
tttg: c46/250 lr:0.000922 t:3.5s
tttg: c47/250 lr:0.000918 t:3.6s
tttg: c48/250 lr:0.000915 t:3.7s
tttg: c49/250 lr:0.000911 t:3.8s
tttg: c50/250 lr:0.000907 t:3.9s
tttg: c51/250 lr:0.000904 t:3.9s
tttg: c52/250 lr:0.000900 t:4.0s
tttg: c53/250 lr:0.000896 t:4.1s
tttg: c54/250 lr:0.000892 t:4.2s
tttg: c55/250 lr:0.000888 t:4.2s
tttg: c56/250 lr:0.000884 t:4.3s
tttg: c57/250 lr:0.000880 t:4.4s
tttg: c58/250 lr:0.000876 t:4.5s
tttg: c59/250 lr:0.000872 t:4.5s
tttg: c60/250 lr:0.000868 t:4.6s
tttg: c61/250 lr:0.000863 t:4.7s
tttg: c62/250 lr:0.000859 t:4.8s
tttg: c63/250 lr:0.000855 t:4.8s
tttg: c64/250 lr:0.000850 t:4.9s
tttg: c65/250 lr:0.000846 t:5.0s
tttg: c66/250 lr:0.000841 t:5.1s
tttg: c67/250 lr:0.000836 t:5.2s
tttg: c68/250 lr:0.000832 t:5.2s
tttg: c69/250 lr:0.000827 t:5.3s
tttg: c70/250 lr:0.000822 t:5.4s
tttg: c71/250 lr:0.000817 t:5.5s
tttg: c72/250 lr:0.000812 t:5.5s
tttg: c73/250 lr:0.000807 t:5.6s
tttg: c74/250 lr:0.000803 t:5.7s
tttg: c75/250 lr:0.000797 t:5.8s
tttg: c76/250 lr:0.000792 t:5.9s
tttg: c77/250 lr:0.000787 t:5.9s
tttg: c78/250 lr:0.000782 t:6.0s
tttg: c79/250 lr:0.000777 t:6.1s
tttg: c80/250 lr:0.000772 t:6.2s
tttg: c81/250 lr:0.000766 t:6.3s
tttg: c82/250 lr:0.000761 t:6.3s
tttg: c83/250 lr:0.000755 t:6.4s
tttg: c84/250 lr:0.000750 t:6.5s
tttg: c85/250 lr:0.000745 t:6.6s
tttg: c86/250 lr:0.000739 t:6.6s
tttg: c87/250 lr:0.000733 t:6.7s
tttg: c88/250 lr:0.000728 t:6.8s
tttg: c89/250 lr:0.000722 t:6.9s
tttg: c90/250 lr:0.000717 t:6.9s
tttg: c91/250 lr:0.000711 t:7.0s
tttg: c92/250 lr:0.000705 t:7.1s
tttg: c93/250 lr:0.000699 t:7.2s
tttg: c94/250 lr:0.000694 t:7.3s
tttg: c95/250 lr:0.000688 t:7.3s
tttg: c96/250 lr:0.000682 t:7.4s
tttg: c97/250 lr:0.000676 t:7.5s
tttg: c98/250 lr:0.000670 t:7.6s
tttg: c99/250 lr:0.000664 t:7.6s
tttg: c100/250 lr:0.000658 t:7.7s
tttg: c101/250 lr:0.000652 t:7.8s
tttg: c102/250 lr:0.000646 t:7.9s
tttg: c103/250 lr:0.000640 t:8.0s
tttg: c104/250 lr:0.000634 t:8.0s
tttg: c105/250 lr:0.000628 t:8.1s
tttg: c106/250 lr:0.000622 t:8.2s
tttg: c107/250 lr:0.000616 t:8.3s
tttg: c108/250 lr:0.000610 t:8.4s
tttg: c109/250 lr:0.000603 t:8.4s
tttg: c110/250 lr:0.000597 t:8.5s
tttg: c111/250 lr:0.000591 t:8.6s
tttg: c112/250 lr:0.000585 t:8.7s
tttg: c113/250 lr:0.000579 t:8.7s
tttg: c114/250 lr:0.000572 t:8.8s
tttg: c115/250 lr:0.000566 t:8.9s
tttg: c116/250 lr:0.000560 t:9.0s
tttg: c117/250 lr:0.000554 t:9.1s
tttg: c118/250 lr:0.000547 t:9.1s
tttg: c119/250 lr:0.000541 t:9.2s
tttg: c120/250 lr:0.000535 t:9.3s
tttg: c121/250 lr:0.000528 t:9.4s
tttg: c122/250 lr:0.000522 t:9.4s
tttg: c123/250 lr:0.000516 t:9.5s
tttg: c124/250 lr:0.000509 t:9.6s
tttg: c125/250 lr:0.000503 t:9.7s
tttg: c126/250 lr:0.000497 t:9.7s
tttg: c127/250 lr:0.000491 t:9.8s
tttg: c128/250 lr:0.000484 t:9.9s
tttg: c129/250 lr:0.000478 t:10.0s
tttg: c130/250 lr:0.000472 t:10.1s
tttg: c131/250 lr:0.000465 t:10.1s
tttg: c132/250 lr:0.000459 t:10.2s
tttg: c133/250 lr:0.000453 t:10.3s
tttg: c134/250 lr:0.000446 t:10.4s
tttg: c135/250 lr:0.000440 t:10.4s
tttg: c136/250 lr:0.000434 t:10.5s
tttg: c137/250 lr:0.000428 t:10.6s
tttg: c138/250 lr:0.000421 t:10.7s
tttg: c139/250 lr:0.000415 t:10.7s
tttg: c140/250 lr:0.000409 t:10.8s
tttg: c141/250 lr:0.000403 t:10.9s
tttg: c142/250 lr:0.000397 t:11.0s
tttg: c143/250 lr:0.000390 t:11.0s
tttg: c144/250 lr:0.000384 t:11.1s
tttg: c145/250 lr:0.000378 t:11.2s
tttg: c146/250 lr:0.000372 t:11.3s
tttg: c147/250 lr:0.000366 t:11.3s
tttg: c148/250 lr:0.000360 t:11.4s
tttg: c149/250 lr:0.000354 t:11.5s
tttg: c150/250 lr:0.000348 t:11.6s
tttg: c151/250 lr:0.000342 t:11.6s
tttg: c152/250 lr:0.000336 t:11.7s
tttg: c153/250 lr:0.000330 t:11.8s
tttg: c154/250 lr:0.000324 t:11.9s
tttg: c155/250 lr:0.000318 t:12.0s
tttg: c156/250 lr:0.000312 t:12.0s
tttg: c157/250 lr:0.000306 t:12.1s
tttg: c158/250 lr:0.000301 t:12.2s
tttg: c159/250 lr:0.000295 t:12.3s
tttg: c160/250 lr:0.000289 t:12.3s
tttg: c161/250 lr:0.000283 t:12.4s
tttg: c162/250 lr:0.000278 t:12.5s
tttg: c163/250 lr:0.000272 t:12.6s
tttg: c164/250 lr:0.000267 t:12.6s
tttg: c165/250 lr:0.000261 t:12.7s
tttg: c166/250 lr:0.000255 t:12.8s
tttg: c167/250 lr:0.000250 t:12.9s
tttg: c168/250 lr:0.000245 t:12.9s
tttg: c169/250 lr:0.000239 t:13.0s
tttg: c170/250 lr:0.000234 t:13.1s
tttg: c171/250 lr:0.000228 t:13.2s
tttg: c172/250 lr:0.000223 t:13.3s
tttg: c173/250 lr:0.000218 t:13.3s
tttg: c174/250 lr:0.000213 t:13.4s
tttg: c175/250 lr:0.000208 t:13.5s
tttg: c176/250 lr:0.000203 t:13.6s
tttg: c177/250 lr:0.000197 t:13.6s
tttg: c178/250 lr:0.000193 t:13.7s
tttg: c179/250 lr:0.000188 t:13.8s
tttg: c180/250 lr:0.000183 t:13.9s
tttg: c181/250 lr:0.000178 t:13.9s
tttg: c182/250 lr:0.000173 t:14.0s
tttg: c183/250 lr:0.000168 t:14.1s
tttg: c184/250 lr:0.000164 t:14.2s
tttg: c185/250 lr:0.000159 t:14.2s
tttg: c186/250 lr:0.000154 t:14.3s
tttg: c187/250 lr:0.000150 t:14.4s
tttg: c188/250 lr:0.000145 t:14.5s
tttg: c189/250 lr:0.000141 t:14.6s
tttg: c190/250 lr:0.000137 t:14.6s
tttg: c191/250 lr:0.000132 t:14.7s
tttg: c192/250 lr:0.000128 t:14.8s
tttg: c193/250 lr:0.000124 t:14.9s
tttg: c194/250 lr:0.000120 t:15.0s
tttg: c195/250 lr:0.000116 t:15.0s
tttg: c196/250 lr:0.000112 t:15.1s
tttg: c197/250 lr:0.000108 t:15.2s
tttg: c198/250 lr:0.000104 t:15.3s
tttg: c199/250 lr:0.000100 t:15.3s
tttg: c200/250 lr:0.000096 t:15.4s
tttg: c201/250 lr:0.000093 t:15.5s
tttg: c202/250 lr:0.000089 t:15.6s
tttg: c203/250 lr:0.000085 t:15.6s
tttg: c204/250 lr:0.000082 t:15.7s
tttg: c205/250 lr:0.000078 t:15.8s
tttg: c206/250 lr:0.000075 t:15.9s
tttg: c207/250 lr:0.000072 t:16.0s
tttg: c208/250 lr:0.000069 t:16.0s
tttg: c209/250 lr:0.000065 t:16.1s
tttg: c210/250 lr:0.000062 t:16.2s
tttg: c211/250 lr:0.000059 t:16.3s
tttg: c212/250 lr:0.000056 t:16.3s
tttg: c213/250 lr:0.000053 t:16.4s
tttg: c214/250 lr:0.000051 t:16.5s
tttg: c215/250 lr:0.000048 t:16.6s
tttg: c216/250 lr:0.000045 t:16.6s
tttg: c217/250 lr:0.000043 t:16.7s
tttg: c218/250 lr:0.000040 t:16.8s
tttg: c219/250 lr:0.000038 t:16.9s
tttg: c220/250 lr:0.000035 t:16.9s
tttg: c221/250 lr:0.000033 t:17.0s
tttg: c222/250 lr:0.000031 t:17.1s
tttg: c223/250 lr:0.000029 t:17.2s
tttg: c224/250 lr:0.000027 t:17.2s
tttg: c225/250 lr:0.000025 t:17.3s
tttg: c226/250 lr:0.000023 t:17.4s
tttg: c227/250 lr:0.000021 t:17.5s
tttg: c228/250 lr:0.000019 t:17.6s
tttg: c229/250 lr:0.000017 t:17.6s
tttg: c230/250 lr:0.000016 t:17.7s
tttg: c231/250 lr:0.000014 t:17.8s
tttg: c232/250 lr:0.000013 t:17.9s
tttg: c233/250 lr:0.000011 t:17.9s
tttg: c234/250 lr:0.000010 t:18.0s
tttg: c235/250 lr:0.000009 t:18.1s
tttg: c236/250 lr:0.000008 t:18.2s
tttg: c237/250 lr:0.000007 t:18.3s
tttg: c238/250 lr:0.000006 t:18.3s
tttg: c239/250 lr:0.000005 t:18.4s
tttg: c240/250 lr:0.000004 t:18.5s
tttg: c241/250 lr:0.000003 t:18.6s
tttg: c242/250 lr:0.000003 t:18.6s
tttg: c243/250 lr:0.000002 t:18.7s
tttg: c244/250 lr:0.000001 t:18.8s
tttg: c245/250 lr:0.000001 t:18.9s
tttg: c246/250 lr:0.000001 t:18.9s
tttg: c247/250 lr:0.000000 t:19.0s
tttg: c248/250 lr:0.000000 t:19.1s
tttg: c249/250 lr:0.000000 t:19.2s
ttpr: phase:3/3 t:342.8s
ttp: b740/782 bl:2.2660 bb:1.0402 rl:2.3164 rb:1.0716 dl:2653-2686 gd:1
ttp: b732/782 bl:2.3765 bb:1.0944 rl:2.3227 rb:1.0739 dl:2416-2441 gd:1
ttp: b725/782 bl:2.3255 bb:1.0461 rl:2.3229 rb:1.0714 dl:2232-2254 gd:1
ttp: b715/782 bl:2.3625 bb:1.0299 rl:2.3259 rb:1.0682 dl:2036-2053 gd:1
ttp: b709/782 bl:2.4495 bb:1.0957 rl:2.3340 rb:1.0701 dl:1937-1952 gd:1
ttp: b700/782 bl:2.3053 bb:1.0294 rl:2.3323 rb:1.0676 dl:1824-1834 gd:1
ttp: b688/782 bl:2.4105 bb:1.0791 rl:2.3363 rb:1.0682 dl:1696-1706 gd:1
ttp: b686/782 bl:2.4489 bb:1.0781 rl:2.3418 rb:1.0687 dl:1675-1685 gd:1
ttp: b674/782 bl:2.4108 bb:1.0919 rl:2.3448 rb:1.0697 dl:1571-1578 gd:1
ttp: b670/782 bl:2.3520 bb:1.0702 rl:2.3451 rb:1.0698 dl:1537-1544 gd:1
ttp: b656/782 bl:2.3313 bb:1.1122 rl:2.3446 rb:1.0712 dl:1439-1445 gd:1
ttp: b649/782 bl:2.2920 bb:1.0190 rl:2.3428 rb:1.0694 dl:1392-1398 gd:1
ttp: b640/782 bl:2.3166 bb:1.0553 rl:2.3419 rb:1.0690 dl:1337-1343 gd:1
ttp: b639/782 bl:2.3181 bb:1.0352 rl:2.3412 rb:1.0679 dl:1331-1337 gd:1
ttp: b630/782 bl:2.3291 bb:1.0420 rl:2.3409 rb:1.0671 dl:1280-1285 gd:1
ttp: b622/782 bl:2.2715 bb:1.0376 rl:2.3390 rb:1.0663 dl:1237-1243 gd:1
ttp: b614/782 bl:2.3220 bb:1.0550 rl:2.3385 rb:1.0661 dl:1195-1200 gd:1
ttp: b607/782 bl:2.3579 bb:1.0548 rl:2.3390 rb:1.0658 dl:1164-1168 gd:1
ttp: b598/782 bl:2.3634 bb:1.0690 rl:2.3396 rb:1.0658 dl:1124-1129 gd:1
ttp: b589/782 bl:2.2832 bb:1.0140 rl:2.3384 rb:1.0647 dl:1086-1089 gd:1
ttp: b581/782 bl:2.3270 bb:1.0384 rl:2.3381 rb:1.0642 dl:1052-1056 gd:1
ttp: b575/782 bl:2.2937 bb:1.0438 rl:2.3373 rb:1.0638 dl:1029-1033 gd:1
ttp: b567/782 bl:2.2690 bb:1.0186 rl:2.3360 rb:1.0629 dl:1001-1004 gd:1
ttp: b559/782 bl:2.2977 bb:1.0406 rl:2.3353 rb:1.0625 dl:972-975 gd:1
ttp: b549/782 bl:2.2640 bb:1.0236 rl:2.3341 rb:1.0618 dl:939-943 gd:1
ttp: b541/782 bl:2.3350 bb:1.0361 rl:2.3341 rb:1.0614 dl:915-918 gd:1
ttp: b529/782 bl:2.3120 bb:1.0157 rl:2.3338 rb:1.0607 dl:878-882 gd:1
ttp: b522/782 bl:2.3129 bb:1.0373 rl:2.3334 rb:1.0603 dl:858-860 gd:1
ttp: b518/782 bl:2.2436 bb:1.0099 rl:2.3322 rb:1.0596 dl:846-850 gd:1
ttp: b510/782 bl:2.3872 bb:1.0754 rl:2.3329 rb:1.0598 dl:823-826 gd:1
ttp: b498/782 bl:2.3599 bb:1.0546 rl:2.3333 rb:1.0597 dl:791-794 gd:1
ttp: b494/782 bl:2.3290 bb:1.0615 rl:2.3332 rb:1.0598 dl:780-783 gd:1
ttp: b485/782 bl:2.2983 bb:1.0353 rl:2.3328 rb:1.0595 dl:759-761 gd:1
ttp: b477/782 bl:2.4115 bb:1.0385 rl:2.3337 rb:1.0592 dl:740-742 gd:1
ttp: b469/782 bl:2.3303 bb:1.0248 rl:2.3337 rb:1.0588 dl:721-724 gd:1
ttp: b456/782 bl:2.3591 bb:1.0450 rl:2.3339 rb:1.0587 dl:693-695 gd:1
ttp: b448/782 bl:2.3145 bb:1.0090 rl:2.3337 rb:1.0581 dl:677-678 gd:1
ttp: b440/782 bl:2.2444 bb:0.9880 rl:2.3328 rb:1.0574 dl:659-662 gd:1
ttp: b434/782 bl:2.3711 bb:1.0527 rl:2.3332 rb:1.0573 dl:647-648 gd:1
ttp: b427/782 bl:2.2599 bb:1.0639 rl:2.3325 rb:1.0574 dl:634-636 gd:1
ttp: b420/782 bl:2.3645 bb:1.0555 rl:2.3328 rb:1.0574 dl:620-622 gd:1
ttp: b414/782 bl:2.2108 bb:1.0122 rl:2.3317 rb:1.0570 dl:609-611 gd:1
ttp: b406/782 bl:2.3170 bb:1.0670 rl:2.3316 rb:1.0571 dl:593-595 gd:1
ttp: b398/782 bl:2.2561 bb:1.0075 rl:2.3310 rb:1.0566 dl:579-581 gd:1
ttp: b387/782 bl:2.3675 bb:1.0859 rl:2.3313 rb:1.0569 dl:559-561 gd:1
ttp: b380/782 bl:2.3731 bb:1.0943 rl:2.3316 rb:1.0572 dl:547-549 gd:1
ttp: b372/782 bl:2.3397 bb:1.0509 rl:2.3316 rb:1.0571 dl:533-535 gd:1
ttp: b363/782 bl:2.3902 bb:1.0699 rl:2.3321 rb:1.0572 dl:518-521 gd:1
ttp: b356/782 bl:2.3488 bb:1.0577 rl:2.3322 rb:1.0572 dl:506-508 gd:1
ttp: b348/782 bl:2.3747 bb:1.0651 rl:2.3325 rb:1.0573 dl:494-495 gd:1
ttp: b341/782 bl:2.3053 bb:1.0798 rl:2.3323 rb:1.0574 dl:483-485 gd:1
ttp: b330/782 bl:2.2505 bb:1.0724 rl:2.3318 rb:1.0575 dl:466-468 gd:1
ttp: b322/782 bl:2.3723 bb:1.0588 rl:2.3320 rb:1.0575 dl:455-457 gd:1
ttp: b314/782 bl:2.2519 bb:1.0621 rl:2.3316 rb:1.0575 dl:442-444 gd:1
ttp: b306/782 bl:2.3950 bb:1.0647 rl:2.3319 rb:1.0576 dl:430-432 gd:1
ttp: b302/782 bl:2.3039 bb:1.0596 rl:2.3318 rb:1.0576 dl:424-426 gd:1
ttp: b294/782 bl:2.3165 bb:1.0821 rl:2.3317 rb:1.0577 dl:412-414 gd:1
ttp: b286/782 bl:2.3850 bb:1.1125 rl:2.3320 rb:1.0580 dl:400-402 gd:1
ttp: b278/782 bl:2.2708 bb:1.0637 rl:2.3316 rb:1.0580 dl:389-391 gd:1
ttp: b270/782 bl:2.3227 bb:1.0627 rl:2.3316 rb:1.0581 dl:379-380 gd:1
ttp: b262/782 bl:2.4462 bb:1.1443 rl:2.3322 rb:1.0585 dl:369-370 gd:1
ttp: b254/782 bl:2.3599 bb:1.1187 rl:2.3323 rb:1.0587 dl:358-360 gd:1
ttp: b247/782 bl:2.3518 bb:1.0947 rl:2.3324 rb:1.0589 dl:350-351 gd:1
ttp: b239/782 bl:2.3828 bb:1.1064 rl:2.3326 rb:1.0591 dl:340-341 gd:1
ttp: b229/782 bl:2.3746 bb:1.0702 rl:2.3328 rb:1.0591 dl:328-329 gd:1
ttp: b220/782 bl:2.4200 bb:1.1450 rl:2.3331 rb:1.0595 dl:317-318 gd:1
ttp: b213/782 bl:2.2767 bb:1.0816 rl:2.3329 rb:1.0595 dl:309-310 gd:1
ttp: b205/782 bl:2.3270 bb:1.1141 rl:2.3329 rb:1.0597 dl:301-302 gd:1
ttp: b197/782 bl:2.3702 bb:1.1204 rl:2.3330 rb:1.0600 dl:292-294 gd:1
ttp: b186/782 bl:2.4198 bb:1.1310 rl:2.3333 rb:1.0602 dl:280-281 gd:1
ttp: b178/782 bl:2.3465 bb:1.0977 rl:2.3334 rb:1.0603 dl:272-273 gd:1
ttp: b170/782 bl:2.3848 bb:1.1308 rl:2.3335 rb:1.0605 dl:264-265 gd:1
ttp: b162/782 bl:2.4071 bb:1.1207 rl:2.3338 rb:1.0607 dl:256-257 gd:1
ttp: b154/782 bl:2.4699 bb:1.2046 rl:2.3342 rb:1.0611 dl:249-250 gd:1
ttp: b146/782 bl:2.4561 bb:1.1735 rl:2.3345 rb:1.0615 dl:241-242 gd:1
ttp: b137/782 bl:2.4144 bb:1.1535 rl:2.3348 rb:1.0617 dl:233-233 gd:1
ttp: b131/782 bl:2.4009 bb:1.1592 rl:2.3349 rb:1.0620 dl:227-228 gd:1
ttp: b123/782 bl:2.3974 bb:1.1657 rl:2.3351 rb:1.0622 dl:219-220 gd:1
ttp: b116/782 bl:2.4901 bb:1.1306 rl:2.3355 rb:1.0624 dl:213-214 gd:1
ttp: b108/782 bl:2.4050 bb:1.1594 rl:2.3357 rb:1.0626 dl:206-207 gd:1
ttp: b99/782 bl:2.5021 bb:1.1784 rl:2.3361 rb:1.0629 dl:198-199 gd:1
ttp: b91/782 bl:2.4614 bb:1.1537 rl:2.3364 rb:1.0631 dl:190-191 gd:1
ttp: b85/782 bl:2.5043 bb:1.1993 rl:2.3367 rb:1.0634 dl:185-186 gd:1
ttp: b76/782 bl:2.4982 bb:1.1733 rl:2.3371 rb:1.0636 dl:177-178 gd:1
ttp: b68/782 bl:2.5190 bb:1.1756 rl:2.3375 rb:1.0638 dl:170-171 gd:1
ttp: b60/782 bl:2.4769 bb:1.1905 rl:2.3377 rb:1.0641 dl:163-164 gd:1
ttp: b52/782 bl:2.6811 bb:1.2515 rl:2.3384 rb:1.0644 dl:155-156 gd:1
ttp: b44/782 bl:2.5545 bb:1.1920 rl:2.3387 rb:1.0646 dl:147-148 gd:1
ttp: b35/782 bl:2.6329 bb:1.2772 rl:2.3392 rb:1.0649 dl:138-139 gd:1
ttp: b27/782 bl:2.5949 bb:1.2267 rl:2.3396 rb:1.0652 dl:130-131 gd:1
ttp: b19/782 bl:2.6430 bb:1.2136 rl:2.3401 rb:1.0654 dl:121-122 gd:1
ttp: b11/782 bl:2.6382 bb:1.2199 rl:2.3404 rb:1.0656 dl:109-110 gd:1
ttp: b3/782 bl:2.6590 bb:1.1846 rl:2.3408 rb:1.0657 dl:89-93 gd:1
quantized_ttt_phased val_loss:2.32739812 val_bpb:1.06353012 eval_time:440857ms
total_eval_time:440.9s
