W0423 07:59:26.221000 1532 torch/distributed/run.py:803] 
W0423 07:59:26.221000 1532 torch/distributed/run.py:803] *****************************************
W0423 07:59:26.221000 1532 torch/distributed/run.py:803] Setting OMP_NUM_THREADS environment variable for each process to be 1 in default, to avoid your system being overloaded, please further tune the variable for optimal performance in your application as needed. 
W0423 07:59:26.221000 1532 torch/distributed/run.py:803] *****************************************
Hyperparameters:
  adam_eps: 1e-08
  adam_wd: 0.02
  artifact_dir: /workspace/draft7_runs/seed_42
  attn_clip_sigmas: 13.0
  attn_out_gate_enabled: False
  attn_out_gate_src: proj
  beta1: 0.9
  beta2: 0.95
  caseops_enabled: True
  compressor: brotli
  data_dir: /workspace/src/parameter-golf/data
  datasets_dir: /workspace/src/parameter-golf/data/datasets/fineweb10B_sp8192_caseops/datasets/datasets/fineweb10B_sp8192_lossless_caps_caseops_v1_reserved
  distributed: True
  ema_decay: 0.9965
  embed_bits: 7
  embed_clip_sigmas: 15.0
  embed_lr: 0.6
  embed_wd: 0.085
  enable_looping_at: 0.35
  eval_seq_len: 2048
  eval_stride: 64
  fused_ce_enabled: True
  gate_window: 12
  gated_attn_enabled: False
  gated_attn_init_std: 0.01
  gated_attn_quant_gate: True
  global_ttt_batch_seqs: 32
  global_ttt_chunk_tokens: 32768
  global_ttt_epochs: 1
  global_ttt_grad_clip: 1.0
  global_ttt_lr: 0.001
  global_ttt_momentum: 0.9
  global_ttt_respect_doc_boundaries: True
  global_ttt_warmup_chunks: 0
  global_ttt_warmup_start_lr: 0.0
  gptq_calibration_batches: 16
  gptq_reserve_seconds: 0.5
  grad_accum_steps: 1
  grad_clip_norm: 0.3
  is_main_process: True
  iterations: 20000
  ln_scale: True
  local_rank: 0
  logfile: /workspace/draft7_runs/seed_42/7ef0fad1-a50d-402e-b7a1-5b405305f139.txt
  logit_softcap: 30.0
  loop_end: 5
  loop_start: 3
  matrix_bits: 6
  matrix_clip_sigmas: 12.85
  matrix_lr: 0.026
  max_wallclock_seconds: 600.0
  min_lr: 0.1
  mlp_clip_sigmas: 12.0
  mlp_mult: 4.0
  model_dim: 512
  model_path: /workspace/draft7_runs/seed_42/final_model.pt
  muon_backend_steps: 5
  muon_momentum: 0.97
  muon_momentum_warmup_start: 0.92
  muon_momentum_warmup_steps: 1500
  muon_row_normalize: True
  muon_wd: 0.095
  num_heads: 8
  num_kv_heads: 4
  num_layers: 11
  num_loops: 2
  parallel_final_lane: mean
  parallel_start_layer: 8
  phased_ttt_num_phases: 3
  phased_ttt_prefix_docs: 2000
  qk_gain_init: 5.0
  quantized_model_path: /workspace/draft7_runs/seed_42/final_model.int6.ptz
  rank: 0
  rope_base: 10000.0
  rope_dims: 16
  rope_train_seq_len: 2048
  rope_yarn: False
  run_id: 7ef0fad1-a50d-402e-b7a1-5b405305f139
  scalar_lr: 0.02
  seed: 42
  skip_gates_enabled: True
  smear_gate_enabled: False
  sparse_attn_gate_enabled: True
  sparse_attn_gate_init_std: 0.0
  sparse_attn_gate_scale: 1.0
  tie_embeddings: True
  tied_embed_init_std: 0.005
  tied_embed_lr: 0.03
  tokenizer_path: /workspace/src/parameter-golf/data/datasets/fineweb10B_sp8192_caseops/datasets/tokenizers/fineweb_8192_bpe_lossless_caps_caseops_v1_reserved.model
  train_batch_tokens: 786432
  train_files: /workspace/src/parameter-golf/data/datasets/fineweb10B_sp8192_caseops/datasets/datasets/fineweb10B_sp8192_lossless_caps_caseops_v1_reserved/fineweb_train_*.bin
  train_log_every: 500
  train_seq_len: 2048
  ttt_batch_size: 64
  ttt_beta1: 0.0
  ttt_beta2: 0.999
  ttt_chunk_size: 48
  ttt_enabled: True
  ttt_eval_batches: 
  ttt_eval_seq_len: 2048
  ttt_grad_steps: 1
  ttt_k_lora: True
  ttt_lora_lr: 0.0001
  ttt_lora_rank: 96
  ttt_mlp_lora: True
  ttt_o_lora: True
  ttt_optimizer: adam
  ttt_weight_decay: 0.5
  val_batch_tokens: 524288
  val_bytes_files: /workspace/src/parameter-golf/data/datasets/fineweb10B_sp8192_caseops/datasets/datasets/fineweb10B_sp8192_lossless_caps_caseops_v1_reserved/fineweb_val_bytes_*.bin
  val_doc_fraction: 1.0
  val_files: /workspace/src/parameter-golf/data/datasets/fineweb10B_sp8192_caseops/datasets/datasets/fineweb10B_sp8192_lossless_caps_caseops_v1_reserved/fineweb_val_*.bin
  val_loss_every: 0
  vocab_size: 8192
  warmdown_frac: 0.75
  warmup_steps: 20
  world_size: 8
  xsa_last_n: 11
train_shards: 80
val_tokens: 47851520
model_params:35945658
gptq:reserving 0s, effective=599500ms
warmup_cu_buckets:64,128,192,256 iters_each:3
warmup_step: 1/20
warmup_step: 2/20
warmup_step: 3/20
warmup_step: 4/20
warmup_step: 5/20
warmup_step: 6/20
warmup_step: 10/20
warmup_step: 20/20
loop_warmup:enabled encoder:[0, 1, 2, 3, 4, 5, 3, 4] decoder:[5, 3, 4, 5, 6, 7, 8, 9, 10]
loop_warmup_step: 1/20
loop_warmup_step: 2/20
loop_warmup_step: 3/20
loop_warmup_step: 4/20
loop_warmup_step: 5/20
loop_warmup_step: 6/20
loop_warmup_step: 10/20
loop_warmup_step: 20/20
1/20000 train_loss: 9.0168 train_time: 0.0m tok/s: 12481165
2/20000 train_loss: 12.8575 train_time: 0.0m tok/s: 10070289
3/20000 train_loss: 10.2232 train_time: 0.0m tok/s: 9564483
4/20000 train_loss: 8.7344 train_time: 0.0m tok/s: 9306545
5/20000 train_loss: 7.9988 train_time: 0.0m tok/s: 9142478
500/20000 train_loss: 2.5739 train_time: 0.8m tok/s: 8282999
1000/20000 train_loss: 2.8122 train_time: 1.6m tok/s: 8222938
1500/20000 train_loss: 2.6392 train_time: 2.4m tok/s: 8207158
2000/20000 train_loss: 2.6718 train_time: 3.2m tok/s: 8203627
layer_loop:enabled step:2188 frac:0.350 encoder:[0, 1, 2, 3, 4, 5, 3, 4] decoder:[5, 3, 4, 5, 6, 7, 8, 9, 10]
2500/20000 train_loss: 2.5581 train_time: 4.2m tok/s: 7747295
3000/20000 train_loss: 2.5722 train_time: 5.4m tok/s: 7281479
3500/20000 train_loss: 2.5753 train_time: 6.6m tok/s: 6981193
4000/20000 train_loss: 2.4195 train_time: 7.7m tok/s: 6771199
4500/20000 train_loss: 2.2951 train_time: 8.9m tok/s: 6618594
4961/20000 val_loss: 2.3593 val_bpb: 1.0780
stopping_early: wallclock_cap train_time: 599462ms step: 4961/20000
peak memory allocated: 41621 MiB reserved: 46992 MiB
ema:applying EMA weights
diagnostic pre-quantization post-ema val_loss:2.33653880 val_bpb:1.06763772 eval_time:7457ms
Serialized model: 135416891 bytes
Code size (uncompressed): 146673 bytes
Code size (compressed): 30305 bytes
GPTQ:collecting Hessians from calibration data...
GPTQ:collected 67 Hessians in 3.5s
Quantized weights:
  gate_int8_row: blocks.attn.attn_gate_w
  gptq (int6): blocks.attn.c_k.weight, blocks.attn.c_q.weight, blocks.attn.c_v.weight, blocks.attn.proj.weight, blocks.mlp.fc.weight, blocks.mlp.proj.weight
  gptq (int7): tok_emb.weight
  passthrough (float16): blocks.attn.q_gain, blocks.attn_scale, blocks.mlp_scale, blocks.resid_mix, parallel_post_lambdas, parallel_resid_lambdas, skip_gates, skip_weights
Serialized model quantized+brotli: 15910075 bytes
Total submission size quantized+brotli: 15940380 bytes
diagnostic quantized val_loss:2.35700633 val_bpb:1.07698998 eval_time:64375ms
ttt_lora:warming up compile (random tokens, no val data)
ttt_lora:compile warmup done (161.9s)

beginning TTT eval timer
ttt_phased: total_docs:50000 prefix_docs:2000 suffix_docs:48000 num_phases:3 boundaries:[666, 1333, 2000]
ttp: b781/782 bl:2.1594 bb:1.0565 rl:2.1594 rb:1.0565 dl:17258-30330 gd:0
ttpp: phase:1/3 pd:1104 gd:666 t:227.1s
tttg: c1/111 lr:0.001000 t:2.5s
tttg: c2/111 lr:0.001000 t:2.6s
tttg: c3/111 lr:0.000999 t:2.6s
tttg: c4/111 lr:0.000998 t:2.7s
tttg: c5/111 lr:0.000997 t:2.8s
tttg: c6/111 lr:0.000995 t:2.9s
tttg: c7/111 lr:0.000993 t:2.9s
tttg: c8/111 lr:0.000990 t:3.0s
tttg: c9/111 lr:0.000987 t:3.1s
tttg: c10/111 lr:0.000984 t:3.2s
tttg: c11/111 lr:0.000980 t:3.3s
tttg: c12/111 lr:0.000976 t:3.3s
tttg: c13/111 lr:0.000971 t:3.4s
tttg: c14/111 lr:0.000966 t:3.5s
tttg: c15/111 lr:0.000961 t:3.6s
tttg: c16/111 lr:0.000955 t:3.6s
tttg: c17/111 lr:0.000949 t:3.7s
tttg: c18/111 lr:0.000942 t:3.8s
tttg: c19/111 lr:0.000935 t:3.9s
tttg: c20/111 lr:0.000928 t:4.0s
tttg: c21/111 lr:0.000921 t:4.0s
tttg: c22/111 lr:0.000913 t:4.1s
tttg: c23/111 lr:0.000905 t:4.2s
tttg: c24/111 lr:0.000896 t:4.3s
tttg: c25/111 lr:0.000887 t:4.4s
tttg: c26/111 lr:0.000878 t:4.5s
tttg: c27/111 lr:0.000868 t:4.5s
tttg: c28/111 lr:0.000859 t:4.6s
tttg: c29/111 lr:0.000848 t:4.7s
tttg: c30/111 lr:0.000838 t:4.8s
tttg: c31/111 lr:0.000827 t:4.9s
tttg: c32/111 lr:0.000817 t:4.9s
tttg: c33/111 lr:0.000805 t:5.0s
tttg: c34/111 lr:0.000794 t:5.1s
tttg: c35/111 lr:0.000782 t:5.2s
tttg: c36/111 lr:0.000770 t:5.2s
tttg: c37/111 lr:0.000758 t:5.3s
tttg: c38/111 lr:0.000746 t:5.4s
tttg: c39/111 lr:0.000733 t:5.5s
tttg: c40/111 lr:0.000721 t:5.6s
tttg: c41/111 lr:0.000708 t:5.6s
tttg: c42/111 lr:0.000695 t:5.7s
tttg: c43/111 lr:0.000681 t:5.8s
tttg: c44/111 lr:0.000668 t:5.9s
tttg: c45/111 lr:0.000655 t:6.0s
tttg: c46/111 lr:0.000641 t:6.0s
tttg: c47/111 lr:0.000627 t:6.1s
tttg: c48/111 lr:0.000613 t:6.2s
tttg: c49/111 lr:0.000599 t:6.3s
tttg: c50/111 lr:0.000585 t:6.3s
tttg: c51/111 lr:0.000571 t:6.4s
tttg: c52/111 lr:0.000557 t:6.5s
tttg: c53/111 lr:0.000543 t:6.6s
tttg: c54/111 lr:0.000529 t:6.7s
tttg: c55/111 lr:0.000514 t:6.7s
tttg: c56/111 lr:0.000500 t:6.8s
tttg: c57/111 lr:0.000486 t:6.9s
tttg: c58/111 lr:0.000471 t:7.0s
tttg: c59/111 lr:0.000457 t:7.0s
tttg: c60/111 lr:0.000443 t:7.1s
tttg: c61/111 lr:0.000429 t:7.2s
tttg: c62/111 lr:0.000415 t:7.3s
tttg: c63/111 lr:0.000401 t:7.4s
tttg: c64/111 lr:0.000387 t:7.4s
tttg: c65/111 lr:0.000373 t:7.5s
tttg: c66/111 lr:0.000359 t:7.6s
tttg: c67/111 lr:0.000345 t:7.7s
tttg: c68/111 lr:0.000332 t:7.8s
tttg: c69/111 lr:0.000319 t:7.8s
tttg: c70/111 lr:0.000305 t:7.9s
tttg: c71/111 lr:0.000292 t:8.0s
tttg: c72/111 lr:0.000279 t:8.1s
tttg: c73/111 lr:0.000267 t:8.1s
tttg: c74/111 lr:0.000254 t:8.2s
tttg: c75/111 lr:0.000242 t:8.3s
tttg: c76/111 lr:0.000230 t:8.4s
tttg: c77/111 lr:0.000218 t:8.5s
tttg: c78/111 lr:0.000206 t:8.5s
tttg: c79/111 lr:0.000195 t:8.6s
tttg: c80/111 lr:0.000183 t:8.7s
tttg: c81/111 lr:0.000173 t:8.8s
tttg: c82/111 lr:0.000162 t:8.9s
tttg: c83/111 lr:0.000152 t:8.9s
tttg: c84/111 lr:0.000141 t:9.0s
tttg: c85/111 lr:0.000132 t:9.1s
tttg: c86/111 lr:0.000122 t:9.2s
tttg: c87/111 lr:0.000113 t:9.2s
tttg: c88/111 lr:0.000104 t:9.3s
tttg: c89/111 lr:0.000095 t:9.4s
tttg: c90/111 lr:0.000087 t:9.5s
tttg: c91/111 lr:0.000079 t:9.6s
tttg: c92/111 lr:0.000072 t:9.6s
tttg: c93/111 lr:0.000065 t:9.7s
tttg: c94/111 lr:0.000058 t:9.8s
tttg: c95/111 lr:0.000051 t:9.9s
tttg: c96/111 lr:0.000045 t:10.0s
tttg: c97/111 lr:0.000039 t:10.0s
tttg: c98/111 lr:0.000034 t:10.1s
tttg: c99/111 lr:0.000029 t:10.2s
tttg: c100/111 lr:0.000024 t:10.3s
tttg: c101/111 lr:0.000020 t:10.4s
tttg: c102/111 lr:0.000016 t:10.4s
tttg: c103/111 lr:0.000013 t:10.5s
tttg: c104/111 lr:0.000010 t:10.6s
tttg: c105/111 lr:0.000007 t:10.7s
tttg: c106/111 lr:0.000005 t:10.8s
tttg: c107/111 lr:0.000003 t:10.8s
tttg: c108/111 lr:0.000002 t:10.9s
tttg: c109/111 lr:0.000001 t:11.0s
tttg: c110/111 lr:0.000000 t:11.1s
ttpr: phase:1/3 t:240.3s
ttp: b759/782 bl:2.3801 bb:1.0837 rl:2.1917 rb:1.0608 dl:3741-3817 gd:0
ttpp: phase:2/3 pd:1808 gd:1333 t:356.7s
tttg: c1/185 lr:0.001000 t:0.1s
tttg: c2/185 lr:0.001000 t:0.2s
tttg: c3/185 lr:0.001000 t:0.2s
tttg: c4/185 lr:0.000999 t:0.3s
tttg: c5/185 lr:0.000999 t:0.4s
tttg: c6/185 lr:0.000998 t:0.5s
tttg: c7/185 lr:0.000997 t:0.5s
tttg: c8/185 lr:0.000996 t:0.6s
tttg: c9/185 lr:0.000995 t:0.7s
tttg: c10/185 lr:0.000994 t:0.8s
tttg: c11/185 lr:0.000993 t:0.9s
tttg: c12/185 lr:0.000991 t:0.9s
tttg: c13/185 lr:0.000990 t:1.0s
tttg: c14/185 lr:0.000988 t:1.1s
tttg: c15/185 lr:0.000986 t:1.2s
tttg: c16/185 lr:0.000984 t:1.3s
tttg: c17/185 lr:0.000981 t:1.3s
tttg: c18/185 lr:0.000979 t:1.4s
tttg: c19/185 lr:0.000977 t:1.5s
tttg: c20/185 lr:0.000974 t:1.6s
tttg: c21/185 lr:0.000971 t:1.7s
tttg: c22/185 lr:0.000968 t:1.7s
tttg: c23/185 lr:0.000965 t:1.8s
tttg: c24/185 lr:0.000962 t:1.9s
tttg: c25/185 lr:0.000959 t:2.0s
tttg: c26/185 lr:0.000955 t:2.1s
tttg: c27/185 lr:0.000952 t:2.1s
tttg: c28/185 lr:0.000948 t:2.2s
tttg: c29/185 lr:0.000944 t:2.3s
tttg: c30/185 lr:0.000940 t:2.4s
tttg: c31/185 lr:0.000936 t:2.5s
tttg: c32/185 lr:0.000932 t:2.5s
tttg: c33/185 lr:0.000927 t:2.6s
tttg: c34/185 lr:0.000923 t:2.7s
tttg: c35/185 lr:0.000918 t:2.8s
tttg: c36/185 lr:0.000913 t:2.9s
tttg: c37/185 lr:0.000908 t:2.9s
tttg: c38/185 lr:0.000904 t:3.0s
tttg: c39/185 lr:0.000898 t:3.1s
tttg: c40/185 lr:0.000893 t:3.2s
tttg: c41/185 lr:0.000888 t:3.3s
tttg: c42/185 lr:0.000882 t:3.3s
tttg: c43/185 lr:0.000877 t:3.4s
tttg: c44/185 lr:0.000871 t:3.5s
tttg: c45/185 lr:0.000865 t:3.6s
tttg: c46/185 lr:0.000860 t:3.7s
tttg: c47/185 lr:0.000854 t:3.8s
tttg: c48/185 lr:0.000847 t:3.8s
tttg: c49/185 lr:0.000841 t:3.9s
tttg: c50/185 lr:0.000835 t:4.0s
tttg: c51/185 lr:0.000829 t:4.1s
tttg: c52/185 lr:0.000822 t:4.2s
tttg: c53/185 lr:0.000816 t:4.2s
tttg: c54/185 lr:0.000809 t:4.3s
tttg: c55/185 lr:0.000802 t:4.4s
tttg: c56/185 lr:0.000795 t:4.5s
tttg: c57/185 lr:0.000788 t:4.6s
tttg: c58/185 lr:0.000781 t:4.6s
tttg: c59/185 lr:0.000774 t:4.7s
tttg: c60/185 lr:0.000767 t:4.8s
tttg: c61/185 lr:0.000760 t:4.9s
tttg: c62/185 lr:0.000752 t:5.0s
tttg: c63/185 lr:0.000745 t:5.0s
tttg: c64/185 lr:0.000738 t:5.1s
tttg: c65/185 lr:0.000730 t:5.2s
tttg: c66/185 lr:0.000722 t:5.3s
tttg: c67/185 lr:0.000715 t:5.4s
tttg: c68/185 lr:0.000707 t:5.4s
tttg: c69/185 lr:0.000699 t:5.5s
tttg: c70/185 lr:0.000691 t:5.6s
tttg: c71/185 lr:0.000683 t:5.7s
tttg: c72/185 lr:0.000675 t:5.8s
tttg: c73/185 lr:0.000667 t:5.8s
tttg: c74/185 lr:0.000659 t:5.9s
tttg: c75/185 lr:0.000651 t:6.0s
tttg: c76/185 lr:0.000643 t:6.1s
tttg: c77/185 lr:0.000635 t:6.2s
tttg: c78/185 lr:0.000627 t:6.2s
tttg: c79/185 lr:0.000618 t:6.3s
tttg: c80/185 lr:0.000610 t:6.4s
tttg: c81/185 lr:0.000602 t:6.5s
tttg: c82/185 lr:0.000593 t:6.5s
tttg: c83/185 lr:0.000585 t:6.6s
tttg: c84/185 lr:0.000577 t:6.7s
tttg: c85/185 lr:0.000568 t:6.8s
tttg: c86/185 lr:0.000560 t:6.9s
tttg: c87/185 lr:0.000551 t:6.9s
tttg: c88/185 lr:0.000543 t:7.0s
tttg: c89/185 lr:0.000534 t:7.1s
tttg: c90/185 lr:0.000526 t:7.2s
tttg: c91/185 lr:0.000517 t:7.3s
tttg: c92/185 lr:0.000509 t:7.3s
tttg: c93/185 lr:0.000500 t:7.4s
tttg: c94/185 lr:0.000491 t:7.5s
tttg: c95/185 lr:0.000483 t:7.6s
tttg: c96/185 lr:0.000474 t:7.7s
tttg: c97/185 lr:0.000466 t:7.7s
tttg: c98/185 lr:0.000457 t:7.8s
tttg: c99/185 lr:0.000449 t:7.9s
tttg: c100/185 lr:0.000440 t:8.0s
tttg: c101/185 lr:0.000432 t:8.1s
tttg: c102/185 lr:0.000423 t:8.2s
tttg: c103/185 lr:0.000415 t:8.2s
tttg: c104/185 lr:0.000407 t:8.3s
tttg: c105/185 lr:0.000398 t:8.4s
tttg: c106/185 lr:0.000390 t:8.5s
tttg: c107/185 lr:0.000382 t:8.5s
tttg: c108/185 lr:0.000373 t:8.6s
tttg: c109/185 lr:0.000365 t:8.7s
tttg: c110/185 lr:0.000357 t:8.8s
tttg: c111/185 lr:0.000349 t:8.9s
tttg: c112/185 lr:0.000341 t:8.9s
tttg: c113/185 lr:0.000333 t:9.0s
tttg: c114/185 lr:0.000325 t:9.1s
tttg: c115/185 lr:0.000317 t:9.2s
tttg: c116/185 lr:0.000309 t:9.3s
tttg: c117/185 lr:0.000301 t:9.3s
tttg: c118/185 lr:0.000293 t:9.4s
tttg: c119/185 lr:0.000285 t:9.5s
tttg: c120/185 lr:0.000278 t:9.6s
tttg: c121/185 lr:0.000270 t:9.7s
tttg: c122/185 lr:0.000262 t:9.7s
tttg: c123/185 lr:0.000255 t:9.8s
tttg: c124/185 lr:0.000248 t:9.9s
tttg: c125/185 lr:0.000240 t:10.0s
tttg: c126/185 lr:0.000233 t:10.1s
tttg: c127/185 lr:0.000226 t:10.1s
tttg: c128/185 lr:0.000219 t:10.2s
tttg: c129/185 lr:0.000212 t:10.3s
tttg: c130/185 lr:0.000205 t:10.4s
tttg: c131/185 lr:0.000198 t:10.4s
tttg: c132/185 lr:0.000191 t:10.5s
tttg: c133/185 lr:0.000184 t:10.6s
tttg: c134/185 lr:0.000178 t:10.7s
tttg: c135/185 lr:0.000171 t:10.8s
tttg: c136/185 lr:0.000165 t:10.8s
tttg: c137/185 lr:0.000159 t:10.9s
tttg: c138/185 lr:0.000153 t:11.0s
tttg: c139/185 lr:0.000146 t:11.1s
tttg: c140/185 lr:0.000140 t:11.2s
tttg: c141/185 lr:0.000135 t:11.3s
tttg: c142/185 lr:0.000129 t:11.3s
tttg: c143/185 lr:0.000123 t:11.4s
tttg: c144/185 lr:0.000118 t:11.5s
tttg: c145/185 lr:0.000112 t:11.6s
tttg: c146/185 lr:0.000107 t:11.6s
tttg: c147/185 lr:0.000102 t:11.7s
tttg: c148/185 lr:0.000096 t:11.8s
tttg: c149/185 lr:0.000092 t:11.9s
tttg: c150/185 lr:0.000087 t:12.0s
tttg: c151/185 lr:0.000082 t:12.1s
tttg: c152/185 lr:0.000077 t:12.1s
tttg: c153/185 lr:0.000073 t:12.2s
tttg: c154/185 lr:0.000068 t:12.3s
tttg: c155/185 lr:0.000064 t:12.4s
tttg: c156/185 lr:0.000060 t:12.5s
tttg: c157/185 lr:0.000056 t:12.5s
tttg: c158/185 lr:0.000052 t:12.6s
tttg: c159/185 lr:0.000048 t:12.7s
tttg: c160/185 lr:0.000045 t:12.8s
tttg: c161/185 lr:0.000041 t:12.9s
tttg: c162/185 lr:0.000038 t:12.9s
tttg: c163/185 lr:0.000035 t:13.0s
tttg: c164/185 lr:0.000032 t:13.1s
tttg: c165/185 lr:0.000029 t:13.2s
tttg: c166/185 lr:0.000026 t:13.3s
tttg: c167/185 lr:0.000023 t:13.3s
tttg: c168/185 lr:0.000021 t:13.4s
tttg: c169/185 lr:0.000019 t:13.5s
tttg: c170/185 lr:0.000016 t:13.6s
tttg: c171/185 lr:0.000014 t:13.7s
tttg: c172/185 lr:0.000012 t:13.7s
tttg: c173/185 lr:0.000010 t:13.8s
tttg: c174/185 lr:0.000009 t:13.9s
tttg: c175/185 lr:0.000007 t:14.0s
tttg: c176/185 lr:0.000006 t:14.1s
tttg: c177/185 lr:0.000005 t:14.1s
tttg: c178/185 lr:0.000004 t:14.2s
tttg: c179/185 lr:0.000003 t:14.3s
tttg: c180/185 lr:0.000002 t:14.4s
tttg: c181/185 lr:0.000001 t:14.5s
tttg: c182/185 lr:0.000001 t:14.5s
tttg: c183/185 lr:0.000000 t:14.6s
tttg: c184/185 lr:0.000000 t:14.7s
ttpr: phase:2/3 t:373.5s
ttp: b747/782 bl:2.3071 bb:1.0544 rl:2.2036 rb:1.0601 dl:2944-2991 gd:0
ttp: b744/782 bl:2.4084 bb:1.0835 rl:2.2218 rb:1.0623 dl:2806-2842 gd:0
ttpp: phase:3/3 pd:2448 gd:2000 t:390.3s
tttg: c1/250 lr:0.001000 t:0.1s
tttg: c2/250 lr:0.001000 t:0.2s
tttg: c3/250 lr:0.001000 t:0.2s
tttg: c4/250 lr:0.001000 t:0.3s
tttg: c5/250 lr:0.000999 t:0.4s
tttg: c6/250 lr:0.000999 t:0.5s
tttg: c7/250 lr:0.000999 t:0.6s
tttg: c8/250 lr:0.000998 t:0.6s
tttg: c9/250 lr:0.000997 t:0.7s
tttg: c10/250 lr:0.000997 t:0.8s
tttg: c11/250 lr:0.000996 t:0.9s
tttg: c12/250 lr:0.000995 t:1.0s
tttg: c13/250 lr:0.000994 t:1.0s
tttg: c14/250 lr:0.000993 t:1.1s
tttg: c15/250 lr:0.000992 t:1.2s
tttg: c16/250 lr:0.000991 t:1.3s
tttg: c17/250 lr:0.000990 t:1.4s
tttg: c18/250 lr:0.000989 t:1.4s
tttg: c19/250 lr:0.000987 t:1.5s
tttg: c20/250 lr:0.000986 t:1.6s
tttg: c21/250 lr:0.000984 t:1.7s
tttg: c22/250 lr:0.000983 t:1.8s
tttg: c23/250 lr:0.000981 t:1.8s
tttg: c24/250 lr:0.000979 t:1.9s
tttg: c25/250 lr:0.000977 t:2.0s
tttg: c26/250 lr:0.000975 t:2.1s
tttg: c27/250 lr:0.000973 t:2.2s
tttg: c28/250 lr:0.000971 t:2.2s
tttg: c29/250 lr:0.000969 t:2.3s
tttg: c30/250 lr:0.000967 t:2.4s
tttg: c31/250 lr:0.000965 t:2.5s
tttg: c32/250 lr:0.000962 t:2.6s
tttg: c33/250 lr:0.000960 t:2.7s
tttg: c34/250 lr:0.000957 t:2.7s
tttg: c35/250 lr:0.000955 t:2.8s
tttg: c36/250 lr:0.000952 t:2.9s
tttg: c37/250 lr:0.000949 t:3.0s
tttg: c38/250 lr:0.000947 t:3.0s
tttg: c39/250 lr:0.000944 t:3.1s
tttg: c40/250 lr:0.000941 t:3.2s
tttg: c41/250 lr:0.000938 t:3.3s
tttg: c42/250 lr:0.000935 t:3.4s
tttg: c43/250 lr:0.000931 t:3.5s
tttg: c44/250 lr:0.000928 t:3.5s
tttg: c45/250 lr:0.000925 t:3.6s
tttg: c46/250 lr:0.000922 t:3.7s
tttg: c47/250 lr:0.000918 t:3.8s
tttg: c48/250 lr:0.000915 t:3.9s
tttg: c49/250 lr:0.000911 t:3.9s
tttg: c50/250 lr:0.000907 t:4.0s
tttg: c51/250 lr:0.000904 t:4.1s
tttg: c52/250 lr:0.000900 t:4.2s
tttg: c53/250 lr:0.000896 t:4.3s
tttg: c54/250 lr:0.000892 t:4.3s
tttg: c55/250 lr:0.000888 t:4.4s
tttg: c56/250 lr:0.000884 t:4.5s
tttg: c57/250 lr:0.000880 t:4.6s
tttg: c58/250 lr:0.000876 t:4.7s
tttg: c59/250 lr:0.000872 t:4.7s
tttg: c60/250 lr:0.000868 t:4.8s
tttg: c61/250 lr:0.000863 t:4.9s
tttg: c62/250 lr:0.000859 t:5.0s
tttg: c63/250 lr:0.000855 t:5.1s
tttg: c64/250 lr:0.000850 t:5.1s
tttg: c65/250 lr:0.000846 t:5.2s
tttg: c66/250 lr:0.000841 t:5.3s
tttg: c67/250 lr:0.000836 t:5.4s
tttg: c68/250 lr:0.000832 t:5.5s
tttg: c69/250 lr:0.000827 t:5.5s
tttg: c70/250 lr:0.000822 t:5.6s
tttg: c71/250 lr:0.000817 t:5.7s
tttg: c72/250 lr:0.000812 t:5.8s
tttg: c73/250 lr:0.000807 t:5.9s
tttg: c74/250 lr:0.000803 t:5.9s
tttg: c75/250 lr:0.000797 t:6.0s
tttg: c76/250 lr:0.000792 t:6.1s
tttg: c77/250 lr:0.000787 t:6.2s
tttg: c78/250 lr:0.000782 t:6.3s
tttg: c79/250 lr:0.000777 t:6.3s
tttg: c80/250 lr:0.000772 t:6.4s
tttg: c81/250 lr:0.000766 t:6.5s
tttg: c82/250 lr:0.000761 t:6.6s
tttg: c83/250 lr:0.000755 t:6.7s
tttg: c84/250 lr:0.000750 t:6.7s
tttg: c85/250 lr:0.000745 t:6.8s
tttg: c86/250 lr:0.000739 t:6.9s
tttg: c87/250 lr:0.000733 t:7.0s
tttg: c88/250 lr:0.000728 t:7.1s
tttg: c89/250 lr:0.000722 t:7.1s
tttg: c90/250 lr:0.000717 t:7.2s
tttg: c91/250 lr:0.000711 t:7.3s
tttg: c92/250 lr:0.000705 t:7.4s
tttg: c93/250 lr:0.000699 t:7.5s
tttg: c94/250 lr:0.000694 t:7.5s
tttg: c95/250 lr:0.000688 t:7.6s
tttg: c96/250 lr:0.000682 t:7.7s
tttg: c97/250 lr:0.000676 t:7.8s
tttg: c98/250 lr:0.000670 t:7.8s
tttg: c99/250 lr:0.000664 t:7.9s
tttg: c100/250 lr:0.000658 t:8.0s
tttg: c101/250 lr:0.000652 t:8.1s
tttg: c102/250 lr:0.000646 t:8.2s
tttg: c103/250 lr:0.000640 t:8.3s
tttg: c104/250 lr:0.000634 t:8.3s
tttg: c105/250 lr:0.000628 t:8.4s
tttg: c106/250 lr:0.000622 t:8.5s
tttg: c107/250 lr:0.000616 t:8.6s
tttg: c108/250 lr:0.000610 t:8.7s
tttg: c109/250 lr:0.000603 t:8.7s
tttg: c110/250 lr:0.000597 t:8.8s
tttg: c111/250 lr:0.000591 t:8.9s
tttg: c112/250 lr:0.000585 t:9.0s
tttg: c113/250 lr:0.000579 t:9.0s
tttg: c114/250 lr:0.000572 t:9.1s
tttg: c115/250 lr:0.000566 t:9.2s
tttg: c116/250 lr:0.000560 t:9.3s
tttg: c117/250 lr:0.000554 t:9.4s
tttg: c118/250 lr:0.000547 t:9.4s
tttg: c119/250 lr:0.000541 t:9.5s
tttg: c120/250 lr:0.000535 t:9.6s
tttg: c121/250 lr:0.000528 t:9.7s
tttg: c122/250 lr:0.000522 t:9.8s
tttg: c123/250 lr:0.000516 t:9.8s
tttg: c124/250 lr:0.000509 t:9.9s
tttg: c125/250 lr:0.000503 t:10.0s
tttg: c126/250 lr:0.000497 t:10.1s
tttg: c127/250 lr:0.000491 t:10.2s
tttg: c128/250 lr:0.000484 t:10.2s
tttg: c129/250 lr:0.000478 t:10.3s
tttg: c130/250 lr:0.000472 t:10.4s
tttg: c131/250 lr:0.000465 t:10.5s
tttg: c132/250 lr:0.000459 t:10.6s
tttg: c133/250 lr:0.000453 t:10.6s
tttg: c134/250 lr:0.000446 t:10.7s
tttg: c135/250 lr:0.000440 t:10.8s
tttg: c136/250 lr:0.000434 t:10.9s
tttg: c137/250 lr:0.000428 t:11.0s
tttg: c138/250 lr:0.000421 t:11.1s
tttg: c139/250 lr:0.000415 t:11.2s
tttg: c140/250 lr:0.000409 t:11.2s
tttg: c141/250 lr:0.000403 t:11.3s
tttg: c142/250 lr:0.000397 t:11.4s
tttg: c143/250 lr:0.000390 t:11.5s
tttg: c144/250 lr:0.000384 t:11.6s
tttg: c145/250 lr:0.000378 t:11.6s
tttg: c146/250 lr:0.000372 t:11.7s
tttg: c147/250 lr:0.000366 t:11.8s
tttg: c148/250 lr:0.000360 t:11.9s
tttg: c149/250 lr:0.000354 t:12.0s
tttg: c150/250 lr:0.000348 t:12.0s
tttg: c151/250 lr:0.000342 t:12.1s
tttg: c152/250 lr:0.000336 t:12.2s
tttg: c153/250 lr:0.000330 t:12.3s
tttg: c154/250 lr:0.000324 t:12.3s
tttg: c155/250 lr:0.000318 t:12.4s
tttg: c156/250 lr:0.000312 t:12.5s
tttg: c157/250 lr:0.000306 t:12.6s
tttg: c158/250 lr:0.000301 t:12.7s
tttg: c159/250 lr:0.000295 t:12.7s
tttg: c160/250 lr:0.000289 t:12.8s
tttg: c161/250 lr:0.000283 t:12.9s
tttg: c162/250 lr:0.000278 t:13.0s
tttg: c163/250 lr:0.000272 t:13.1s
tttg: c164/250 lr:0.000267 t:13.1s
tttg: c165/250 lr:0.000261 t:13.2s
tttg: c166/250 lr:0.000255 t:13.3s
tttg: c167/250 lr:0.000250 t:13.4s
tttg: c168/250 lr:0.000245 t:13.5s
tttg: c169/250 lr:0.000239 t:13.5s
tttg: c170/250 lr:0.000234 t:13.6s
tttg: c171/250 lr:0.000228 t:13.7s
tttg: c172/250 lr:0.000223 t:13.8s
tttg: c173/250 lr:0.000218 t:13.9s
tttg: c174/250 lr:0.000213 t:13.9s
tttg: c175/250 lr:0.000208 t:14.0s
tttg: c176/250 lr:0.000203 t:14.1s
tttg: c177/250 lr:0.000197 t:14.2s
tttg: c178/250 lr:0.000193 t:14.3s
tttg: c179/250 lr:0.000188 t:14.3s
tttg: c180/250 lr:0.000183 t:14.4s
tttg: c181/250 lr:0.000178 t:14.5s
tttg: c182/250 lr:0.000173 t:14.6s
tttg: c183/250 lr:0.000168 t:14.7s
tttg: c184/250 lr:0.000164 t:14.8s
tttg: c185/250 lr:0.000159 t:14.8s
tttg: c186/250 lr:0.000154 t:14.9s
tttg: c187/250 lr:0.000150 t:15.0s
tttg: c188/250 lr:0.000145 t:15.1s
tttg: c189/250 lr:0.000141 t:15.1s
tttg: c190/250 lr:0.000137 t:15.2s
tttg: c191/250 lr:0.000132 t:15.3s
tttg: c192/250 lr:0.000128 t:15.4s
tttg: c193/250 lr:0.000124 t:15.5s
tttg: c194/250 lr:0.000120 t:15.5s
tttg: c195/250 lr:0.000116 t:15.6s
tttg: c196/250 lr:0.000112 t:15.7s
tttg: c197/250 lr:0.000108 t:15.8s
tttg: c198/250 lr:0.000104 t:15.9s
tttg: c199/250 lr:0.000100 t:15.9s
tttg: c200/250 lr:0.000096 t:16.0s
tttg: c201/250 lr:0.000093 t:16.1s
tttg: c202/250 lr:0.000089 t:16.2s
tttg: c203/250 lr:0.000085 t:16.3s
tttg: c204/250 lr:0.000082 t:16.3s
tttg: c205/250 lr:0.000078 t:16.4s
tttg: c206/250 lr:0.000075 t:16.5s
tttg: c207/250 lr:0.000072 t:16.6s
tttg: c208/250 lr:0.000069 t:16.7s
tttg: c209/250 lr:0.000065 t:16.7s
tttg: c210/250 lr:0.000062 t:16.8s
tttg: c211/250 lr:0.000059 t:16.9s
tttg: c212/250 lr:0.000056 t:17.0s
tttg: c213/250 lr:0.000053 t:17.1s
tttg: c214/250 lr:0.000051 t:17.1s
tttg: c215/250 lr:0.000048 t:17.2s
tttg: c216/250 lr:0.000045 t:17.3s
tttg: c217/250 lr:0.000043 t:17.4s
tttg: c218/250 lr:0.000040 t:17.5s
tttg: c219/250 lr:0.000038 t:17.5s
tttg: c220/250 lr:0.000035 t:17.6s
tttg: c221/250 lr:0.000033 t:17.7s
tttg: c222/250 lr:0.000031 t:17.8s
tttg: c223/250 lr:0.000029 t:17.9s
tttg: c224/250 lr:0.000027 t:17.9s
tttg: c225/250 lr:0.000025 t:18.0s
tttg: c226/250 lr:0.000023 t:18.1s
tttg: c227/250 lr:0.000021 t:18.2s
tttg: c228/250 lr:0.000019 t:18.3s
tttg: c229/250 lr:0.000017 t:18.3s
tttg: c230/250 lr:0.000016 t:18.4s
tttg: c231/250 lr:0.000014 t:18.5s
tttg: c232/250 lr:0.000013 t:18.6s
tttg: c233/250 lr:0.000011 t:18.7s
tttg: c234/250 lr:0.000010 t:18.7s
tttg: c235/250 lr:0.000009 t:18.8s
tttg: c236/250 lr:0.000008 t:18.9s
tttg: c237/250 lr:0.000007 t:19.0s
tttg: c238/250 lr:0.000006 t:19.1s
tttg: c239/250 lr:0.000005 t:19.1s
tttg: c240/250 lr:0.000004 t:19.2s
tttg: c241/250 lr:0.000003 t:19.3s
tttg: c242/250 lr:0.000003 t:19.4s
tttg: c243/250 lr:0.000002 t:19.5s
tttg: c244/250 lr:0.000001 t:19.5s
tttg: c245/250 lr:0.000001 t:19.6s
tttg: c246/250 lr:0.000001 t:19.7s
tttg: c247/250 lr:0.000000 t:19.8s
tttg: c248/250 lr:0.000000 t:19.9s
tttg: c249/250 lr:0.000000 t:19.9s
ttpr: phase:3/3 t:412.4s
ttp: b737/782 bl:2.3251 bb:1.0453 rl:2.2296 rb:1.0609 dl:2550-2583 gd:1
ttp: b735/782 bl:2.3940 bb:1.1014 rl:2.2408 rb:1.0638 dl:2495-2526 gd:1
ttp: b724/782 bl:2.3263 bb:1.0622 rl:2.2457 rb:1.0637 dl:2203-2231 gd:1
ttp: b714/782 bl:2.3150 bb:1.0254 rl:2.2491 rb:1.0617 dl:2018-2035 gd:1
ttp: b709/782 bl:2.4510 bb:1.0964 rl:2.2583 rb:1.0633 dl:1937-1952 gd:1
ttp: b700/782 bl:2.3043 bb:1.0290 rl:2.2602 rb:1.0619 dl:1824-1834 gd:1
ttp: b688/782 bl:2.4068 bb:1.0775 rl:2.2655 rb:1.0625 dl:1696-1706 gd:1
ttp: b686/782 bl:2.4496 bb:1.0784 rl:2.2720 rb:1.0631 dl:1675-1685 gd:1
ttp: b672/782 bl:2.3371 bb:1.0517 rl:2.2740 rb:1.0627 dl:1553-1562 gd:1
ttp: b668/782 bl:2.3422 bb:1.0708 rl:2.2760 rb:1.0629 dl:1521-1530 gd:1
ttp: b661/782 bl:2.4120 bb:1.0904 rl:2.2799 rb:1.0637 dl:1474-1480 gd:1
ttp: b654/782 bl:2.2998 bb:1.0402 rl:2.2804 rb:1.0631 dl:1425-1432 gd:1
ttp: b645/782 bl:2.3105 bb:1.0338 rl:2.2811 rb:1.0623 dl:1367-1375 gd:1
ttp: b636/782 bl:2.3863 bb:1.0695 rl:2.2836 rb:1.0625 dl:1314-1320 gd:1
ttp: b627/782 bl:2.3867 bb:1.0746 rl:2.2858 rb:1.0628 dl:1266-1271 gd:1
ttp: b620/782 bl:2.3523 bb:1.0595 rl:2.2872 rb:1.0627 dl:1226-1231 gd:1
ttp: b611/782 bl:2.3066 bb:1.0300 rl:2.2876 rb:1.0620 dl:1182-1186 gd:1
ttp: b604/782 bl:2.3892 bb:1.0487 rl:2.2895 rb:1.0618 dl:1150-1154 gd:1
ttp: b593/782 bl:2.3011 bb:1.0158 rl:2.2897 rb:1.0609 dl:1103-1107 gd:1
ttp: b584/782 bl:2.3070 bb:1.0431 rl:2.2900 rb:1.0606 dl:1064-1069 gd:1
ttp: b576/782 bl:2.3857 bb:1.0973 rl:2.2915 rb:1.0612 dl:1033-1037 gd:1
ttp: b571/782 bl:2.3094 bb:1.0103 rl:2.2918 rb:1.0604 dl:1014-1017 gd:1
ttp: b562/782 bl:2.3130 bb:1.0360 rl:2.2921 rb:1.0600 dl:983-987 gd:1
ttp: b554/782 bl:2.4377 bb:1.0974 rl:2.2941 rb:1.0606 dl:955-959 gd:1
ttp: b550/782 bl:2.3714 bb:1.0610 rl:2.2952 rb:1.0606 dl:943-946 gd:1
ttp: b542/782 bl:2.3308 bb:1.0408 rl:2.2957 rb:1.0603 dl:918-921 gd:1
ttp: b530/782 bl:2.4172 bb:1.0872 rl:2.2972 rb:1.0606 dl:882-884 gd:1
ttp: b522/782 bl:2.3155 bb:1.0385 rl:2.2974 rb:1.0604 dl:858-860 gd:1
ttp: b519/782 bl:2.3087 bb:1.0473 rl:2.2975 rb:1.0602 dl:850-852 gd:1
ttp: b511/782 bl:2.3920 bb:1.0523 rl:2.2986 rb:1.0601 dl:826-829 gd:1
ttp: b502/782 bl:2.3303 bb:1.0326 rl:2.2990 rb:1.0598 dl:802-804 gd:1
ttp: b497/782 bl:2.3437 bb:1.0452 rl:2.2994 rb:1.0596 dl:788-791 gd:1
ttp: b489/782 bl:2.3950 bb:1.0775 rl:2.3004 rb:1.0598 dl:769-771 gd:1
ttp: b478/782 bl:2.3466 bb:1.0805 rl:2.3009 rb:1.0600 dl:742-744 gd:1
ttp: b470/782 bl:2.3584 bb:1.0614 rl:2.3014 rb:1.0600 dl:724-726 gd:1
ttp: b462/782 bl:2.3491 bb:1.0427 rl:2.3018 rb:1.0599 dl:706-708 gd:1
ttp: b454/782 bl:2.3952 bb:1.0879 rl:2.3027 rb:1.0601 dl:689-691 gd:1
ttp: b446/782 bl:2.3065 bb:1.0842 rl:2.3027 rb:1.0603 dl:672-674 gd:1
ttp: b439/782 bl:2.3372 bb:1.0429 rl:2.3030 rb:1.0602 dl:657-659 gd:1
ttp: b430/782 bl:2.3868 bb:1.0437 rl:2.3036 rb:1.0600 dl:640-642 gd:1
ttp: b423/782 bl:2.3152 bb:1.0564 rl:2.3037 rb:1.0600 dl:626-629 gd:1
ttp: b415/782 bl:2.2936 bb:1.0624 rl:2.3037 rb:1.0600 dl:611-613 gd:1
ttp: b408/782 bl:2.3086 bb:1.0734 rl:2.3037 rb:1.0601 dl:597-598 gd:1
ttp: b400/782 bl:2.3155 bb:1.0419 rl:2.3038 rb:1.0600 dl:582-584 gd:1
ttp: b392/782 bl:2.2630 bb:1.0409 rl:2.3035 rb:1.0599 dl:568-570 gd:1
ttp: b384/782 bl:2.3487 bb:1.0565 rl:2.3038 rb:1.0598 dl:554-555 gd:1
ttp: b376/782 bl:2.3316 bb:1.0457 rl:2.3040 rb:1.0597 dl:540-542 gd:1
ttp: b368/782 bl:2.3743 bb:1.1058 rl:2.3044 rb:1.0600 dl:527-528 gd:1
ttp: b361/782 bl:2.3566 bb:1.1002 rl:2.3047 rb:1.0603 dl:515-517 gd:1
ttp: b353/782 bl:2.2075 bb:1.0095 rl:2.3042 rb:1.0600 dl:501-503 gd:1
ttp: b345/782 bl:2.3679 bb:1.0780 rl:2.3045 rb:1.0601 dl:489-491 gd:1
ttp: b337/782 bl:2.3231 bb:1.0571 rl:2.3046 rb:1.0601 dl:477-478 gd:1
ttp: b331/782 bl:2.3437 bb:1.0831 rl:2.3048 rb:1.0602 dl:468-469 gd:1
ttp: b323/782 bl:2.3916 bb:1.0798 rl:2.3053 rb:1.0603 dl:457-458 gd:1
ttp: b315/782 bl:2.4111 bb:1.1077 rl:2.3058 rb:1.0605 dl:444-445 gd:1
ttp: b307/782 bl:2.3393 bb:1.1309 rl:2.3060 rb:1.0609 dl:432-433 gd:1
ttp: b301/782 bl:2.3665 bb:1.0986 rl:2.3063 rb:1.0610 dl:422-424 gd:1
ttp: b293/782 bl:2.4449 bb:1.1023 rl:2.3069 rb:1.0612 dl:410-412 gd:1
ttp: b285/782 bl:2.3817 bb:1.0851 rl:2.3072 rb:1.0613 dl:399-400 gd:1
ttp: b277/782 bl:2.2735 bb:1.0706 rl:2.3071 rb:1.0614 dl:388-389 gd:1
ttp: b266/782 bl:2.3851 bb:1.1097 rl:2.3074 rb:1.0616 dl:374-375 gd:1
ttp: b258/782 bl:2.4557 bb:1.1019 rl:2.3080 rb:1.0617 dl:364-365 gd:1
ttp: b249/782 bl:2.4527 bb:1.1047 rl:2.3086 rb:1.0619 dl:352-354 gd:1
ttp: b241/782 bl:2.3522 bb:1.0932 rl:2.3087 rb:1.0620 dl:342-344 gd:1
ttp: b232/782 bl:2.3092 bb:1.0884 rl:2.3087 rb:1.0621 dl:331-333 gd:1
ttp: b225/782 bl:2.4423 bb:1.1182 rl:2.3092 rb:1.0623 dl:323-324 gd:1
ttp: b216/782 bl:2.4884 bb:1.1540 rl:2.3098 rb:1.0626 dl:313-314 gd:1
ttp: b208/782 bl:2.3937 bb:1.1331 rl:2.3101 rb:1.0628 dl:304-305 gd:1
ttp: b200/782 bl:2.3769 bb:1.0989 rl:2.3103 rb:1.0629 dl:296-297 gd:1
ttp: b192/782 bl:2.3874 bb:1.1595 rl:2.3105 rb:1.0632 dl:286-288 gd:1
ttp: b186/782 bl:2.4259 bb:1.1339 rl:2.3109 rb:1.0634 dl:280-281 gd:1
ttp: b179/782 bl:2.3805 bb:1.1349 rl:2.3111 rb:1.0636 dl:273-274 gd:1
ttp: b171/782 bl:2.4718 bb:1.1398 rl:2.3115 rb:1.0638 dl:266-266 gd:1
ttp: b162/782 bl:2.4103 bb:1.1222 rl:2.3118 rb:1.0640 dl:256-257 gd:1
ttp: b154/782 bl:2.4777 bb:1.2084 rl:2.3122 rb:1.0644 dl:249-250 gd:1
ttp: b146/782 bl:2.4634 bb:1.1770 rl:2.3126 rb:1.0646 dl:241-242 gd:1
ttp: b136/782 bl:2.4328 bb:1.1439 rl:2.3129 rb:1.0648 dl:232-233 gd:1
ttp: b129/782 bl:2.3866 bb:1.1434 rl:2.3131 rb:1.0650 dl:225-226 gd:1
ttp: b122/782 bl:2.4198 bb:1.1456 rl:2.3133 rb:1.0652 dl:219-219 gd:1
ttp: b113/782 bl:2.5683 bb:1.1419 rl:2.3139 rb:1.0654 dl:210-211 gd:1
ttp: b105/782 bl:2.4264 bb:1.1540 rl:2.3141 rb:1.0655 dl:203-204 gd:1
ttp: b96/782 bl:2.4923 bb:1.2100 rl:2.3145 rb:1.0658 dl:195-196 gd:1
ttp: b88/782 bl:2.4903 bb:1.1884 rl:2.3148 rb:1.0660 dl:188-189 gd:1
ttp: b80/782 bl:2.4688 bb:1.1507 rl:2.3151 rb:1.0662 dl:181-182 gd:1
ttp: b72/782 bl:2.3871 bb:1.1555 rl:2.3152 rb:1.0663 dl:173-174 gd:1
ttp: b64/782 bl:2.5358 bb:1.1566 rl:2.3156 rb:1.0665 dl:166-167 gd:1
ttp: b57/782 bl:2.4728 bb:1.1645 rl:2.3159 rb:1.0667 dl:160-161 gd:1
ttp: b48/782 bl:2.5351 bb:1.2223 rl:2.3162 rb:1.0669 dl:151-152 gd:1
ttp: b39/782 bl:2.4573 bb:1.1895 rl:2.3164 rb:1.0671 dl:142-143 gd:1
ttp: b34/782 bl:2.6293 bb:1.2037 rl:2.3168 rb:1.0673 dl:137-138 gd:1
ttp: b26/782 bl:2.6025 bb:1.2954 rl:2.3172 rb:1.0675 dl:129-130 gd:1
ttp: b18/782 bl:2.6507 bb:1.2086 rl:2.3176 rb:1.0677 dl:119-121 gd:1
ttp: b10/782 bl:2.6167 bb:1.1723 rl:2.3179 rb:1.0678 dl:107-109 gd:1
ttp: b2/782 bl:2.8299 bb:1.2438 rl:2.3184 rb:1.0680 dl:83-89 gd:1
quantized_ttt_phased val_loss:2.32938594 val_bpb:1.06443847 eval_time:511264ms
total_eval_time:511.3s
