W0403 14:36:49.421000 68590 torch/distributed/run.py:803] 
W0403 14:36:49.421000 68590 torch/distributed/run.py:803] *****************************************
W0403 14:36:49.421000 68590 torch/distributed/run.py:803] Setting OMP_NUM_THREADS environment variable for each process to be 1 in default, to avoid your system being overloaded, please further tune the variable for optimal performance in your application as needed. 
W0403 14:36:49.421000 68590 torch/distributed/run.py:803] *****************************************
Hyperparameters:
  adam_eps: 1e-08
  adam_wd: 0.02
  beta1: 0.9
  beta2: 0.95
  compressor: brotli
  data_dir: ./data/
  datasets_dir: ./data/datasets/fineweb10B_sp4096
  distributed: True
  ema_decay: 0.997
  embed_lr: 0.6
  embed_wd: 0.09
  embedding_dim: 512
  eval_seq_len: 2048
  eval_stride: 64
  gptq_calibration_batches: 64
  gptq_enabled: True
  gptq_reserve_seconds: 10.0
  grad_accum_steps: 1
  grad_clip_norm: 0.3
  head_lr: 0.008
  is_main_process: True
  iterations: 20000
  ln_scale: True
  local_rank: 0
  logfile: logs/0f58ae40-3710-4203-99c5-1a7fafd858eb.txt
  logit_softcap: 30.0
  matrix_lr: 0.02
  max_wallclock_seconds: 600.0
  min_lr: 0.0
  mlp_mult: 4.0
  model_dim: 512
  model_path: final_model.pt
  muon_backend_steps: 5
  muon_beta2: 0.95
  muon_momentum: 0.99
  muon_momentum_warmup_start: 0.92
  muon_momentum_warmup_steps: 1500
  muon_wd: 0.09
  num_heads: 8
  num_kv_heads: 4
  num_layers: 11
  parallel_start_layer: 7
  qk_gain_init: 5.0
  quantized_model_path: final_model.int6.ptz
  rank: 0
  recur_layers: 4,5
  recur_start_step: 3000
  rope_base: 10000.0
  rope_dims: 16
  rope_train_seq_len: 2048
  run_id: 0f58ae40-3710-4203-99c5-1a7fafd858eb
  scalar_lr: 0.02
  seed: 42
  skip_gates_enabled: True
  sliding_window_enabled: True
  tie_embeddings: True
  tied_embed_init_std: 0.005
  tied_embed_lr: 0.03
  tokenizer_path: ./data/tokenizers/fineweb_4096_bpe.model
  train_batch_tokens: 786432
  train_files: ./data/datasets/fineweb10B_sp4096/fineweb_train_*.bin
  train_log_every: 500
  train_seq_len: 2048
  ttt_batch_seqs: 32
  ttt_chunk_tokens: 32768
  ttt_enabled: True
  ttt_epochs: 3
  ttt_freeze_blocks: 0
  ttt_grad_clip: 1.0
  ttt_lr: 0.002
  ttt_momentum: 0.9
  val_batch_tokens: 524288
  val_files: ./data/datasets/fineweb10B_sp4096/fineweb_val_*.bin
  val_loss_every: 4000
  ve_dim: 128
  ve_enabled: True
  ve_layers: 9,10
  vocab_size: 4096
  warmdown_frac: 0.667
  warmup_steps: 20
  world_size: 8
  xsa_last_n: 11
train_shards: 80
val_tokens: 45508608
model_params:34401372
gptq:reserving 10s, effective=590000ms
warmup_step: 1/20
warmup_step: 2/20
warmup_step: 3/20
warmup_step: 4/20
warmup_step: 5/20
warmup_step: 6/20
warmup_step: 10/20
warmup_step: 20/20
0/20000 val_loss: 8.3187 val_bpb: 3.6152
1/20000 train_loss: 8.3201 train_time: 0.0m tok/s: 8479861
2/20000 train_loss: 12.1482 train_time: 0.0m tok/s: 8371083
3/20000 train_loss: 10.6752 train_time: 0.0m tok/s: 8271888
4/20000 train_loss: 8.8832 train_time: 0.0m tok/s: 8219495
5/20000 train_loss: 7.6882 train_time: 0.0m tok/s: 8191080
500/20000 train_loss: 2.8965 train_time: 0.8m tok/s: 7980293
1000/20000 train_loss: 2.8862 train_time: 1.6m tok/s: 7951208
1500/20000 train_loss: 2.9107 train_time: 2.5m tok/s: 7940634
2000/20000 train_loss: 2.6535 train_time: 3.3m tok/s: 7934281
2500/20000 train_loss: 2.7075 train_time: 4.1m tok/s: 7933721
3000/20000 train_loss: 2.7571 train_time: 5.0m tok/s: 7933486
recurrence:activated at step 3000, virtual_layers=[0, 1, 2, 3, 4, 5, 4, 5, 6, 7, 8, 9, 10]
3500/20000 train_loss: 2.6791 train_time: 6.1m tok/s: 7529523
4000/20000 train_loss: 2.6160 train_time: 7.1m tok/s: 7435739
4000/20000 val_loss: 2.6410 val_bpb: 1.1478
4500/20000 train_loss: 2.5721 train_time: 8.0m tok/s: 7365044
5000/20000 train_loss: 2.5136 train_time: 9.0m tok/s: 7309020
5453/20000 val_loss: 2.5257 val_bpb: 1.0976
stopping_early: wallclock_cap train_time: 590026ms step: 5453/20000
peak memory allocated: 30120 MiB reserved: 30154 MiB
ema:applying EMA weights
pre-quantization post-ema val_loss:2.52316058 val_bpb:1.09653652 eval_time:2010ms
Serialized model: 132406149 bytes
Code size: 24584 bytes
GPTQ:collecting Hessians from calibration data...
GPTQ:collected 66 Hessians in 9.8s
GPTQ quantization: 66 layers with full GPTQ, 0 fallback to clip-search
selective_prune: unpruned=16.00MB target=16.0MB
selective_prune: already fits, no pruning needed
Serialized model int6+brotli: 15974949 bytes
Total submission size int6+brotli: 15999533 bytes
final_int6_roundtrip val_loss:2.54952146 val_bpb:1.10799265 eval_time:7776ms
final_int6_sliding_window val_loss:2.50671564 val_bpb:1.08938974 eval_time:76195ms
ttt_sliding:start chunks=1389 chunk_tokens=32768 total_windows=711072 stride=64 ttt_lr=0.002 ttt_epochs=3 freeze_blocks=0
ttt_sliding:params unfrozen=34401372 frozen=0
  ttt_chunk [1/1389] bpb=1.761258 time=0.5s
  ttt_chunk [11/1389] bpb=1.715272 time=3.4s
  ttt_chunk [21/1389] bpb=1.600390 time=6.3s
  ttt_chunk [31/1389] bpb=1.579911 time=9.2s
  ttt_chunk [41/1389] bpb=1.562822 time=12.1s
  ttt_chunk [51/1389] bpb=1.542778 time=15.1s
  ttt_chunk [61/1389] bpb=1.526000 time=18.0s
  ttt_chunk [71/1389] bpb=1.513193 time=20.9s
  ttt_chunk [81/1389] bpb=1.519285 time=23.8s
  ttt_chunk [91/1389] bpb=1.516620 time=26.7s
  ttt_chunk [101/1389] bpb=1.506455 time=29.7s
  ttt_chunk [111/1389] bpb=1.495557 time=32.6s
  ttt_chunk [121/1389] bpb=1.495577 time=35.5s
  ttt_chunk [131/1389] bpb=1.491517 time=38.4s
  ttt_chunk [141/1389] bpb=1.490545 time=41.3s
  ttt_chunk [151/1389] bpb=1.488545 time=44.3s
  ttt_chunk [161/1389] bpb=1.484153 time=47.2s
  ttt_chunk [171/1389] bpb=1.482383 time=50.1s
  ttt_chunk [181/1389] bpb=1.478096 time=53.0s
  ttt_chunk [191/1389] bpb=1.476150 time=55.9s
  ttt_chunk [201/1389] bpb=1.471535 time=58.9s
  ttt_chunk [211/1389] bpb=1.470135 time=61.8s
  ttt_chunk [221/1389] bpb=1.467679 time=64.7s
  ttt_chunk [231/1389] bpb=1.464508 time=67.6s
  ttt_chunk [241/1389] bpb=1.461196 time=70.5s
  ttt_chunk [251/1389] bpb=1.459223 time=73.4s
  ttt_chunk [261/1389] bpb=1.457936 time=76.4s
  ttt_chunk [271/1389] bpb=1.458803 time=79.3s
  ttt_chunk [281/1389] bpb=1.456138 time=82.2s
  ttt_chunk [291/1389] bpb=1.454833 time=85.1s
  ttt_chunk [301/1389] bpb=1.450438 time=88.0s
  ttt_chunk [311/1389] bpb=1.446855 time=91.0s
  ttt_chunk [321/1389] bpb=1.444353 time=93.9s
  ttt_chunk [331/1389] bpb=1.441806 time=96.8s
  ttt_chunk [341/1389] bpb=1.438989 time=99.7s
  ttt_chunk [351/1389] bpb=1.433344 time=102.6s
  ttt_chunk [361/1389] bpb=1.431950 time=105.5s
  ttt_chunk [371/1389] bpb=1.433142 time=108.4s
  ttt_chunk [381/1389] bpb=1.427679 time=111.4s
  ttt_chunk [391/1389] bpb=1.427627 time=114.3s
  ttt_chunk [401/1389] bpb=1.424773 time=117.2s
  ttt_chunk [411/1389] bpb=1.420927 time=120.1s
  ttt_chunk [421/1389] bpb=1.416298 time=123.0s
  ttt_chunk [431/1389] bpb=1.413850 time=125.9s
  ttt_chunk [441/1389] bpb=1.412191 time=128.8s
  ttt_chunk [451/1389] bpb=1.410133 time=131.7s
  ttt_chunk [461/1389] bpb=1.407352 time=134.6s
  ttt_chunk [471/1389] bpb=1.405456 time=137.5s
  ttt_chunk [481/1389] bpb=1.404368 time=140.4s
  ttt_chunk [491/1389] bpb=1.402749 time=143.3s
  ttt_chunk [501/1389] bpb=1.401355 time=146.3s
  ttt_chunk [511/1389] bpb=1.400202 time=149.2s
  ttt_chunk [521/1389] bpb=1.398548 time=152.1s
  ttt_chunk [531/1389] bpb=1.396334 time=155.0s
  ttt_chunk [541/1389] bpb=1.395361 time=157.9s
  ttt_chunk [551/1389] bpb=1.394993 time=160.8s
  ttt_chunk [561/1389] bpb=1.394188 time=163.8s
  ttt_chunk [571/1389] bpb=1.392487 time=166.7s
  ttt_chunk [581/1389] bpb=1.391882 time=169.6s
  ttt_chunk [591/1389] bpb=1.390269 time=172.5s
  ttt_chunk [601/1389] bpb=1.389497 time=175.4s
  ttt_chunk [611/1389] bpb=1.388612 time=178.3s
  ttt_chunk [621/1389] bpb=1.387314 time=181.2s
  ttt_chunk [631/1389] bpb=1.386470 time=184.2s
  ttt_chunk [641/1389] bpb=1.385934 time=187.1s
  ttt_chunk [651/1389] bpb=1.386029 time=190.0s
  ttt_chunk [661/1389] bpb=1.385110 time=192.9s
  ttt_chunk [671/1389] bpb=1.383088 time=195.8s
  ttt_chunk [681/1389] bpb=1.381792 time=198.8s
  ttt_chunk [691/1389] bpb=1.381194 time=201.7s
  ttt_chunk [701/1389] bpb=1.380571 time=204.6s
  ttt_chunk [711/1389] bpb=1.380219 time=207.5s
  ttt_chunk [721/1389] bpb=1.379266 time=210.4s
  ttt_chunk [731/1389] bpb=1.378215 time=213.3s
  ttt_chunk [741/1389] bpb=1.378167 time=216.2s
  ttt_chunk [751/1389] bpb=1.377082 time=219.1s
  ttt_chunk [761/1389] bpb=1.376597 time=222.1s
  ttt_chunk [771/1389] bpb=1.375695 time=225.0s
  ttt_chunk [781/1389] bpb=1.374878 time=227.9s
  ttt_chunk [791/1389] bpb=1.373840 time=230.8s
  ttt_chunk [801/1389] bpb=1.372354 time=233.8s
  ttt_chunk [811/1389] bpb=1.371614 time=236.7s
  ttt_chunk [821/1389] bpb=1.370972 time=239.6s
  ttt_chunk [831/1389] bpb=1.369894 time=242.5s
  ttt_chunk [841/1389] bpb=1.367871 time=245.4s
  ttt_chunk [851/1389] bpb=1.367547 time=248.4s
  ttt_chunk [861/1389] bpb=1.366768 time=251.2s
  ttt_chunk [871/1389] bpb=1.366048 time=254.1s
  ttt_chunk [881/1389] bpb=1.365788 time=257.1s
  ttt_chunk [891/1389] bpb=1.364604 time=260.0s
  ttt_chunk [901/1389] bpb=1.363356 time=262.9s
  ttt_chunk [911/1389] bpb=1.361947 time=265.8s
  ttt_chunk [921/1389] bpb=1.360636 time=268.7s
  ttt_chunk [931/1389] bpb=1.359215 time=271.6s
  ttt_chunk [941/1389] bpb=1.358048 time=274.5s
  ttt_chunk [951/1389] bpb=1.356839 time=277.4s
  ttt_chunk [961/1389] bpb=1.355635 time=280.3s
  ttt_chunk [971/1389] bpb=1.354768 time=283.2s
  ttt_chunk [981/1389] bpb=1.353184 time=286.1s
  ttt_chunk [991/1389] bpb=1.352863 time=289.1s
  ttt_chunk [1001/1389] bpb=1.352407 time=292.0s
  ttt_chunk [1011/1389] bpb=1.352194 time=294.9s
  ttt_chunk [1021/1389] bpb=1.351316 time=297.8s
  ttt_chunk [1031/1389] bpb=1.350518 time=300.8s
  ttt_chunk [1041/1389] bpb=1.349794 time=303.7s
  ttt_chunk [1051/1389] bpb=1.350123 time=306.6s
  ttt_chunk [1061/1389] bpb=1.350434 time=309.5s
  ttt_chunk [1071/1389] bpb=1.350118 time=312.4s
  ttt_chunk [1081/1389] bpb=1.350386 time=315.3s
  ttt_chunk [1091/1389] bpb=1.350103 time=318.3s
  ttt_chunk [1101/1389] bpb=1.349387 time=321.2s
  ttt_chunk [1111/1389] bpb=1.348657 time=324.1s
  ttt_chunk [1121/1389] bpb=1.348760 time=327.0s
  ttt_chunk [1131/1389] bpb=1.349240 time=329.9s
  ttt_chunk [1141/1389] bpb=1.349207 time=332.8s
  ttt_chunk [1151/1389] bpb=1.348739 time=335.8s
  ttt_chunk [1161/1389] bpb=1.348767 time=338.7s
  ttt_chunk [1171/1389] bpb=1.348314 time=341.6s
  ttt_chunk [1181/1389] bpb=1.348395 time=344.5s
  ttt_chunk [1191/1389] bpb=1.348004 time=347.4s
  ttt_chunk [1201/1389] bpb=1.348144 time=350.4s
  ttt_chunk [1211/1389] bpb=1.347940 time=353.3s
  ttt_chunk [1221/1389] bpb=1.347327 time=356.2s
  ttt_chunk [1231/1389] bpb=1.347128 time=359.1s
  ttt_chunk [1241/1389] bpb=1.346868 time=362.0s
  ttt_chunk [1251/1389] bpb=1.346398 time=364.9s
  ttt_chunk [1261/1389] bpb=1.345310 time=367.8s
  ttt_chunk [1271/1389] bpb=1.344579 time=370.7s
  ttt_chunk [1281/1389] bpb=1.343814 time=373.6s
  ttt_chunk [1291/1389] bpb=1.343231 time=376.6s
  ttt_chunk [1301/1389] bpb=1.342801 time=379.5s
  ttt_chunk [1311/1389] bpb=1.342209 time=382.4s
  ttt_chunk [1321/1389] bpb=1.342003 time=385.4s
  ttt_chunk [1331/1389] bpb=1.340823 time=388.3s
  ttt_chunk [1341/1389] bpb=1.340027 time=391.2s
  ttt_chunk [1351/1389] bpb=1.339161 time=394.1s
  ttt_chunk [1361/1389] bpb=1.338598 time=397.0s
  ttt_chunk [1371/1389] bpb=1.337949 time=399.9s
  ttt_chunk [1381/1389] bpb=1.337501 time=402.9s
  ttt_chunk [1389/1389] bpb=1.337303 time=405.0s
ttt_sliding:done val_loss=3.074214 val_bpb=1.336032 elapsed=405.0s
final_int6_ttt val_loss:3.07421378 val_bpb:1.33603200 eval_time:405410ms
