W0403 15:23:36.349000 70591 torch/distributed/run.py:803] 
W0403 15:23:36.349000 70591 torch/distributed/run.py:803] *****************************************
W0403 15:23:36.349000 70591 torch/distributed/run.py:803] Setting OMP_NUM_THREADS environment variable for each process to be 1 in default, to avoid your system being overloaded, please further tune the variable for optimal performance in your application as needed. 
W0403 15:23:36.349000 70591 torch/distributed/run.py:803] *****************************************
Hyperparameters:
  adam_eps: 1e-08
  adam_wd: 0.02
  beta1: 0.9
  beta2: 0.95
  compressor: brotli
  data_dir: ./data/
  datasets_dir: ./data/datasets/fineweb10B_sp4096
  distributed: True
  ema_decay: 0.997
  embed_lr: 0.6
  embed_wd: 0.09
  embedding_dim: 512
  eval_seq_len: 2048
  eval_stride: 64
  gptq_calibration_batches: 64
  gptq_enabled: True
  gptq_reserve_seconds: 10.0
  grad_accum_steps: 1
  grad_clip_norm: 0.3
  head_lr: 0.008
  is_main_process: True
  iterations: 20000
  ln_scale: True
  local_rank: 0
  logfile: logs/ed2c0981-dab7-43d9-9d8e-8700cc9dfc51.txt
  logit_softcap: 30.0
  matrix_lr: 0.02
  max_wallclock_seconds: 600.0
  min_lr: 0.0
  mlp_mult: 4.0
  model_dim: 512
  model_path: final_model.pt
  muon_backend_steps: 5
  muon_beta2: 0.95
  muon_momentum: 0.99
  muon_momentum_warmup_start: 0.92
  muon_momentum_warmup_steps: 1500
  muon_wd: 0.09
  num_heads: 8
  num_kv_heads: 4
  num_layers: 11
  parallel_start_layer: 7
  qk_gain_init: 5.0
  quantized_model_path: final_model.int6.ptz
  rank: 0
  recur_layers: 4,5
  recur_start_step: 3000
  rope_base: 10000.0
  rope_dims: 16
  rope_train_seq_len: 2048
  run_id: ed2c0981-dab7-43d9-9d8e-8700cc9dfc51
  scalar_lr: 0.02
  seed: 999
  skip_gates_enabled: True
  sliding_window_enabled: True
  tie_embeddings: True
  tied_embed_init_std: 0.005
  tied_embed_lr: 0.03
  tokenizer_path: ./data/tokenizers/fineweb_4096_bpe.model
  train_batch_tokens: 786432
  train_files: ./data/datasets/fineweb10B_sp4096/fineweb_train_*.bin
  train_log_every: 500
  train_seq_len: 2048
  ttt_batch_seqs: 32
  ttt_chunk_tokens: 32768
  ttt_enabled: False
  ttt_epochs: 3
  ttt_freeze_blocks: 0
  ttt_grad_clip: 1.0
  ttt_lr: 0.002
  ttt_momentum: 0.9
  val_batch_tokens: 524288
  val_files: ./data/datasets/fineweb10B_sp4096/fineweb_val_*.bin
  val_loss_every: 4000
  ve_dim: 128
  ve_enabled: True
  ve_layers: 9,10
  vocab_size: 4096
  warmdown_frac: 0.667
  warmup_steps: 20
  world_size: 8
  xsa_last_n: 11
train_shards: 80
val_tokens: 45508608
model_params:34401372
gptq:reserving 10s, effective=590000ms
warmup_step: 1/20
warmup_step: 2/20
warmup_step: 3/20
warmup_step: 4/20
warmup_step: 5/20
warmup_step: 6/20
warmup_step: 10/20
warmup_step: 20/20
0/20000 val_loss: 8.3152 val_bpb: 3.6137
1/20000 train_loss: 8.3175 train_time: 0.0m tok/s: 8487210
2/20000 train_loss: 12.1472 train_time: 0.0m tok/s: 8357455
3/20000 train_loss: 10.6844 train_time: 0.0m tok/s: 8249441
4/20000 train_loss: 8.8562 train_time: 0.0m tok/s: 8207556
5/20000 train_loss: 7.6730 train_time: 0.0m tok/s: 8181641
500/20000 train_loss: 2.8988 train_time: 0.8m tok/s: 7970028
1000/20000 train_loss: 2.8867 train_time: 1.6m tok/s: 7944402
1500/20000 train_loss: 2.9154 train_time: 2.5m tok/s: 7933607
2000/20000 train_loss: 2.6558 train_time: 3.3m tok/s: 7929604
2500/20000 train_loss: 2.7125 train_time: 4.1m tok/s: 7927844
3000/20000 train_loss: 2.7592 train_time: 5.0m tok/s: 7927438
recurrence:activated at step 3000, virtual_layers=[0, 1, 2, 3, 4, 5, 4, 5, 6, 7, 8, 9, 10]
3500/20000 train_loss: 2.6836 train_time: 6.1m tok/s: 7524294
4000/20000 train_loss: 2.6177 train_time: 7.1m tok/s: 7431546
4000/20000 val_loss: 2.6419 val_bpb: 1.1481
4500/20000 train_loss: 2.5750 train_time: 8.0m tok/s: 7361483
5000/20000 train_loss: 2.5156 train_time: 9.0m tok/s: 7305763
5451/20000 val_loss: 2.5265 val_bpb: 1.0980
stopping_early: wallclock_cap train_time: 590065ms step: 5451/20000
peak memory allocated: 30120 MiB reserved: 30154 MiB
ema:applying EMA weights
pre-quantization post-ema val_loss:2.52405750 val_bpb:1.09692631 eval_time:2006ms
Serialized model: 132406149 bytes
Code size: 24584 bytes
GPTQ:collecting Hessians from calibration data...
GPTQ:collected 66 Hessians in 9.8s
GPTQ quantization: 66 layers with full GPTQ, 0 fallback to clip-search
selective_prune: unpruned=16.01MB target=16.0MB
selective_prune: pruning 84536/9364979 lowest-error ±1 values (excess=10567B)
Serialized model int6+brotli: 15963889 bytes
Total submission size int6+brotli: 15988473 bytes
final_int6_roundtrip val_loss:2.55083610 val_bpb:1.10856398 eval_time:7622ms
final_int6_sliding_window val_loss:2.50796723 val_bpb:1.08993367 eval_time:76691ms
