W0408 16:03:07.705000 33489 torch/distributed/run.py:803] 
W0408 16:03:07.705000 33489 torch/distributed/run.py:803] *****************************************
W0408 16:03:07.705000 33489 torch/distributed/run.py:803] Setting OMP_NUM_THREADS environment variable for each process to be 1 in default, to avoid your system being overloaded, please further tune the variable for optimal performance in your application as needed. 
W0408 16:03:07.705000 33489 torch/distributed/run.py:803] *****************************************
Hyperparameters:
  adam_eps: 1e-08
  adam_wd: 0.02
  beta1: 0.9
  beta2: 0.95
  compressor: brotli
  data_dir: ./data/
  datasets_dir: ./data/datasets/fineweb10B_sp8192
  distributed: True
  ema_decay: 0.997
  embed_bits: 8
  embed_clip_sigmas: 20.0
  embed_lr: 0.6
  embed_wd: 0.085
  embedding_dim: 512
  enable_looping_at: 0.5
  eval_seq_len: 2048
  eval_stride: 64
  gptq_calibration_batches: 64
  gptq_reserve_seconds: 12.0
  grad_accum_steps: 1
  grad_clip_norm: 0.3
  head_lr: 0.008
  is_main_process: True
  iterations: 20000
  ln_scale: True
  local_rank: 0
  logfile: logs/b13d7438-a79d-4117-a8c6-a046d10b5f59.txt
  logit_softcap: 30.0
  loop_end: 5
  loop_start: 4
  matrix_bits: 6
  matrix_clip_sigmas: 12.85
  matrix_lr: 0.02
  max_wallclock_seconds: 600.0
  min_lr: 0.0
  mlp_mult: 4.0
  model_dim: 512
  model_path: final_model.pt
  muon_backend_steps: 5
  muon_beta2: 0.95
  muon_momentum: 0.99
  muon_momentum_warmup_start: 0.92
  muon_momentum_warmup_steps: 1500
  muon_row_normalize: True
  muon_wd: 0.085
  num_heads: 8
  num_kv_heads: 4
  num_layers: 11
  num_loops: 2
  qk_gain_init: 4.0
  quantized_model_path: final_model.int6.ptz
  rank: 0
  rope_base: 10000.0
  rope_dims: 16
  rope_train_seq_len: 2048
  run_id: b13d7438-a79d-4117-a8c6-a046d10b5f59
  scalar_lr: 0.02
  seed: 42
  skip_gates_enabled: True
  sliding_window_enabled: True
  tie_embeddings: True
  tied_embed_init_std: 0.005
  tied_embed_lr: 0.03
  tokenizer_path: ./data/tokenizers/fineweb_8192_bpe.model
  train_batch_tokens: 786432
  train_files: ./data/datasets/fineweb10B_sp8192/fineweb_train_*.bin
  train_log_every: 500
  train_seq_len: 2048
  ttt_batch_seqs: 32
  ttt_chunk_tokens: 32768
  ttt_enabled: True
  ttt_epochs: 3
  ttt_freeze_blocks: 0
  ttt_grad_clip: 1.0
  ttt_lr: 0.005
  ttt_momentum: 0.9
  val_batch_tokens: 524288
  val_files: ./data/datasets/fineweb10B_sp8192/fineweb_val_*.bin
  val_loss_every: 4000
  vocab_size: 8192
  warmdown_frac: 0.667
  warmup_steps: 20
  world_size: 8
  xsa_last_n: 11
train_shards: 80
val_tokens: 40540160
model_params:35943513
gptq:reserving 12s, effective=588000ms
warmup_step: 1/20
warmup_step: 2/20
warmup_step: 3/20
warmup_step: 4/20
warmup_step: 5/20
warmup_step: 6/20
warmup_step: 10/20
warmup_step: 20/20
loop_warmup:enabled encoder:[0, 1, 2, 3, 4, 5, 4] decoder:[5, 4, 5, 6, 7, 8, 9, 10]
loop_warmup_step: 1/20
loop_warmup_step: 2/20
loop_warmup_step: 3/20
loop_warmup_step: 4/20
loop_warmup_step: 5/20
loop_warmup_step: 6/20
loop_warmup_step: 10/20
loop_warmup_step: 20/20
0/20000 val_loss: 9.0090 val_bpb: 3.4877
1/20000 train_loss: 9.0104 train_time: 0.0m tok/s: 8208701
2/20000 train_loss: 12.3780 train_time: 0.0m tok/s: 8080941
3/20000 train_loss: 11.0786 train_time: 0.0m tok/s: 7992174
4/20000 train_loss: 9.5511 train_time: 0.0m tok/s: 7946758
5/20000 train_loss: 8.4048 train_time: 0.0m tok/s: 7915689
500/20000 train_loss: 3.3827 train_time: 0.9m tok/s: 7699704
1000/20000 train_loss: 3.2805 train_time: 1.7m tok/s: 7692806
1500/20000 train_loss: 3.1823 train_time: 2.6m tok/s: 7693608
2000/20000 train_loss: 3.0741 train_time: 3.4m tok/s: 7694572
2500/20000 train_loss: 3.1529 train_time: 4.3m tok/s: 7696022
layer_loop:enabled step:2878 frac:0.500 encoder:[0, 1, 2, 3, 4, 5, 4] decoder:[5, 4, 5, 6, 7, 8, 9, 10]
3000/20000 train_loss: 2.9517 train_time: 5.2m tok/s: 7600850
3500/20000 train_loss: 2.9779 train_time: 6.3m tok/s: 7293419
4000/20000 train_loss: 2.8657 train_time: 7.4m tok/s: 7080504
4000/20000 val_loss: 2.9208 val_bpb: 1.1307
4500/20000 train_loss: 2.8993 train_time: 8.5m tok/s: 6910647
5000/20000 train_loss: 2.8493 train_time: 9.6m tok/s: 6791930
5068/20000 val_loss: 2.8144 val_bpb: 1.0895
stopping_early: wallclock_cap train_time: 588042ms step: 5068/20000
peak memory allocated: 35469 MiB reserved: 35596 MiB
ema:applying EMA weights
pre-quantization post-ema val_loss:2.81207663 val_bpb:1.08864250 eval_time:5993ms
Serialized model: 135427259 bytes
Code size: 17347 bytes
GPTQ:collecting Hessians from calibration data...
GPTQ:collected 67 Hessians in 11.4s
Quantized weights:
  gptq (int6): blocks.attn.c_k.weight, blocks.attn.c_q.weight, blocks.attn.c_v.weight, blocks.attn.proj.weight, blocks.mlp.fc.weight, blocks.mlp.proj.weight
  gptq (int8): tok_emb.weight
  passthrough (float16): blocks.attn.q_gain, blocks.attn_scale, blocks.mlp_scale, blocks.resid_mix, lane_merge, skip_gates, skip_weights
Serialized model quantized+brotli: 15974139 bytes
Total submission size quantized+brotli: 15991486 bytes
quantized val_loss:2.84924594 val_bpb:1.10303190 eval_time:24381ms
quantized_sliding_window val_loss:2.80450423 val_bpb:1.08571098 eval_time:109069ms
ttt_sliding:start chunks=1238 chunk_tokens=32768 total_windows=633409 stride=64 ttt_lr=0.005 ttt_epochs=3 freeze_blocks=0
ttt_sliding:params unfrozen=35943513 frozen=0
  ttt_chunk [1/1238] bpb=1.116904 time=31.5s
  ttt_chunk [11/1238] bpb=1.073937 time=35.9s
  ttt_chunk [21/1238] bpb=1.110618 time=38.3s
  ttt_chunk [31/1238] bpb=1.104318 time=40.6s
  ttt_chunk [41/1238] bpb=1.097702 time=42.9s
  ttt_chunk [51/1238] bpb=1.091079 time=45.2s
  ttt_chunk [61/1238] bpb=1.082404 time=47.6s
  ttt_chunk [71/1238] bpb=1.089469 time=49.9s
  ttt_chunk [81/1238] bpb=1.082659 time=52.2s
  ttt_chunk [91/1238] bpb=1.079211 time=54.5s
  ttt_chunk [101/1238] bpb=1.078974 time=56.8s
  ttt_chunk [111/1238] bpb=1.077296 time=59.1s
  ttt_chunk [121/1238] bpb=1.080158 time=61.4s
  ttt_chunk [131/1238] bpb=1.084014 time=63.8s
  ttt_chunk [141/1238] bpb=1.084614 time=66.1s
  ttt_chunk [151/1238] bpb=1.084335 time=68.4s
  ttt_chunk [161/1238] bpb=1.084835 time=70.7s
  ttt_chunk [171/1238] bpb=1.084723 time=73.0s
  ttt_chunk [181/1238] bpb=1.083281 time=75.4s
  ttt_chunk [191/1238] bpb=1.083091 time=77.7s
  ttt_chunk [201/1238] bpb=1.080722 time=80.1s
  ttt_chunk [211/1238] bpb=1.085230 time=82.4s
  ttt_chunk [221/1238] bpb=1.085635 time=84.7s
  ttt_chunk [231/1238] bpb=1.087455 time=87.0s
  ttt_chunk [241/1238] bpb=1.085675 time=89.3s
  ttt_chunk [251/1238] bpb=1.085666 time=91.6s
  ttt_chunk [261/1238] bpb=1.086731 time=94.0s
  ttt_chunk [271/1238] bpb=1.087200 time=97.7s
  ttt_chunk [281/1238] bpb=1.086513 time=100.0s
  ttt_chunk [291/1238] bpb=1.087596 time=102.3s
  ttt_chunk [301/1238] bpb=1.087740 time=104.7s
  ttt_chunk [311/1238] bpb=1.086589 time=107.0s
  ttt_chunk [321/1238] bpb=1.086448 time=109.4s
  ttt_chunk [331/1238] bpb=1.086674 time=111.7s
  ttt_chunk [341/1238] bpb=1.085750 time=114.1s
  ttt_chunk [351/1238] bpb=1.086441 time=116.4s
  ttt_chunk [361/1238] bpb=1.085314 time=118.8s
  ttt_chunk [371/1238] bpb=1.083728 time=121.1s
  ttt_chunk [381/1238] bpb=1.084152 time=123.5s
  ttt_chunk [391/1238] bpb=1.083863 time=125.8s
  ttt_chunk [401/1238] bpb=1.083937 time=128.2s
  ttt_chunk [411/1238] bpb=1.084534 time=130.6s
  ttt_chunk [421/1238] bpb=1.084041 time=132.9s
  ttt_chunk [431/1238] bpb=1.084223 time=135.3s
  ttt_chunk [441/1238] bpb=1.084264 time=137.6s
  ttt_chunk [451/1238] bpb=1.085455 time=140.0s
  ttt_chunk [461/1238] bpb=1.083709 time=142.3s
  ttt_chunk [471/1238] bpb=1.083708 time=144.7s
  ttt_chunk [481/1238] bpb=1.083864 time=147.1s
  ttt_chunk [491/1238] bpb=1.084297 time=149.4s
  ttt_chunk [501/1238] bpb=1.083890 time=151.9s
  ttt_chunk [511/1238] bpb=1.083495 time=154.2s
  ttt_chunk [521/1238] bpb=1.083013 time=156.5s
  ttt_chunk [531/1238] bpb=1.083002 time=158.9s
  ttt_chunk [541/1238] bpb=1.083103 time=161.2s
  ttt_chunk [551/1238] bpb=1.082664 time=163.6s
  ttt_chunk [561/1238] bpb=1.081968 time=167.2s
  ttt_chunk [571/1238] bpb=1.081442 time=169.5s
  ttt_chunk [581/1238] bpb=1.081797 time=171.8s
  ttt_chunk [591/1238] bpb=1.082038 time=174.2s
  ttt_chunk [601/1238] bpb=1.081974 time=176.6s
  ttt_chunk [611/1238] bpb=1.082552 time=178.9s
  ttt_chunk [621/1238] bpb=1.083407 time=181.2s
  ttt_chunk [631/1238] bpb=1.083475 time=183.5s
  ttt_chunk [641/1238] bpb=1.083932 time=185.9s
  ttt_chunk [651/1238] bpb=1.084263 time=188.3s
  ttt_chunk [661/1238] bpb=1.083610 time=190.6s
  ttt_chunk [671/1238] bpb=1.083375 time=193.0s
  ttt_chunk [681/1238] bpb=1.084627 time=195.3s
  ttt_chunk [691/1238] bpb=1.084844 time=197.6s
  ttt_chunk [701/1238] bpb=1.084693 time=200.0s
  ttt_chunk [711/1238] bpb=1.085400 time=202.3s
  ttt_chunk [721/1238] bpb=1.085733 time=204.7s
  ttt_chunk [731/1238] bpb=1.085083 time=207.0s
  ttt_chunk [741/1238] bpb=1.084741 time=209.4s
  ttt_chunk [751/1238] bpb=1.083809 time=211.7s
  ttt_chunk [761/1238] bpb=1.083195 time=214.1s
  ttt_chunk [771/1238] bpb=1.082184 time=216.5s
  ttt_chunk [781/1238] bpb=1.082181 time=218.8s
  ttt_chunk [791/1238] bpb=1.082540 time=221.2s
  ttt_chunk [801/1238] bpb=1.082838 time=224.0s
  ttt_chunk [811/1238] bpb=1.082336 time=226.4s
  ttt_chunk [821/1238] bpb=1.081151 time=228.7s
  ttt_chunk [831/1238] bpb=1.080835 time=231.1s
  ttt_chunk [841/1238] bpb=1.080369 time=233.4s
  ttt_chunk [851/1238] bpb=1.080081 time=235.8s
  ttt_chunk [861/1238] bpb=1.079726 time=238.2s
  ttt_chunk [871/1238] bpb=1.079622 time=240.5s
  ttt_chunk [881/1238] bpb=1.079156 time=242.9s
  ttt_chunk [891/1238] bpb=1.078620 time=245.2s
  ttt_chunk [901/1238] bpb=1.079007 time=247.6s
  ttt_chunk [911/1238] bpb=1.078696 time=250.0s
  ttt_chunk [921/1238] bpb=1.078965 time=252.3s
  ttt_chunk [931/1238] bpb=1.079633 time=254.7s
  ttt_chunk [941/1238] bpb=1.080007 time=257.1s
  ttt_chunk [951/1238] bpb=1.079956 time=259.4s
  ttt_chunk [961/1238] bpb=1.080786 time=261.7s
  ttt_chunk [971/1238] bpb=1.081207 time=264.1s
  ttt_chunk [981/1238] bpb=1.081564 time=266.5s
  ttt_chunk [991/1238] bpb=1.081349 time=268.8s
  ttt_chunk [1001/1238] bpb=1.081387 time=271.2s
  ttt_chunk [1011/1238] bpb=1.081736 time=273.6s
  ttt_chunk [1021/1238] bpb=1.082460 time=276.0s
  ttt_chunk [1031/1238] bpb=1.082927 time=278.3s
  ttt_chunk [1041/1238] bpb=1.083414 time=280.7s
  ttt_chunk [1051/1238] bpb=1.083345 time=283.1s
  ttt_chunk [1061/1238] bpb=1.083348 time=285.5s
  ttt_chunk [1071/1238] bpb=1.083516 time=287.8s
  ttt_chunk [1081/1238] bpb=1.083413 time=290.2s
  ttt_chunk [1091/1238] bpb=1.083615 time=292.5s
  ttt_chunk [1101/1238] bpb=1.084168 time=294.9s
  ttt_chunk [1111/1238] bpb=1.084453 time=297.2s
  ttt_chunk [1121/1238] bpb=1.084655 time=299.6s
  ttt_chunk [1131/1238] bpb=1.084319 time=301.9s
  ttt_chunk [1141/1238] bpb=1.083974 time=304.3s
  ttt_chunk [1151/1238] bpb=1.084010 time=306.6s
  ttt_chunk [1161/1238] bpb=1.084145 time=309.0s
  ttt_chunk [1171/1238] bpb=1.083921 time=311.3s
  ttt_chunk [1181/1238] bpb=1.083454 time=313.6s
  ttt_chunk [1191/1238] bpb=1.083605 time=316.0s
  ttt_chunk [1201/1238] bpb=1.083618 time=318.4s
  ttt_chunk [1211/1238] bpb=1.083312 time=320.7s
  ttt_chunk [1221/1238] bpb=1.082852 time=323.1s
  ttt_chunk [1231/1238] bpb=1.082496 time=325.5s
  ttt_chunk [1238/1238] bpb=1.082504 time=343.2s
ttt_sliding:done val_loss=2.796503 val_bpb=1.082613 elapsed=343.2s
legal_ttt_exact val_loss:2.79650282 val_bpb:1.08261339 eval_time:343415ms
