W0408 16:48:00.946000 54423 torch/distributed/run.py:803] 
W0408 16:48:00.946000 54423 torch/distributed/run.py:803] *****************************************
W0408 16:48:00.946000 54423 torch/distributed/run.py:803] Setting OMP_NUM_THREADS environment variable for each process to be 1 in default, to avoid your system being overloaded, please further tune the variable for optimal performance in your application as needed. 
W0408 16:48:00.946000 54423 torch/distributed/run.py:803] *****************************************
Hyperparameters:
  adam_eps: 1e-08
  adam_wd: 0.02
  beta1: 0.9
  beta2: 0.95
  compressor: brotli
  data_dir: ./data/
  datasets_dir: ./data/datasets/fineweb10B_sp8192
  distributed: True
  ema_decay: 0.997
  embed_bits: 8
  embed_clip_sigmas: 20.0
  embed_lr: 0.6
  embed_wd: 0.085
  embedding_dim: 512
  enable_looping_at: 0.5
  eval_seq_len: 2048
  eval_stride: 64
  gptq_calibration_batches: 64
  gptq_reserve_seconds: 12.0
  grad_accum_steps: 1
  grad_clip_norm: 0.3
  head_lr: 0.008
  is_main_process: True
  iterations: 20000
  ln_scale: True
  local_rank: 0
  logfile: logs/ed993058-877e-4509-baa1-3faedcabc507.txt
  logit_softcap: 30.0
  loop_end: 5
  loop_start: 4
  matrix_bits: 6
  matrix_clip_sigmas: 12.85
  matrix_lr: 0.02
  max_wallclock_seconds: 600.0
  min_lr: 0.0
  mlp_mult: 4.0
  model_dim: 512
  model_path: final_model.pt
  muon_backend_steps: 5
  muon_beta2: 0.95
  muon_momentum: 0.99
  muon_momentum_warmup_start: 0.92
  muon_momentum_warmup_steps: 1500
  muon_row_normalize: True
  muon_wd: 0.085
  num_heads: 8
  num_kv_heads: 4
  num_layers: 11
  num_loops: 2
  qk_gain_init: 4.0
  quantized_model_path: final_model.int6.ptz
  rank: 0
  rope_base: 10000.0
  rope_dims: 16
  rope_train_seq_len: 2048
  run_id: ed993058-877e-4509-baa1-3faedcabc507
  scalar_lr: 0.02
  seed: 999
  skip_gates_enabled: True
  sliding_window_enabled: True
  tie_embeddings: True
  tied_embed_init_std: 0.005
  tied_embed_lr: 0.03
  tokenizer_path: ./data/tokenizers/fineweb_8192_bpe.model
  train_batch_tokens: 786432
  train_files: ./data/datasets/fineweb10B_sp8192/fineweb_train_*.bin
  train_log_every: 500
  train_seq_len: 2048
  ttt_batch_seqs: 32
  ttt_chunk_tokens: 32768
  ttt_enabled: True
  ttt_epochs: 3
  ttt_freeze_blocks: 0
  ttt_grad_clip: 1.0
  ttt_lr: 0.005
  ttt_momentum: 0.9
  val_batch_tokens: 524288
  val_files: ./data/datasets/fineweb10B_sp8192/fineweb_val_*.bin
  val_loss_every: 4000
  vocab_size: 8192
  warmdown_frac: 0.667
  warmup_steps: 20
  world_size: 8
  xsa_last_n: 11
train_shards: 80
val_tokens: 40540160
model_params:35943513
gptq:reserving 12s, effective=588000ms
warmup_step: 1/20
warmup_step: 2/20
warmup_step: 3/20
warmup_step: 4/20
warmup_step: 5/20
warmup_step: 6/20
warmup_step: 10/20
warmup_step: 20/20
loop_warmup:enabled encoder:[0, 1, 2, 3, 4, 5, 4] decoder:[5, 4, 5, 6, 7, 8, 9, 10]
loop_warmup_step: 1/20
loop_warmup_step: 2/20
loop_warmup_step: 3/20
loop_warmup_step: 4/20
loop_warmup_step: 5/20
loop_warmup_step: 6/20
loop_warmup_step: 10/20
loop_warmup_step: 20/20
0/20000 val_loss: 9.0076 val_bpb: 3.4871
1/20000 train_loss: 9.0093 train_time: 0.0m tok/s: 8238068
2/20000 train_loss: 12.3069 train_time: 0.0m tok/s: 8128997
3/20000 train_loss: 11.0703 train_time: 0.0m tok/s: 8019328
4/20000 train_loss: 9.5919 train_time: 0.0m tok/s: 7974640
5/20000 train_loss: 8.4414 train_time: 0.0m tok/s: 7941365
500/20000 train_loss: 3.3894 train_time: 0.9m tok/s: 7706951
1000/20000 train_loss: 3.2784 train_time: 1.7m tok/s: 7696315
1500/20000 train_loss: 3.1838 train_time: 2.6m tok/s: 7698143
2000/20000 train_loss: 3.0769 train_time: 3.4m tok/s: 7699597
2500/20000 train_loss: 3.1531 train_time: 4.3m tok/s: 7701146
layer_loop:enabled step:2880 frac:0.500 encoder:[0, 1, 2, 3, 4, 5, 4] decoder:[5, 4, 5, 6, 7, 8, 9, 10]
3000/20000 train_loss: 2.9510 train_time: 5.2m tok/s: 7608176
3500/20000 train_loss: 2.9784 train_time: 6.3m tok/s: 7301606
4000/20000 train_loss: 2.8644 train_time: 7.4m tok/s: 7088092
4000/20000 val_loss: 2.9195 val_bpb: 1.1302
4500/20000 train_loss: 2.8971 train_time: 8.5m tok/s: 6918125
5000/20000 train_loss: 2.8468 train_time: 9.6m tok/s: 6799260
5073/20000 val_loss: 2.8127 val_bpb: 1.0889
stopping_early: wallclock_cap train_time: 588079ms step: 5073/20000
peak memory allocated: 35469 MiB reserved: 35596 MiB
ema:applying EMA weights
pre-quantization post-ema val_loss:2.81024460 val_bpb:1.08793326 eval_time:6024ms
Serialized model: 135427259 bytes
Code size: 17347 bytes
GPTQ:collecting Hessians from calibration data...
GPTQ:collected 67 Hessians in 11.4s
Quantized weights:
  gptq (int6): blocks.attn.c_k.weight, blocks.attn.c_q.weight, blocks.attn.c_v.weight, blocks.attn.proj.weight, blocks.mlp.fc.weight, blocks.mlp.proj.weight
  gptq (int8): tok_emb.weight
  passthrough (float16): blocks.attn.q_gain, blocks.attn_scale, blocks.mlp_scale, blocks.resid_mix, lane_merge, skip_gates, skip_weights
Serialized model quantized+brotli: 15972255 bytes
Total submission size quantized+brotli: 15989602 bytes
quantized val_loss:2.84624124 val_bpb:1.10186868 eval_time:8594ms
quantized_sliding_window val_loss:2.80167119 val_bpb:1.08461423 eval_time:83700ms
ttt_sliding:start chunks=1238 chunk_tokens=32768 total_windows=633409 stride=64 ttt_lr=0.005 ttt_epochs=3 freeze_blocks=0
ttt_sliding:params unfrozen=35943513 frozen=0
  ttt_chunk [1/1238] bpb=1.114211 time=4.5s
  ttt_chunk [11/1238] bpb=1.071256 time=9.3s
  ttt_chunk [21/1238] bpb=1.108905 time=11.6s
  ttt_chunk [31/1238] bpb=1.103297 time=14.0s
  ttt_chunk [41/1238] bpb=1.096690 time=16.4s
  ttt_chunk [51/1238] bpb=1.090028 time=18.7s
  ttt_chunk [61/1238] bpb=1.081588 time=21.1s
  ttt_chunk [71/1238] bpb=1.088842 time=23.4s
  ttt_chunk [81/1238] bpb=1.082215 time=25.8s
  ttt_chunk [91/1238] bpb=1.078827 time=28.1s
  ttt_chunk [101/1238] bpb=1.078634 time=30.5s
  ttt_chunk [111/1238] bpb=1.076879 time=32.9s
  ttt_chunk [121/1238] bpb=1.080003 time=35.2s
  ttt_chunk [131/1238] bpb=1.083882 time=37.6s
  ttt_chunk [141/1238] bpb=1.084492 time=39.9s
  ttt_chunk [151/1238] bpb=1.084079 time=42.3s
  ttt_chunk [161/1238] bpb=1.084545 time=44.6s
  ttt_chunk [171/1238] bpb=1.084450 time=46.9s
  ttt_chunk [181/1238] bpb=1.082960 time=49.2s
  ttt_chunk [191/1238] bpb=1.082755 time=51.5s
  ttt_chunk [201/1238] bpb=1.080298 time=53.9s
  ttt_chunk [211/1238] bpb=1.084744 time=56.2s
  ttt_chunk [221/1238] bpb=1.085085 time=58.6s
  ttt_chunk [231/1238] bpb=1.086759 time=60.9s
  ttt_chunk [241/1238] bpb=1.084889 time=63.2s
  ttt_chunk [251/1238] bpb=1.084871 time=65.6s
  ttt_chunk [261/1238] bpb=1.085927 time=67.9s
  ttt_chunk [271/1238] bpb=1.086382 time=70.3s
  ttt_chunk [281/1238] bpb=1.085695 time=72.7s
  ttt_chunk [291/1238] bpb=1.086856 time=75.0s
  ttt_chunk [301/1238] bpb=1.086983 time=77.3s
  ttt_chunk [311/1238] bpb=1.085837 time=79.7s
  ttt_chunk [321/1238] bpb=1.085738 time=82.0s
  ttt_chunk [331/1238] bpb=1.085996 time=84.4s
  ttt_chunk [341/1238] bpb=1.085056 time=86.7s
  ttt_chunk [351/1238] bpb=1.085806 time=89.0s
  ttt_chunk [361/1238] bpb=1.084632 time=91.4s
  ttt_chunk [371/1238] bpb=1.083024 time=93.8s
  ttt_chunk [381/1238] bpb=1.083422 time=96.1s
  ttt_chunk [391/1238] bpb=1.083106 time=98.5s
  ttt_chunk [401/1238] bpb=1.083193 time=100.8s
  ttt_chunk [411/1238] bpb=1.083762 time=103.2s
  ttt_chunk [421/1238] bpb=1.083304 time=105.6s
  ttt_chunk [431/1238] bpb=1.083504 time=107.9s
  ttt_chunk [441/1238] bpb=1.083553 time=110.3s
  ttt_chunk [451/1238] bpb=1.084739 time=112.7s
  ttt_chunk [461/1238] bpb=1.082956 time=115.1s
  ttt_chunk [471/1238] bpb=1.083000 time=117.5s
  ttt_chunk [481/1238] bpb=1.083219 time=119.8s
  ttt_chunk [491/1238] bpb=1.083629 time=122.2s
  ttt_chunk [501/1238] bpb=1.083244 time=124.6s
  ttt_chunk [511/1238] bpb=1.082826 time=127.0s
  ttt_chunk [521/1238] bpb=1.082339 time=129.3s
  ttt_chunk [531/1238] bpb=1.082331 time=131.7s
  ttt_chunk [541/1238] bpb=1.082425 time=134.1s
  ttt_chunk [551/1238] bpb=1.081940 time=136.5s
  ttt_chunk [561/1238] bpb=1.081260 time=138.8s
  ttt_chunk [571/1238] bpb=1.080721 time=141.2s
  ttt_chunk [581/1238] bpb=1.081071 time=143.6s
  ttt_chunk [591/1238] bpb=1.081290 time=146.0s
  ttt_chunk [601/1238] bpb=1.081216 time=148.3s
  ttt_chunk [611/1238] bpb=1.081808 time=150.7s
  ttt_chunk [621/1238] bpb=1.082640 time=153.1s
  ttt_chunk [631/1238] bpb=1.082717 time=155.5s
  ttt_chunk [641/1238] bpb=1.083212 time=157.8s
  ttt_chunk [651/1238] bpb=1.083529 time=160.2s
  ttt_chunk [661/1238] bpb=1.082886 time=162.6s
  ttt_chunk [671/1238] bpb=1.082640 time=165.0s
  ttt_chunk [681/1238] bpb=1.083927 time=167.3s
  ttt_chunk [691/1238] bpb=1.084139 time=169.7s
  ttt_chunk [701/1238] bpb=1.083996 time=172.0s
  ttt_chunk [711/1238] bpb=1.084707 time=174.3s
  ttt_chunk [721/1238] bpb=1.085038 time=176.7s
  ttt_chunk [731/1238] bpb=1.084386 time=179.1s
  ttt_chunk [741/1238] bpb=1.084042 time=181.4s
  ttt_chunk [751/1238] bpb=1.083143 time=183.8s
  ttt_chunk [761/1238] bpb=1.082546 time=186.1s
  ttt_chunk [771/1238] bpb=1.081528 time=188.5s
  ttt_chunk [781/1238] bpb=1.081514 time=190.8s
  ttt_chunk [791/1238] bpb=1.081865 time=193.2s
  ttt_chunk [801/1238] bpb=1.082143 time=195.9s
  ttt_chunk [811/1238] bpb=1.081629 time=198.3s
  ttt_chunk [821/1238] bpb=1.080411 time=200.6s
  ttt_chunk [831/1238] bpb=1.080078 time=203.0s
  ttt_chunk [841/1238] bpb=1.079607 time=205.3s
  ttt_chunk [851/1238] bpb=1.079335 time=208.0s
  ttt_chunk [861/1238] bpb=1.078983 time=210.4s
  ttt_chunk [871/1238] bpb=1.078863 time=212.8s
  ttt_chunk [881/1238] bpb=1.078405 time=215.1s
  ttt_chunk [891/1238] bpb=1.077878 time=217.8s
  ttt_chunk [901/1238] bpb=1.078266 time=220.5s
  ttt_chunk [911/1238] bpb=1.077961 time=222.8s
  ttt_chunk [921/1238] bpb=1.078232 time=225.2s
  ttt_chunk [931/1238] bpb=1.078923 time=227.6s
  ttt_chunk [941/1238] bpb=1.079328 time=230.3s
  ttt_chunk [951/1238] bpb=1.079238 time=232.7s
  ttt_chunk [961/1238] bpb=1.080067 time=235.0s
  ttt_chunk [971/1238] bpb=1.080468 time=237.4s
  ttt_chunk [981/1238] bpb=1.080821 time=239.7s
  ttt_chunk [991/1238] bpb=1.080610 time=242.1s
  ttt_chunk [1001/1238] bpb=1.080664 time=244.5s
  ttt_chunk [1011/1238] bpb=1.080993 time=246.8s
  ttt_chunk [1021/1238] bpb=1.081709 time=249.2s
  ttt_chunk [1031/1238] bpb=1.082179 time=251.5s
  ttt_chunk [1041/1238] bpb=1.082637 time=253.8s
  ttt_chunk [1051/1238] bpb=1.082560 time=256.5s
  ttt_chunk [1061/1238] bpb=1.082553 time=258.8s
  ttt_chunk [1071/1238] bpb=1.082724 time=261.2s
  ttt_chunk [1081/1238] bpb=1.082628 time=263.5s
  ttt_chunk [1091/1238] bpb=1.082828 time=265.9s
  ttt_chunk [1101/1238] bpb=1.083362 time=268.2s
  ttt_chunk [1111/1238] bpb=1.083668 time=270.6s
  ttt_chunk [1121/1238] bpb=1.083845 time=272.9s
  ttt_chunk [1131/1238] bpb=1.083506 time=275.3s
  ttt_chunk [1141/1238] bpb=1.083160 time=277.6s
  ttt_chunk [1151/1238] bpb=1.083199 time=279.9s
  ttt_chunk [1161/1238] bpb=1.083328 time=282.3s
  ttt_chunk [1171/1238] bpb=1.083119 time=284.6s
  ttt_chunk [1181/1238] bpb=1.082642 time=286.9s
  ttt_chunk [1191/1238] bpb=1.082796 time=289.3s
  ttt_chunk [1201/1238] bpb=1.082824 time=291.6s
  ttt_chunk [1211/1238] bpb=1.082506 time=293.9s
  ttt_chunk [1221/1238] bpb=1.082054 time=296.2s
  ttt_chunk [1231/1238] bpb=1.081702 time=298.6s
  ttt_chunk [1238/1238] bpb=1.081704 time=302.0s
ttt_sliding:done val_loss=2.794142 val_bpb=1.081699 elapsed=302.0s
legal_ttt_exact val_loss:2.79414164 val_bpb:1.08169930 eval_time:302255ms
