W0408 16:25:36.580000 53527 torch/distributed/run.py:803] 
W0408 16:25:36.580000 53527 torch/distributed/run.py:803] *****************************************
W0408 16:25:36.580000 53527 torch/distributed/run.py:803] Setting OMP_NUM_THREADS environment variable for each process to be 1 in default, to avoid your system being overloaded, please further tune the variable for optimal performance in your application as needed. 
W0408 16:25:36.580000 53527 torch/distributed/run.py:803] *****************************************
Hyperparameters:
  adam_eps: 1e-08
  adam_wd: 0.02
  beta1: 0.9
  beta2: 0.95
  compressor: brotli
  data_dir: ./data/
  datasets_dir: ./data/datasets/fineweb10B_sp8192
  distributed: True
  ema_decay: 0.997
  embed_bits: 8
  embed_clip_sigmas: 20.0
  embed_lr: 0.6
  embed_wd: 0.085
  embedding_dim: 512
  enable_looping_at: 0.5
  eval_seq_len: 2048
  eval_stride: 64
  gptq_calibration_batches: 64
  gptq_reserve_seconds: 12.0
  grad_accum_steps: 1
  grad_clip_norm: 0.3
  head_lr: 0.008
  is_main_process: True
  iterations: 20000
  ln_scale: True
  local_rank: 0
  logfile: logs/b20bc7b5-1135-41f6-affa-e697e09cb8e9.txt
  logit_softcap: 30.0
  loop_end: 5
  loop_start: 4
  matrix_bits: 6
  matrix_clip_sigmas: 12.85
  matrix_lr: 0.02
  max_wallclock_seconds: 600.0
  min_lr: 0.0
  mlp_mult: 4.0
  model_dim: 512
  model_path: final_model.pt
  muon_backend_steps: 5
  muon_beta2: 0.95
  muon_momentum: 0.99
  muon_momentum_warmup_start: 0.92
  muon_momentum_warmup_steps: 1500
  muon_row_normalize: True
  muon_wd: 0.085
  num_heads: 8
  num_kv_heads: 4
  num_layers: 11
  num_loops: 2
  qk_gain_init: 4.0
  quantized_model_path: final_model.int6.ptz
  rank: 0
  rope_base: 10000.0
  rope_dims: 16
  rope_train_seq_len: 2048
  run_id: b20bc7b5-1135-41f6-affa-e697e09cb8e9
  scalar_lr: 0.02
  seed: 314
  skip_gates_enabled: True
  sliding_window_enabled: True
  tie_embeddings: True
  tied_embed_init_std: 0.005
  tied_embed_lr: 0.03
  tokenizer_path: ./data/tokenizers/fineweb_8192_bpe.model
  train_batch_tokens: 786432
  train_files: ./data/datasets/fineweb10B_sp8192/fineweb_train_*.bin
  train_log_every: 500
  train_seq_len: 2048
  ttt_batch_seqs: 32
  ttt_chunk_tokens: 32768
  ttt_enabled: True
  ttt_epochs: 3
  ttt_freeze_blocks: 0
  ttt_grad_clip: 1.0
  ttt_lr: 0.005
  ttt_momentum: 0.9
  val_batch_tokens: 524288
  val_files: ./data/datasets/fineweb10B_sp8192/fineweb_val_*.bin
  val_loss_every: 4000
  vocab_size: 8192
  warmdown_frac: 0.667
  warmup_steps: 20
  world_size: 8
  xsa_last_n: 11
train_shards: 80
val_tokens: 40540160
model_params:35943513
gptq:reserving 12s, effective=588000ms
warmup_step: 1/20
warmup_step: 2/20
warmup_step: 3/20
warmup_step: 4/20
warmup_step: 5/20
warmup_step: 6/20
warmup_step: 10/20
warmup_step: 20/20
loop_warmup:enabled encoder:[0, 1, 2, 3, 4, 5, 4] decoder:[5, 4, 5, 6, 7, 8, 9, 10]
loop_warmup_step: 1/20
loop_warmup_step: 2/20
loop_warmup_step: 3/20
loop_warmup_step: 4/20
loop_warmup_step: 5/20
loop_warmup_step: 6/20
loop_warmup_step: 10/20
loop_warmup_step: 20/20
0/20000 val_loss: 9.0096 val_bpb: 3.4879
1/20000 train_loss: 9.0109 train_time: 0.0m tok/s: 8215560
2/20000 train_loss: 12.3674 train_time: 0.0m tok/s: 8117483
3/20000 train_loss: 11.0838 train_time: 0.0m tok/s: 8012241
4/20000 train_loss: 9.5711 train_time: 0.0m tok/s: 7966110
5/20000 train_loss: 8.4159 train_time: 0.0m tok/s: 7937291
500/20000 train_loss: 3.3866 train_time: 0.9m tok/s: 7702184
1000/20000 train_loss: 3.2880 train_time: 1.7m tok/s: 7693844
1500/20000 train_loss: 3.1833 train_time: 2.6m tok/s: 7694129
2000/20000 train_loss: 3.0763 train_time: 3.4m tok/s: 7696019
2500/20000 train_loss: 3.1577 train_time: 4.3m tok/s: 7695309
layer_loop:enabled step:2878 frac:0.500 encoder:[0, 1, 2, 3, 4, 5, 4] decoder:[5, 4, 5, 6, 7, 8, 9, 10]
3000/20000 train_loss: 2.9567 train_time: 5.2m tok/s: 7600944
3500/20000 train_loss: 2.9755 train_time: 6.3m tok/s: 7295552
4000/20000 train_loss: 2.8692 train_time: 7.4m tok/s: 7082614
4000/20000 val_loss: 2.9205 val_bpb: 1.1306
4500/20000 train_loss: 2.8926 train_time: 8.5m tok/s: 6912463
5000/20000 train_loss: 2.8489 train_time: 9.6m tok/s: 6793674
5069/20000 val_loss: 2.8139 val_bpb: 1.0894
stopping_early: wallclock_cap train_time: 588023ms step: 5069/20000
peak memory allocated: 35469 MiB reserved: 35596 MiB
ema:applying EMA weights
pre-quantization post-ema val_loss:2.81157847 val_bpb:1.08844964 eval_time:6028ms
Serialized model: 135427259 bytes
Code size: 17347 bytes
GPTQ:collecting Hessians from calibration data...
GPTQ:collected 67 Hessians in 11.4s
Quantized weights:
  gptq (int6): blocks.attn.c_k.weight, blocks.attn.c_q.weight, blocks.attn.c_v.weight, blocks.attn.proj.weight, blocks.mlp.fc.weight, blocks.mlp.proj.weight
  gptq (int8): tok_emb.weight
  passthrough (float16): blocks.attn.q_gain, blocks.attn_scale, blocks.mlp_scale, blocks.resid_mix, lane_merge, skip_gates, skip_weights
Serialized model quantized+brotli: 15973569 bytes
Total submission size quantized+brotli: 15990916 bytes
quantized val_loss:2.84608070 val_bpb:1.10180653 eval_time:8793ms
quantized_sliding_window val_loss:2.80176739 val_bpb:1.08465147 eval_time:84199ms
ttt_sliding:start chunks=1238 chunk_tokens=32768 total_windows=633409 stride=64 ttt_lr=0.005 ttt_epochs=3 freeze_blocks=0
ttt_sliding:params unfrozen=35943513 frozen=0
  ttt_chunk [1/1238] bpb=1.118066 time=4.6s
  ttt_chunk [11/1238] bpb=1.072818 time=9.4s
  ttt_chunk [21/1238] bpb=1.109186 time=11.8s
  ttt_chunk [31/1238] bpb=1.103546 time=14.1s
  ttt_chunk [41/1238] bpb=1.096978 time=16.4s
  ttt_chunk [51/1238] bpb=1.090569 time=18.7s
  ttt_chunk [61/1238] bpb=1.082241 time=21.0s
  ttt_chunk [71/1238] bpb=1.089214 time=23.3s
  ttt_chunk [81/1238] bpb=1.082407 time=25.6s
  ttt_chunk [91/1238] bpb=1.078917 time=28.0s
  ttt_chunk [101/1238] bpb=1.078723 time=30.3s
  ttt_chunk [111/1238] bpb=1.077029 time=32.6s
  ttt_chunk [121/1238] bpb=1.079785 time=34.9s
  ttt_chunk [131/1238] bpb=1.083410 time=37.2s
  ttt_chunk [141/1238] bpb=1.084001 time=39.5s
  ttt_chunk [151/1238] bpb=1.083720 time=41.8s
  ttt_chunk [161/1238] bpb=1.084213 time=44.1s
  ttt_chunk [171/1238] bpb=1.084042 time=46.4s
  ttt_chunk [181/1238] bpb=1.082516 time=48.7s
  ttt_chunk [191/1238] bpb=1.082364 time=51.0s
  ttt_chunk [201/1238] bpb=1.080055 time=53.3s
  ttt_chunk [211/1238] bpb=1.084477 time=55.6s
  ttt_chunk [221/1238] bpb=1.084877 time=58.0s
  ttt_chunk [231/1238] bpb=1.086623 time=60.4s
  ttt_chunk [241/1238] bpb=1.084872 time=62.7s
  ttt_chunk [251/1238] bpb=1.084914 time=65.0s
  ttt_chunk [261/1238] bpb=1.085972 time=67.3s
  ttt_chunk [271/1238] bpb=1.086371 time=69.6s
  ttt_chunk [281/1238] bpb=1.085693 time=71.9s
  ttt_chunk [291/1238] bpb=1.086807 time=74.3s
  ttt_chunk [301/1238] bpb=1.086987 time=76.6s
  ttt_chunk [311/1238] bpb=1.085826 time=78.9s
  ttt_chunk [321/1238] bpb=1.085711 time=81.3s
  ttt_chunk [331/1238] bpb=1.085906 time=83.6s
  ttt_chunk [341/1238] bpb=1.085092 time=85.9s
  ttt_chunk [351/1238] bpb=1.085846 time=88.3s
  ttt_chunk [361/1238] bpb=1.084784 time=90.6s
  ttt_chunk [371/1238] bpb=1.083246 time=92.9s
  ttt_chunk [381/1238] bpb=1.083666 time=95.2s
  ttt_chunk [391/1238] bpb=1.083396 time=97.5s
  ttt_chunk [401/1238] bpb=1.083499 time=99.9s
  ttt_chunk [411/1238] bpb=1.084100 time=102.2s
  ttt_chunk [421/1238] bpb=1.083636 time=104.5s
  ttt_chunk [431/1238] bpb=1.083835 time=106.8s
  ttt_chunk [441/1238] bpb=1.083893 time=109.1s
  ttt_chunk [451/1238] bpb=1.085078 time=111.5s
  ttt_chunk [461/1238] bpb=1.083278 time=113.8s
  ttt_chunk [471/1238] bpb=1.083317 time=116.2s
  ttt_chunk [481/1238] bpb=1.083492 time=118.5s
  ttt_chunk [491/1238] bpb=1.083954 time=120.8s
  ttt_chunk [501/1238] bpb=1.083546 time=123.1s
  ttt_chunk [511/1238] bpb=1.083175 time=125.4s
  ttt_chunk [521/1238] bpb=1.082683 time=127.7s
  ttt_chunk [531/1238] bpb=1.082686 time=130.0s
  ttt_chunk [541/1238] bpb=1.082771 time=132.3s
  ttt_chunk [551/1238] bpb=1.082325 time=134.6s
  ttt_chunk [561/1238] bpb=1.081651 time=137.0s
  ttt_chunk [571/1238] bpb=1.081163 time=139.3s
  ttt_chunk [581/1238] bpb=1.081508 time=141.6s
  ttt_chunk [591/1238] bpb=1.081730 time=143.9s
  ttt_chunk [601/1238] bpb=1.081641 time=146.3s
  ttt_chunk [611/1238] bpb=1.082247 time=148.6s
  ttt_chunk [621/1238] bpb=1.083101 time=150.9s
  ttt_chunk [631/1238] bpb=1.083191 time=153.2s
  ttt_chunk [641/1238] bpb=1.083659 time=155.6s
  ttt_chunk [651/1238] bpb=1.084006 time=157.9s
  ttt_chunk [661/1238] bpb=1.083342 time=160.2s
  ttt_chunk [671/1238] bpb=1.083110 time=162.5s
  ttt_chunk [681/1238] bpb=1.084418 time=164.8s
  ttt_chunk [691/1238] bpb=1.084588 time=167.1s
  ttt_chunk [701/1238] bpb=1.084397 time=169.4s
  ttt_chunk [711/1238] bpb=1.085094 time=171.8s
  ttt_chunk [721/1238] bpb=1.085408 time=174.1s
  ttt_chunk [731/1238] bpb=1.084758 time=176.4s
  ttt_chunk [741/1238] bpb=1.084458 time=178.7s
  ttt_chunk [751/1238] bpb=1.083570 time=181.1s
  ttt_chunk [761/1238] bpb=1.082961 time=183.4s
  ttt_chunk [771/1238] bpb=1.081931 time=185.7s
  ttt_chunk [781/1238] bpb=1.081912 time=188.0s
  ttt_chunk [791/1238] bpb=1.082265 time=190.3s
  ttt_chunk [801/1238] bpb=1.082549 time=192.6s
  ttt_chunk [811/1238] bpb=1.082066 time=194.9s
  ttt_chunk [821/1238] bpb=1.080861 time=197.3s
  ttt_chunk [831/1238] bpb=1.080535 time=199.6s
  ttt_chunk [841/1238] bpb=1.080065 time=201.9s
  ttt_chunk [851/1238] bpb=1.079759 time=204.6s
  ttt_chunk [861/1238] bpb=1.079413 time=207.0s
  ttt_chunk [871/1238] bpb=1.079306 time=209.3s
  ttt_chunk [881/1238] bpb=1.078844 time=211.6s
  ttt_chunk [891/1238] bpb=1.078305 time=213.9s
  ttt_chunk [901/1238] bpb=1.078684 time=216.8s
  ttt_chunk [911/1238] bpb=1.078388 time=219.2s
  ttt_chunk [921/1238] bpb=1.078651 time=221.5s
  ttt_chunk [931/1238] bpb=1.079314 time=223.8s
  ttt_chunk [941/1238] bpb=1.079717 time=226.4s
  ttt_chunk [951/1238] bpb=1.079653 time=228.7s
  ttt_chunk [961/1238] bpb=1.080510 time=231.1s
  ttt_chunk [971/1238] bpb=1.080919 time=233.4s
  ttt_chunk [981/1238] bpb=1.081299 time=235.7s
  ttt_chunk [991/1238] bpb=1.081091 time=238.1s
  ttt_chunk [1001/1238] bpb=1.081124 time=240.4s
  ttt_chunk [1011/1238] bpb=1.081455 time=242.7s
  ttt_chunk [1021/1238] bpb=1.082173 time=245.0s
  ttt_chunk [1031/1238] bpb=1.082652 time=247.4s
  ttt_chunk [1041/1238] bpb=1.083121 time=249.7s
  ttt_chunk [1051/1238] bpb=1.083054 time=252.4s
  ttt_chunk [1061/1238] bpb=1.083069 time=254.7s
  ttt_chunk [1071/1238] bpb=1.083241 time=257.0s
  ttt_chunk [1081/1238] bpb=1.083131 time=259.3s
  ttt_chunk [1091/1238] bpb=1.083330 time=261.7s
  ttt_chunk [1101/1238] bpb=1.083879 time=264.0s
  ttt_chunk [1111/1238] bpb=1.084161 time=266.4s
  ttt_chunk [1121/1238] bpb=1.084322 time=268.7s
  ttt_chunk [1131/1238] bpb=1.083977 time=271.1s
  ttt_chunk [1141/1238] bpb=1.083637 time=273.4s
  ttt_chunk [1151/1238] bpb=1.083684 time=275.7s
  ttt_chunk [1161/1238] bpb=1.083800 time=278.0s
  ttt_chunk [1171/1238] bpb=1.083590 time=280.4s
  ttt_chunk [1181/1238] bpb=1.083116 time=282.7s
  ttt_chunk [1191/1238] bpb=1.083257 time=285.0s
  ttt_chunk [1201/1238] bpb=1.083285 time=287.3s
  ttt_chunk [1211/1238] bpb=1.082973 time=289.7s
  ttt_chunk [1221/1238] bpb=1.082527 time=292.0s
  ttt_chunk [1231/1238] bpb=1.082158 time=294.3s
  ttt_chunk [1238/1238] bpb=1.082160 time=297.7s
ttt_sliding:done val_loss=2.795502 val_bpb=1.082226 elapsed=297.7s
legal_ttt_exact val_loss:2.79550216 val_bpb:1.08222600 eval_time:297922ms
